#
# There is insufficient memory for the Java Runtime Environment to continue.
# Native memory allocation (malloc) failed to allocate 372608 bytes. Error detail: Chunk::new
# Possible reasons:
#   The system is out of physical RAM or swap space
#   This process is running with CompressedOops enabled, and the Java Heap may be blocking the growth of the native heap
# Possible solutions:
#   Reduce memory load on the system
#   Increase physical memory or swap space
#   Check if swap backing store is full
#   Decrease Java heap size (-Xmx/-Xms)
#   Decrease number of Java threads
#   Decrease Java thread stack sizes (-Xss)
#   Set larger code cache with -XX:ReservedCodeCacheSize=
#   JVM is running with Unscaled Compressed Oops mode in which the Java heap is
#     placed in the first 4GB address space. The Java Heap base address is the
#     maximum limit for the native heap growth. Please use -XX:HeapBaseMinAddress
#     to set the Java Heap base and to place the Java Heap above 4GB virtual address.
# This output file may be truncated or incomplete.
#
#  Out of Memory Error (arena.cpp:168), pid=7360, tid=20544
#
# JRE version: OpenJDK Runtime Environment Temurin-21.0.10+7 (21.0.10+7) (build 21.0.10+7-LTS)
# Java VM: OpenJDK 64-Bit Server VM Temurin-21.0.10+7 (21.0.10+7-LTS, mixed mode, sharing, tiered, compressed oops, compressed class ptrs, parallel gc, windows-amd64)
# No core dump will be written. Minidumps are not enabled by default on client versions of Windows
#

---------------  S U M M A R Y ------------

Command Line: --add-modules=ALL-SYSTEM --add-opens=java.base/java.util=ALL-UNNAMED --add-opens=java.base/java.lang=ALL-UNNAMED --add-opens=java.base/sun.nio.fs=ALL-UNNAMED -Declipse.application=org.eclipse.jdt.ls.core.id1 -Dosgi.bundles.defaultStartLevel=4 -Declipse.product=org.eclipse.jdt.ls.core.product -Djava.import.generatesMetadataFilesAtProjectRoot=false -DDetectVMInstallationsJob.disabled=true -Dfile.encoding=utf8 -XX:+UseParallelGC -XX:GCTimeRatio=4 -XX:AdaptiveSizePolicyWeight=90 -Dsun.zip.disableMemoryMapping=true -Xmx2G -Xms100m -Xlog:disable -javaagent:c:\Users\arpit\.vscode\extensions\redhat.java-1.54.0-win32-x64\lombok\lombok-1.18.39-4050.jar -XX:+HeapDumpOnOutOfMemoryError -XX:HeapDumpPath=c:\Users\arpit\AppData\Roaming\Code\User\workspaceStorage\7665114673e356f46a1bab68c603dfeb\redhat.java -Daether.dependencyCollector.impl=bf c:\Users\arpit\.vscode\extensions\redhat.java-1.54.0-win32-x64\server\plugins\org.eclipse.equinox.launcher_1.7.100.v20251111-0406.jar -configuration c:\Users\arpit\AppData\Roaming\Code\User\globalStorage\redhat.java\1.54.0\config_win -data c:\Users\arpit\AppData\Roaming\Code\User\workspaceStorage\7665114673e356f46a1bab68c603dfeb\redhat.java\jdt_ws --pipe=\\.\pipe\lsp-f633ed14abcdd52cf723e40120fb4009-sock

Host: AMD Ryzen 5 5600H with Radeon Graphics         , 12 cores, 7G,  Windows 11 , 64 bit Build 26100 (10.0.26100.8328)
Time: Sat Jun  6 11:34:34 2026 India Standard Time elapsed time: 11.907112 seconds (0d 0h 0m 11s)

---------------  T H R E A D  ---------------

Current thread (0x000002a78ccea460):  JavaThread "C2 CompilerThread0" daemon [_thread_in_native, id=20544, stack(0x000000d3d4400000,0x000000d3d4500000) (1024K)]


Current CompileTask:
C2:11907 10345       4       org.eclipse.core.runtime.Path::computeSegments (163 bytes)

Stack: [0x000000d3d4400000,0x000000d3d4500000]
Native frames: (J=compiled Java code, j=interpreted, Vv=VM code, C=native code)
V  [jvm.dll+0x6d7a39]
V  [jvm.dll+0x8b4b26]
V  [jvm.dll+0x8b70de]
V  [jvm.dll+0x8b77c3]
V  [jvm.dll+0x284346]
V  [jvm.dll+0xc66ed]
V  [jvm.dll+0xc6c31]
V  [jvm.dll+0x3bec3b]
V  [jvm.dll+0x38b162]
V  [jvm.dll+0x38a5aa]
V  [jvm.dll+0x24c560]
V  [jvm.dll+0x24bb40]
V  [jvm.dll+0x1cb34e]
V  [jvm.dll+0x25b85d]
V  [jvm.dll+0x259dea]
V  [jvm.dll+0x3f857e]
V  [jvm.dll+0x85f59d]
V  [jvm.dll+0x6d626d]
C  [ucrtbase.dll+0x37b0]
C  [KERNEL32.DLL+0x2e957]
C  [ntdll.dll+0x427c]


---------------  P R O C E S S  ---------------

Threads class SMR info:
_java_thread_list=0x000002a7964e7c20, length=75, elements={
0x000002a731b9ccb0, 0x000002a734006400, 0x000002a733f0cb10, 0x000002a734009740,
0x000002a73400c790, 0x000002a73400e6b0, 0x000002a7340137c0, 0x000002a78ccea460,
0x000002a78cd0c850, 0x000002a78cee2cf0, 0x000002a7920fcf00, 0x000002a792990e80,
0x000002a7929ba780, 0x000002a7929eafe0, 0x000002a7929eba20, 0x000002a792e30240,
0x000002a792458d60, 0x000002a792429b10, 0x000002a792d89e90, 0x000002a792fd8be0,
0x000002a792fd6b10, 0x000002a792fd5760, 0x000002a792fd8550, 0x000002a792fd6480,
0x000002a792fd71a0, 0x000002a792fd7830, 0x000002a79440ccf0, 0x000002a79440d380,
0x000002a79440edc0, 0x000002a79440da10, 0x000002a79440f450, 0x000002a79440bfd0,
0x000002a79440e730, 0x000002a79440fae0, 0x000002a79440c660, 0x000002a79440e0a0,
0x000002a794411520, 0x000002a7944128d0, 0x000002a794410170, 0x000002a794410800,
0x000002a7944135f0, 0x000002a794412f60, 0x000002a794411bb0, 0x000002a794412240,
0x000002a795792890, 0x000002a795792200, 0x000002a795790e50, 0x000002a795792f20,
0x000002a79578faa0, 0x000002a7957935b0, 0x000002a795790130, 0x000002a7957907c0,
0x000002a795794960, 0x000002a795793c40, 0x000002a7957914e0, 0x000002a7957970c0,
0x000002a795795680, 0x000002a7957942d0, 0x000002a795796a30, 0x000002a795795d10,
0x000002a7957963a0, 0x000002a795794ff0, 0x000002a79f9a3c80, 0x000002a79f9a28d0,
0x000002a79f9a2f60, 0x000002a79f9a2240, 0x000002a79f9a6a70, 0x000002a79f9a5030,
0x000002a79f9a7100, 0x000002a79242a8b0, 0x000002a79f9a5d50, 0x000002a79f9a7e20,
0x000002a79f9a56c0, 0x000002a79f9a7790, 0x000002a79f9a84b0
}

Java Threads: ( => current thread )
  0x000002a731b9ccb0 JavaThread "main"                              [_thread_blocked, id=22244, stack(0x000000d3d3a00000,0x000000d3d3b00000) (1024K)]
  0x000002a734006400 JavaThread "Reference Handler"          daemon [_thread_blocked, id=5608, stack(0x000000d3d3e00000,0x000000d3d3f00000) (1024K)]
  0x000002a733f0cb10 JavaThread "Finalizer"                  daemon [_thread_blocked, id=4940, stack(0x000000d3d3f00000,0x000000d3d4000000) (1024K)]
  0x000002a734009740 JavaThread "Signal Dispatcher"          daemon [_thread_blocked, id=19732, stack(0x000000d3d4000000,0x000000d3d4100000) (1024K)]
  0x000002a73400c790 JavaThread "Attach Listener"            daemon [_thread_blocked, id=14732, stack(0x000000d3d4100000,0x000000d3d4200000) (1024K)]
  0x000002a73400e6b0 JavaThread "Service Thread"             daemon [_thread_blocked, id=9468, stack(0x000000d3d4200000,0x000000d3d4300000) (1024K)]
  0x000002a7340137c0 JavaThread "Monitor Deflation Thread"   daemon [_thread_blocked, id=19532, stack(0x000000d3d4300000,0x000000d3d4400000) (1024K)]
=>0x000002a78ccea460 JavaThread "C2 CompilerThread0"         daemon [_thread_in_native, id=20544, stack(0x000000d3d4400000,0x000000d3d4500000) (1024K)]
  0x000002a78cd0c850 JavaThread "C1 CompilerThread0"         daemon [_thread_in_vm, id=11316, stack(0x000000d3d4500000,0x000000d3d4600000) (1024K)]
  0x000002a78cee2cf0 JavaThread "Common-Cleaner"             daemon [_thread_blocked, id=10216, stack(0x000000d3d4600000,0x000000d3d4700000) (1024K)]
  0x000002a7920fcf00 JavaThread "Notification Thread"        daemon [_thread_blocked, id=13800, stack(0x000000d3d4900000,0x000000d3d4a00000) (1024K)]
  0x000002a792990e80 JavaThread "Active Thread: Equinox Container: 245d5a41-637e-41bc-ac3f-1167590a7b89"        [_thread_blocked, id=10632, stack(0x000000d3d5000000,0x000000d3d5100000) (1024K)]
  0x000002a7929ba780 JavaThread "Refresh Thread: Equinox Container: 245d5a41-637e-41bc-ac3f-1167590a7b89" daemon [_thread_blocked, id=14912, stack(0x000000d3d4800000,0x000000d3d4900000) (1024K)]
  0x000002a7929eafe0 JavaThread "Framework Event Dispatcher: Equinox Container: 245d5a41-637e-41bc-ac3f-1167590a7b89" daemon [_thread_blocked, id=16188, stack(0x000000d3d5100000,0x000000d3d5200000) (1024K)]
  0x000002a7929eba20 JavaThread "Start Level: Equinox Container: 245d5a41-637e-41bc-ac3f-1167590a7b89" daemon [_thread_blocked, id=11452, stack(0x000000d3d5200000,0x000000d3d5300000) (1024K)]
  0x000002a792e30240 JavaThread "Bundle File Closer"         daemon [_thread_blocked, id=14188, stack(0x000000d3d5600000,0x000000d3d5700000) (1024K)]
  0x000002a792458d60 JavaThread "SCR Component Actor"        daemon [_thread_blocked, id=14828, stack(0x000000d3d5300000,0x000000d3d5400000) (1024K)]
  0x000002a792429b10 JavaThread "C2 CompilerThread1"         daemon [_thread_in_native, id=6024, stack(0x000000d3d5700000,0x000000d3d5800000) (1024K)]
  0x000002a792d89e90 JavaThread "Worker-JM"                         [_thread_blocked, id=18116, stack(0x000000d3d5800000,0x000000d3d5900000) (1024K)]
  0x000002a792fd8be0 JavaThread "JNA Cleaner"                daemon [_thread_blocked, id=12464, stack(0x000000d3d5900000,0x000000d3d5a00000) (1024K)]
  0x000002a792fd6b10 JavaThread "Worker-0: Java indexing... "        [_thread_blocked, id=16232, stack(0x000000d3d5a00000,0x000000d3d5b00000) (1024K)]
  0x000002a792fd5760 JavaThread "Worker-1"                          [_thread_blocked, id=12892, stack(0x000000d3d5b00000,0x000000d3d5c00000) (1024K)]
  0x000002a792fd8550 JavaThread "Worker-2: Building"                [_thread_in_Java, id=9884, stack(0x000000d3d5c00000,0x000000d3d5d00000) (1024K)]
  0x000002a792fd6480 JavaThread "Java indexing"              daemon [_thread_in_Java, id=23108, stack(0x000000d3d5d00000,0x000000d3d5e00000) (1024K)]
  0x000002a792fd71a0 JavaThread "Worker-3"                          [_thread_blocked, id=11844, stack(0x000000d3d5f00000,0x000000d3d6000000) (1024K)]
  0x000002a792fd7830 JavaThread "Thread-1"                   daemon [_thread_in_native, id=22728, stack(0x000000d3d6200000,0x000000d3d6300000) (1024K)]
  0x000002a79440ccf0 JavaThread "Thread-2"                   daemon [_thread_in_native, id=13180, stack(0x000000d3d6300000,0x000000d3d6400000) (1024K)]
  0x000002a79440d380 JavaThread "Thread-3"                   daemon [_thread_in_native, id=6688, stack(0x000000d3d6400000,0x000000d3d6500000) (1024K)]
  0x000002a79440edc0 JavaThread "Thread-4"                   daemon [_thread_in_native, id=13068, stack(0x000000d3d6500000,0x000000d3d6600000) (1024K)]
  0x000002a79440da10 JavaThread "Thread-5"                   daemon [_thread_in_native, id=11008, stack(0x000000d3d6600000,0x000000d3d6700000) (1024K)]
  0x000002a79440f450 JavaThread "Thread-6"                   daemon [_thread_in_native, id=6308, stack(0x000000d3d6700000,0x000000d3d6800000) (1024K)]
  0x000002a79440bfd0 JavaThread "Thread-7"                   daemon [_thread_in_native, id=22536, stack(0x000000d3d6800000,0x000000d3d6900000) (1024K)]
  0x000002a79440e730 JavaThread "Thread-8"                   daemon [_thread_in_native, id=10692, stack(0x000000d3d6900000,0x000000d3d6a00000) (1024K)]
  0x000002a79440fae0 JavaThread "Thread-9"                   daemon [_thread_in_native, id=4708, stack(0x000000d3d6a00000,0x000000d3d6b00000) (1024K)]
  0x000002a79440c660 JavaThread "Thread-10"                  daemon [_thread_in_native, id=9868, stack(0x000000d3d6b00000,0x000000d3d6c00000) (1024K)]
  0x000002a79440e0a0 JavaThread "Thread-11"                  daemon [_thread_in_native, id=19520, stack(0x000000d3d6c00000,0x000000d3d6d00000) (1024K)]
  0x000002a794411520 JavaThread "Thread-12"                  daemon [_thread_in_native, id=13076, stack(0x000000d3d6d00000,0x000000d3d6e00000) (1024K)]
  0x000002a7944128d0 JavaThread "Thread-13"                  daemon [_thread_in_native, id=13708, stack(0x000000d3d6e00000,0x000000d3d6f00000) (1024K)]
  0x000002a794410170 JavaThread "pool-2-thread-1"                   [_thread_blocked, id=2412, stack(0x000000d3d6f00000,0x000000d3d7000000) (1024K)]
  0x000002a794410800 JavaThread "WorkspaceEventsHandler"            [_thread_blocked, id=15996, stack(0x000000d3d7000000,0x000000d3d7100000) (1024K)]
  0x000002a7944135f0 JavaThread "pool-1-thread-1"                   [_thread_blocked, id=16900, stack(0x000000d3d7100000,0x000000d3d7200000) (1024K)]
  0x000002a794412f60 JavaThread "LocalFile Deleter"          daemon [_thread_blocked, id=19832, stack(0x000000d3d7200000,0x000000d3d7300000) (1024K)]
  0x000002a794411bb0 JavaThread "LocalFile Deleter"          daemon [_thread_blocked, id=7212, stack(0x000000d3d7300000,0x000000d3d7400000) (1024K)]
  0x000002a794412240 JavaThread "LocalFile Deleter"          daemon [_thread_blocked, id=15340, stack(0x000000d3d7400000,0x000000d3d7500000) (1024K)]
  0x000002a795792890 JavaThread "Compiler Source File Reader" daemon [_thread_blocked, id=19460, stack(0x000000d3d7500000,0x000000d3d7600000) (1024K)]
  0x000002a795792200 JavaThread "Compiler Processing Task"   daemon [_thread_blocked, id=15036, stack(0x000000d3d7600000,0x000000d3d7700000) (1024K)]
  0x000002a795790e50 JavaThread "Compiler Class File Writer" daemon [_thread_blocked, id=18852, stack(0x000000d3d7700000,0x000000d3d7800000) (1024K)]
  0x000002a795792f20 JavaThread "LocalFile Deleter"          daemon [_thread_blocked, id=12056, stack(0x000000d3d7800000,0x000000d3d7900000) (1024K)]
  0x000002a79578faa0 JavaThread "LocalFile Deleter"          daemon [_thread_blocked, id=1780, stack(0x000000d3d7900000,0x000000d3d7a00000) (1024K)]
  0x000002a7957935b0 JavaThread "LocalFile Deleter"          daemon [_thread_blocked, id=14544, stack(0x000000d3d7a00000,0x000000d3d7b00000) (1024K)]
  0x000002a795790130 JavaThread "LocalFile Deleter"          daemon [_thread_blocked, id=4584, stack(0x000000d3d7b00000,0x000000d3d7c00000) (1024K)]
  0x000002a7957907c0 JavaThread "LocalFile Deleter"          daemon [_thread_blocked, id=13328, stack(0x000000d3d7c00000,0x000000d3d7d00000) (1024K)]
  0x000002a795794960 JavaThread "LocalFile Deleter"          daemon [_thread_blocked, id=6928, stack(0x000000d3d7d00000,0x000000d3d7e00000) (1024K)]
  0x000002a795793c40 JavaThread "LocalFile Deleter"          daemon [_thread_blocked, id=376, stack(0x000000d3d7e00000,0x000000d3d7f00000) (1024K)]
  0x000002a7957914e0 JavaThread "LocalFile Deleter"          daemon [_thread_blocked, id=6768, stack(0x000000d3d7f00000,0x000000d3d8000000) (1024K)]
  0x000002a7957970c0 JavaThread "LocalFile Deleter"          daemon [_thread_blocked, id=17200, stack(0x000000d3d8000000,0x000000d3d8100000) (1024K)]
  0x000002a795795680 JavaThread "Compiler Source File Reader" daemon [_thread_blocked, id=11308, stack(0x000000d3d8100000,0x000000d3d8200000) (1024K)]
  0x000002a7957942d0 JavaThread "Compiler Source File Reader" daemon [_thread_blocked, id=2744, stack(0x000000d3d8200000,0x000000d3d8300000) (1024K)]
  0x000002a795796a30 JavaThread "Compiler Source File Reader" daemon [_thread_blocked, id=22996, stack(0x000000d3d8300000,0x000000d3d8400000) (1024K)]
  0x000002a795795d10 JavaThread "Compiler Source File Reader" daemon [_thread_blocked, id=13316, stack(0x000000d3d8400000,0x000000d3d8500000) (1024K)]
  0x000002a7957963a0 JavaThread "Compiler Source File Reader" daemon [_thread_blocked, id=21648, stack(0x000000d3d8500000,0x000000d3d8600000) (1024K)]
  0x000002a795794ff0 JavaThread "Compiler Source File Reader" daemon [_thread_blocked, id=8608, stack(0x000000d3d8600000,0x000000d3d8700000) (1024K)]
  0x000002a79f9a3c80 JavaThread "Compiler Source File Reader" daemon [_thread_blocked, id=5580, stack(0x000000d3d8700000,0x000000d3d8800000) (1024K)]
  0x000002a79f9a28d0 JavaThread "Compiler Source File Reader" daemon [_thread_blocked, id=7096, stack(0x000000d3d8800000,0x000000d3d8900000) (1024K)]
  0x000002a79f9a2f60 JavaThread "Compiler Source File Reader" daemon [_thread_blocked, id=18000, stack(0x000000d3d8900000,0x000000d3d8a00000) (1024K)]
  0x000002a79f9a2240 JavaThread "Compiler Class File Writer" daemon [_thread_blocked, id=15848, stack(0x000000d3d5e00000,0x000000d3d5f00000) (1024K)]
  0x000002a79f9a6a70 JavaThread "Compiler Class File Writer" daemon [_thread_blocked, id=23064, stack(0x000000d3d8a00000,0x000000d3d8b00000) (1024K)]
  0x000002a79f9a5030 JavaThread "Compiler Class File Writer" daemon [_thread_blocked, id=22660, stack(0x000000d3d8b00000,0x000000d3d8c00000) (1024K)]
  0x000002a79f9a7100 JavaThread "Compiler Class File Writer" daemon [_thread_blocked, id=22864, stack(0x000000d3d8c00000,0x000000d3d8d00000) (1024K)]
  0x000002a79242a8b0 JavaThread "C2 CompilerThread2"         daemon [_thread_in_native, id=21532, stack(0x000000d3d8d00000,0x000000d3d8e00000) (1024K)]
  0x000002a79f9a5d50 JavaThread "Compiler Class File Writer" daemon [_thread_blocked, id=10468, stack(0x000000d3d8e00000,0x000000d3d8f00000) (1024K)]
  0x000002a79f9a7e20 JavaThread "Compiler Class File Writer" daemon [_thread_blocked, id=12204, stack(0x000000d3d8f00000,0x000000d3d9000000) (1024K)]
  0x000002a79f9a56c0 JavaThread "Compiler Class File Writer" daemon [_thread_blocked, id=4592, stack(0x000000d3d9000000,0x000000d3d9100000) (1024K)]
  0x000002a79f9a7790 JavaThread "Compiler Class File Writer" daemon [_thread_blocked, id=12452, stack(0x000000d3d9100000,0x000000d3d9200000) (1024K)]
  0x000002a79f9a84b0 JavaThread "Compiler Class File Writer" daemon [_thread_blocked, id=20772, stack(0x000000d3d9200000,0x000000d3d9300000) (1024K)]
Total: 75

Other Threads:
  0x000002a733ef48c0 VMThread "VM Thread"                           [id=21312, stack(0x000000d3d3d00000,0x000000d3d3e00000) (1024K)]
  0x000002a733deca10 WatcherThread "VM Periodic Task Thread"        [id=20016, stack(0x000000d3d3c00000,0x000000d3d3d00000) (1024K)]
  0x000002a733f85180 WorkerThread "GC Thread#0"                     [id=16532, stack(0x000000d3d3b00000,0x000000d3d3c00000) (1024K)]
  0x000002a7923bf8b0 WorkerThread "GC Thread#1"                     [id=996, stack(0x000000d3d4a00000,0x000000d3d4b00000) (1024K)]
  0x000002a7923bfc60 WorkerThread "GC Thread#2"                     [id=9496, stack(0x000000d3d4b00000,0x000000d3d4c00000) (1024K)]
  0x000002a7926279a0 WorkerThread "GC Thread#3"                     [id=19052, stack(0x000000d3d4c00000,0x000000d3d4d00000) (1024K)]
  0x000002a792627d50 WorkerThread "GC Thread#4"                     [id=5848, stack(0x000000d3d4d00000,0x000000d3d4e00000) (1024K)]
  0x000002a792628100 WorkerThread "GC Thread#5"                     [id=1812, stack(0x000000d3d4e00000,0x000000d3d4f00000) (1024K)]
  0x000002a7924cb290 WorkerThread "GC Thread#6"                     [id=17328, stack(0x000000d3d4f00000,0x000000d3d5000000) (1024K)]
  0x000002a792624630 WorkerThread "GC Thread#7"                     [id=2344, stack(0x000000d3d4700000,0x000000d3d4800000) (1024K)]
  0x000002a792624d90 WorkerThread "GC Thread#8"                     [id=5952, stack(0x000000d3d5400000,0x000000d3d5500000) (1024K)]
  0x000002a7926249e0 WorkerThread "GC Thread#9"                     [id=19448, stack(0x000000d3d5500000,0x000000d3d5600000) (1024K)]
Total: 12

Threads with active compile tasks:
C2 CompilerThread0  11936 10345       4       org.eclipse.core.runtime.Path::computeSegments (163 bytes)
C1 CompilerThread0  11936 10431       2       com.google.inject.internal.MoreTypes$ParameterizedTypeImpl::<init> (208 bytes)
C2 CompilerThread1  11936 10312       4       org.eclipse.jdt.internal.core.builder.NameEnvironment::findClass (486 bytes)
C2 CompilerThread2  11937 10325 %     4       org.eclipse.jdt.internal.compiler.lookup.BinaryTypeBinding::createMethod @ 183 (1666 bytes)
Total: 4

VM state: not at safepoint (normal execution)

VM Mutex/Monitor currently owned by a thread: None

Heap address: 0x0000000080000000, size: 2048 MB, Compressed Oops mode: 32-bit

CDS archive(s) mapped at: [0x000002a74b000000-0x000002a74bba0000-0x000002a74bba0000), size 12189696, SharedBaseAddress: 0x000002a74b000000, ArchiveRelocationMode: 1.
Compressed class space mapped at: 0x000002a74c000000-0x000002a78c000000, reserved size: 1073741824
Narrow klass base: 0x000002a74b000000, Narrow klass shift: 0, Narrow klass range: 0x100000000

GC Precious Log:
 CardTable entry size: 512
 CPUs: 12 total, 12 available
 Memory: 7518M
 Large Page Support: Disabled
 NUMA Support: Disabled
 Compressed Oops: Enabled (32-bit)
 Alignments: Space 512K, Generation 512K, Heap 2M
 Heap Min Capacity: 100M
 Heap Initial Capacity: 100M
 Heap Max Capacity: 2G
 Pre-touch: Disabled
 Parallel Workers: 10

Heap:
 PSYoungGen      total 16896K, used 5661K [0x00000000d5580000, 0x00000000d7a00000, 0x0000000100000000)
  eden space 12800K, 15% used [0x00000000d5580000,0x00000000d5771910,0x00000000d6200000)
  from space 4096K, 89% used [0x00000000d7600000,0x00000000d7995be0,0x00000000d7a00000)
  to   space 9216K, 0% used [0x00000000d6800000,0x00000000d6800000,0x00000000d7100000)
 ParOldGen       total 354304K, used 344964K [0x0000000080000000, 0x0000000095a00000, 0x00000000d5580000)
  object space 354304K, 97% used [0x0000000080000000,0x00000000950e13c8,0x0000000095a00000)
 Metaspace       used 59713K, committed 61248K, reserved 1114112K
  class space    used 6294K, committed 6976K, reserved 1048576K

Card table byte_map: [0x000002a733900000,0x000002a733d10000] _byte_map_base: 0x000002a733500000

Marking Bits: (ParMarkBitMap*) 0x00007ffca2b53450
 Begin Bits: [0x000002a746410000, 0x000002a748410000)
 End Bits:   [0x000002a748410000, 0x000002a74a410000)

Polling page: 0x000002a731d40000

Metaspace:

Usage:
  Non-class:     52.17 MB used.
      Class:      6.15 MB used.
       Both:     58.31 MB used.

Virtual space:
  Non-class space:       64.00 MB reserved,      53.00 MB ( 83%) committed,  1 nodes.
      Class space:        1.00 GB reserved,       6.81 MB ( <1%) committed,  1 nodes.
             Both:        1.06 GB reserved,      59.81 MB (  5%) committed. 

Chunk freelists:
   Non-Class:  10.09 MB
       Class:  9.17 MB
        Both:  19.27 MB

MaxMetaspaceSize: unlimited
CompressedClassSpaceSize: 1.00 GB
Initial GC threshold: 21.00 MB
Current GC threshold: 97.31 MB
CDS: on
 - commit_granule_bytes: 65536.
 - commit_granule_words: 8192.
 - virtual_space_node_default_size: 8388608.
 - enlarge_chunks_in_place: 1.
 - use_allocation_guard: 0.


Internal statistics:

num_allocs_failed_limit: 9.
num_arena_births: 1190.
num_arena_deaths: 14.
num_vsnodes_births: 2.
num_vsnodes_deaths: 0.
num_space_committed: 957.
num_space_uncommitted: 0.
num_chunks_returned_to_freelist: 23.
num_chunks_taken_from_freelist: 4114.
num_chunk_merges: 14.
num_chunk_splits: 2459.
num_chunks_enlarged: 1303.
num_inconsistent_stats: 0.

CodeHeap 'non-profiled nmethods': size=120000Kb used=5847Kb max_used=5847Kb free=114152Kb
 bounds [0x000002a73ec30000, 0x000002a73f1f0000, 0x000002a746160000]
CodeHeap 'profiled nmethods': size=120000Kb used=20924Kb max_used=20924Kb free=99075Kb
 bounds [0x000002a737160000, 0x000002a7385d0000, 0x000002a73e690000]
CodeHeap 'non-nmethods': size=5760Kb used=1416Kb max_used=1514Kb free=4343Kb
 bounds [0x000002a73e690000, 0x000002a73e900000, 0x000002a73ec30000]
CodeCache: size=245760Kb, used=28187Kb, max_used=28285Kb, free=217570Kb
 total_blobs=10350, nmethods=9621, adapters=633, full_count=0
Compilation: enabled, stopped_count=0, restarted_count=0

Compilation events (20 events):
Event: 11.886 Thread 0x000002a78cd0c850 10348   !   3       org.eclipse.jdt.internal.core.builder.ClasspathJar::cleanup (175 bytes)
Event: 11.886 Thread 0x000002a79242a8b0 nmethod 10276 0x000002a73f1dd310 code [0x000002a73f1dd720, 0x000002a73f1e0660]
Event: 11.887 Thread 0x000002a79242a8b0 10325 %     4       org.eclipse.jdt.internal.compiler.lookup.BinaryTypeBinding::createMethod @ 183 (1666 bytes)
Event: 11.887 Thread 0x000002a78cd0c850 nmethod 10348 0x000002a73859cc90 code [0x000002a73859d060, 0x000002a73859e550]
Event: 11.889 Thread 0x000002a78ccea460 nmethod 10306 0x000002a73f1e2510 code [0x000002a73f1e27a0, 0x000002a73f1e39b8]
Event: 11.889 Thread 0x000002a78ccea460 10345       4       org.eclipse.core.runtime.Path::computeSegments (163 bytes)
Event: 11.892 Thread 0x000002a78cd0c850 10350       3       java.util.concurrent.CopyOnWriteArrayList::size (6 bytes)
Event: 11.892 Thread 0x000002a78cd0c850 nmethod 10350 0x000002a73859ee10 code [0x000002a73859efa0, 0x000002a73859f0c8]
Event: 11.897 Thread 0x000002a78cd0c850 10352       3       org.eclipse.core.internal.events.ResourceComparator::compare (383 bytes)
Event: 11.899 Thread 0x000002a78cd0c850 nmethod 10352 0x000002a73859f190 code [0x000002a73859f5e0, 0x000002a7385a2a70]
Event: 11.899 Thread 0x000002a78cd0c850 10357       3       org.eclipse.core.internal.events.NodeIDMap::hashFor (13 bytes)
Event: 11.900 Thread 0x000002a78cd0c850 nmethod 10357 0x000002a7385a3410 code [0x000002a7385a35c0, 0x000002a7385a37b8]
Event: 11.900 Thread 0x000002a78cd0c850 10353       3       org.eclipse.core.internal.resources.ResourceInfo::getContentId (8 bytes)
Event: 11.900 Thread 0x000002a78cd0c850 nmethod 10353 0x000002a7385a3890 code [0x000002a7385a3a20, 0x000002a7385a3b30]
Event: 11.900 Thread 0x000002a78cd0c850 10354       3       org.eclipse.core.internal.resources.ResourceInfo::getCharsetGenerationCount (8 bytes)
Event: 11.900 Thread 0x000002a78cd0c850 nmethod 10354 0x000002a7385a3c10 code [0x000002a7385a3da0, 0x000002a7385a3eb0]
Event: 11.900 Thread 0x000002a78cd0c850 10355       1       org.eclipse.core.internal.dtree.NodeComparison::getOldData (5 bytes)
Event: 11.900 Thread 0x000002a78cd0c850 nmethod 10355 0x000002a73f1e4490 code [0x000002a73f1e4620, 0x000002a73f1e46e8]
Event: 11.900 Thread 0x000002a78cd0c850 10356       1       org.eclipse.core.internal.dtree.NodeComparison::getNewData (5 bytes)
Event: 11.900 Thread 0x000002a78cd0c850 nmethod 10356 0x000002a73f1e4790 code [0x000002a73f1e4920, 0x000002a73f1e49e8]

GC Heap History (20 events):
Event: 11.000 GC heap before
{Heap before GC invocations=247 (full 2):
 PSYoungGen      total 17408K, used 17275K [0x00000000d5580000, 0x00000000d6b00000, 0x0000000100000000)
  eden space 13312K, 100% used [0x00000000d5580000,0x00000000d6280000,0x00000000d6280000)
  from space 4096K, 96% used [0x00000000d6680000,0x00000000d6a5ee18,0x00000000d6a80000)
  to   space 4096K, 0% used [0x00000000d6280000,0x00000000d6280000,0x00000000d6680000)
 ParOldGen       total 336384K, used 336231K [0x0000000080000000, 0x0000000094880000, 0x00000000d5580000)
  object space 336384K, 99% used [0x0000000080000000,0x0000000094859cf0,0x0000000094880000)
 Metaspace       used 57512K, committed 58944K, reserved 1114112K
  class space    used 6160K, committed 6784K, reserved 1048576K
}
Event: 11.005 GC heap after
{Heap after GC invocations=247 (full 2):
 PSYoungGen      total 17408K, used 4093K [0x00000000d5580000, 0x00000000d6e80000, 0x0000000100000000)
  eden space 13312K, 0% used [0x00000000d5580000,0x00000000d5580000,0x00000000d6280000)
  from space 4096K, 99% used [0x00000000d6280000,0x00000000d667f678,0x00000000d6680000)
  to   space 4608K, 0% used [0x00000000d6a00000,0x00000000d6a00000,0x00000000d6e80000)
 ParOldGen       total 340480K, used 340395K [0x0000000080000000, 0x0000000094c80000, 0x00000000d5580000)
  object space 340480K, 99% used [0x0000000080000000,0x0000000094c6ad20,0x0000000094c80000)
 Metaspace       used 57512K, committed 58944K, reserved 1114112K
  class space    used 6160K, committed 6784K, reserved 1048576K
}
Event: 11.014 GC heap before
{Heap before GC invocations=248 (full 2):
 PSYoungGen      total 17408K, used 17405K [0x00000000d5580000, 0x00000000d6e80000, 0x0000000100000000)
  eden space 13312K, 100% used [0x00000000d5580000,0x00000000d6280000,0x00000000d6280000)
  from space 4096K, 99% used [0x00000000d6280000,0x00000000d667f678,0x00000000d6680000)
  to   space 4608K, 0% used [0x00000000d6a00000,0x00000000d6a00000,0x00000000d6e80000)
 ParOldGen       total 340480K, used 340395K [0x0000000080000000, 0x0000000094c80000, 0x00000000d5580000)
  object space 340480K, 99% used [0x0000000080000000,0x0000000094c6ad20,0x0000000094c80000)
 Metaspace       used 57513K, committed 58944K, reserved 1114112K
  class space    used 6160K, committed 6784K, reserved 1048576K
}
Event: 11.017 GC heap after
{Heap after GC invocations=248 (full 2):
 PSYoungGen      total 20480K, used 3784K [0x00000000d5580000, 0x00000000d6e00000, 0x0000000100000000)
  eden space 16384K, 0% used [0x00000000d5580000,0x00000000d5580000,0x00000000d6580000)
  from space 4096K, 92% used [0x00000000d6a00000,0x00000000d6db2070,0x00000000d6e00000)
  to   space 4096K, 0% used [0x00000000d6600000,0x00000000d6600000,0x00000000d6a00000)
 ParOldGen       total 344576K, used 344416K [0x0000000080000000, 0x0000000095080000, 0x00000000d5580000)
  object space 344576K, 99% used [0x0000000080000000,0x0000000095058058,0x0000000095080000)
 Metaspace       used 57513K, committed 58944K, reserved 1114112K
  class space    used 6160K, committed 6784K, reserved 1048576K
}
Event: 11.078 GC heap before
{Heap before GC invocations=249 (full 2):
 PSYoungGen      total 20480K, used 20168K [0x00000000d5580000, 0x00000000d6e00000, 0x0000000100000000)
  eden space 16384K, 100% used [0x00000000d5580000,0x00000000d6580000,0x00000000d6580000)
  from space 4096K, 92% used [0x00000000d6a00000,0x00000000d6db2070,0x00000000d6e00000)
  to   space 4096K, 0% used [0x00000000d6600000,0x00000000d6600000,0x00000000d6a00000)
 ParOldGen       total 344576K, used 344416K [0x0000000080000000, 0x0000000095080000, 0x00000000d5580000)
  object space 344576K, 99% used [0x0000000080000000,0x0000000095058058,0x0000000095080000)
 Metaspace       used 57871K, committed 59264K, reserved 1114112K
  class space    used 6198K, committed 6848K, reserved 1048576K
}
Event: 11.081 GC heap after
{Heap after GC invocations=249 (full 2):
 PSYoungGen      total 20992K, used 2178K [0x00000000d5580000, 0x00000000d6f00000, 0x0000000100000000)
  eden space 16896K, 0% used [0x00000000d5580000,0x00000000d5580000,0x00000000d6600000)
  from space 4096K, 53% used [0x00000000d6600000,0x00000000d68208b0,0x00000000d6a00000)
  to   space 3072K, 0% used [0x00000000d6c00000,0x00000000d6c00000,0x00000000d6f00000)
 ParOldGen       total 348160K, used 348085K [0x0000000080000000, 0x0000000095400000, 0x00000000d5580000)
  object space 348160K, 99% used [0x0000000080000000,0x00000000953ed4a8,0x0000000095400000)
 Metaspace       used 57871K, committed 59264K, reserved 1114112K
  class space    used 6198K, committed 6848K, reserved 1048576K
}
Event: 11.168 GC heap before
{Heap before GC invocations=250 (full 2):
 PSYoungGen      total 20992K, used 17908K [0x00000000d5580000, 0x00000000d6f00000, 0x0000000100000000)
  eden space 16896K, 93% used [0x00000000d5580000,0x00000000d64dcac0,0x00000000d6600000)
  from space 4096K, 53% used [0x00000000d6600000,0x00000000d68208b0,0x00000000d6a00000)
  to   space 3072K, 0% used [0x00000000d6c00000,0x00000000d6c00000,0x00000000d6f00000)
 ParOldGen       total 348160K, used 348085K [0x0000000080000000, 0x0000000095400000, 0x00000000d5580000)
  object space 348160K, 99% used [0x0000000080000000,0x00000000953ed4a8,0x0000000095400000)
 Metaspace       used 58337K, committed 59776K, reserved 1114112K
  class space    used 6254K, committed 6912K, reserved 1048576K
}
Event: 11.171 GC heap after
{Heap after GC invocations=250 (full 2):
 PSYoungGen      total 15872K, used 3071K [0x00000000d5580000, 0x00000000d7d00000, 0x0000000100000000)
  eden space 12800K, 0% used [0x00000000d5580000,0x00000000d5580000,0x00000000d6200000)
  from space 3072K, 99% used [0x00000000d6c00000,0x00000000d6effc00,0x00000000d6f00000)
  to   space 10240K, 0% used [0x00000000d6200000,0x00000000d6200000,0x00000000d6c00000)
 ParOldGen       total 354304K, used 354065K [0x0000000080000000, 0x0000000095a00000, 0x00000000d5580000)
  object space 354304K, 99% used [0x0000000080000000,0x00000000959c4560,0x0000000095a00000)
 Metaspace       used 58337K, committed 59776K, reserved 1114112K
  class space    used 6254K, committed 6912K, reserved 1048576K
}
Event: 11.171 GC heap before
{Heap before GC invocations=251 (full 3):
 PSYoungGen      total 15872K, used 3071K [0x00000000d5580000, 0x00000000d7d00000, 0x0000000100000000)
  eden space 12800K, 0% used [0x00000000d5580000,0x00000000d5580000,0x00000000d6200000)
  from space 3072K, 99% used [0x00000000d6c00000,0x00000000d6effc00,0x00000000d6f00000)
  to   space 10240K, 0% used [0x00000000d6200000,0x00000000d6200000,0x00000000d6c00000)
 ParOldGen       total 354304K, used 354065K [0x0000000080000000, 0x0000000095a00000, 0x00000000d5580000)
  object space 354304K, 99% used [0x0000000080000000,0x00000000959c4560,0x0000000095a00000)
 Metaspace       used 58337K, committed 59776K, reserved 1114112K
  class space    used 6254K, committed 6912K, reserved 1048576K
}
Event: 11.349 GC heap after
{Heap after GC invocations=251 (full 3):
 PSYoungGen      total 15872K, used 0K [0x00000000d5580000, 0x00000000d7d00000, 0x0000000100000000)
  eden space 12800K, 0% used [0x00000000d5580000,0x00000000d5580000,0x00000000d6200000)
  from space 3072K, 0% used [0x00000000d6c00000,0x00000000d6c00000,0x00000000d6f00000)
  to   space 10240K, 0% used [0x00000000d6200000,0x00000000d6200000,0x00000000d6c00000)
 ParOldGen       total 354304K, used 313100K [0x0000000080000000, 0x0000000095a00000, 0x00000000d5580000)
  object space 354304K, 88% used [0x0000000080000000,0x00000000931c31f8,0x0000000095a00000)
 Metaspace       used 58337K, committed 59776K, reserved 1114112K
  class space    used 6254K, committed 6912K, reserved 1048576K
}
Event: 11.437 GC heap before
{Heap before GC invocations=252 (full 3):
 PSYoungGen      total 15872K, used 12739K [0x00000000d5580000, 0x00000000d7d00000, 0x0000000100000000)
  eden space 12800K, 99% used [0x00000000d5580000,0x00000000d61f0f48,0x00000000d6200000)
  from space 3072K, 0% used [0x00000000d6c00000,0x00000000d6c00000,0x00000000d6f00000)
  to   space 10240K, 0% used [0x00000000d6200000,0x00000000d6200000,0x00000000d6c00000)
 ParOldGen       total 354304K, used 313100K [0x0000000080000000, 0x0000000095a00000, 0x00000000d5580000)
  object space 354304K, 88% used [0x0000000080000000,0x00000000931c31f8,0x0000000095a00000)
 Metaspace       used 58680K, committed 60160K, reserved 1114112K
  class space    used 6266K, committed 6912K, reserved 1048576K
}
Event: 11.441 GC heap after
{Heap after GC invocations=252 (full 3):
 PSYoungGen      total 19968K, used 7041K [0x00000000d5580000, 0x00000000d7200000, 0x0000000100000000)
  eden space 12800K, 0% used [0x00000000d5580000,0x00000000d5580000,0x00000000d6200000)
  from space 7168K, 98% used [0x00000000d6200000,0x00000000d68e06e0,0x00000000d6900000)
  to   space 8192K, 0% used [0x00000000d6a00000,0x00000000d6a00000,0x00000000d7200000)
 ParOldGen       total 354304K, used 313108K [0x0000000080000000, 0x0000000095a00000, 0x00000000d5580000)
  object space 354304K, 88% used [0x0000000080000000,0x00000000931c51f8,0x0000000095a00000)
 Metaspace       used 58680K, committed 60160K, reserved 1114112K
  class space    used 6266K, committed 6912K, reserved 1048576K
}
Event: 11.537 GC heap before
{Heap before GC invocations=253 (full 3):
 PSYoungGen      total 19968K, used 19841K [0x00000000d5580000, 0x00000000d7200000, 0x0000000100000000)
  eden space 12800K, 100% used [0x00000000d5580000,0x00000000d6200000,0x00000000d6200000)
  from space 7168K, 98% used [0x00000000d6200000,0x00000000d68e06e0,0x00000000d6900000)
  to   space 8192K, 0% used [0x00000000d6a00000,0x00000000d6a00000,0x00000000d7200000)
 ParOldGen       total 354304K, used 313108K [0x0000000080000000, 0x0000000095a00000, 0x00000000d5580000)
  object space 354304K, 88% used [0x0000000080000000,0x00000000931c51f8,0x0000000095a00000)
 Metaspace       used 58949K, committed 60352K, reserved 1114112K
  class space    used 6272K, committed 6912K, reserved 1048576K
}
Event: 11.544 GC heap after
{Heap after GC invocations=253 (full 3):
 PSYoungGen      total 19968K, used 6995K [0x00000000d5580000, 0x00000000d7100000, 0x0000000100000000)
  eden space 12800K, 0% used [0x00000000d5580000,0x00000000d5580000,0x00000000d6200000)
  from space 7168K, 97% used [0x00000000d6a00000,0x00000000d70d4cc0,0x00000000d7100000)
  to   space 7168K, 0% used [0x00000000d6200000,0x00000000d6200000,0x00000000d6900000)
 ParOldGen       total 354304K, used 319115K [0x0000000080000000, 0x0000000095a00000, 0x00000000d5580000)
  object space 354304K, 90% used [0x0000000080000000,0x00000000937a2d78,0x0000000095a00000)
 Metaspace       used 58949K, committed 60352K, reserved 1114112K
  class space    used 6272K, committed 6912K, reserved 1048576K
}
Event: 11.674 GC heap before
{Heap before GC invocations=254 (full 3):
 PSYoungGen      total 19968K, used 19795K [0x00000000d5580000, 0x00000000d7100000, 0x0000000100000000)
  eden space 12800K, 100% used [0x00000000d5580000,0x00000000d6200000,0x00000000d6200000)
  from space 7168K, 97% used [0x00000000d6a00000,0x00000000d70d4cc0,0x00000000d7100000)
  to   space 7168K, 0% used [0x00000000d6200000,0x00000000d6200000,0x00000000d6900000)
 ParOldGen       total 354304K, used 319115K [0x0000000080000000, 0x0000000095a00000, 0x00000000d5580000)
  object space 354304K, 90% used [0x0000000080000000,0x00000000937a2d78,0x0000000095a00000)
 Metaspace       used 59232K, committed 60672K, reserved 1114112K
  class space    used 6275K, committed 6912K, reserved 1048576K
}
Event: 11.682 GC heap after
{Heap after GC invocations=254 (full 3):
 PSYoungGen      total 19968K, used 6603K [0x00000000d5580000, 0x00000000d7000000, 0x0000000100000000)
  eden space 12800K, 0% used [0x00000000d5580000,0x00000000d5580000,0x00000000d6200000)
  from space 7168K, 92% used [0x00000000d6200000,0x00000000d6872eb8,0x00000000d6900000)
  to   space 7168K, 0% used [0x00000000d6900000,0x00000000d6900000,0x00000000d7000000)
 ParOldGen       total 354304K, used 325986K [0x0000000080000000, 0x0000000095a00000, 0x00000000d5580000)
  object space 354304K, 92% used [0x0000000080000000,0x0000000093e589c8,0x0000000095a00000)
 Metaspace       used 59232K, committed 60672K, reserved 1114112K
  class space    used 6275K, committed 6912K, reserved 1048576K
}
Event: 11.771 GC heap before
{Heap before GC invocations=255 (full 3):
 PSYoungGen      total 19968K, used 19403K [0x00000000d5580000, 0x00000000d7000000, 0x0000000100000000)
  eden space 12800K, 100% used [0x00000000d5580000,0x00000000d6200000,0x00000000d6200000)
  from space 7168K, 92% used [0x00000000d6200000,0x00000000d6872eb8,0x00000000d6900000)
  to   space 7168K, 0% used [0x00000000d6900000,0x00000000d6900000,0x00000000d7000000)
 ParOldGen       total 354304K, used 325986K [0x0000000080000000, 0x0000000095a00000, 0x00000000d5580000)
  object space 354304K, 92% used [0x0000000080000000,0x0000000093e589c8,0x0000000095a00000)
 Metaspace       used 59574K, committed 61056K, reserved 1114112K
  class space    used 6285K, committed 6912K, reserved 1048576K
}
Event: 11.776 GC heap after
{Heap after GC invocations=255 (full 3):
 PSYoungGen      total 19968K, used 6887K [0x00000000d5580000, 0x00000000d7000000, 0x0000000100000000)
  eden space 12800K, 0% used [0x00000000d5580000,0x00000000d5580000,0x00000000d6200000)
  from space 7168K, 96% used [0x00000000d6900000,0x00000000d6fb9cc8,0x00000000d7000000)
  to   space 7168K, 0% used [0x00000000d6200000,0x00000000d6200000,0x00000000d6900000)
 ParOldGen       total 354304K, used 332404K [0x0000000080000000, 0x0000000095a00000, 0x00000000d5580000)
  object space 354304K, 93% used [0x0000000080000000,0x000000009449d2a8,0x0000000095a00000)
 Metaspace       used 59574K, committed 61056K, reserved 1114112K
  class space    used 6285K, committed 6912K, reserved 1048576K
}
Event: 11.820 GC heap before
{Heap before GC invocations=256 (full 3):
 PSYoungGen      total 19968K, used 19687K [0x00000000d5580000, 0x00000000d7000000, 0x0000000100000000)
  eden space 12800K, 100% used [0x00000000d5580000,0x00000000d6200000,0x00000000d6200000)
  from space 7168K, 96% used [0x00000000d6900000,0x00000000d6fb9cc8,0x00000000d7000000)
  to   space 7168K, 0% used [0x00000000d6200000,0x00000000d6200000,0x00000000d6900000)
 ParOldGen       total 354304K, used 332404K [0x0000000080000000, 0x0000000095a00000, 0x00000000d5580000)
  object space 354304K, 93% used [0x0000000080000000,0x000000009449d2a8,0x0000000095a00000)
 Metaspace       used 59575K, committed 61056K, reserved 1114112K
  class space    used 6285K, committed 6912K, reserved 1048576K
}
Event: 11.827 GC heap after
{Heap after GC invocations=256 (full 3):
 PSYoungGen      total 19968K, used 7164K [0x00000000d5580000, 0x00000000d8a00000, 0x0000000100000000)
  eden space 12800K, 0% used [0x00000000d5580000,0x00000000d5580000,0x00000000d6200000)
  from space 7168K, 99% used [0x00000000d6200000,0x00000000d68ff3b8,0x00000000d6900000)
  to   space 20480K, 0% used [0x00000000d7600000,0x00000000d7600000,0x00000000d8a00000)
 ParOldGen       total 354304K, used 343307K [0x0000000080000000, 0x0000000095a00000, 0x00000000d5580000)
  object space 354304K, 96% used [0x0000000080000000,0x0000000094f42c68,0x0000000095a00000)
 Metaspace       used 59575K, committed 61056K, reserved 1114112K
  class space    used 6285K, committed 6912K, reserved 1048576K
}

Dll operation events (10 events):
Event: 0.007 Loaded shared library c:\Users\arpit\.vscode\extensions\redhat.java-1.54.0-win32-x64\jre\21.0.10-win32-x86_64\bin\java.dll
Event: 0.046 Loaded shared library c:\Users\arpit\.vscode\extensions\redhat.java-1.54.0-win32-x64\jre\21.0.10-win32-x86_64\bin\zip.dll
Event: 0.060 Loaded shared library C:\Users\arpit\.vscode\extensions\redhat.java-1.54.0-win32-x64\jre\21.0.10-win32-x86_64\bin\instrument.dll
Event: 0.063 Loaded shared library C:\Users\arpit\.vscode\extensions\redhat.java-1.54.0-win32-x64\jre\21.0.10-win32-x86_64\bin\net.dll
Event: 0.065 Loaded shared library C:\Users\arpit\.vscode\extensions\redhat.java-1.54.0-win32-x64\jre\21.0.10-win32-x86_64\bin\nio.dll
Event: 0.068 Loaded shared library C:\Users\arpit\.vscode\extensions\redhat.java-1.54.0-win32-x64\jre\21.0.10-win32-x86_64\bin\zip.dll
Event: 0.079 Loaded shared library C:\Users\arpit\.vscode\extensions\redhat.java-1.54.0-win32-x64\jre\21.0.10-win32-x86_64\bin\jimage.dll
Event: 0.123 Loaded shared library c:\Users\arpit\.vscode\extensions\redhat.java-1.54.0-win32-x64\jre\21.0.10-win32-x86_64\bin\verify.dll
Event: 1.402 Loaded shared library C:\Users\arpit\AppData\Roaming\Code\User\globalStorage\redhat.java\1.54.0\config_win\org.eclipse.equinox.launcher\org.eclipse.equinox.launcher.win32.win32.x86_64_1.3.0.v20260203-2149\eclipse_11919.dll
Event: 6.211 Loaded shared library C:\Users\arpit\AppData\Local\Temp\jna-93088714\jna4547204101998542098.dll

Deoptimization events (20 events):
Event: 11.876 Thread 0x000002a792fd8550 Uncommon trap: trap_request=0xffffffde fr.pc=0x000002a73edc6618 relative=0x0000000000000158
Event: 11.876 Thread 0x000002a792fd8550 Uncommon trap: reason=class_check action=maybe_recompile pc=0x000002a73edc6618 method=org.eclipse.jdt.internal.compiler.apt.model.Factory.newTypeMirror(Lorg/eclipse/jdt/internal/compiler/lookup/Binding;)Ljavax/lang/model/type/TypeMirror; @ 1 c2
Event: 11.876 Thread 0x000002a792fd8550 DEOPT PACKING pc=0x000002a73edc6618 sp=0x000000d3d5cfe010
Event: 11.876 Thread 0x000002a792fd8550 DEOPT UNPACKING pc=0x000002a73e6e3aa2 sp=0x000000d3d5cfdfa0 mode 2
Event: 11.876 Thread 0x000002a792fd8550 Uncommon trap: trap_request=0xffffffde fr.pc=0x000002a73edc6618 relative=0x0000000000000158
Event: 11.876 Thread 0x000002a792fd8550 Uncommon trap: reason=class_check action=maybe_recompile pc=0x000002a73edc6618 method=org.eclipse.jdt.internal.compiler.apt.model.Factory.newTypeMirror(Lorg/eclipse/jdt/internal/compiler/lookup/Binding;)Ljavax/lang/model/type/TypeMirror; @ 1 c2
Event: 11.876 Thread 0x000002a792fd8550 DEOPT PACKING pc=0x000002a73edc6618 sp=0x000000d3d5cfe010
Event: 11.876 Thread 0x000002a792fd8550 DEOPT UNPACKING pc=0x000002a73e6e3aa2 sp=0x000000d3d5cfdfa0 mode 2
Event: 11.877 Thread 0x000002a792fd8550 Uncommon trap: trap_request=0xffffffde fr.pc=0x000002a73edc6618 relative=0x0000000000000158
Event: 11.877 Thread 0x000002a792fd8550 Uncommon trap: reason=class_check action=maybe_recompile pc=0x000002a73edc6618 method=org.eclipse.jdt.internal.compiler.apt.model.Factory.newTypeMirror(Lorg/eclipse/jdt/internal/compiler/lookup/Binding;)Ljavax/lang/model/type/TypeMirror; @ 1 c2
Event: 11.877 Thread 0x000002a792fd8550 DEOPT PACKING pc=0x000002a73edc6618 sp=0x000000d3d5cfdf40
Event: 11.877 Thread 0x000002a792fd8550 DEOPT UNPACKING pc=0x000002a73e6e3aa2 sp=0x000000d3d5cfded0 mode 2
Event: 11.877 Thread 0x000002a792fd8550 Uncommon trap: trap_request=0xffffffde fr.pc=0x000002a73edc6618 relative=0x0000000000000158
Event: 11.877 Thread 0x000002a792fd8550 Uncommon trap: reason=class_check action=maybe_recompile pc=0x000002a73edc6618 method=org.eclipse.jdt.internal.compiler.apt.model.Factory.newTypeMirror(Lorg/eclipse/jdt/internal/compiler/lookup/Binding;)Ljavax/lang/model/type/TypeMirror; @ 1 c2
Event: 11.877 Thread 0x000002a792fd8550 DEOPT PACKING pc=0x000002a73edc6618 sp=0x000000d3d5cfdf40
Event: 11.877 Thread 0x000002a792fd8550 DEOPT UNPACKING pc=0x000002a73e6e3aa2 sp=0x000000d3d5cfded0 mode 2
Event: 11.897 Thread 0x000002a792fd8550 Uncommon trap: trap_request=0xffffff45 fr.pc=0x000002a73f13d58c relative=0x0000000000000d2c
Event: 11.897 Thread 0x000002a792fd8550 Uncommon trap: reason=unstable_if action=reinterpret pc=0x000002a73f13d58c method=java.util.concurrent.ConcurrentHashMap.computeIfAbsent(Ljava/lang/Object;Ljava/util/function/Function;)Ljava/lang/Object; @ 312 c2
Event: 11.897 Thread 0x000002a792fd8550 DEOPT PACKING pc=0x000002a73f13d58c sp=0x000000d3d5cfe250
Event: 11.897 Thread 0x000002a792fd8550 DEOPT UNPACKING pc=0x000002a73e6e3aa2 sp=0x000000d3d5cfe1d8 mode 2

Classes loaded (20 events):
Event: 10.868 Loading class java/util/EnumMap$EnumMapIterator done
Event: 10.868 Loading class java/util/EnumMap$EntryIterator done
Event: 10.870 Loading class java/util/EnumMap$EntryIterator$Entry
Event: 10.870 Loading class java/util/EnumMap$EntryIterator$Entry done
Event: 11.030 Loading class jdk/internal/module/IllegalAccessLogger
Event: 11.030 Loading class jdk/internal/module/IllegalAccessLogger done
Event: 11.038 Loading class java/util/HashMap$EntrySpliterator
Event: 11.039 Loading class java/util/HashMap$EntrySpliterator done
Event: 11.134 Loading class java/util/stream/ReferencePipeline$4
Event: 11.134 Loading class java/util/stream/ReferencePipeline$4 done
Event: 11.134 Loading class java/util/stream/Nodes$IntFixedNodeBuilder
Event: 11.135 Loading class java/util/stream/Node$Builder$OfInt
Event: 11.135 Loading class java/util/stream/Node$Builder$OfInt done
Event: 11.135 Loading class java/util/stream/Nodes$IntArrayNode
Event: 11.135 Loading class java/util/stream/Nodes$IntArrayNode done
Event: 11.135 Loading class java/util/stream/Nodes$IntFixedNodeBuilder done
Event: 11.135 Loading class java/util/stream/ReferencePipeline$4$1
Event: 11.135 Loading class java/util/stream/ReferencePipeline$4$1 done
Event: 11.877 Loading class jdk/internal/module/IllegalAccessLogger
Event: 11.878 Loading class jdk/internal/module/IllegalAccessLogger done

Classes unloaded (7 events):
Event: 6.547 Thread 0x000002a733ef48c0 Unloading class 0x000002a74c1a4800 'java/lang/invoke/LambdaForm$MH+0x000002a74c1a4800'
Event: 6.547 Thread 0x000002a733ef48c0 Unloading class 0x000002a74c1a4400 'java/lang/invoke/LambdaForm$MH+0x000002a74c1a4400'
Event: 6.547 Thread 0x000002a733ef48c0 Unloading class 0x000002a74c1a4000 'java/lang/invoke/LambdaForm$MH+0x000002a74c1a4000'
Event: 6.547 Thread 0x000002a733ef48c0 Unloading class 0x000002a74c1a3c00 'java/lang/invoke/LambdaForm$MH+0x000002a74c1a3c00'
Event: 6.547 Thread 0x000002a733ef48c0 Unloading class 0x000002a74c1a3800 'java/lang/invoke/LambdaForm$BMH+0x000002a74c1a3800'
Event: 6.547 Thread 0x000002a733ef48c0 Unloading class 0x000002a74c1a3400 'java/lang/invoke/LambdaForm$DMH+0x000002a74c1a3400'
Event: 6.547 Thread 0x000002a733ef48c0 Unloading class 0x000002a74c1a2000 'java/lang/invoke/LambdaForm$DMH+0x000002a74c1a2000'

Classes redefined (0 events):
No events

Internal exceptions (20 events):
Event: 9.399 Thread 0x000002a792fd6480 Implicit null exception at 0x000002a73f0100bb to 0x000002a73f014d58
Event: 9.404 Thread 0x000002a792fd5760 Exception <a 'sun/nio/fs/WindowsException'{0x00000000d5ac2c60}> (0x00000000d5ac2c60) 
thrown [s\src\hotspot\share\prims\jni.cpp, line 520]
Event: 9.404 Thread 0x000002a792fd5760 Exception <a 'sun/nio/fs/WindowsException'{0x00000000d5ae48e0}> (0x00000000d5ae48e0) 
thrown [s\src\hotspot\share\prims\jni.cpp, line 520]
Event: 9.411 Thread 0x000002a792fd5760 Exception <a 'java/io/FileNotFoundException'{0x00000000d5664a30}> (0x00000000d5664a30) 
thrown [s\src\hotspot\share\prims\jni.cpp, line 520]
Event: 9.411 Thread 0x000002a792fd5760 Exception <a 'java/io/FileNotFoundException'{0x00000000d56876f0}> (0x00000000d56876f0) 
thrown [s\src\hotspot\share\prims\jni.cpp, line 520]
Event: 9.412 Thread 0x000002a792fd5760 Exception <a 'java/io/FileNotFoundException'{0x00000000d56886b0}> (0x00000000d56886b0) 
thrown [s\src\hotspot\share\prims\jni.cpp, line 520]
Event: 10.382 Thread 0x000002a792fd8550 Exception <a 'java/lang/NoSuchMethodError'{0x00000000d57d40b8}: 'java.lang.Object java.lang.invoke.DirectMethodHandle$Holder.invokeStatic(java.lang.Object, java.lang.Object, int, int)'> (0x00000000d57d40b8) 
thrown [s\src\hotspot\share\interpreter\linkResolver.cpp, line 773]
Event: 10.382 Thread 0x000002a792fd8550 Exception <a 'java/lang/NoSuchMethodError'{0x00000000d58005a8}: 'java.lang.Object java.lang.invoke.DirectMethodHandle$Holder.invokeSpecial(java.lang.Object, java.lang.Object, java.lang.Object, int, int)'> (0x00000000d58005a8) 
thrown [s\src\hotspot\share\interpreter\linkResolver.cpp, line 773]
Event: 10.559 Thread 0x000002a792fd8550 Exception <a 'java/lang/NoSuchMethodError'{0x00000000d58422e8}: 'java.lang.Object java.lang.invoke.DirectMethodHandle$Holder.invokeStatic(java.lang.Object, int, java.lang.Object)'> (0x00000000d58422e8) 
thrown [s\src\hotspot\share\interpreter\linkResolver.cpp, line 773]
Event: 10.719 Thread 0x000002a792fd8550 Implicit null exception at 0x000002a73eeb2c4b to 0x000002a73eeb2db8
Event: 10.879 Thread 0x000002a792fd8550 Exception <a 'java/lang/NoSuchMethodError'{0x00000000d560f398}: 'java.lang.Object java.lang.invoke.DirectMethodHandle$Holder.invokeStaticInit(java.lang.Object, java.lang.Object, java.lang.Object)'> (0x00000000d560f398) 
thrown [s\src\hotspot\share\interpreter\linkResolver.cpp, line 773]
Event: 11.041 Thread 0x000002a792fd8550 Exception <a 'java/io/FileNotFoundException'{0x00000000d5ca95a0}> (0x00000000d5ca95a0) 
thrown [s\src\hotspot\share\prims\jni.cpp, line 520]
Event: 11.070 Thread 0x000002a795792200 Exception <a 'java/lang/NoSuchMethodError'{0x00000000d6368ed0}: 'void java.lang.invoke.DirectMethodHandle$Holder.invokeStatic(java.lang.Object, int, java.lang.Object)'> (0x00000000d6368ed0) 
thrown [s\src\hotspot\share\interpreter\linkResolver.cpp, line 773]
Event: 11.114 Thread 0x000002a795792200 Exception <a 'java/lang/NoSuchMethodError'{0x00000000d5b33cf8}: 'java.lang.Object java.lang.invoke.DirectMethodHandle$Holder.invokeStatic(java.lang.Object, java.lang.Object, int, java.lang.Object, java.lang.Object)'> (0x00000000d5b33cf8) 
thrown [s\src\hotspot\share\interpreter\linkResolver.cpp, line 773]
Event: 11.591 Thread 0x000002a795792200 Implicit null exception at 0x000002a73f17c944 to 0x000002a73f17c9a0
Event: 11.762 Thread 0x000002a792fd8550 Exception <a 'sun/nio/fs/WindowsException'{0x00000000d6139a40}> (0x00000000d6139a40) 
thrown [s\src\hotspot\share\prims\jni.cpp, line 520]
Event: 11.763 Thread 0x000002a794412f60 Exception <a 'sun/nio/fs/WindowsException'{0x00000000d613b900}> (0x00000000d613b900) 
thrown [s\src\hotspot\share\prims\jni.cpp, line 520]
Event: 11.763 Thread 0x000002a794411bb0 Exception <a 'sun/nio/fs/WindowsException'{0x00000000d6140cb0}> (0x00000000d6140cb0) 
thrown [s\src\hotspot\share\prims\jni.cpp, line 520]
Event: 11.888 Thread 0x000002a792fd8550 Exception <a 'sun/nio/fs/WindowsException'{0x00000000d5c5efb8}> (0x00000000d5c5efb8) 
thrown [s\src\hotspot\share\prims\jni.cpp, line 520]
Event: 11.888 Thread 0x000002a792fd8550 Exception <a 'sun/nio/fs/WindowsException'{0x00000000d5c5f5e8}> (0x00000000d5c5f5e8) 
thrown [s\src\hotspot\share\prims\jni.cpp, line 520]

ZGC Phase Switch (0 events):
No events

VM Operations (20 events):
Event: 11.168 Executing safepoint VM operation: CollectForMetadataAllocation (Metadata GC Threshold)
Event: 11.349 Executing safepoint VM operation: CollectForMetadataAllocation (Metadata GC Threshold) done
Event: 11.437 Executing safepoint VM operation: ParallelGCFailedAllocation (Allocation Failure)
Event: 11.441 Executing safepoint VM operation: ParallelGCFailedAllocation (Allocation Failure) done
Event: 11.494 Executing non-safepoint VM operation: HandshakeAllThreads (Deoptimize)
Event: 11.494 Executing non-safepoint VM operation: HandshakeAllThreads (Deoptimize) done
Event: 11.537 Executing safepoint VM operation: ParallelGCFailedAllocation (Allocation Failure)
Event: 11.544 Executing safepoint VM operation: ParallelGCFailedAllocation (Allocation Failure) done
Event: 11.629 Executing non-safepoint VM operation: HandshakeAllThreads (Deoptimize)
Event: 11.629 Executing non-safepoint VM operation: HandshakeAllThreads (Deoptimize) done
Event: 11.640 Executing safepoint VM operation: ICBufferFull
Event: 11.641 Executing safepoint VM operation: ICBufferFull done
Event: 11.673 Executing safepoint VM operation: ParallelGCFailedAllocation (Allocation Failure)
Event: 11.682 Executing safepoint VM operation: ParallelGCFailedAllocation (Allocation Failure) done
Event: 11.740 Executing non-safepoint VM operation: HandshakeAllThreads (Deoptimize)
Event: 11.740 Executing non-safepoint VM operation: HandshakeAllThreads (Deoptimize) done
Event: 11.771 Executing safepoint VM operation: ParallelGCFailedAllocation (Allocation Failure)
Event: 11.777 Executing safepoint VM operation: ParallelGCFailedAllocation (Allocation Failure) done
Event: 11.819 Executing safepoint VM operation: ParallelGCFailedAllocation (Allocation Failure)
Event: 11.827 Executing safepoint VM operation: ParallelGCFailedAllocation (Allocation Failure) done

Memory protections (0 events):
No events

Nmethod flushes (20 events):
Event: 11.215 Thread 0x000002a733ef48c0 flushing  nmethod 0x000002a737a5c690
Event: 11.215 Thread 0x000002a733ef48c0 flushing  nmethod 0x000002a737a60c90
Event: 11.215 Thread 0x000002a733ef48c0 flushing  nmethod 0x000002a737a82f10
Event: 11.215 Thread 0x000002a733ef48c0 flushing  nmethod 0x000002a737a83610
Event: 11.215 Thread 0x000002a733ef48c0 flushing  nmethod 0x000002a737a83c10
Event: 11.215 Thread 0x000002a733ef48c0 flushing  nmethod 0x000002a737a84490
Event: 11.215 Thread 0x000002a733ef48c0 flushing  nmethod 0x000002a737a97310
Event: 11.215 Thread 0x000002a733ef48c0 flushing  nmethod 0x000002a737b16810
Event: 11.215 Thread 0x000002a733ef48c0 flushing  nmethod 0x000002a737b25010
Event: 11.215 Thread 0x000002a733ef48c0 flushing  nmethod 0x000002a737b26b10
Event: 11.215 Thread 0x000002a733ef48c0 flushing  nmethod 0x000002a737b2b790
Event: 11.215 Thread 0x000002a733ef48c0 flushing  nmethod 0x000002a737b30990
Event: 11.215 Thread 0x000002a733ef48c0 flushing  nmethod 0x000002a737b32210
Event: 11.215 Thread 0x000002a733ef48c0 flushing  nmethod 0x000002a737b32990
Event: 11.215 Thread 0x000002a733ef48c0 flushing  nmethod 0x000002a737b32d10
Event: 11.215 Thread 0x000002a733ef48c0 flushing  nmethod 0x000002a737b33090
Event: 11.215 Thread 0x000002a733ef48c0 flushing  nmethod 0x000002a737b33610
Event: 11.215 Thread 0x000002a733ef48c0 flushing  nmethod 0x000002a737b36810
Event: 11.215 Thread 0x000002a733ef48c0 flushing  nmethod 0x000002a737b36e90
Event: 11.215 Thread 0x000002a733ef48c0 flushing  nmethod 0x000002a737b37490

Events (20 events):
Event: 8.836 Thread 0x000002a792fd8550 Thread added: 0x000002a795795680
Event: 8.837 Thread 0x000002a792fd8550 Thread added: 0x000002a7957942d0
Event: 8.837 Thread 0x000002a792fd8550 Thread added: 0x000002a795796a30
Event: 8.837 Thread 0x000002a792fd8550 Thread added: 0x000002a795795d10
Event: 8.837 Thread 0x000002a792fd8550 Thread added: 0x000002a7957963a0
Event: 8.837 Thread 0x000002a792fd8550 Thread added: 0x000002a795794ff0
Event: 8.840 Thread 0x000002a7957963a0 Thread added: 0x000002a79f9a3c80
Event: 8.840 Thread 0x000002a7957942d0 Thread added: 0x000002a79f9a28d0
Event: 8.840 Thread 0x000002a795795680 Thread added: 0x000002a79f9a2f60
Event: 10.089 Thread 0x000002a79242bd20 Thread exited: 0x000002a79242bd20
Event: 11.074 Thread 0x000002a792fd8550 Thread added: 0x000002a79f9a2240
Event: 11.082 Thread 0x000002a792fd8550 Thread added: 0x000002a79f9a6a70
Event: 11.134 Thread 0x000002a792fd8550 Thread added: 0x000002a79f9a5030
Event: 11.144 Thread 0x000002a792fd8550 Thread added: 0x000002a79f9a7100
Event: 11.350 Thread 0x000002a78cd0c850 Thread added: 0x000002a79242a8b0
Event: 11.355 Thread 0x000002a792fd8550 Thread added: 0x000002a79f9a5d50
Event: 11.359 Thread 0x000002a792fd8550 Thread added: 0x000002a79f9a7e20
Event: 11.363 Thread 0x000002a792fd8550 Thread added: 0x000002a79f9a56c0
Event: 11.376 Thread 0x000002a792fd8550 Thread added: 0x000002a79f9a7790
Event: 11.394 Thread 0x000002a792fd8550 Thread added: 0x000002a79f9a84b0


Dynamic libraries:
0x00007ff6777c0000 - 0x00007ff6777ce000 	c:\Users\arpit\.vscode\extensions\redhat.java-1.54.0-win32-x64\jre\21.0.10-win32-x86_64\bin\java.exe
0x00007ffd82f60000 - 0x00007ffd831c7000 	C:\WINDOWS\SYSTEM32\ntdll.dll
0x00007ffd80e30000 - 0x00007ffd80ef9000 	C:\WINDOWS\System32\KERNEL32.DLL
0x00007ffd80460000 - 0x00007ffd80857000 	C:\WINDOWS\System32\KERNELBASE.dll
0x00007ffd80b00000 - 0x00007ffd80c4b000 	C:\WINDOWS\System32\ucrtbase.dll
0x00007ffd51ec0000 - 0x00007ffd51ede000 	c:\Users\arpit\.vscode\extensions\redhat.java-1.54.0-win32-x64\jre\21.0.10-win32-x86_64\bin\VCRUNTIME140.dll
0x00007ffd00c90000 - 0x00007ffd00ca8000 	c:\Users\arpit\.vscode\extensions\redhat.java-1.54.0-win32-x64\jre\21.0.10-win32-x86_64\bin\jli.dll
0x00007ffd82b90000 - 0x00007ffd82d56000 	C:\WINDOWS\System32\USER32.dll
0x00007ffd65470000 - 0x00007ffd65702000 	C:\WINDOWS\WinSxS\amd64_microsoft.windows.common-controls_6595b64144ccf1df_6.0.26100.8457_none_3e0b2faee331e92d\COMCTL32.dll
0x00007ffd7f990000 - 0x00007ffd7f9b7000 	C:\WINDOWS\System32\win32u.dll
0x00007ffd80d00000 - 0x00007ffd80d2b000 	C:\WINDOWS\System32\GDI32.dll
0x00007ffd820a0000 - 0x00007ffd82149000 	C:\WINDOWS\System32\msvcrt.dll
0x00007ffd80860000 - 0x00007ffd8098c000 	C:\WINDOWS\System32\gdi32full.dll
0x00007ffd80230000 - 0x00007ffd802d3000 	C:\WINDOWS\System32\msvcp_win.dll
0x00007ffd81b30000 - 0x00007ffd81b62000 	C:\WINDOWS\System32\IMM32.DLL
0x00007ffd51eb0000 - 0x00007ffd51ebc000 	c:\Users\arpit\.vscode\extensions\redhat.java-1.54.0-win32-x64\jre\21.0.10-win32-x86_64\bin\vcruntime140_1.dll
0x00007ffcc6ed0000 - 0x00007ffcc6f5d000 	c:\Users\arpit\.vscode\extensions\redhat.java-1.54.0-win32-x64\jre\21.0.10-win32-x86_64\bin\msvcp140.dll
0x00007ffca1e90000 - 0x00007ffca2c31000 	c:\Users\arpit\.vscode\extensions\redhat.java-1.54.0-win32-x64\jre\21.0.10-win32-x86_64\bin\server\jvm.dll
0x00007ffd821d0000 - 0x00007ffd82286000 	C:\WINDOWS\System32\ADVAPI32.dll
0x00007ffd81ff0000 - 0x00007ffd82097000 	C:\WINDOWS\System32\sechost.dll
0x00007ffd81a10000 - 0x00007ffd81b28000 	C:\WINDOWS\System32\RPCRT4.dll
0x00007ffd82e90000 - 0x00007ffd82f10000 	C:\WINDOWS\System32\WS2_32.dll
0x00007ffd7f810000 - 0x00007ffd7f86e000 	C:\WINDOWS\SYSTEM32\POWRPROF.dll
0x00007ffd78590000 - 0x00007ffd7859b000 	C:\WINDOWS\SYSTEM32\VERSION.dll
0x00007ffd77b10000 - 0x00007ffd77b46000 	C:\WINDOWS\SYSTEM32\WINMM.dll
0x00007ffd7f7f0000 - 0x00007ffd7f804000 	C:\WINDOWS\SYSTEM32\UMPDC.dll
0x00007ffd7e720000 - 0x00007ffd7e73b000 	C:\WINDOWS\SYSTEM32\kernel.appcore.dll
0x00007ffcff750000 - 0x00007ffcff75a000 	c:\Users\arpit\.vscode\extensions\redhat.java-1.54.0-win32-x64\jre\21.0.10-win32-x86_64\bin\jimage.dll
0x00007ffd72600000 - 0x00007ffd72842000 	C:\WINDOWS\SYSTEM32\DBGHELP.DLL
0x00007ffd81c60000 - 0x00007ffd81fe3000 	C:\WINDOWS\System32\combase.dll
0x00007ffd81930000 - 0x00007ffd81a09000 	C:\WINDOWS\System32\OLEAUT32.dll
0x00007ffd60120000 - 0x00007ffd6015b000 	C:\WINDOWS\SYSTEM32\dbgcore.DLL
0x00007ffd80990000 - 0x00007ffd80a38000 	C:\WINDOWS\System32\bcryptPrimitives.dll
0x00007ffd679b0000 - 0x00007ffd679bf000 	c:\Users\arpit\.vscode\extensions\redhat.java-1.54.0-win32-x64\jre\21.0.10-win32-x86_64\bin\instrument.dll
0x00007ffcff720000 - 0x00007ffcff740000 	c:\Users\arpit\.vscode\extensions\redhat.java-1.54.0-win32-x64\jre\21.0.10-win32-x86_64\bin\java.dll
0x00007ffd82410000 - 0x00007ffd82b7e000 	C:\WINDOWS\System32\SHELL32.dll
0x00007ffd7f9c0000 - 0x00007ffd8022c000 	C:\WINDOWS\System32\windows.storage.dll
0x00007ffd81610000 - 0x00007ffd81706000 	C:\WINDOWS\System32\SHCORE.dll
0x00007ffd82e20000 - 0x00007ffd82e86000 	C:\WINDOWS\System32\shlwapi.dll
0x00007ffd7f8b0000 - 0x00007ffd7f8d9000 	C:\WINDOWS\SYSTEM32\profapi.dll
0x00007ffcc6eb0000 - 0x00007ffcc6ec8000 	c:\Users\arpit\.vscode\extensions\redhat.java-1.54.0-win32-x64\jre\21.0.10-win32-x86_64\bin\zip.dll
0x00007ffd679a0000 - 0x00007ffd679b0000 	C:\Users\arpit\.vscode\extensions\redhat.java-1.54.0-win32-x64\jre\21.0.10-win32-x86_64\bin\net.dll
0x00007ffd780f0000 - 0x00007ffd78219000 	C:\WINDOWS\SYSTEM32\WINHTTP.dll
0x00007ffd7ec90000 - 0x00007ffd7ecfc000 	C:\WINDOWS\system32\mswsock.dll
0x00007ffd67980000 - 0x00007ffd67996000 	C:\Users\arpit\.vscode\extensions\redhat.java-1.54.0-win32-x64\jre\21.0.10-win32-x86_64\bin\nio.dll
0x00007ffd67970000 - 0x00007ffd67980000 	c:\Users\arpit\.vscode\extensions\redhat.java-1.54.0-win32-x64\jre\21.0.10-win32-x86_64\bin\verify.dll
0x00007ffcd3290000 - 0x00007ffcd32d5000 	C:\Users\arpit\AppData\Roaming\Code\User\globalStorage\redhat.java\1.54.0\config_win\org.eclipse.equinox.launcher\org.eclipse.equinox.launcher.win32.win32.x86_64_1.3.0.v20260203-2149\eclipse_11919.dll
0x00007ffd81790000 - 0x00007ffd81927000 	C:\WINDOWS\System32\ole32.dll
0x00007ffd7ef70000 - 0x00007ffd7ef8b000 	C:\WINDOWS\SYSTEM32\CRYPTSP.dll
0x00007ffd7e680000 - 0x00007ffd7e6b9000 	C:\WINDOWS\system32\rsaenh.dll
0x00007ffd7ed40000 - 0x00007ffd7ed73000 	C:\WINDOWS\SYSTEM32\USERENV.dll
0x00007ffd7f880000 - 0x00007ffd7f8aa000 	C:\WINDOWS\SYSTEM32\bcrypt.dll
0x00007ffd7ef90000 - 0x00007ffd7ef9c000 	C:\WINDOWS\SYSTEM32\CRYPTBASE.dll
0x00007ffd7e1a0000 - 0x00007ffd7e1d2000 	C:\WINDOWS\SYSTEM32\IPHLPAPI.DLL
0x00007ffd80ce0000 - 0x00007ffd80cea000 	C:\WINDOWS\System32\NSI.dll
0x00007ffd387d0000 - 0x00007ffd38819000 	C:\Users\arpit\AppData\Local\Temp\jna-93088714\jna4547204101998542098.dll
0x00007ffd80f00000 - 0x00007ffd80f08000 	C:\WINDOWS\System32\PSAPI.DLL
0x00007ffd79b50000 - 0x00007ffd79b6d000 	C:\WINDOWS\SYSTEM32\dhcpcsvc6.DLL
0x00007ffd79b20000 - 0x00007ffd79b45000 	C:\WINDOWS\SYSTEM32\dhcpcsvc.DLL

JVMTI agents:
c:\Users\arpit\.vscode\extensions\redhat.java-1.54.0-win32-x64\lombok\lombok-1.18.39-4050.jar path:c:\Users\arpit\.vscode\extensions\redhat.java-1.54.0-win32-x64\jre\21.0.10-win32-x86_64\bin\instrument.dll, loaded, initialized, instrumentlib options:none

dbghelp: loaded successfully - version: 4.0.5 - missing functions: none
symbol engine: initialized successfully - sym options: 0x614 - pdb path: .;c:\Users\arpit\.vscode\extensions\redhat.java-1.54.0-win32-x64\jre\21.0.10-win32-x86_64\bin;C:\WINDOWS\SYSTEM32;C:\WINDOWS\WinSxS\amd64_microsoft.windows.common-controls_6595b64144ccf1df_6.0.26100.8457_none_3e0b2faee331e92d;c:\Users\arpit\.vscode\extensions\redhat.java-1.54.0-win32-x64\jre\21.0.10-win32-x86_64\bin\server;C:\Users\arpit\AppData\Roaming\Code\User\globalStorage\redhat.java\1.54.0\config_win\org.eclipse.equinox.launcher\org.eclipse.equinox.launcher.win32.win32.x86_64_1.3.0.v20260203-2149;C:\Users\arpit\AppData\Local\Temp\jna-93088714

VM Arguments:
jvm_args: --add-modules=ALL-SYSTEM --add-opens=java.base/java.util=ALL-UNNAMED --add-opens=java.base/java.lang=ALL-UNNAMED --add-opens=java.base/sun.nio.fs=ALL-UNNAMED -Declipse.application=org.eclipse.jdt.ls.core.id1 -Dosgi.bundles.defaultStartLevel=4 -Declipse.product=org.eclipse.jdt.ls.core.product -Djava.import.generatesMetadataFilesAtProjectRoot=false -DDetectVMInstallationsJob.disabled=true -Dfile.encoding=utf8 -XX:+UseParallelGC -XX:GCTimeRatio=4 -XX:AdaptiveSizePolicyWeight=90 -Dsun.zip.disableMemoryMapping=true -Xmx2G -Xms100m -Xlog:disable -javaagent:c:\Users\arpit\.vscode\extensions\redhat.java-1.54.0-win32-x64\lombok\lombok-1.18.39-4050.jar -XX:+HeapDumpOnOutOfMemoryError -XX:HeapDumpPath=c:\Users\arpit\AppData\Roaming\Code\User\workspaceStorage\7665114673e356f46a1bab68c603dfeb\redhat.java -Daether.dependencyCollector.impl=bf 
java_command: c:\Users\arpit\.vscode\extensions\redhat.java-1.54.0-win32-x64\server\plugins\org.eclipse.equinox.launcher_1.7.100.v20251111-0406.jar -configuration c:\Users\arpit\AppData\Roaming\Code\User\globalStorage\redhat.java\1.54.0\config_win -data c:\Users\arpit\AppData\Roaming\Code\User\workspaceStorage\7665114673e356f46a1bab68c603dfeb\redhat.java\jdt_ws --pipe=\\.\pipe\lsp-f633ed14abcdd52cf723e40120fb4009-sock
java_class_path (initial): c:\Users\arpit\.vscode\extensions\redhat.java-1.54.0-win32-x64\server\plugins\org.eclipse.equinox.launcher_1.7.100.v20251111-0406.jar
Launcher Type: SUN_STANDARD

[Global flags]
    uintx AdaptiveSizePolicyWeight                 = 90                                        {product} {command line}
     intx CICompilerCount                          = 4                                         {product} {ergonomic}
    uintx GCTimeRatio                              = 4                                         {product} {command line}
     bool HeapDumpOnOutOfMemoryError               = true                                   {manageable} {command line}
    ccstr HeapDumpPath                             = c:\Users\arpit\AppData\Roaming\Code\User\workspaceStorage\7665114673e356f46a1bab68c603dfeb\redhat.java         {manageable} {command line}
   size_t InitialHeapSize                          = 104857600                                 {product} {command line}
   size_t MaxHeapSize                              = 2147483648                                {product} {command line}
   size_t MaxNewSize                               = 715653120                                 {product} {ergonomic}
   size_t MinHeapDeltaBytes                        = 524288                                    {product} {ergonomic}
   size_t MinHeapSize                              = 104857600                                 {product} {command line}
   size_t NewSize                                  = 34603008                                  {product} {ergonomic}
    uintx NonNMethodCodeHeapSize                   = 5839372                                {pd product} {ergonomic}
    uintx NonProfiledCodeHeapSize                  = 122909434                              {pd product} {ergonomic}
   size_t OldSize                                  = 70254592                                  {product} {ergonomic}
    uintx ProfiledCodeHeapSize                     = 122909434                              {pd product} {ergonomic}
    uintx ReservedCodeCacheSize                    = 251658240                              {pd product} {ergonomic}
     bool SegmentedCodeCache                       = true                                      {product} {ergonomic}
   size_t SoftMaxHeapSize                          = 2147483648                             {manageable} {ergonomic}
     bool UseCompressedOops                        = true                           {product lp64_product} {ergonomic}
     bool UseLargePagesIndividualAllocation        = false                                  {pd product} {ergonomic}
     bool UseParallelGC                            = true                                      {product} {command line}

Logging:
Log output configuration:
 #0: stdout all=off uptime,level,tags foldmultilines=false
 #1: stderr all=off uptime,level,tags foldmultilines=false

Release file:
JAVA_VERSION="21.0.10" 
MODULES="java.base java.compiler java.datatransfer java.xml java.prefs java.desktop java.instrument java.logging java.management java.security.sasl java.naming java.rmi java.management.rmi java.net.http java.scripting java.security.jgss java.transaction.xa java.sql java.sql.rowset java.xml.crypto java.se java.smartcardio jdk.accessibility jdk.internal.jvmstat jdk.attach jdk.charsets jdk.internal.opt jdk.zipfs jdk.compiler jdk.crypto.ec jdk.crypto.cryptoki jdk.crypto.mscapi jdk.dynalink jdk.internal.ed jdk.editpad jdk.hotspot.agent jdk.httpserver jdk.internal.le jdk.internal.vm.ci jdk.internal.vm.compiler jdk.internal.vm.compiler.management jdk.jartool jdk.javadoc jdk.jcmd jdk.management jdk.management.agent jdk.jconsole jdk.jdeps jdk.jdwp.agent jdk.jdi jdk.jfr jdk.jshell jdk.jsobject jdk.jstatd jdk.localedata jdk.management.jfr jdk.naming.dns jdk.naming.rmi jdk.net jdk.nio.mapmode jdk.random jdk.sctp jdk.security.auth jdk.security.jgss jdk.unsupported jdk.unsupported.desktop jdk.xml.dom" 

Environment Variables:
JAVA_HOME=C:\Program Files\Java\jdk-21
PATH=C:\Program Files\Common Files\Oracle\Java\javapath;C:\windows\system32;C:\windows;C:\windows\System32\Wbem;C:\windows\System32\WindowsPowerShell\v1.0\;C:\windows\System32\OpenSSH\;C:\Program Files (x86)\NVIDIA Corporation\PhysX\Common;C:\Program Files\NVIDIA Corporation\NVIDIA NvDLISR;C:\MinGW\bin;C:\Program Files\Git\cmd;C:\Program Files\MySQL\MySQL Server 8.0\bin;C:\WINDOWS\system32;C:\WINDOWS;C:\WINDOWS\System32\Wbem;C:\WINDOWS\System32\WindowsPowerShell\v1.0\;C:\WINDOWS\System32\OpenSSH\;%CATALINA_HOME\bin;C:\Program Files\nodejs\;C:\Program Files (x86)\Windows Kits\10\Windows Performance Toolkit\;C:\apache-maven-3.9.11-src\apache-maven-3.9.11\apache-maven\src\bin;C:\Program Files\MongoDB\Server\8.0\bin;C:\Program Files\Go\bin;C:\Users\arpit\AppData\Roaming\npm;;C:\Program Files\Docker\Docker\resources\bin;C:\Program Files\Common Files\Oracle\Java\javapath;C:\windows\system32;C:\windows;C:\windows\System32\Wbem;C:\windows\System32\WindowsPowerShell\v1.0\;C:\windows\System32\OpenSSH\;C:\Program Files (x86)\NVIDIA Corporation\PhysX\Common;C:\Program Files\NVIDIA Corporation\NVIDIA NvDLISR;C:\MinGW\bin;C:\Program Files\Git\cmd;C:\Program Files\MySQL\MySQL Server 8.0\bin;C:\WINDOWS\system32;C:\WINDOWS;C:\WINDOWS\System32\Wbem;C:\WINDOWS\System32\WindowsPowerShell\v1.0\;C:\WINDOWS\System32\OpenSSH\;%CATALINA_HOME\bin;C:\Program Files\nodejs\;C:\Program Files (x86)\Windows Kits\10\Windows Performance Toolkit\;C:\apache-maven-3.9.11-src\apache-maven-3.9.11\apache-maven\src\bin;C:\Program Files\MongoDB\Server\8.0\bin;C:\Program Files\Go\bin;C:\Users\arpit\AppData\Roaming\npm;;C:\Program Files\Docker\Docker\resources\bin;C:\Program Files\Java\jdk-21\bin;C:\Users\arpit\AppData\Local\Programs\Microsoft VS Code\bin;C:\Users\arpit\go\bin;C:\Users\arpit\AppData\Local\Microsoft\WindowsApps;
USERNAME=arpit
OS=Windows_NT
PROCESSOR_IDENTIFIER=AMD64 Family 25 Model 80 Stepping 0, AuthenticAMD
TMP=C:\Users\arpit\AppData\Local\Temp
TEMP=C:\Users\arpit\AppData\Local\Temp




Periodic native trim disabled

---------------  S Y S T E M  ---------------

OS:
 Windows 11 , 64 bit Build 26100 (10.0.26100.8328)
OS uptime: 0 days 9:43 hours
Hyper-V role detected

CPU: total 12 (initial active 12) (12 cores per cpu, 2 threads per core) family 25 model 80 stepping 0 microcode 0xa50000f, cx8, cmov, fxsr, ht, mmx, 3dnowpref, sse, sse2, sse3, ssse3, sse4a, sse4.1, sse4.2, popcnt, lzcnt, tsc, tscinvbit, avx, avx2, aes, erms, clmul, bmi1, bmi2, adx, sha, fma, vzeroupper, clflush, clflushopt, hv, rdtscp, rdpid, fsrm, f16c, cet_ss
Processor Information for processor 0
  Max Mhz: 3301, Current Mhz: 3301, Mhz Limit: 3301
Processor Information for processor 1
  Max Mhz: 3301, Current Mhz: 3301, Mhz Limit: 3301
Processor Information for processor 2
  Max Mhz: 3301, Current Mhz: 3301, Mhz Limit: 3301
Processor Information for processor 3
  Max Mhz: 3301, Current Mhz: 3301, Mhz Limit: 3301
Processor Information for processor 4
  Max Mhz: 3301, Current Mhz: 3301, Mhz Limit: 3301
Processor Information for processor 5
  Max Mhz: 3301, Current Mhz: 3301, Mhz Limit: 3301
Processor Information for processor 6
  Max Mhz: 3301, Current Mhz: 3301, Mhz Limit: 3301
Processor Information for processor 7
  Max Mhz: 3301, Current Mhz: 2630, Mhz Limit: 3301
Processor Information for processor 8
  Max Mhz: 3301, Current Mhz: 3301, Mhz Limit: 3301
Processor Information for processor 9
  Max Mhz: 3301, Current Mhz: 2630, Mhz Limit: 3301
Processor Information for processor 10
  Max Mhz: 3301, Current Mhz: 3301, Mhz Limit: 3301
Processor Information for processor 11
  Max Mhz: 3301, Current Mhz: 3301, Mhz Limit: 3301

Memory: 4k page, system-wide physical 7518M (653M free)
TotalPageFile size 16345M (AvailPageFile size 18M)
current process WorkingSet (physical memory assigned to process): 739M, peak: 746M
current process commit charge ("private bytes"): 686M, peak: 701M

vm_info: OpenJDK 64-Bit Server VM (21.0.10+7-LTS) for windows-amd64 JRE (21.0.10+7-LTS), built on 2026-01-20T00:00:00Z by "admin" with MS VC++ 17.12 (VS2022)

END.
