#
# There is insufficient memory for the Java Runtime Environment to continue.
# Native memory allocation (malloc) failed to allocate 1386896 bytes. Error detail: Chunk::new
# Possible reasons:
#   The system is out of physical RAM or swap space
#   This process is running with CompressedOops enabled, and the Java Heap may be blocking the growth of the native heap
# Possible solutions:
#   Reduce memory load on the system
#   Increase physical memory or swap space
#   Check if swap backing store is full
#   Decrease Java heap size (-Xmx/-Xms)
#   Decrease number of Java threads
#   Decrease Java thread stack sizes (-Xss)
#   Set larger code cache with -XX:ReservedCodeCacheSize=
#   JVM is running with Unscaled Compressed Oops mode in which the Java heap is
#     placed in the first 4GB address space. The Java Heap base address is the
#     maximum limit for the native heap growth. Please use -XX:HeapBaseMinAddress
#     to set the Java Heap base and to place the Java Heap above 4GB virtual address.
# This output file may be truncated or incomplete.
#
#  Out of Memory Error (arena.cpp:168), pid=8944, tid=14136
#
# JRE version: OpenJDK Runtime Environment Temurin-21.0.10+7 (21.0.10+7) (build 21.0.10+7-LTS)
# Java VM: OpenJDK 64-Bit Server VM Temurin-21.0.10+7 (21.0.10+7-LTS, mixed mode, sharing, tiered, compressed oops, compressed class ptrs, parallel gc, windows-amd64)
# No core dump will be written. Minidumps are not enabled by default on client versions of Windows
#

---------------  S U M M A R Y ------------

Command Line: --add-modules=ALL-SYSTEM --add-opens=java.base/java.util=ALL-UNNAMED --add-opens=java.base/java.lang=ALL-UNNAMED --add-opens=java.base/sun.nio.fs=ALL-UNNAMED -Declipse.application=org.eclipse.jdt.ls.core.id1 -Dosgi.bundles.defaultStartLevel=4 -Declipse.product=org.eclipse.jdt.ls.core.product -Djava.import.generatesMetadataFilesAtProjectRoot=false -DDetectVMInstallationsJob.disabled=true -Dfile.encoding=utf8 -XX:+UseParallelGC -XX:GCTimeRatio=4 -XX:AdaptiveSizePolicyWeight=90 -Dsun.zip.disableMemoryMapping=true -Xmx2G -Xms100m -Xlog:disable -javaagent:c:\Users\arpit\.vscode\extensions\redhat.java-1.54.0-win32-x64\lombok\lombok-1.18.39-4050.jar -XX:+HeapDumpOnOutOfMemoryError -XX:HeapDumpPath=c:\Users\arpit\AppData\Roaming\Code\User\workspaceStorage\7665114673e356f46a1bab68c603dfeb\redhat.java -Daether.dependencyCollector.impl=bf c:\Users\arpit\.vscode\extensions\redhat.java-1.54.0-win32-x64\server\plugins\org.eclipse.equinox.launcher_1.7.100.v20251111-0406.jar -configuration c:\Users\arpit\AppData\Roaming\Code\User\globalStorage\redhat.java\1.54.0\config_win -data c:\Users\arpit\AppData\Roaming\Code\User\workspaceStorage\7665114673e356f46a1bab68c603dfeb\redhat.java\jdt_ws --pipe=\\.\pipe\lsp-bced62c9350165f6ea85fa23e0a856c0-sock

Host: AMD Ryzen 5 5600H with Radeon Graphics         , 12 cores, 7G,  Windows 11 , 64 bit Build 26100 (10.0.26100.8328)
Time: Sat Jun  6 11:34:50 2026 India Standard Time elapsed time: 8.302894 seconds (0d 0h 0m 8s)

---------------  T H R E A D  ---------------

Current thread (0x0000025659dc21c0):  JavaThread "C2 CompilerThread1" daemon [_thread_in_native, id=14136, stack(0x000000f328200000,0x000000f328300000) (1024K)]


Current CompileTask:
C2:8302 11839   !   4       org.codehaus.plexus.interpolation.StringSearchInterpolator::interpolate (692 bytes)

Stack: [0x000000f328200000,0x000000f328300000]
Native frames: (J=compiled Java code, j=interpreted, Vv=VM code, C=native code)
V  [jvm.dll+0x6d7a39]
V  [jvm.dll+0x8b4b26]
V  [jvm.dll+0x8b70de]
V  [jvm.dll+0x8b77c3]
V  [jvm.dll+0x284346]
V  [jvm.dll+0xc66ed]
V  [jvm.dll+0xc6c31]
V  [jvm.dll+0x3bec3b]
V  [jvm.dll+0x38b162]
V  [jvm.dll+0x38a5aa]
V  [jvm.dll+0x24c560]
V  [jvm.dll+0x24bb40]
V  [jvm.dll+0x1cb34e]
V  [jvm.dll+0x25b85d]
V  [jvm.dll+0x259dea]
V  [jvm.dll+0x3f857e]
V  [jvm.dll+0x85f59d]
V  [jvm.dll+0x6d626d]
C  [ucrtbase.dll+0x37b0]
C  [KERNEL32.DLL+0x2e957]
C  [ntdll.dll+0x427c]


---------------  P R O C E S S  ---------------

Threads class SMR info:
_java_thread_list=0x00000256667e3490, length=80, elements={
0x000002567b1d6800, 0x000002567b26ffd0, 0x000002567b2729c0, 0x000002567b2799b0,
0x000002567b27c7a0, 0x000002567b27e6c0, 0x000002567b282720, 0x0000025654033710,
0x0000025654033f70, 0x00000256541f0a70, 0x0000025654357470, 0x0000025659b31e10,
0x0000025659588860, 0x0000025659a2c3b0, 0x0000025659a2f870, 0x0000025659c7e8b0,
0x000002565a5ae0a0, 0x0000025659dc21c0, 0x0000025659dc2870, 0x000002565a06ea00,
0x000002565a1186f0, 0x000002565a11a130, 0x000002565a119aa0, 0x000002565a11ae50,
0x000002565a11a7c0, 0x000002565a11b4e0, 0x000002565a119410, 0x000002565a861440,
0x000002565a860090, 0x000002565a85f370, 0x000002565a85dfc0, 0x000002565a860720,
0x000002565a860db0, 0x000002565a85ece0, 0x000002565a861ad0, 0x000002565a85fa00,
0x000002565a85e650, 0x000002565a863510, 0x000002565a864f50, 0x000002565a863ba0,
0x000002565a8655e0, 0x000002565a864230, 0x000002565a862160, 0x000002565a8627f0,
0x000002565a862e80, 0x000002565c10b410, 0x000002565c10baa0, 0x000002565c10c7c0,
0x000002565c10ce50, 0x000002565c10d4e0, 0x000002565c10a060, 0x000002565c10db70,
0x000002565c10a6f0, 0x000002565c10e200, 0x000002565c10ad80, 0x000002565c10e890,
0x000002565c1102d0, 0x000002565c110960, 0x000002565c111680, 0x000002565c110ff0,
0x000002565c10ef20, 0x000002565c10f5b0, 0x000002565c10fc40, 0x000002565b4edb90,
0x000002565b4ef5d0, 0x000002565b4efc60, 0x000002565b4ee220, 0x000002565b4ed500,
0x000002565b4ee8b0, 0x000002565b4f16a0, 0x000002565b4f1010, 0x000002565b4f23c0,
0x000002565b4f1d30, 0x000002565b4f02f0, 0x000002565b4eef40, 0x000002565b4f2a50,
0x000002565b4f30e0, 0x000002565b4f3770, 0x000002565b4f3e00, 0x000002565b4f0980
}

Java Threads: ( => current thread )
  0x000002567b1d6800 JavaThread "main"                              [_thread_blocked, id=11736, stack(0x000000f327400000,0x000000f327500000) (1024K)]
  0x000002567b26ffd0 JavaThread "Reference Handler"          daemon [_thread_blocked, id=21144, stack(0x000000f327800000,0x000000f327900000) (1024K)]
  0x000002567b2729c0 JavaThread "Finalizer"                  daemon [_thread_blocked, id=21252, stack(0x000000f327900000,0x000000f327a00000) (1024K)]
  0x000002567b2799b0 JavaThread "Signal Dispatcher"          daemon [_thread_blocked, id=10040, stack(0x000000f327a00000,0x000000f327b00000) (1024K)]
  0x000002567b27c7a0 JavaThread "Attach Listener"            daemon [_thread_blocked, id=20028, stack(0x000000f327b00000,0x000000f327c00000) (1024K)]
  0x000002567b27e6c0 JavaThread "Service Thread"             daemon [_thread_blocked, id=9156, stack(0x000000f327c00000,0x000000f327d00000) (1024K)]
  0x000002567b282720 JavaThread "Monitor Deflation Thread"   daemon [_thread_blocked, id=16092, stack(0x000000f327d00000,0x000000f327e00000) (1024K)]
  0x0000025654033710 JavaThread "C2 CompilerThread0"         daemon [_thread_in_native, id=17448, stack(0x000000f327e00000,0x000000f327f00000) (1024K)]
  0x0000025654033f70 JavaThread "C1 CompilerThread0"         daemon [_thread_in_native, id=13948, stack(0x000000f327f00000,0x000000f328000000) (1024K)]
  0x00000256541f0a70 JavaThread "Common-Cleaner"             daemon [_thread_blocked, id=13332, stack(0x000000f328000000,0x000000f328100000) (1024K)]
  0x0000025654357470 JavaThread "Notification Thread"        daemon [_thread_blocked, id=4820, stack(0x000000f328300000,0x000000f328400000) (1024K)]
  0x0000025659b31e10 JavaThread "Active Thread: Equinox Container: a1b81e6f-200d-40dc-8d14-f01d35f1d631"        [_thread_blocked, id=14676, stack(0x000000f328a00000,0x000000f328b00000) (1024K)]
  0x0000025659588860 JavaThread "Refresh Thread: Equinox Container: a1b81e6f-200d-40dc-8d14-f01d35f1d631" daemon [_thread_blocked, id=20212, stack(0x000000f328c00000,0x000000f328d00000) (1024K)]
  0x0000025659a2c3b0 JavaThread "Framework Event Dispatcher: Equinox Container: a1b81e6f-200d-40dc-8d14-f01d35f1d631" daemon [_thread_blocked, id=20428, stack(0x000000f328d00000,0x000000f328e00000) (1024K)]
  0x0000025659a2f870 JavaThread "Start Level: Equinox Container: a1b81e6f-200d-40dc-8d14-f01d35f1d631" daemon [_thread_blocked, id=11160, stack(0x000000f328e00000,0x000000f328f00000) (1024K)]
  0x0000025659c7e8b0 JavaThread "Bundle File Closer"         daemon [_thread_blocked, id=9520, stack(0x000000f329100000,0x000000f329200000) (1024K)]
  0x000002565a5ae0a0 JavaThread "SCR Component Actor"        daemon [_thread_blocked, id=9504, stack(0x000000f328100000,0x000000f328200000) (1024K)]
=>0x0000025659dc21c0 JavaThread "C2 CompilerThread1"         daemon [_thread_in_native, id=14136, stack(0x000000f328200000,0x000000f328300000) (1024K)]
  0x0000025659dc2870 JavaThread "C2 CompilerThread2"         daemon [_thread_in_native, id=3772, stack(0x000000f329200000,0x000000f329300000) (1024K)]
  0x000002565a06ea00 JavaThread "Worker-JM"                         [_thread_blocked, id=13924, stack(0x000000f329300000,0x000000f329400000) (1024K)]
  0x000002565a1186f0 JavaThread "JNA Cleaner"                daemon [_thread_blocked, id=22232, stack(0x000000f329400000,0x000000f329500000) (1024K)]
  0x000002565a11a130 JavaThread "Worker-0: Java indexing... "        [_thread_blocked, id=2004, stack(0x000000f329500000,0x000000f329600000) (1024K)]
  0x000002565a119aa0 JavaThread "Worker-1"                          [_thread_blocked, id=21236, stack(0x000000f329600000,0x000000f329700000) (1024K)]
  0x000002565a11ae50 JavaThread "Worker-2"                          [_thread_blocked, id=17828, stack(0x000000f329700000,0x000000f329800000) (1024K)]
  0x000002565a11a7c0 JavaThread "Java indexing"              daemon [_thread_in_Java, id=16500, stack(0x000000f329800000,0x000000f329900000) (1024K)]
  0x000002565a11b4e0 JavaThread "Worker-3: Building"                [_thread_blocked, id=11364, stack(0x000000f329900000,0x000000f329a00000) (1024K)]
  0x000002565a119410 JavaThread "Thread-1"                   daemon [_thread_in_native, id=19476, stack(0x000000f329c00000,0x000000f329d00000) (1024K)]
  0x000002565a861440 JavaThread "Thread-2"                   daemon [_thread_in_native, id=9860, stack(0x000000f329d00000,0x000000f329e00000) (1024K)]
  0x000002565a860090 JavaThread "Thread-3"                   daemon [_thread_in_native, id=6248, stack(0x000000f329e00000,0x000000f329f00000) (1024K)]
  0x000002565a85f370 JavaThread "Thread-4"                   daemon [_thread_in_native, id=22260, stack(0x000000f329f00000,0x000000f32a000000) (1024K)]
  0x000002565a85dfc0 JavaThread "Thread-5"                   daemon [_thread_in_native, id=2748, stack(0x000000f32a000000,0x000000f32a100000) (1024K)]
  0x000002565a860720 JavaThread "Thread-6"                   daemon [_thread_in_native, id=21812, stack(0x000000f32a100000,0x000000f32a200000) (1024K)]
  0x000002565a860db0 JavaThread "Thread-7"                   daemon [_thread_in_native, id=2072, stack(0x000000f32a200000,0x000000f32a300000) (1024K)]
  0x000002565a85ece0 JavaThread "Thread-8"                   daemon [_thread_in_native, id=16716, stack(0x000000f32a300000,0x000000f32a400000) (1024K)]
  0x000002565a861ad0 JavaThread "Thread-9"                   daemon [_thread_in_native, id=19080, stack(0x000000f32a400000,0x000000f32a500000) (1024K)]
  0x000002565a85fa00 JavaThread "Thread-10"                  daemon [_thread_in_native, id=7532, stack(0x000000f32a500000,0x000000f32a600000) (1024K)]
  0x000002565a85e650 JavaThread "Thread-11"                  daemon [_thread_in_native, id=14528, stack(0x000000f32a600000,0x000000f32a700000) (1024K)]
  0x000002565a863510 JavaThread "Thread-12"                  daemon [_thread_in_native, id=5276, stack(0x000000f32a700000,0x000000f32a800000) (1024K)]
  0x000002565a864f50 JavaThread "Thread-13"                  daemon [_thread_in_native, id=18228, stack(0x000000f32a800000,0x000000f32a900000) (1024K)]
  0x000002565a863ba0 JavaThread "pool-2-thread-1"                   [_thread_blocked, id=19072, stack(0x000000f32a900000,0x000000f32aa00000) (1024K)]
  0x000002565a8655e0 JavaThread "WorkspaceEventsHandler"            [_thread_blocked, id=2848, stack(0x000000f32aa00000,0x000000f32ab00000) (1024K)]
  0x000002565a864230 JavaThread "pool-1-thread-1"                   [_thread_blocked, id=1184, stack(0x000000f32ab00000,0x000000f32ac00000) (1024K)]
  0x000002565a862160 JavaThread "LocalFile Deleter"          daemon [_thread_blocked, id=6700, stack(0x000000f32ac00000,0x000000f32ad00000) (1024K)]
  0x000002565a8627f0 JavaThread "LocalFile Deleter"          daemon [_thread_blocked, id=13780, stack(0x000000f32ad00000,0x000000f32ae00000) (1024K)]
  0x000002565a862e80 JavaThread "LocalFile Deleter"          daemon [_thread_blocked, id=23232, stack(0x000000f32ae00000,0x000000f32af00000) (1024K)]
  0x000002565c10b410 JavaThread "LocalFile Deleter"          daemon [_thread_blocked, id=10404, stack(0x000000f32af00000,0x000000f32b000000) (1024K)]
  0x000002565c10baa0 JavaThread "Compiler Source File Reader" daemon [_thread_blocked, id=1964, stack(0x000000f32b000000,0x000000f32b100000) (1024K)]
  0x000002565c10c7c0 JavaThread "Compiler Processing Task"   daemon [_thread_blocked, id=10288, stack(0x000000f32b100000,0x000000f32b200000) (1024K)]
  0x000002565c10ce50 JavaThread "Compiler Class File Writer" daemon [_thread_blocked, id=16452, stack(0x000000f32b200000,0x000000f32b300000) (1024K)]
  0x000002565c10d4e0 JavaThread "LocalFile Deleter"          daemon [_thread_blocked, id=15228, stack(0x000000f32b300000,0x000000f32b400000) (1024K)]
  0x000002565c10a060 JavaThread "LocalFile Deleter"          daemon [_thread_blocked, id=6652, stack(0x000000f32b400000,0x000000f32b500000) (1024K)]
  0x000002565c10db70 JavaThread "LocalFile Deleter"          daemon [_thread_blocked, id=9528, stack(0x000000f32b500000,0x000000f32b600000) (1024K)]
  0x000002565c10a6f0 JavaThread "LocalFile Deleter"          daemon [_thread_blocked, id=20872, stack(0x000000f32b600000,0x000000f32b700000) (1024K)]
  0x000002565c10e200 JavaThread "LocalFile Deleter"          daemon [_thread_blocked, id=12392, stack(0x000000f32b700000,0x000000f32b800000) (1024K)]
  0x000002565c10ad80 JavaThread "LocalFile Deleter"          daemon [_thread_blocked, id=22816, stack(0x000000f32b800000,0x000000f32b900000) (1024K)]
  0x000002565c10e890 JavaThread "LocalFile Deleter"          daemon [_thread_blocked, id=4780, stack(0x000000f32b900000,0x000000f32ba00000) (1024K)]
  0x000002565c1102d0 JavaThread "LocalFile Deleter"          daemon [_thread_blocked, id=22696, stack(0x000000f32ba00000,0x000000f32bb00000) (1024K)]
  0x000002565c110960 JavaThread "Compiler Source File Reader" daemon [_thread_blocked, id=3300, stack(0x000000f32bb00000,0x000000f32bc00000) (1024K)]
  0x000002565c111680 JavaThread "Compiler Source File Reader" daemon [_thread_blocked, id=9364, stack(0x000000f32bc00000,0x000000f32bd00000) (1024K)]
  0x000002565c110ff0 JavaThread "Compiler Source File Reader" daemon [_thread_blocked, id=5760, stack(0x000000f32bd00000,0x000000f32be00000) (1024K)]
  0x000002565c10ef20 JavaThread "Compiler Source File Reader" daemon [_thread_blocked, id=22560, stack(0x000000f32be00000,0x000000f32bf00000) (1024K)]
  0x000002565c10f5b0 JavaThread "Compiler Source File Reader" daemon [_thread_blocked, id=1740, stack(0x000000f32bf00000,0x000000f32c000000) (1024K)]
  0x000002565c10fc40 JavaThread "Compiler Source File Reader" daemon [_thread_blocked, id=23308, stack(0x000000f32c000000,0x000000f32c100000) (1024K)]
  0x000002565b4edb90 JavaThread "Compiler Source File Reader" daemon [_thread_blocked, id=22912, stack(0x000000f32c100000,0x000000f32c200000) (1024K)]
  0x000002565b4ef5d0 JavaThread "Compiler Source File Reader" daemon [_thread_blocked, id=13648, stack(0x000000f32c200000,0x000000f32c300000) (1024K)]
  0x000002565b4efc60 JavaThread "Compiler Source File Reader" daemon [_thread_blocked, id=12376, stack(0x000000f32c300000,0x000000f32c400000) (1024K)]
  0x000002565b4ee220 JavaThread "Compiler Class File Writer" daemon [_thread_blocked, id=10096, stack(0x000000f32c400000,0x000000f32c500000) (1024K)]
  0x000002565b4ed500 JavaThread "Compiler Class File Writer" daemon [_thread_blocked, id=12788, stack(0x000000f32c500000,0x000000f32c600000) (1024K)]
  0x000002565b4ee8b0 JavaThread "Compiler Class File Writer" daemon [_thread_blocked, id=23160, stack(0x000000f32c600000,0x000000f32c700000) (1024K)]
  0x000002565b4f16a0 JavaThread "Compiler Class File Writer" daemon [_thread_blocked, id=4376, stack(0x000000f32c700000,0x000000f32c800000) (1024K)]
  0x000002565b4f1010 JavaThread "Compiler Class File Writer" daemon [_thread_blocked, id=22048, stack(0x000000f32c800000,0x000000f32c900000) (1024K)]
  0x000002565b4f23c0 JavaThread "Compiler Class File Writer" daemon [_thread_blocked, id=4196, stack(0x000000f32c900000,0x000000f32ca00000) (1024K)]
  0x000002565b4f1d30 JavaThread "Compiler Class File Writer" daemon [_thread_blocked, id=6868, stack(0x000000f32ca00000,0x000000f32cb00000) (1024K)]
  0x000002565b4f02f0 JavaThread "Compiler Class File Writer" daemon [_thread_blocked, id=17964, stack(0x000000f32cb00000,0x000000f32cc00000) (1024K)]
  0x000002565b4eef40 JavaThread "Compiler Class File Writer" daemon [_thread_blocked, id=11420, stack(0x000000f32cc00000,0x000000f32cd00000) (1024K)]
  0x000002565b4f2a50 JavaThread "ParallelDescriptorResolver-0-0" daemon [_thread_in_native, id=18260, stack(0x000000f32cd00000,0x000000f32ce00000) (1024K)]
  0x000002565b4f30e0 JavaThread "ParallelDescriptorResolver-0-1" daemon [_thread_in_native, id=23176, stack(0x000000f32ce00000,0x000000f32cf00000) (1024K)]
  0x000002565b4f3770 JavaThread "ParallelDescriptorResolver-0-2" daemon [_thread_in_Java, id=13892, stack(0x000000f32cf00000,0x000000f32d000000) (1024K)]
  0x000002565b4f3e00 JavaThread "ParallelDescriptorResolver-0-3" daemon [_thread_in_native, id=21708, stack(0x000000f32d000000,0x000000f32d100000) (1024K)]
  0x000002565b4f0980 JavaThread "ParallelDescriptorResolver-0-4" daemon [_thread_in_native, id=14312, stack(0x000000f32d100000,0x000000f32d200000) (1024K)]
Total: 80

Other Threads:
  0x000002567b26f9b0 VMThread "VM Thread"                           [id=17204, stack(0x000000f327700000,0x000000f327800000) (1024K)]
  0x000002567b05ca10 WatcherThread "VM Periodic Task Thread"        [id=11244, stack(0x000000f327600000,0x000000f327700000) (1024K)]
  0x000002567b1f4e70 WorkerThread "GC Thread#0"                     [id=21752, stack(0x000000f327500000,0x000000f327600000) (1024K)]
  0x00000256542a8320 WorkerThread "GC Thread#1"                     [id=20968, stack(0x000000f328400000,0x000000f328500000) (1024K)]
  0x00000256542a6d00 WorkerThread "GC Thread#2"                     [id=17820, stack(0x000000f328500000,0x000000f328600000) (1024K)]
  0x00000256542a7460 WorkerThread "GC Thread#3"                     [id=2540, stack(0x000000f328600000,0x000000f328700000) (1024K)]
  0x00000256542a70b0 WorkerThread "GC Thread#4"                     [id=18696, stack(0x000000f328700000,0x000000f328800000) (1024K)]
  0x00000256542a7810 WorkerThread "GC Thread#5"                     [id=20884, stack(0x000000f328800000,0x000000f328900000) (1024K)]
  0x00000256542a7bc0 WorkerThread "GC Thread#6"                     [id=14708, stack(0x000000f328900000,0x000000f328a00000) (1024K)]
  0x000002565979ef00 WorkerThread "GC Thread#7"                     [id=18576, stack(0x000000f328b00000,0x000000f328c00000) (1024K)]
  0x000002565979ca20 WorkerThread "GC Thread#8"                     [id=404, stack(0x000000f328f00000,0x000000f329000000) (1024K)]
  0x000002565979cdd0 WorkerThread "GC Thread#9"                     [id=15532, stack(0x000000f329000000,0x000000f329100000) (1024K)]
Total: 12

Threads with active compile tasks:
C2 CompilerThread0  8326 11930       4       java.util.ArrayList::indexOfRange (71 bytes)
C1 CompilerThread0  8326 11962       3       org.apache.maven.model.normalization.DefaultModelNormalizer::mergeDuplicates (264 bytes)
C2 CompilerThread1  8326 11839   !   4       org.codehaus.plexus.interpolation.StringSearchInterpolator::interpolate (692 bytes)
C2 CompilerThread2  8326 11860       4       org.apache.maven.model.interpolation.StringVisitorModelInterpolator$ModelVisitor::visit (231 bytes)
Total: 4

VM state: not at safepoint (normal execution)

VM Mutex/Monitor currently owned by a thread: None

Heap address: 0x0000000080000000, size: 2048 MB, Compressed Oops mode: 32-bit

CDS archive(s) mapped at: [0x0000025613000000-0x0000025613ba0000-0x0000025613ba0000), size 12189696, SharedBaseAddress: 0x0000025613000000, ArchiveRelocationMode: 1.
Compressed class space mapped at: 0x0000025614000000-0x0000025654000000, reserved size: 1073741824
Narrow klass base: 0x0000025613000000, Narrow klass shift: 0, Narrow klass range: 0x100000000

GC Precious Log:
 CardTable entry size: 512
 CPUs: 12 total, 12 available
 Memory: 7518M
 Large Page Support: Disabled
 NUMA Support: Disabled
 Compressed Oops: Enabled (32-bit)
 Alignments: Space 512K, Generation 512K, Heap 2M
 Heap Min Capacity: 100M
 Heap Initial Capacity: 100M
 Heap Max Capacity: 2G
 Pre-touch: Disabled
 Parallel Workers: 10

Heap:
 PSYoungGen      total 18432K, used 17794K [0x00000000d5580000, 0x00000000d7280000, 0x0000000100000000)
  eden space 11264K, 97% used [0x00000000d5580000,0x00000000d6039f48,0x00000000d6080000)
  from space 7168K, 95% used [0x00000000d6b80000,0x00000000d7228928,0x00000000d7280000)
  to   space 8192K, 0% used [0x00000000d6280000,0x00000000d6280000,0x00000000d6a80000)
 ParOldGen       total 361984K, used 361713K [0x0000000080000000, 0x0000000096180000, 0x00000000d5580000)
  object space 361984K, 99% used [0x0000000080000000,0x000000009613c508,0x0000000096180000)
 Metaspace       used 61785K, committed 63232K, reserved 1114112K
  class space    used 6448K, committed 7104K, reserved 1048576K

Card table byte_map: [0x000002567ab70000,0x000002567af80000] _byte_map_base: 0x000002567a770000

Marking Bits: (ParMarkBitMap*) 0x00007ffca2b53450
 Begin Bits: [0x000002560f000000, 0x0000025611000000)
 End Bits:   [0x0000025611000000, 0x0000025613000000)

Polling page: 0x0000025679010000

Metaspace:

Usage:
  Non-class:     54.04 MB used.
      Class:      6.30 MB used.
       Both:     60.34 MB used.

Virtual space:
  Non-class space:       64.00 MB reserved,      54.81 MB ( 86%) committed,  1 nodes.
      Class space:        1.00 GB reserved,       6.94 MB ( <1%) committed,  1 nodes.
             Both:        1.06 GB reserved,      61.75 MB (  6%) committed. 

Chunk freelists:
   Non-Class:  8.62 MB
       Class:  9.02 MB
        Both:  17.64 MB

MaxMetaspaceSize: unlimited
CompressedClassSpaceSize: 1.00 GB
Initial GC threshold: 21.00 MB
Current GC threshold: 97.31 MB
CDS: on
 - commit_granule_bytes: 65536.
 - commit_granule_words: 8192.
 - virtual_space_node_default_size: 8388608.
 - enlarge_chunks_in_place: 1.
 - use_allocation_guard: 0.


Internal statistics:

num_allocs_failed_limit: 9.
num_arena_births: 1216.
num_arena_deaths: 14.
num_vsnodes_births: 2.
num_vsnodes_deaths: 0.
num_space_committed: 988.
num_space_uncommitted: 0.
num_chunks_returned_to_freelist: 23.
num_chunks_taken_from_freelist: 4199.
num_chunk_merges: 15.
num_chunk_splits: 2540.
num_chunks_enlarged: 1350.
num_inconsistent_stats: 0.

CodeHeap 'non-profiled nmethods': size=120000Kb used=5944Kb max_used=5944Kb free=114056Kb
 bounds [0x0000025607ad0000, 0x00000256080a0000, 0x000002560f000000]
CodeHeap 'profiled nmethods': size=120000Kb used=23934Kb max_used=23934Kb free=96065Kb
 bounds [0x0000025600000000, 0x0000025601760000, 0x0000025607530000]
CodeHeap 'non-nmethods': size=5760Kb used=1466Kb max_used=1498Kb free=4293Kb
 bounds [0x0000025607530000, 0x00000256077a0000, 0x0000025607ad0000]
CodeCache: size=245760Kb, used=31344Kb, max_used=31376Kb, free=214414Kb
 total_blobs=11881, nmethods=11150, adapters=632, full_count=0
Compilation: enabled, stopped_count=0, restarted_count=0

Compilation events (20 events):
Event: 8.292 Thread 0x0000025654033f70 11900       3       org.apache.maven.model.Model::<init> (17 bytes)
Event: 8.293 Thread 0x0000025654033f70 nmethod 11900 0x000002560174ac10 code [0x000002560174adc0, 0x000002560174afc8]
Event: 8.296 Thread 0x0000025654033f70 11902   !   3       org.apache.maven.model.PluginContainer::clone (137 bytes)
Event: 8.297 Thread 0x0000025654033f70 nmethod 11902 0x000002560174b090 code [0x000002560174b3e0, 0x000002560174c808]
Event: 8.297 Thread 0x0000025654033f70 11903       3       org.apache.maven.repository.internal.ArtifactDescriptorReaderDelegate::convert (205 bytes)
Event: 8.299 Thread 0x0000025654033f70 nmethod 11903 0x000002560174d090 code [0x000002560174d440, 0x000002560174eef8]
Event: 8.299 Thread 0x0000025654033f70 11905       3       org.eclipse.aether.resolution.ArtifactDescriptorResult::addManagedDependency (40 bytes)
Event: 8.299 Thread 0x0000025654033f70 nmethod 11905 0x000002560174f910 code [0x000002560174fb00, 0x0000025601750048]
Event: 8.299 Thread 0x0000025654033f70 11904       3       org.eclipse.aether.internal.impl.collect.CachingArtifactTypeRegistry::get (43 bytes)
Event: 8.299 Thread 0x0000025654033f70 nmethod 11904 0x0000025601750210 code [0x0000025601750400, 0x00000256017508e8]
Event: 8.299 Thread 0x0000025654033f70 11906       3       org.eclipse.aether.artifact.AbstractArtifact::hash (13 bytes)
Event: 8.299 Thread 0x0000025654033f70 nmethod 11906 0x0000025601750a90 code [0x0000025601750c40, 0x0000025601750e60]
Event: 8.299 Thread 0x0000025654033f70 11907       3       org.eclipse.aether.artifact.AbstractArtifact::hashCode (83 bytes)
Event: 8.300 Thread 0x0000025654033f70 nmethod 11907 0x0000025601750f10 code [0x0000025601751140, 0x0000025601751688]
Event: 8.300 Thread 0x0000025654033f70 11908       3       org.eclipse.aether.graph.Dependency::hashCode (72 bytes)
Event: 8.300 Thread 0x0000025654033f70 nmethod 11908 0x0000025601751a10 code [0x0000025601751c00, 0x00000256017520c0]
Event: 8.301 Thread 0x0000025654033f70 11911       1       org.eclipse.aether.resolution.ArtifactDescriptorResult::getManagedDependencies (5 bytes)
Event: 8.301 Thread 0x0000025654033f70 nmethod 11911 0x0000025608092010 code [0x00000256080921a0, 0x0000025608092268]
Event: 8.301 Thread 0x0000025654033f70 11912       1       org.eclipse.aether.resolution.VersionRangeRequest::getArtifact (5 bytes)
Event: 8.301 Thread 0x0000025654033f70 nmethod 11912 0x0000025608092310 code [0x00000256080924a0, 0x0000025608092568]

GC Heap History (20 events):
Event: 7.695 GC heap before
{Heap before GC invocations=246 (full 3):
 PSYoungGen      total 17920K, used 17778K [0x00000000d5580000, 0x00000000d6c00000, 0x0000000100000000)
  eden space 13312K, 100% used [0x00000000d5580000,0x00000000d6280000,0x00000000d6280000)
  from space 4608K, 96% used [0x00000000d6700000,0x00000000d6b5ca30,0x00000000d6b80000)
  to   space 4608K, 0% used [0x00000000d6280000,0x00000000d6280000,0x00000000d6700000)
 ParOldGen       total 319488K, used 319124K [0x0000000080000000, 0x0000000093800000, 0x00000000d5580000)
  object space 319488K, 99% used [0x0000000080000000,0x00000000937a5080,0x0000000093800000)
 Metaspace       used 60839K, committed 62336K, reserved 1114112K
  class space    used 6398K, committed 7040K, reserved 1048576K
}
Event: 7.699 GC heap after
{Heap after GC invocations=246 (full 3):
 PSYoungGen      total 17920K, used 4605K [0x00000000d5580000, 0x00000000d6f80000, 0x0000000100000000)
  eden space 13312K, 0% used [0x00000000d5580000,0x00000000d5580000,0x00000000d6280000)
  from space 4608K, 99% used [0x00000000d6280000,0x00000000d66ff568,0x00000000d6700000)
  to   space 5120K, 0% used [0x00000000d6a80000,0x00000000d6a80000,0x00000000d6f80000)
 ParOldGen       total 324096K, used 323927K [0x0000000080000000, 0x0000000093c80000, 0x00000000d5580000)
  object space 324096K, 99% used [0x0000000080000000,0x0000000093c55f58,0x0000000093c80000)
 Metaspace       used 60839K, committed 62336K, reserved 1114112K
  class space    used 6398K, committed 7040K, reserved 1048576K
}
Event: 7.753 GC heap before
{Heap before GC invocations=247 (full 3):
 PSYoungGen      total 17920K, used 17917K [0x00000000d5580000, 0x00000000d6f80000, 0x0000000100000000)
  eden space 13312K, 100% used [0x00000000d5580000,0x00000000d6280000,0x00000000d6280000)
  from space 4608K, 99% used [0x00000000d6280000,0x00000000d66ff568,0x00000000d6700000)
  to   space 5120K, 0% used [0x00000000d6a80000,0x00000000d6a80000,0x00000000d6f80000)
 ParOldGen       total 324096K, used 323927K [0x0000000080000000, 0x0000000093c80000, 0x00000000d5580000)
  object space 324096K, 99% used [0x0000000080000000,0x0000000093c55f58,0x0000000093c80000)
 Metaspace       used 60905K, committed 62336K, reserved 1114112K
  class space    used 6398K, committed 7040K, reserved 1048576K
}
Event: 7.756 GC heap after
{Heap after GC invocations=247 (full 3):
 PSYoungGen      total 19968K, used 3227K [0x00000000d5580000, 0x00000000d6e00000, 0x0000000100000000)
  eden space 16384K, 0% used [0x00000000d5580000,0x00000000d5580000,0x00000000d6580000)
  from space 3584K, 90% used [0x00000000d6a80000,0x00000000d6da6e58,0x00000000d6e00000)
  to   space 4096K, 0% used [0x00000000d6600000,0x00000000d6600000,0x00000000d6a00000)
 ParOldGen       total 328704K, used 328345K [0x0000000080000000, 0x0000000094100000, 0x00000000d5580000)
  object space 328704K, 99% used [0x0000000080000000,0x00000000940a65e0,0x0000000094100000)
 Metaspace       used 60905K, committed 62336K, reserved 1114112K
  class space    used 6398K, committed 7040K, reserved 1048576K
}
Event: 7.814 GC heap before
{Heap before GC invocations=248 (full 3):
 PSYoungGen      total 19968K, used 19611K [0x00000000d5580000, 0x00000000d6e00000, 0x0000000100000000)
  eden space 16384K, 100% used [0x00000000d5580000,0x00000000d6580000,0x00000000d6580000)
  from space 3584K, 90% used [0x00000000d6a80000,0x00000000d6da6e58,0x00000000d6e00000)
  to   space 4096K, 0% used [0x00000000d6600000,0x00000000d6600000,0x00000000d6a00000)
 ParOldGen       total 328704K, used 328345K [0x0000000080000000, 0x0000000094100000, 0x00000000d5580000)
  object space 328704K, 99% used [0x0000000080000000,0x00000000940a65e0,0x0000000094100000)
 Metaspace       used 60950K, committed 62400K, reserved 1114112K
  class space    used 6399K, committed 7040K, reserved 1048576K
}
Event: 7.817 GC heap after
{Heap after GC invocations=248 (full 3):
 PSYoungGen      total 20480K, used 3972K [0x00000000d5580000, 0x00000000d6e80000, 0x0000000100000000)
  eden space 16384K, 0% used [0x00000000d5580000,0x00000000d5580000,0x00000000d6580000)
  from space 4096K, 96% used [0x00000000d6600000,0x00000000d69e1200,0x00000000d6a00000)
  to   space 4608K, 0% used [0x00000000d6a00000,0x00000000d6a00000,0x00000000d6e80000)
 ParOldGen       total 331776K, used 331271K [0x0000000080000000, 0x0000000094400000, 0x00000000d5580000)
  object space 331776K, 99% used [0x0000000080000000,0x0000000094381d10,0x0000000094400000)
 Metaspace       used 60950K, committed 62400K, reserved 1114112K
  class space    used 6399K, committed 7040K, reserved 1048576K
}
Event: 7.883 GC heap before
{Heap before GC invocations=249 (full 3):
 PSYoungGen      total 20480K, used 20356K [0x00000000d5580000, 0x00000000d6e80000, 0x0000000100000000)
  eden space 16384K, 100% used [0x00000000d5580000,0x00000000d6580000,0x00000000d6580000)
  from space 4096K, 96% used [0x00000000d6600000,0x00000000d69e1200,0x00000000d6a00000)
  to   space 4608K, 0% used [0x00000000d6a00000,0x00000000d6a00000,0x00000000d6e80000)
 ParOldGen       total 331776K, used 331271K [0x0000000080000000, 0x0000000094400000, 0x00000000d5580000)
  object space 331776K, 99% used [0x0000000080000000,0x0000000094381d10,0x0000000094400000)
 Metaspace       used 61024K, committed 62528K, reserved 1114112K
  class space    used 6399K, committed 7040K, reserved 1048576K
}
Event: 7.888 GC heap after
{Heap after GC invocations=249 (full 3):
 PSYoungGen      total 15872K, used 4596K [0x00000000d5580000, 0x00000000d7880000, 0x0000000100000000)
  eden space 11264K, 0% used [0x00000000d5580000,0x00000000d5580000,0x00000000d6080000)
  from space 4608K, 99% used [0x00000000d6a00000,0x00000000d6e7d000,0x00000000d6e80000)
  to   space 9728K, 0% used [0x00000000d6080000,0x00000000d6080000,0x00000000d6a00000)
 ParOldGen       total 335360K, used 335296K [0x0000000080000000, 0x0000000094780000, 0x00000000d5580000)
  object space 335360K, 99% used [0x0000000080000000,0x0000000094770160,0x0000000094780000)
 Metaspace       used 61024K, committed 62528K, reserved 1114112K
  class space    used 6399K, committed 7040K, reserved 1048576K
}
Event: 7.935 GC heap before
{Heap before GC invocations=250 (full 3):
 PSYoungGen      total 15872K, used 15860K [0x00000000d5580000, 0x00000000d7880000, 0x0000000100000000)
  eden space 11264K, 100% used [0x00000000d5580000,0x00000000d6080000,0x00000000d6080000)
  from space 4608K, 99% used [0x00000000d6a00000,0x00000000d6e7d000,0x00000000d6e80000)
  to   space 9728K, 0% used [0x00000000d6080000,0x00000000d6080000,0x00000000d6a00000)
 ParOldGen       total 335360K, used 335296K [0x0000000080000000, 0x0000000094780000, 0x00000000d5580000)
  object space 335360K, 99% used [0x0000000080000000,0x0000000094770160,0x0000000094780000)
 Metaspace       used 61154K, committed 62656K, reserved 1114112K
  class space    used 6399K, committed 7040K, reserved 1048576K
}
Event: 7.939 GC heap after
{Heap after GC invocations=250 (full 3):
 PSYoungGen      total 15872K, used 4575K [0x00000000d5580000, 0x00000000d6c80000, 0x0000000100000000)
  eden space 11264K, 0% used [0x00000000d5580000,0x00000000d5580000,0x00000000d6080000)
  from space 4608K, 99% used [0x00000000d6080000,0x00000000d64f7eb0,0x00000000d6500000)
  to   space 6144K, 0% used [0x00000000d6680000,0x00000000d6680000,0x00000000d6c80000)
 ParOldGen       total 339456K, used 338952K [0x0000000080000000, 0x0000000094b80000, 0x00000000d5580000)
  object space 339456K, 99% used [0x0000000080000000,0x0000000094b02068,0x0000000094b80000)
 Metaspace       used 61154K, committed 62656K, reserved 1114112K
  class space    used 6399K, committed 7040K, reserved 1048576K
}
Event: 7.981 GC heap before
{Heap before GC invocations=251 (full 3):
 PSYoungGen      total 15872K, used 15839K [0x00000000d5580000, 0x00000000d6c80000, 0x0000000100000000)
  eden space 11264K, 100% used [0x00000000d5580000,0x00000000d6080000,0x00000000d6080000)
  from space 4608K, 99% used [0x00000000d6080000,0x00000000d64f7eb0,0x00000000d6500000)
  to   space 6144K, 0% used [0x00000000d6680000,0x00000000d6680000,0x00000000d6c80000)
 ParOldGen       total 339456K, used 338952K [0x0000000080000000, 0x0000000094b80000, 0x00000000d5580000)
  object space 339456K, 99% used [0x0000000080000000,0x0000000094b02068,0x0000000094b80000)
 Metaspace       used 61331K, committed 62848K, reserved 1114112K
  class space    used 6421K, committed 7104K, reserved 1048576K
}
Event: 7.984 GC heap after
{Heap after GC invocations=251 (full 3):
 PSYoungGen      total 15872K, used 4491K [0x00000000d5580000, 0x00000000d6b00000, 0x0000000100000000)
  eden space 11264K, 0% used [0x00000000d5580000,0x00000000d5580000,0x00000000d6080000)
  from space 4608K, 97% used [0x00000000d6680000,0x00000000d6ae2e70,0x00000000d6b00000)
  to   space 5120K, 0% used [0x00000000d6100000,0x00000000d6100000,0x00000000d6600000)
 ParOldGen       total 343552K, used 343339K [0x0000000080000000, 0x0000000094f80000, 0x00000000d5580000)
  object space 343552K, 99% used [0x0000000080000000,0x0000000094f4ae40,0x0000000094f80000)
 Metaspace       used 61331K, committed 62848K, reserved 1114112K
  class space    used 6421K, committed 7104K, reserved 1048576K
}
Event: 8.040 GC heap before
{Heap before GC invocations=252 (full 3):
 PSYoungGen      total 15872K, used 15755K [0x00000000d5580000, 0x00000000d6b00000, 0x0000000100000000)
  eden space 11264K, 100% used [0x00000000d5580000,0x00000000d6080000,0x00000000d6080000)
  from space 4608K, 97% used [0x00000000d6680000,0x00000000d6ae2e70,0x00000000d6b00000)
  to   space 5120K, 0% used [0x00000000d6100000,0x00000000d6100000,0x00000000d6600000)
 ParOldGen       total 343552K, used 343339K [0x0000000080000000, 0x0000000094f80000, 0x00000000d5580000)
  object space 343552K, 99% used [0x0000000080000000,0x0000000094f4ae40,0x0000000094f80000)
 Metaspace       used 61548K, committed 63040K, reserved 1114112K
  class space    used 6448K, committed 7104K, reserved 1048576K
}
Event: 8.044 GC heap after
{Heap after GC invocations=252 (full 3):
 PSYoungGen      total 15872K, used 4359K [0x00000000d5580000, 0x00000000d6980000, 0x0000000100000000)
  eden space 11264K, 0% used [0x00000000d5580000,0x00000000d5580000,0x00000000d6080000)
  from space 4608K, 94% used [0x00000000d6100000,0x00000000d6541e30,0x00000000d6580000)
  to   space 4096K, 0% used [0x00000000d6580000,0x00000000d6580000,0x00000000d6980000)
 ParOldGen       total 348160K, used 347728K [0x0000000080000000, 0x0000000095400000, 0x00000000d5580000)
  object space 348160K, 99% used [0x0000000080000000,0x0000000095394060,0x0000000095400000)
 Metaspace       used 61548K, committed 63040K, reserved 1114112K
  class space    used 6448K, committed 7104K, reserved 1048576K
}
Event: 8.088 GC heap before
{Heap before GC invocations=253 (full 3):
 PSYoungGen      total 15872K, used 15553K [0x00000000d5580000, 0x00000000d6980000, 0x0000000100000000)
  eden space 11264K, 99% used [0x00000000d5580000,0x00000000d606e968,0x00000000d6080000)
  from space 4608K, 94% used [0x00000000d6100000,0x00000000d6541e30,0x00000000d6580000)
  to   space 4096K, 0% used [0x00000000d6580000,0x00000000d6580000,0x00000000d6980000)
 ParOldGen       total 348160K, used 347728K [0x0000000080000000, 0x0000000095400000, 0x00000000d5580000)
  object space 348160K, 99% used [0x0000000080000000,0x0000000095394060,0x0000000095400000)
 Metaspace       used 61596K, committed 63040K, reserved 1114112K
  class space    used 6448K, committed 7104K, reserved 1048576K
}
Event: 8.091 GC heap after
{Heap after GC invocations=253 (full 3):
 PSYoungGen      total 14848K, used 3562K [0x00000000d5580000, 0x00000000d6900000, 0x0000000100000000)
  eden space 11264K, 0% used [0x00000000d5580000,0x00000000d5580000,0x00000000d6080000)
  from space 3584K, 99% used [0x00000000d6580000,0x00000000d68fa800,0x00000000d6900000)
  to   space 4096K, 0% used [0x00000000d6100000,0x00000000d6100000,0x00000000d6500000)
 ParOldGen       total 352256K, used 351839K [0x0000000080000000, 0x0000000095800000, 0x00000000d5580000)
  object space 352256K, 99% used [0x0000000080000000,0x0000000095797e88,0x0000000095800000)
 Metaspace       used 61596K, committed 63040K, reserved 1114112K
  class space    used 6448K, committed 7104K, reserved 1048576K
}
Event: 8.170 GC heap before
{Heap before GC invocations=254 (full 3):
 PSYoungGen      total 14848K, used 14826K [0x00000000d5580000, 0x00000000d6900000, 0x0000000100000000)
  eden space 11264K, 100% used [0x00000000d5580000,0x00000000d6080000,0x00000000d6080000)
  from space 3584K, 99% used [0x00000000d6580000,0x00000000d68fa800,0x00000000d6900000)
  to   space 4096K, 0% used [0x00000000d6100000,0x00000000d6100000,0x00000000d6500000)
 ParOldGen       total 352256K, used 351839K [0x0000000080000000, 0x0000000095800000, 0x00000000d5580000)
  object space 352256K, 99% used [0x0000000080000000,0x0000000095797e88,0x0000000095800000)
 Metaspace       used 61643K, committed 63168K, reserved 1114112K
  class space    used 6448K, committed 7104K, reserved 1048576K
}
Event: 8.175 GC heap after
{Heap after GC invocations=254 (full 3):
 PSYoungGen      total 15360K, used 4089K [0x00000000d5580000, 0x00000000d7680000, 0x0000000100000000)
  eden space 11264K, 0% used [0x00000000d5580000,0x00000000d5580000,0x00000000d6080000)
  from space 4096K, 99% used [0x00000000d6100000,0x00000000d64fe4e8,0x00000000d6500000)
  to   space 11264K, 0% used [0x00000000d6b80000,0x00000000d6b80000,0x00000000d7680000)
 ParOldGen       total 357888K, used 357588K [0x0000000080000000, 0x0000000095d80000, 0x00000000d5580000)
  object space 357888K, 99% used [0x0000000080000000,0x0000000095d350e0,0x0000000095d80000)
 Metaspace       used 61643K, committed 63168K, reserved 1114112K
  class space    used 6448K, committed 7104K, reserved 1048576K
}
Event: 8.254 GC heap before
{Heap before GC invocations=255 (full 3):
 PSYoungGen      total 15360K, used 14981K [0x00000000d5580000, 0x00000000d7680000, 0x0000000100000000)
  eden space 11264K, 96% used [0x00000000d5580000,0x00000000d6023238,0x00000000d6080000)
  from space 4096K, 99% used [0x00000000d6100000,0x00000000d64fe4e8,0x00000000d6500000)
  to   space 11264K, 0% used [0x00000000d6b80000,0x00000000d6b80000,0x00000000d7680000)
 ParOldGen       total 357888K, used 357588K [0x0000000080000000, 0x0000000095d80000, 0x00000000d5580000)
  object space 357888K, 99% used [0x0000000080000000,0x0000000095d350e0,0x0000000095d80000)
 Metaspace       used 61750K, committed 63232K, reserved 1114112K
  class space    used 6448K, committed 7104K, reserved 1048576K
}
Event: 8.260 GC heap after
{Heap after GC invocations=255 (full 3):
 PSYoungGen      total 18432K, used 6818K [0x00000000d5580000, 0x00000000d7280000, 0x0000000100000000)
  eden space 11264K, 0% used [0x00000000d5580000,0x00000000d5580000,0x00000000d6080000)
  from space 7168K, 95% used [0x00000000d6b80000,0x00000000d7228928,0x00000000d7280000)
  to   space 8192K, 0% used [0x00000000d6280000,0x00000000d6280000,0x00000000d6a80000)
 ParOldGen       total 361984K, used 361713K [0x0000000080000000, 0x0000000096180000, 0x00000000d5580000)
  object space 361984K, 99% used [0x0000000080000000,0x000000009613c508,0x0000000096180000)
 Metaspace       used 61750K, committed 63232K, reserved 1114112K
  class space    used 6448K, committed 7104K, reserved 1048576K
}

Dll operation events (10 events):
Event: 0.009 Loaded shared library c:\Users\arpit\.vscode\extensions\redhat.java-1.54.0-win32-x64\jre\21.0.10-win32-x86_64\bin\java.dll
Event: 0.051 Loaded shared library c:\Users\arpit\.vscode\extensions\redhat.java-1.54.0-win32-x64\jre\21.0.10-win32-x86_64\bin\zip.dll
Event: 0.064 Loaded shared library C:\Users\arpit\.vscode\extensions\redhat.java-1.54.0-win32-x64\jre\21.0.10-win32-x86_64\bin\instrument.dll
Event: 0.067 Loaded shared library C:\Users\arpit\.vscode\extensions\redhat.java-1.54.0-win32-x64\jre\21.0.10-win32-x86_64\bin\net.dll
Event: 0.069 Loaded shared library C:\Users\arpit\.vscode\extensions\redhat.java-1.54.0-win32-x64\jre\21.0.10-win32-x86_64\bin\nio.dll
Event: 0.071 Loaded shared library C:\Users\arpit\.vscode\extensions\redhat.java-1.54.0-win32-x64\jre\21.0.10-win32-x86_64\bin\zip.dll
Event: 0.082 Loaded shared library C:\Users\arpit\.vscode\extensions\redhat.java-1.54.0-win32-x64\jre\21.0.10-win32-x86_64\bin\jimage.dll
Event: 0.135 Loaded shared library c:\Users\arpit\.vscode\extensions\redhat.java-1.54.0-win32-x64\jre\21.0.10-win32-x86_64\bin\verify.dll
Event: 0.735 Loaded shared library C:\Users\arpit\AppData\Roaming\Code\User\globalStorage\redhat.java\1.54.0\config_win\org.eclipse.equinox.launcher\org.eclipse.equinox.launcher.win32.win32.x86_64_1.3.0.v20260203-2149\eclipse_11919.dll
Event: 3.355 Loaded shared library C:\Users\arpit\AppData\Local\Temp\jna-93088714\jna2243553646679660110.dll

Deoptimization events (20 events):
Event: 8.097 Thread 0x000002565b4f3770 DEOPT PACKING pc=0x00000256014bdc84 sp=0x000000f32cffdd10
Event: 8.097 Thread 0x000002565b4f3770 DEOPT UNPACKING pc=0x0000025607584242 sp=0x000000f32cffd268 mode 0
Event: 8.104 Thread 0x000002565b4f3770 Uncommon trap: trap_request=0xffffffde fr.pc=0x000002560805f35c relative=0x00000000000006dc
Event: 8.104 Thread 0x000002565b4f3770 Uncommon trap: reason=class_check action=maybe_recompile pc=0x000002560805f35c method=java.util.regex.Matcher.getTextLength()I @ 4 c2
Event: 8.104 Thread 0x000002565b4f3770 DEOPT PACKING pc=0x000002560805f35c sp=0x000000f32cffe030
Event: 8.104 Thread 0x000002565b4f3770 DEOPT UNPACKING pc=0x0000025607583aa2 sp=0x000000f32cffdea0 mode 2
Event: 8.108 Thread 0x000002565b4f3770 Uncommon trap: trap_request=0xffffffde fr.pc=0x000002560805f35c relative=0x00000000000006dc
Event: 8.108 Thread 0x000002565b4f3770 Uncommon trap: reason=class_check action=maybe_recompile pc=0x000002560805f35c method=java.util.regex.Matcher.getTextLength()I @ 4 c2
Event: 8.108 Thread 0x000002565b4f3770 DEOPT PACKING pc=0x000002560805f35c sp=0x000000f32cffdeb0
Event: 8.108 Thread 0x000002565b4f3770 DEOPT UNPACKING pc=0x0000025607583aa2 sp=0x000000f32cffdd20 mode 2
Event: 8.112 Thread 0x000002565b4f3770 Uncommon trap: trap_request=0xffffffde fr.pc=0x000002560805f35c relative=0x00000000000006dc
Event: 8.112 Thread 0x000002565b4f3770 Uncommon trap: reason=class_check action=maybe_recompile pc=0x000002560805f35c method=java.util.regex.Matcher.getTextLength()I @ 4 c2
Event: 8.112 Thread 0x000002565b4f3770 DEOPT PACKING pc=0x000002560805f35c sp=0x000000f32cffdeb0
Event: 8.112 Thread 0x000002565b4f3770 DEOPT UNPACKING pc=0x0000025607583aa2 sp=0x000000f32cffdd20 mode 2
Event: 8.127 Thread 0x000002565b4f3770 Uncommon trap: trap_request=0xffffffde fr.pc=0x000002560805f35c relative=0x00000000000006dc
Event: 8.127 Thread 0x000002565b4f3770 Uncommon trap: reason=class_check action=maybe_recompile pc=0x000002560805f35c method=java.util.regex.Matcher.getTextLength()I @ 4 c2
Event: 8.127 Thread 0x000002565b4f3770 DEOPT PACKING pc=0x000002560805f35c sp=0x000000f32cffe030
Event: 8.127 Thread 0x000002565b4f3770 DEOPT UNPACKING pc=0x0000025607583aa2 sp=0x000000f32cffdea0 mode 2
Event: 8.263 Thread 0x000002565b4f3770 DEOPT PACKING pc=0x0000025600518eb9 sp=0x000000f32cffdfa0
Event: 8.263 Thread 0x000002565b4f3770 DEOPT UNPACKING pc=0x0000025607584242 sp=0x000000f32cffd4a0 mode 0

Classes loaded (20 events):
Event: 6.361 Loading class java/util/EnumMap$EntryIterator$Entry
Event: 6.361 Loading class java/util/EnumMap$EntryIterator$Entry done
Event: 6.410 Loading class java/util/WeakHashMap$KeyIterator
Event: 6.410 Loading class java/util/WeakHashMap$KeyIterator done
Event: 6.496 Loading class jdk/internal/module/IllegalAccessLogger
Event: 6.496 Loading class jdk/internal/module/IllegalAccessLogger done
Event: 6.513 Loading class java/util/HashMap$EntrySpliterator
Event: 6.514 Loading class java/util/HashMap$EntrySpliterator done
Event: 6.634 Loading class java/util/stream/ReferencePipeline$4
Event: 6.634 Loading class java/util/stream/ReferencePipeline$4 done
Event: 6.635 Loading class java/util/stream/Nodes$IntFixedNodeBuilder
Event: 6.635 Loading class java/util/stream/Node$Builder$OfInt
Event: 6.635 Loading class java/util/stream/Node$Builder$OfInt done
Event: 6.635 Loading class java/util/stream/Nodes$IntArrayNode
Event: 6.635 Loading class java/util/stream/Nodes$IntArrayNode done
Event: 6.635 Loading class java/util/stream/Nodes$IntFixedNodeBuilder done
Event: 6.635 Loading class java/util/stream/ReferencePipeline$4$1
Event: 6.635 Loading class java/util/stream/ReferencePipeline$4$1 done
Event: 7.275 Loading class jdk/internal/module/IllegalAccessLogger
Event: 7.275 Loading class jdk/internal/module/IllegalAccessLogger done

Classes unloaded (7 events):
Event: 3.641 Thread 0x000002567b26f9b0 Unloading class 0x00000256141aac00 'java/lang/invoke/LambdaForm$MH+0x00000256141aac00'
Event: 3.641 Thread 0x000002567b26f9b0 Unloading class 0x00000256141aa800 'java/lang/invoke/LambdaForm$MH+0x00000256141aa800'
Event: 3.641 Thread 0x000002567b26f9b0 Unloading class 0x00000256141aa400 'java/lang/invoke/LambdaForm$MH+0x00000256141aa400'
Event: 3.641 Thread 0x000002567b26f9b0 Unloading class 0x00000256141aa000 'java/lang/invoke/LambdaForm$MH+0x00000256141aa000'
Event: 3.641 Thread 0x000002567b26f9b0 Unloading class 0x00000256141a9c00 'java/lang/invoke/LambdaForm$BMH+0x00000256141a9c00'
Event: 3.641 Thread 0x000002567b26f9b0 Unloading class 0x00000256141a9800 'java/lang/invoke/LambdaForm$DMH+0x00000256141a9800'
Event: 3.641 Thread 0x000002567b26f9b0 Unloading class 0x00000256141a8400 'java/lang/invoke/LambdaForm$DMH+0x00000256141a8400'

Classes redefined (0 events):
No events

Internal exceptions (20 events):
Event: 6.086 Thread 0x000002565a11b4e0 Exception <a 'java/lang/NoSuchMethodError'{0x00000000d57f11d0}: 'java.lang.Object java.lang.invoke.DirectMethodHandle$Holder.invokeStatic(java.lang.Object, int, java.lang.Object)'> (0x00000000d57f11d0) 
thrown [s\src\hotspot\share\interpreter\linkResolver.cpp, line 773]
Event: 6.180 Thread 0x000002565a11a7c0 Implicit null exception at 0x0000025607e75d90 to 0x0000025607e7b614
Event: 6.224 Thread 0x000002565a11b4e0 Implicit null exception at 0x0000025607bbcb4b to 0x0000025607bbccb8
Event: 6.366 Thread 0x000002565a11b4e0 Exception <a 'java/lang/NoSuchMethodError'{0x00000000d5730b28}: 'java.lang.Object java.lang.invoke.DirectMethodHandle$Holder.invokeStaticInit(java.lang.Object, java.lang.Object, java.lang.Object)'> (0x00000000d5730b28) 
thrown [s\src\hotspot\share\interpreter\linkResolver.cpp, line 773]
Event: 6.405 Thread 0x000002565a119aa0 Exception <a 'sun/nio/fs/WindowsException'{0x00000000d59777e0}> (0x00000000d59777e0) 
thrown [s\src\hotspot\share\prims\jni.cpp, line 520]
Event: 6.405 Thread 0x000002565a119aa0 Exception <a 'sun/nio/fs/WindowsException'{0x00000000d59780c0}> (0x00000000d59780c0) 
thrown [s\src\hotspot\share\prims\jni.cpp, line 520]
Event: 6.412 Thread 0x000002565a119aa0 Exception <a 'java/io/FileNotFoundException'{0x00000000d56f9fd0}> (0x00000000d56f9fd0) 
thrown [s\src\hotspot\share\prims\jni.cpp, line 520]
Event: 6.412 Thread 0x000002565a119aa0 Exception <a 'java/io/FileNotFoundException'{0x00000000d56fb0a0}> (0x00000000d56fb0a0) 
thrown [s\src\hotspot\share\prims\jni.cpp, line 520]
Event: 6.412 Thread 0x000002565a119aa0 Exception <a 'java/io/FileNotFoundException'{0x00000000d57346e0}> (0x00000000d57346e0) 
thrown [s\src\hotspot\share\prims\jni.cpp, line 520]
Event: 6.518 Thread 0x000002565a11b4e0 Exception <a 'java/io/FileNotFoundException'{0x00000000d5620fb8}> (0x00000000d5620fb8) 
thrown [s\src\hotspot\share\prims\jni.cpp, line 520]
Event: 6.553 Thread 0x000002565c10c7c0 Exception <a 'java/lang/NoSuchMethodError'{0x00000000d593a5c8}: 'void java.lang.invoke.DirectMethodHandle$Holder.invokeStatic(java.lang.Object, int, java.lang.Object)'> (0x00000000d593a5c8) 
thrown [s\src\hotspot\share\interpreter\linkResolver.cpp, line 773]
Event: 6.609 Thread 0x000002565c10c7c0 Exception <a 'java/lang/NoSuchMethodError'{0x00000000d590e6a0}: 'java.lang.Object java.lang.invoke.DirectMethodHandle$Holder.invokeStatic(java.lang.Object, java.lang.Object, int, java.lang.Object, java.lang.Object)'> (0x00000000d590e6a0) 
thrown [s\src\hotspot\share\interpreter\linkResolver.cpp, line 773]
Event: 7.204 Thread 0x000002565a11b4e0 Exception <a 'sun/nio/fs/WindowsException'{0x00000000d5719230}> (0x00000000d5719230) 
thrown [s\src\hotspot\share\prims\jni.cpp, line 520]
Event: 7.204 Thread 0x000002565a862160 Exception <a 'sun/nio/fs/WindowsException'{0x00000000d5771df0}> (0x00000000d5771df0) 
thrown [s\src\hotspot\share\prims\jni.cpp, line 520]
Event: 7.204 Thread 0x000002565a8627f0 Exception <a 'sun/nio/fs/WindowsException'{0x00000000d578e6c8}> (0x00000000d578e6c8) 
thrown [s\src\hotspot\share\prims\jni.cpp, line 520]
Event: 7.284 Thread 0x000002565a11b4e0 Exception <a 'sun/nio/fs/WindowsException'{0x00000000d5690ac0}> (0x00000000d5690ac0) 
thrown [s\src\hotspot\share\prims\jni.cpp, line 520]
Event: 7.284 Thread 0x000002565a11b4e0 Exception <a 'sun/nio/fs/WindowsException'{0x00000000d56910f0}> (0x00000000d56910f0) 
thrown [s\src\hotspot\share\prims\jni.cpp, line 520]
Event: 7.531 Thread 0x000002565a11b4e0 Exception <a 'java/lang/NoSuchMethodError'{0x00000000d5a99370}: 'void java.lang.invoke.DirectMethodHandle$Holder.invokeStatic(java.lang.Object, java.lang.Object, java.lang.Object, int)'> (0x00000000d5a99370) 
thrown [s\src\hotspot\share\interpreter\linkResolver.cpp, line 773]
Event: 7.540 Thread 0x000002565a11b4e0 Exception <a 'java/lang/NoSuchMethodError'{0x00000000d56fe6a0}: 'void java.lang.invoke.DirectMethodHandle$Holder.invokeVirtual(java.lang.Object, java.lang.Object, int)'> (0x00000000d56fe6a0) 
thrown [s\src\hotspot\share\interpreter\linkResolver.cpp, line 773]
Event: 7.976 Thread 0x000002565a11b4e0 Exception <a 'java/lang/NoSuchMethodError'{0x00000000d5fa7f88}: 'void java.lang.invoke.DirectMethodHandle$Holder.invokeInterface(java.lang.Object, java.lang.Object)'> (0x00000000d5fa7f88) 
thrown [s\src\hotspot\share\interpreter\linkResolver.cpp, line 773]

ZGC Phase Switch (0 events):
No events

VM Operations (20 events):
Event: 7.753 Executing safepoint VM operation: ParallelGCFailedAllocation (Allocation Failure)
Event: 7.756 Executing safepoint VM operation: ParallelGCFailedAllocation (Allocation Failure) done
Event: 7.814 Executing safepoint VM operation: ParallelGCFailedAllocation (Allocation Failure)
Event: 7.818 Executing safepoint VM operation: ParallelGCFailedAllocation (Allocation Failure) done
Event: 7.883 Executing safepoint VM operation: ParallelGCFailedAllocation (Allocation Failure)
Event: 7.888 Executing safepoint VM operation: ParallelGCFailedAllocation (Allocation Failure) done
Event: 7.935 Executing safepoint VM operation: ParallelGCFailedAllocation (Allocation Failure)
Event: 7.939 Executing safepoint VM operation: ParallelGCFailedAllocation (Allocation Failure) done
Event: 7.981 Executing safepoint VM operation: ParallelGCFailedAllocation (Allocation Failure)
Event: 7.984 Executing safepoint VM operation: ParallelGCFailedAllocation (Allocation Failure) done
Event: 7.997 Executing non-safepoint VM operation: HandshakeAllThreads (Deoptimize)
Event: 7.997 Executing non-safepoint VM operation: HandshakeAllThreads (Deoptimize) done
Event: 8.039 Executing safepoint VM operation: ParallelGCFailedAllocation (Allocation Failure)
Event: 8.044 Executing safepoint VM operation: ParallelGCFailedAllocation (Allocation Failure) done
Event: 8.088 Executing safepoint VM operation: ParallelGCFailedAllocation (Allocation Failure)
Event: 8.091 Executing safepoint VM operation: ParallelGCFailedAllocation (Allocation Failure) done
Event: 8.170 Executing safepoint VM operation: ParallelGCFailedAllocation (Allocation Failure)
Event: 8.175 Executing safepoint VM operation: ParallelGCFailedAllocation (Allocation Failure) done
Event: 8.254 Executing safepoint VM operation: ParallelGCFailedAllocation (Allocation Failure)
Event: 8.260 Executing safepoint VM operation: ParallelGCFailedAllocation (Allocation Failure) done

Memory protections (0 events):
No events

Nmethod flushes (20 events):
Event: 6.724 Thread 0x000002567b26f9b0 flushing  nmethod 0x00000256008bae10
Event: 6.724 Thread 0x000002567b26f9b0 flushing  nmethod 0x00000256008c3290
Event: 6.724 Thread 0x000002567b26f9b0 flushing  nmethod 0x00000256008d9110
Event: 6.724 Thread 0x000002567b26f9b0 flushing  nmethod 0x0000025600904610
Event: 6.724 Thread 0x000002567b26f9b0 flushing  nmethod 0x0000025600904c10
Event: 6.724 Thread 0x000002567b26f9b0 flushing  nmethod 0x0000025600906210
Event: 6.724 Thread 0x000002567b26f9b0 flushing  nmethod 0x0000025600906910
Event: 6.724 Thread 0x000002567b26f9b0 flushing  nmethod 0x000002560090fa10
Event: 6.724 Thread 0x000002567b26f9b0 flushing  nmethod 0x0000025600982910
Event: 6.724 Thread 0x000002567b26f9b0 flushing  nmethod 0x0000025600992790
Event: 6.724 Thread 0x000002567b26f9b0 flushing  nmethod 0x0000025600994c90
Event: 6.724 Thread 0x000002567b26f9b0 flushing  nmethod 0x0000025600996590
Event: 6.724 Thread 0x000002567b26f9b0 flushing  nmethod 0x0000025600998f10
Event: 6.724 Thread 0x000002567b26f9b0 flushing  nmethod 0x0000025600999910
Event: 6.724 Thread 0x000002567b26f9b0 flushing  nmethod 0x000002560099fc90
Event: 6.724 Thread 0x000002567b26f9b0 flushing  nmethod 0x00000256009a1510
Event: 6.724 Thread 0x000002567b26f9b0 flushing  nmethod 0x00000256009a1c90
Event: 6.724 Thread 0x000002567b26f9b0 flushing  nmethod 0x00000256009a2010
Event: 6.724 Thread 0x000002567b26f9b0 flushing  nmethod 0x00000256009a2390
Event: 6.724 Thread 0x000002567b26f9b0 flushing  nmethod 0x00000256009a2910

Events (20 events):
Event: 5.755 Thread 0x000002565a11b4e0 Thread added: 0x000002565c10ef20
Event: 5.755 Thread 0x000002565c110ff0 Thread added: 0x000002565c10f5b0
Event: 5.755 Thread 0x000002565c111680 Thread added: 0x000002565c10fc40
Event: 5.755 Thread 0x000002565c110960 Thread added: 0x000002565b4edb90
Event: 5.755 Thread 0x000002565c10ef20 Thread added: 0x000002565b4ef5d0
Event: 5.755 Thread 0x000002565c10fc40 Thread added: 0x000002565b4efc60
Event: 6.560 Thread 0x000002565a11b4e0 Thread added: 0x000002565b4ee220
Event: 6.567 Thread 0x000002565a11b4e0 Thread added: 0x000002565b4ed500
Event: 6.633 Thread 0x000002565a11b4e0 Thread added: 0x000002565b4ee8b0
Event: 6.647 Thread 0x000002565a11b4e0 Thread added: 0x000002565b4f16a0
Event: 6.674 Thread 0x000002565a11b4e0 Thread added: 0x000002565b4f1010
Event: 6.677 Thread 0x000002565a11b4e0 Thread added: 0x000002565b4f23c0
Event: 6.682 Thread 0x000002565a11b4e0 Thread added: 0x000002565b4f1d30
Event: 6.824 Thread 0x000002565a11b4e0 Thread added: 0x000002565b4f02f0
Event: 6.844 Thread 0x000002565a11b4e0 Thread added: 0x000002565b4eef40
Event: 7.987 Thread 0x000002565a11b4e0 Thread added: 0x000002565b4f2a50
Event: 7.987 Thread 0x000002565a11b4e0 Thread added: 0x000002565b4f30e0
Event: 7.987 Thread 0x000002565a11b4e0 Thread added: 0x000002565b4f3770
Event: 7.987 Thread 0x000002565a11b4e0 Thread added: 0x000002565b4f3e00
Event: 7.987 Thread 0x000002565a11b4e0 Thread added: 0x000002565b4f0980


Dynamic libraries:
0x00007ff6777c0000 - 0x00007ff6777ce000 	c:\Users\arpit\.vscode\extensions\redhat.java-1.54.0-win32-x64\jre\21.0.10-win32-x86_64\bin\java.exe
0x00007ffd82f60000 - 0x00007ffd831c7000 	C:\WINDOWS\SYSTEM32\ntdll.dll
0x00007ffd80e30000 - 0x00007ffd80ef9000 	C:\WINDOWS\System32\KERNEL32.DLL
0x00007ffd80460000 - 0x00007ffd80857000 	C:\WINDOWS\System32\KERNELBASE.dll
0x00007ffd80b00000 - 0x00007ffd80c4b000 	C:\WINDOWS\System32\ucrtbase.dll
0x00007ffd51ec0000 - 0x00007ffd51ede000 	c:\Users\arpit\.vscode\extensions\redhat.java-1.54.0-win32-x64\jre\21.0.10-win32-x86_64\bin\VCRUNTIME140.dll
0x00007ffd00c90000 - 0x00007ffd00ca8000 	c:\Users\arpit\.vscode\extensions\redhat.java-1.54.0-win32-x64\jre\21.0.10-win32-x86_64\bin\jli.dll
0x00007ffd82b90000 - 0x00007ffd82d56000 	C:\WINDOWS\System32\USER32.dll
0x00007ffd65470000 - 0x00007ffd65702000 	C:\WINDOWS\WinSxS\amd64_microsoft.windows.common-controls_6595b64144ccf1df_6.0.26100.8457_none_3e0b2faee331e92d\COMCTL32.dll
0x00007ffd7f990000 - 0x00007ffd7f9b7000 	C:\WINDOWS\System32\win32u.dll
0x00007ffd820a0000 - 0x00007ffd82149000 	C:\WINDOWS\System32\msvcrt.dll
0x00007ffd80d00000 - 0x00007ffd80d2b000 	C:\WINDOWS\System32\GDI32.dll
0x00007ffd80860000 - 0x00007ffd8098c000 	C:\WINDOWS\System32\gdi32full.dll
0x00007ffd80230000 - 0x00007ffd802d3000 	C:\WINDOWS\System32\msvcp_win.dll
0x00007ffd81b30000 - 0x00007ffd81b62000 	C:\WINDOWS\System32\IMM32.DLL
0x00007ffd51eb0000 - 0x00007ffd51ebc000 	c:\Users\arpit\.vscode\extensions\redhat.java-1.54.0-win32-x64\jre\21.0.10-win32-x86_64\bin\vcruntime140_1.dll
0x00007ffcc6ed0000 - 0x00007ffcc6f5d000 	c:\Users\arpit\.vscode\extensions\redhat.java-1.54.0-win32-x64\jre\21.0.10-win32-x86_64\bin\msvcp140.dll
0x00007ffca1e90000 - 0x00007ffca2c31000 	c:\Users\arpit\.vscode\extensions\redhat.java-1.54.0-win32-x64\jre\21.0.10-win32-x86_64\bin\server\jvm.dll
0x00007ffd821d0000 - 0x00007ffd82286000 	C:\WINDOWS\System32\ADVAPI32.dll
0x00007ffd81ff0000 - 0x00007ffd82097000 	C:\WINDOWS\System32\sechost.dll
0x00007ffd81a10000 - 0x00007ffd81b28000 	C:\WINDOWS\System32\RPCRT4.dll
0x00007ffd82e90000 - 0x00007ffd82f10000 	C:\WINDOWS\System32\WS2_32.dll
0x00007ffd7f810000 - 0x00007ffd7f86e000 	C:\WINDOWS\SYSTEM32\POWRPROF.dll
0x00007ffd77b10000 - 0x00007ffd77b46000 	C:\WINDOWS\SYSTEM32\WINMM.dll
0x00007ffd78590000 - 0x00007ffd7859b000 	C:\WINDOWS\SYSTEM32\VERSION.dll
0x00007ffd7f7f0000 - 0x00007ffd7f804000 	C:\WINDOWS\SYSTEM32\UMPDC.dll
0x00007ffd7e720000 - 0x00007ffd7e73b000 	C:\WINDOWS\SYSTEM32\kernel.appcore.dll
0x00007ffcff750000 - 0x00007ffcff75a000 	c:\Users\arpit\.vscode\extensions\redhat.java-1.54.0-win32-x64\jre\21.0.10-win32-x86_64\bin\jimage.dll
0x00007ffd72600000 - 0x00007ffd72842000 	C:\WINDOWS\SYSTEM32\DBGHELP.DLL
0x00007ffd81c60000 - 0x00007ffd81fe3000 	C:\WINDOWS\System32\combase.dll
0x00007ffd81930000 - 0x00007ffd81a09000 	C:\WINDOWS\System32\OLEAUT32.dll
0x00007ffd60120000 - 0x00007ffd6015b000 	C:\WINDOWS\SYSTEM32\dbgcore.DLL
0x00007ffd80990000 - 0x00007ffd80a38000 	C:\WINDOWS\System32\bcryptPrimitives.dll
0x00007ffd679b0000 - 0x00007ffd679bf000 	c:\Users\arpit\.vscode\extensions\redhat.java-1.54.0-win32-x64\jre\21.0.10-win32-x86_64\bin\instrument.dll
0x00007ffcff720000 - 0x00007ffcff740000 	c:\Users\arpit\.vscode\extensions\redhat.java-1.54.0-win32-x64\jre\21.0.10-win32-x86_64\bin\java.dll
0x00007ffd82410000 - 0x00007ffd82b7e000 	C:\WINDOWS\System32\SHELL32.dll
0x00007ffd7f9c0000 - 0x00007ffd8022c000 	C:\WINDOWS\System32\windows.storage.dll
0x00007ffd81610000 - 0x00007ffd81706000 	C:\WINDOWS\System32\SHCORE.dll
0x00007ffd82e20000 - 0x00007ffd82e86000 	C:\WINDOWS\System32\shlwapi.dll
0x00007ffd7f8b0000 - 0x00007ffd7f8d9000 	C:\WINDOWS\SYSTEM32\profapi.dll
0x00007ffd743c0000 - 0x00007ffd743d8000 	c:\Users\arpit\.vscode\extensions\redhat.java-1.54.0-win32-x64\jre\21.0.10-win32-x86_64\bin\zip.dll
0x00007ffd78010000 - 0x00007ffd78020000 	C:\Users\arpit\.vscode\extensions\redhat.java-1.54.0-win32-x64\jre\21.0.10-win32-x86_64\bin\net.dll
0x00007ffd780f0000 - 0x00007ffd78219000 	C:\WINDOWS\SYSTEM32\WINHTTP.dll
0x00007ffd7ec90000 - 0x00007ffd7ecfc000 	C:\WINDOWS\system32\mswsock.dll
0x00007ffd73660000 - 0x00007ffd73676000 	C:\Users\arpit\.vscode\extensions\redhat.java-1.54.0-win32-x64\jre\21.0.10-win32-x86_64\bin\nio.dll
0x00007ffd73650000 - 0x00007ffd73660000 	c:\Users\arpit\.vscode\extensions\redhat.java-1.54.0-win32-x64\jre\21.0.10-win32-x86_64\bin\verify.dll
0x00007ffd387d0000 - 0x00007ffd38815000 	C:\Users\arpit\AppData\Roaming\Code\User\globalStorage\redhat.java\1.54.0\config_win\org.eclipse.equinox.launcher\org.eclipse.equinox.launcher.win32.win32.x86_64_1.3.0.v20260203-2149\eclipse_11919.dll
0x00007ffd81790000 - 0x00007ffd81927000 	C:\WINDOWS\System32\ole32.dll
0x00007ffd7ef70000 - 0x00007ffd7ef8b000 	C:\WINDOWS\SYSTEM32\CRYPTSP.dll
0x00007ffd7e680000 - 0x00007ffd7e6b9000 	C:\WINDOWS\system32\rsaenh.dll
0x00007ffd7ed40000 - 0x00007ffd7ed73000 	C:\WINDOWS\SYSTEM32\USERENV.dll
0x00007ffd7f880000 - 0x00007ffd7f8aa000 	C:\WINDOWS\SYSTEM32\bcrypt.dll
0x00007ffd7ef90000 - 0x00007ffd7ef9c000 	C:\WINDOWS\SYSTEM32\CRYPTBASE.dll
0x00007ffd7e1a0000 - 0x00007ffd7e1d2000 	C:\WINDOWS\SYSTEM32\IPHLPAPI.DLL
0x00007ffd80ce0000 - 0x00007ffd80cea000 	C:\WINDOWS\System32\NSI.dll
0x00007ffd38780000 - 0x00007ffd387c9000 	C:\Users\arpit\AppData\Local\Temp\jna-93088714\jna2243553646679660110.dll
0x00007ffd80f00000 - 0x00007ffd80f08000 	C:\WINDOWS\System32\PSAPI.DLL
0x00007ffd79b50000 - 0x00007ffd79b6d000 	C:\WINDOWS\SYSTEM32\dhcpcsvc6.DLL
0x00007ffd79b20000 - 0x00007ffd79b45000 	C:\WINDOWS\SYSTEM32\dhcpcsvc.DLL

JVMTI agents:
c:\Users\arpit\.vscode\extensions\redhat.java-1.54.0-win32-x64\lombok\lombok-1.18.39-4050.jar path:c:\Users\arpit\.vscode\extensions\redhat.java-1.54.0-win32-x64\jre\21.0.10-win32-x86_64\bin\instrument.dll, loaded, initialized, instrumentlib options:none

dbghelp: loaded successfully - version: 4.0.5 - missing functions: none
symbol engine: initialized successfully - sym options: 0x614 - pdb path: .;c:\Users\arpit\.vscode\extensions\redhat.java-1.54.0-win32-x64\jre\21.0.10-win32-x86_64\bin;C:\WINDOWS\SYSTEM32;C:\WINDOWS\WinSxS\amd64_microsoft.windows.common-controls_6595b64144ccf1df_6.0.26100.8457_none_3e0b2faee331e92d;c:\Users\arpit\.vscode\extensions\redhat.java-1.54.0-win32-x64\jre\21.0.10-win32-x86_64\bin\server;C:\Users\arpit\AppData\Roaming\Code\User\globalStorage\redhat.java\1.54.0\config_win\org.eclipse.equinox.launcher\org.eclipse.equinox.launcher.win32.win32.x86_64_1.3.0.v20260203-2149;C:\Users\arpit\AppData\Local\Temp\jna-93088714

VM Arguments:
jvm_args: --add-modules=ALL-SYSTEM --add-opens=java.base/java.util=ALL-UNNAMED --add-opens=java.base/java.lang=ALL-UNNAMED --add-opens=java.base/sun.nio.fs=ALL-UNNAMED -Declipse.application=org.eclipse.jdt.ls.core.id1 -Dosgi.bundles.defaultStartLevel=4 -Declipse.product=org.eclipse.jdt.ls.core.product -Djava.import.generatesMetadataFilesAtProjectRoot=false -DDetectVMInstallationsJob.disabled=true -Dfile.encoding=utf8 -XX:+UseParallelGC -XX:GCTimeRatio=4 -XX:AdaptiveSizePolicyWeight=90 -Dsun.zip.disableMemoryMapping=true -Xmx2G -Xms100m -Xlog:disable -javaagent:c:\Users\arpit\.vscode\extensions\redhat.java-1.54.0-win32-x64\lombok\lombok-1.18.39-4050.jar -XX:+HeapDumpOnOutOfMemoryError -XX:HeapDumpPath=c:\Users\arpit\AppData\Roaming\Code\User\workspaceStorage\7665114673e356f46a1bab68c603dfeb\redhat.java -Daether.dependencyCollector.impl=bf 
java_command: c:\Users\arpit\.vscode\extensions\redhat.java-1.54.0-win32-x64\server\plugins\org.eclipse.equinox.launcher_1.7.100.v20251111-0406.jar -configuration c:\Users\arpit\AppData\Roaming\Code\User\globalStorage\redhat.java\1.54.0\config_win -data c:\Users\arpit\AppData\Roaming\Code\User\workspaceStorage\7665114673e356f46a1bab68c603dfeb\redhat.java\jdt_ws --pipe=\\.\pipe\lsp-bced62c9350165f6ea85fa23e0a856c0-sock
java_class_path (initial): c:\Users\arpit\.vscode\extensions\redhat.java-1.54.0-win32-x64\server\plugins\org.eclipse.equinox.launcher_1.7.100.v20251111-0406.jar
Launcher Type: SUN_STANDARD

[Global flags]
    uintx AdaptiveSizePolicyWeight                 = 90                                        {product} {command line}
     intx CICompilerCount                          = 4                                         {product} {ergonomic}
    uintx GCTimeRatio                              = 4                                         {product} {command line}
     bool HeapDumpOnOutOfMemoryError               = true                                   {manageable} {command line}
    ccstr HeapDumpPath                             = c:\Users\arpit\AppData\Roaming\Code\User\workspaceStorage\7665114673e356f46a1bab68c603dfeb\redhat.java         {manageable} {command line}
   size_t InitialHeapSize                          = 104857600                                 {product} {command line}
   size_t MaxHeapSize                              = 2147483648                                {product} {command line}
   size_t MaxNewSize                               = 715653120                                 {product} {ergonomic}
   size_t MinHeapDeltaBytes                        = 524288                                    {product} {ergonomic}
   size_t MinHeapSize                              = 104857600                                 {product} {command line}
   size_t NewSize                                  = 34603008                                  {product} {ergonomic}
    uintx NonNMethodCodeHeapSize                   = 5839372                                {pd product} {ergonomic}
    uintx NonProfiledCodeHeapSize                  = 122909434                              {pd product} {ergonomic}
   size_t OldSize                                  = 70254592                                  {product} {ergonomic}
    uintx ProfiledCodeHeapSize                     = 122909434                              {pd product} {ergonomic}
    uintx ReservedCodeCacheSize                    = 251658240                              {pd product} {ergonomic}
     bool SegmentedCodeCache                       = true                                      {product} {ergonomic}
   size_t SoftMaxHeapSize                          = 2147483648                             {manageable} {ergonomic}
     bool UseCompressedOops                        = true                           {product lp64_product} {ergonomic}
     bool UseLargePagesIndividualAllocation        = false                                  {pd product} {ergonomic}
     bool UseParallelGC                            = true                                      {product} {command line}

Logging:
Log output configuration:
 #0: stdout all=off uptime,level,tags foldmultilines=false
 #1: stderr all=off uptime,level,tags foldmultilines=false

Release file:
JAVA_VERSION="21.0.10" 
MODULES="java.base java.compiler java.datatransfer java.xml java.prefs java.desktop java.instrument java.logging java.management java.security.sasl java.naming java.rmi java.management.rmi java.net.http java.scripting java.security.jgss java.transaction.xa java.sql java.sql.rowset java.xml.crypto java.se java.smartcardio jdk.accessibility jdk.internal.jvmstat jdk.attach jdk.charsets jdk.internal.opt jdk.zipfs jdk.compiler jdk.crypto.ec jdk.crypto.cryptoki jdk.crypto.mscapi jdk.dynalink jdk.internal.ed jdk.editpad jdk.hotspot.agent jdk.httpserver jdk.internal.le jdk.internal.vm.ci jdk.internal.vm.compiler jdk.internal.vm.compiler.management jdk.jartool jdk.javadoc jdk.jcmd jdk.management jdk.management.agent jdk.jconsole jdk.jdeps jdk.jdwp.agent jdk.jdi jdk.jfr jdk.jshell jdk.jsobject jdk.jstatd jdk.localedata jdk.management.jfr jdk.naming.dns jdk.naming.rmi jdk.net jdk.nio.mapmode jdk.random jdk.sctp jdk.security.auth jdk.security.jgss jdk.unsupported jdk.unsupported.desktop jdk.xml.dom" 

Environment Variables:
JAVA_HOME=C:\Program Files\Java\jdk-21
PATH=C:\Program Files\Common Files\Oracle\Java\javapath;C:\windows\system32;C:\windows;C:\windows\System32\Wbem;C:\windows\System32\WindowsPowerShell\v1.0\;C:\windows\System32\OpenSSH\;C:\Program Files (x86)\NVIDIA Corporation\PhysX\Common;C:\Program Files\NVIDIA Corporation\NVIDIA NvDLISR;C:\MinGW\bin;C:\Program Files\Git\cmd;C:\Program Files\MySQL\MySQL Server 8.0\bin;C:\WINDOWS\system32;C:\WINDOWS;C:\WINDOWS\System32\Wbem;C:\WINDOWS\System32\WindowsPowerShell\v1.0\;C:\WINDOWS\System32\OpenSSH\;%CATALINA_HOME\bin;C:\Program Files\nodejs\;C:\Program Files (x86)\Windows Kits\10\Windows Performance Toolkit\;C:\apache-maven-3.9.11-src\apache-maven-3.9.11\apache-maven\src\bin;C:\Program Files\MongoDB\Server\8.0\bin;C:\Program Files\Go\bin;C:\Users\arpit\AppData\Roaming\npm;;C:\Program Files\Docker\Docker\resources\bin;C:\Program Files\Common Files\Oracle\Java\javapath;C:\windows\system32;C:\windows;C:\windows\System32\Wbem;C:\windows\System32\WindowsPowerShell\v1.0\;C:\windows\System32\OpenSSH\;C:\Program Files (x86)\NVIDIA Corporation\PhysX\Common;C:\Program Files\NVIDIA Corporation\NVIDIA NvDLISR;C:\MinGW\bin;C:\Program Files\Git\cmd;C:\Program Files\MySQL\MySQL Server 8.0\bin;C:\WINDOWS\system32;C:\WINDOWS;C:\WINDOWS\System32\Wbem;C:\WINDOWS\System32\WindowsPowerShell\v1.0\;C:\WINDOWS\System32\OpenSSH\;%CATALINA_HOME\bin;C:\Program Files\nodejs\;C:\Program Files (x86)\Windows Kits\10\Windows Performance Toolkit\;C:\apache-maven-3.9.11-src\apache-maven-3.9.11\apache-maven\src\bin;C:\Program Files\MongoDB\Server\8.0\bin;C:\Program Files\Go\bin;C:\Users\arpit\AppData\Roaming\npm;;C:\Program Files\Docker\Docker\resources\bin;C:\Program Files\Java\jdk-21\bin;C:\Users\arpit\AppData\Local\Programs\Microsoft VS Code\bin;C:\Users\arpit\go\bin;C:\Users\arpit\AppData\Local\Microsoft\WindowsApps;
USERNAME=arpit
OS=Windows_NT
PROCESSOR_IDENTIFIER=AMD64 Family 25 Model 80 Stepping 0, AuthenticAMD
TMP=C:\Users\arpit\AppData\Local\Temp
TEMP=C:\Users\arpit\AppData\Local\Temp




Periodic native trim disabled

---------------  S Y S T E M  ---------------

OS:
 Windows 11 , 64 bit Build 26100 (10.0.26100.8328)
OS uptime: 0 days 9:43 hours
Hyper-V role detected

CPU: total 12 (initial active 12) (12 cores per cpu, 2 threads per core) family 25 model 80 stepping 0 microcode 0xa50000f, cx8, cmov, fxsr, ht, mmx, 3dnowpref, sse, sse2, sse3, ssse3, sse4a, sse4.1, sse4.2, popcnt, lzcnt, tsc, tscinvbit, avx, avx2, aes, erms, clmul, bmi1, bmi2, adx, sha, fma, vzeroupper, clflush, clflushopt, hv, rdtscp, rdpid, fsrm, f16c, cet_ss
Processor Information for the first 12 processors :
  Max Mhz: 3301, Current Mhz: 3301, Mhz Limit: 3301

Memory: 4k page, system-wide physical 7518M (762M free)
TotalPageFile size 16345M (AvailPageFile size 1M)
current process WorkingSet (physical memory assigned to process): 764M, peak: 764M
current process commit charge ("private bytes"): 711M, peak: 1723M

vm_info: OpenJDK 64-Bit Server VM (21.0.10+7-LTS) for windows-amd64 JRE (21.0.10+7-LTS), built on 2026-01-20T00:00:00Z by "admin" with MS VC++ 17.12 (VS2022)

END.
