#
# There is insufficient memory for the Java Runtime Environment to continue.
# Native memory allocation (malloc) failed to allocate 32784 bytes. Error detail: Chunk::new
# Possible reasons:
#   The system is out of physical RAM or swap space
#   This process is running with CompressedOops enabled, and the Java Heap may be blocking the growth of the native heap
# Possible solutions:
#   Reduce memory load on the system
#   Increase physical memory or swap space
#   Check if swap backing store is full
#   Decrease Java heap size (-Xmx/-Xms)
#   Decrease number of Java threads
#   Decrease Java thread stack sizes (-Xss)
#   Set larger code cache with -XX:ReservedCodeCacheSize=
#   JVM is running with Unscaled Compressed Oops mode in which the Java heap is
#     placed in the first 4GB address space. The Java Heap base address is the
#     maximum limit for the native heap growth. Please use -XX:HeapBaseMinAddress
#     to set the Java Heap base and to place the Java Heap above 4GB virtual address.
# This output file may be truncated or incomplete.
#
#  Out of Memory Error (arena.cpp:168), pid=5188, tid=23136
#
# JRE version: OpenJDK Runtime Environment Temurin-21.0.10+7 (21.0.10+7) (build 21.0.10+7-LTS)
# Java VM: OpenJDK 64-Bit Server VM Temurin-21.0.10+7 (21.0.10+7-LTS, mixed mode, sharing, tiered, compressed oops, compressed class ptrs, parallel gc, windows-amd64)
# No core dump will be written. Minidumps are not enabled by default on client versions of Windows
#

---------------  S U M M A R Y ------------

Command Line: --add-modules=ALL-SYSTEM --add-opens=java.base/java.util=ALL-UNNAMED --add-opens=java.base/java.lang=ALL-UNNAMED --add-opens=java.base/sun.nio.fs=ALL-UNNAMED -Declipse.application=org.eclipse.jdt.ls.core.id1 -Dosgi.bundles.defaultStartLevel=4 -Declipse.product=org.eclipse.jdt.ls.core.product -Djava.import.generatesMetadataFilesAtProjectRoot=false -DDetectVMInstallationsJob.disabled=true -Dfile.encoding=utf8 -XX:+UseParallelGC -XX:GCTimeRatio=4 -XX:AdaptiveSizePolicyWeight=90 -Dsun.zip.disableMemoryMapping=true -Xmx2G -Xms100m -Xlog:disable -javaagent:c:\Users\arpit\.vscode\extensions\redhat.java-1.54.0-win32-x64\lombok\lombok-1.18.39-4050.jar c:\Users\arpit\.vscode\extensions\redhat.java-1.54.0-win32-x64\server\plugins\org.eclipse.equinox.launcher_1.7.100.v20251111-0406.jar -configuration c:\Users\arpit\AppData\Roaming\Code\User\globalStorage\redhat.java\1.54.0\config_ss_win -data c:\Users\arpit\AppData\Roaming\Code\User\workspaceStorage\7665114673e356f46a1bab68c603dfeb\redhat.java\ss_ws --pipe=\\.\pipe\lsp-15da5a2c8dbc8ce68ff7cac999581a48-sock

Host: AMD Ryzen 5 5600H with Radeon Graphics         , 12 cores, 7G,  Windows 11 , 64 bit Build 26100 (10.0.26100.8328)
Time: Sat Jun  6 02:28:44 2026 India Standard Time elapsed time: 1.209965 seconds (0d 0h 0m 1s)

---------------  T H R E A D  ---------------

Current thread (0x0000029c7e511de0):  JavaThread "C2 CompilerThread1" daemon [_thread_in_native, id=23136, stack(0x000000f79db00000,0x000000f79dc00000) (1024K)]


Current CompileTask:
C2:1210  737       4       lombok.patcher.PatchScript::classMatches (41 bytes)

Stack: [0x000000f79db00000,0x000000f79dc00000]
Native frames: (J=compiled Java code, j=interpreted, Vv=VM code, C=native code)
V  [jvm.dll+0x6d7a39]
V  [jvm.dll+0x8b4b26]
V  [jvm.dll+0x8b70de]
V  [jvm.dll+0x8b77c3]
V  [jvm.dll+0x284346]
V  [jvm.dll+0xc66ed]
V  [jvm.dll+0xc6c31]
V  [jvm.dll+0xc6815]
V  [jvm.dll+0x6b2b0c]
V  [jvm.dll+0x60cbfe]
V  [jvm.dll+0x5f4253]
V  [jvm.dll+0x5f852b]
V  [jvm.dll+0x5f7c5d]
V  [jvm.dll+0x5f7b40]
V  [jvm.dll+0x5f7cc0]
V  [jvm.dll+0x5ff042]
V  [jvm.dll+0x255b17]
V  [jvm.dll+0x255edd]
V  [jvm.dll+0x24e500]
V  [jvm.dll+0x24ba42]
V  [jvm.dll+0x1cb34e]
V  [jvm.dll+0x25b85d]
V  [jvm.dll+0x259dea]
V  [jvm.dll+0x3f857e]
V  [jvm.dll+0x85f59d]
V  [jvm.dll+0x6d626d]
C  [ucrtbase.dll+0x37b0]
C  [KERNEL32.DLL+0x2e957]
C  [ntdll.dll+0x427c]


---------------  P R O C E S S  ---------------

Threads class SMR info:
_java_thread_list=0x0000029c7e3edb10, length=12, elements={
0x0000029c663cf830, 0x0000029c66472fa0, 0x0000029c66474ec0, 0x0000029c6647c040,
0x0000029c6647cd60, 0x0000029c6647d3f0, 0x0000029c6647c6d0, 0x0000029c66482000,
0x0000029c6648e040, 0x0000029c6647ac90, 0x0000029c6647da80, 0x0000029c7e511de0
}

Java Threads: ( => current thread )
  0x0000029c663cf830 JavaThread "main"                              [_thread_in_vm, id=19020, stack(0x000000f79cd00000,0x000000f79ce00000) (1024K)]
  0x0000029c66472fa0 JavaThread "Reference Handler"          daemon [_thread_blocked, id=13328, stack(0x000000f79d100000,0x000000f79d200000) (1024K)]
  0x0000029c66474ec0 JavaThread "Finalizer"                  daemon [_thread_blocked, id=2484, stack(0x000000f79d200000,0x000000f79d300000) (1024K)]
  0x0000029c6647c040 JavaThread "Signal Dispatcher"          daemon [_thread_blocked, id=23324, stack(0x000000f79d300000,0x000000f79d400000) (1024K)]
  0x0000029c6647cd60 JavaThread "Attach Listener"            daemon [_thread_blocked, id=17756, stack(0x000000f79d400000,0x000000f79d500000) (1024K)]
  0x0000029c6647d3f0 JavaThread "Service Thread"             daemon [_thread_blocked, id=23360, stack(0x000000f79d500000,0x000000f79d600000) (1024K)]
  0x0000029c6647c6d0 JavaThread "Monitor Deflation Thread"   daemon [_thread_blocked, id=2136, stack(0x000000f79d600000,0x000000f79d700000) (1024K)]
  0x0000029c66482000 JavaThread "C2 CompilerThread0"         daemon [_thread_in_native, id=5852, stack(0x000000f79d700000,0x000000f79d800000) (1024K)]
  0x0000029c6648e040 JavaThread "C1 CompilerThread0"         daemon [_thread_in_vm, id=23404, stack(0x000000f79d800000,0x000000f79d900000) (1024K)]
  0x0000029c6647ac90 JavaThread "Common-Cleaner"             daemon [_thread_blocked, id=4376, stack(0x000000f79da00000,0x000000f79db00000) (1024K)]
  0x0000029c6647da80 JavaThread "Notification Thread"        daemon [_thread_blocked, id=12976, stack(0x000000f79d900000,0x000000f79da00000) (1024K)]
=>0x0000029c7e511de0 JavaThread "C2 CompilerThread1"         daemon [_thread_in_native, id=23136, stack(0x000000f79db00000,0x000000f79dc00000) (1024K)]
Total: 12

Other Threads:
  0x0000029c66472a50 VMThread "VM Thread"                           [id=9728, stack(0x000000f79d000000,0x000000f79d100000) (1024K)]
  0x0000029c7cd5ba00 WatcherThread "VM Periodic Task Thread"        [id=9340, stack(0x000000f79cf00000,0x000000f79d000000) (1024K)]
  0x0000029c663ee200 WorkerThread "GC Thread#0"                     [id=20416, stack(0x000000f79ce00000,0x000000f79cf00000) (1024K)]
Total: 3

Threads with active compile tasks:
C2 CompilerThread0  1241  834       4       java.util.HashSet::iterator (13 bytes)
C1 CompilerThread0  1241  853       3       jdk.internal.org.objectweb.asm.MethodWriter::visitMethodInsn (191 bytes)
C2 CompilerThread1  1241  737       4       lombok.patcher.PatchScript::classMatches (41 bytes)
Total: 3

VM state: not at safepoint (normal execution)

VM Mutex/Monitor currently owned by a thread: None

Heap address: 0x0000000080000000, size: 2048 MB, Compressed Oops mode: 32-bit

CDS archive(s) mapped at: [0x0000029c00000000-0x0000029c00ba0000-0x0000029c00ba0000), size 12189696, SharedBaseAddress: 0x0000029c00000000, ArchiveRelocationMode: 1.
Compressed class space mapped at: 0x0000029c01000000-0x0000029c41000000, reserved size: 1073741824
Narrow klass base: 0x0000029c00000000, Narrow klass shift: 0, Narrow klass range: 0x100000000

GC Precious Log:
 CardTable entry size: 512
 CPUs: 12 total, 12 available
 Memory: 7518M
 Large Page Support: Disabled
 NUMA Support: Disabled
 Compressed Oops: Enabled (32-bit)
 Alignments: Space 512K, Generation 512K, Heap 2M
 Heap Min Capacity: 100M
 Heap Initial Capacity: 100M
 Heap Max Capacity: 2G
 Pre-touch: Disabled
 Parallel Workers: 10

Heap:
 PSYoungGen      total 29696K, used 16531K [0x00000000d5580000, 0x00000000d7680000, 0x0000000100000000)
  eden space 25600K, 64% used [0x00000000d5580000,0x00000000d65a4f08,0x00000000d6e80000)
  from space 4096K, 0% used [0x00000000d7280000,0x00000000d7280000,0x00000000d7680000)
  to   space 4096K, 0% used [0x00000000d6e80000,0x00000000d6e80000,0x00000000d7280000)
 ParOldGen       total 68608K, used 0K [0x0000000080000000, 0x0000000084300000, 0x00000000d5580000)
  object space 68608K, 0% used [0x0000000080000000,0x0000000080000000,0x0000000084300000)
 Metaspace       used 3213K, committed 3456K, reserved 1114112K
  class space    used 337K, committed 448K, reserved 1048576K

Card table byte_map: [0x0000029c65d70000,0x0000029c66180000] _byte_map_base: 0x0000029c65970000

Marking Bits: (ParMarkBitMap*) 0x00007ffca2123450
 Begin Bits: [0x0000029c78880000, 0x0000029c7a880000)
 End Bits:   [0x0000029c7a880000, 0x0000029c7c880000)

Polling page: 0x0000029c64490000

Metaspace:

Usage:
  Non-class:      2.81 MB used.
      Class:    338.51 KB used.
       Both:      3.14 MB used.

Virtual space:
  Non-class space:       64.00 MB reserved,       2.94 MB (  5%) committed,  1 nodes.
      Class space:        1.00 GB reserved,     448.00 KB ( <1%) committed,  1 nodes.
             Both:        1.06 GB reserved,       3.38 MB ( <1%) committed. 

Chunk freelists:
   Non-Class:  11.53 MB
       Class:  15.51 MB
        Both:  27.04 MB

MaxMetaspaceSize: unlimited
CompressedClassSpaceSize: 1.00 GB
Initial GC threshold: 21.00 MB
Current GC threshold: 21.00 MB
CDS: on
 - commit_granule_bytes: 65536.
 - commit_granule_words: 8192.
 - virtual_space_node_default_size: 8388608.
 - enlarge_chunks_in_place: 1.
 - use_allocation_guard: 0.


Internal statistics:

num_allocs_failed_limit: 0.
num_arena_births: 122.
num_arena_deaths: 0.
num_vsnodes_births: 2.
num_vsnodes_deaths: 0.
num_space_committed: 54.
num_space_uncommitted: 0.
num_chunks_returned_to_freelist: 0.
num_chunks_taken_from_freelist: 153.
num_chunk_merges: 0.
num_chunk_splits: 104.
num_chunks_enlarged: 65.
num_inconsistent_stats: 0.

CodeHeap 'non-profiled nmethods': size=120000Kb used=313Kb max_used=313Kb free=119686Kb
 bounds [0x0000029c710a0000, 0x0000029c71310000, 0x0000029c785d0000]
CodeHeap 'profiled nmethods': size=120000Kb used=1296Kb max_used=1296Kb free=118703Kb
 bounds [0x0000029c695d0000, 0x0000029c69840000, 0x0000029c70b00000]
CodeHeap 'non-nmethods': size=5760Kb used=1188Kb max_used=1212Kb free=4571Kb
 bounds [0x0000029c70b00000, 0x0000029c70d70000, 0x0000029c710a0000]
CodeCache: size=245760Kb, used=2797Kb, max_used=2821Kb, free=242960Kb
 total_blobs=1293, nmethods=846, adapters=354, full_count=0
Compilation: enabled, stopped_count=0, restarted_count=0

Compilation events (20 events):
Event: 1.201 Thread 0x0000029c6648e040 nmethod 799 0x0000029c696fe190 code [0x0000029c696fe340, 0x0000029c696fe4e8]
Event: 1.201 Thread 0x0000029c6648e040  800       3       java.lang.invoke.InvokerBytecodeGenerator::loadInsnOpcode (98 bytes)
Event: 1.202 Thread 0x0000029c6648e040 nmethod 800 0x0000029c696fe590 code [0x0000029c696fe800, 0x0000029c696ff148]
Event: 1.202 Thread 0x0000029c6648e040  801       3       jdk.internal.org.objectweb.asm.ByteVector::put11 (52 bytes)
Event: 1.202 Thread 0x0000029c6648e040 nmethod 801 0x0000029c696ff490 code [0x0000029c696ff640, 0x0000029c696ff848]
Event: 1.202 Thread 0x0000029c6648e040  802       3       java.lang.invoke.MemberName::getInvocationType (56 bytes)
Event: 1.203 Thread 0x0000029c6648e040 nmethod 802 0x0000029c696ff990 code [0x0000029c696ffbc0, 0x0000029c697003e0]
Event: 1.203 Thread 0x0000029c6648e040  804       3       java.lang.invoke.MemberName::checkForTypeAlias (172 bytes)
Event: 1.204 Thread 0x0000029c6648e040 nmethod 804 0x0000029c69700690 code [0x0000029c69700ae0, 0x0000029c69702628]
Event: 1.205 Thread 0x0000029c6648e040  806       3       jdk.internal.org.objectweb.asm.Label::resolve (219 bytes)
Event: 1.205 Thread 0x0000029c6648e040 nmethod 806 0x0000029c69702e90 code [0x0000029c69703080, 0x0000029c69703568]
Event: 1.205 Thread 0x0000029c6648e040  807       3       jdk.internal.org.objectweb.asm.Frame::pop (46 bytes)
Event: 1.206 Thread 0x0000029c6648e040 nmethod 807 0x0000029c69703810 code [0x0000029c697039c0, 0x0000029c69703b60]
Event: 1.207 Thread 0x0000029c6648e040  810       3       java.lang.invoke.LambdaFormBuffer::ownedCount (7 bytes)
Event: 1.207 Thread 0x0000029c6648e040 nmethod 810 0x0000029c69703c10 code [0x0000029c69703da0, 0x0000029c69703eb0]
Event: 1.207 Thread 0x0000029c6648e040  811       3       java.lang.invoke.LambdaForm$Name::<init> (19 bytes)
Event: 1.208 Thread 0x0000029c6648e040 nmethod 811 0x0000029c69703f10 code [0x0000029c69704140, 0x0000029c697047a8]
Event: 1.208 Thread 0x0000029c6648e040  812       3       jdk.internal.org.objectweb.asm.SymbolTable::addConstantNameAndType (137 bytes)
Event: 1.208 Thread 0x0000029c6648e040 nmethod 812 0x0000029c69704b10 code [0x0000029c69704d80, 0x0000029c69705480]
Event: 1.208 Thread 0x0000029c6648e040  813       3       jdk.internal.org.objectweb.asm.SymbolTable$Entry::<init> (20 bytes)

GC Heap History (0 events):
No events

Dll operation events (8 events):
Event: 0.126 Loaded shared library c:\Users\arpit\.vscode\extensions\redhat.java-1.54.0-win32-x64\jre\21.0.10-win32-x86_64\bin\java.dll
Event: 0.239 Loaded shared library c:\Users\arpit\.vscode\extensions\redhat.java-1.54.0-win32-x64\jre\21.0.10-win32-x86_64\bin\zip.dll
Event: 0.267 Loaded shared library C:\Users\arpit\.vscode\extensions\redhat.java-1.54.0-win32-x64\jre\21.0.10-win32-x86_64\bin\instrument.dll
Event: 0.376 Loaded shared library C:\Users\arpit\.vscode\extensions\redhat.java-1.54.0-win32-x64\jre\21.0.10-win32-x86_64\bin\net.dll
Event: 0.516 Loaded shared library C:\Users\arpit\.vscode\extensions\redhat.java-1.54.0-win32-x64\jre\21.0.10-win32-x86_64\bin\nio.dll
Event: 0.522 Loaded shared library C:\Users\arpit\.vscode\extensions\redhat.java-1.54.0-win32-x64\jre\21.0.10-win32-x86_64\bin\zip.dll
Event: 0.543 Loaded shared library C:\Users\arpit\.vscode\extensions\redhat.java-1.54.0-win32-x64\jre\21.0.10-win32-x86_64\bin\jimage.dll
Event: 0.713 Loaded shared library c:\Users\arpit\.vscode\extensions\redhat.java-1.54.0-win32-x64\jre\21.0.10-win32-x86_64\bin\verify.dll

Deoptimization events (20 events):
Event: 0.889 Thread 0x0000029c663cf830 DEOPT PACKING pc=0x0000029c69617a18 sp=0x000000f79cdfab20
Event: 0.889 Thread 0x0000029c663cf830 DEOPT UNPACKING pc=0x0000029c70b54242 sp=0x000000f79cdf9fe0 mode 0
Event: 0.891 Thread 0x0000029c663cf830 DEOPT PACKING pc=0x0000029c69617a18 sp=0x000000f79cdfaab0
Event: 0.891 Thread 0x0000029c663cf830 DEOPT UNPACKING pc=0x0000029c70b54242 sp=0x000000f79cdf9f70 mode 0
Event: 0.892 Thread 0x0000029c663cf830 DEOPT PACKING pc=0x0000029c69617a18 sp=0x000000f79cdfa780
Event: 0.892 Thread 0x0000029c663cf830 DEOPT UNPACKING pc=0x0000029c70b54242 sp=0x000000f79cdf9c40 mode 0
Event: 0.893 Thread 0x0000029c663cf830 DEOPT PACKING pc=0x0000029c69617a18 sp=0x000000f79cdfb0a0
Event: 0.893 Thread 0x0000029c663cf830 DEOPT UNPACKING pc=0x0000029c70b54242 sp=0x000000f79cdfa560 mode 0
Event: 0.994 Thread 0x0000029c663cf830 Uncommon trap: trap_request=0xffffff45 fr.pc=0x0000029c710d29ec relative=0x000000000000014c
Event: 0.994 Thread 0x0000029c663cf830 Uncommon trap: reason=unstable_if action=reinterpret pc=0x0000029c710d29ec method=jdk.internal.util.ArraysSupport.vectorizedHashCode(Ljava/lang/Object;IIII)I @ 2 c2
Event: 0.994 Thread 0x0000029c663cf830 DEOPT PACKING pc=0x0000029c710d29ec sp=0x000000f79cdfce20
Event: 0.994 Thread 0x0000029c663cf830 DEOPT UNPACKING pc=0x0000029c70b53aa2 sp=0x000000f79cdfcdd0 mode 2
Event: 1.008 Thread 0x0000029c663cf830 Uncommon trap: trap_request=0xffffff45 fr.pc=0x0000029c710c2674 relative=0x00000000000000d4
Event: 1.008 Thread 0x0000029c663cf830 Uncommon trap: reason=unstable_if action=reinterpret pc=0x0000029c710c2674 method=java.net.URI.match(CJJ)Z @ 45 c2
Event: 1.008 Thread 0x0000029c663cf830 DEOPT PACKING pc=0x0000029c710c2674 sp=0x000000f79cdfcfa0
Event: 1.008 Thread 0x0000029c663cf830 DEOPT UNPACKING pc=0x0000029c70b53aa2 sp=0x000000f79cdfcf08 mode 2
Event: 1.069 Thread 0x0000029c663cf830 Uncommon trap: trap_request=0xffffff45 fr.pc=0x0000029c710c1124 relative=0x0000000000000184
Event: 1.069 Thread 0x0000029c663cf830 Uncommon trap: reason=unstable_if action=reinterpret pc=0x0000029c710c1124 method=java.lang.StringUTF16.compress([CI[BII)I @ 20 c2
Event: 1.069 Thread 0x0000029c663cf830 DEOPT PACKING pc=0x0000029c710c1124 sp=0x000000f79cdfbc30
Event: 1.069 Thread 0x0000029c663cf830 DEOPT UNPACKING pc=0x0000029c70b53aa2 sp=0x000000f79cdfbba0 mode 2

Classes loaded (20 events):
Event: 1.145 Loading class java/net/URISyntaxException
Event: 1.145 Loading class java/net/URISyntaxException done
Event: 1.145 Loading class java/security/Policy
Event: 1.146 Loading class java/security/Policy done
Event: 1.147 Loading class java/lang/SecurityException
Event: 1.147 Loading class java/lang/SecurityException done
Event: 1.150 Loading class java/nio/file/attribute/PosixFilePermissions
Event: 1.150 Loading class java/nio/file/attribute/PosixFilePermissions done
Event: 1.150 Loading class java/nio/file/attribute/PosixFilePermission
Event: 1.150 Loading class java/nio/file/attribute/PosixFilePermission done
Event: 1.151 Loading class java/lang/Thread$ThreadNumbering
Event: 1.151 Loading class java/lang/Thread$ThreadNumbering done
Event: 1.155 Loading class java/net/URL$ThreadTrackHolder
Event: 1.155 Loading class java/net/URL$ThreadTrackHolder done
Event: 1.156 Loading class java/net/URL$2
Event: 1.156 Loading class java/net/URL$2 done
Event: 1.156 Loading class java/net/URL$1
Event: 1.156 Loading class java/net/URL$1 done
Event: 1.156 Loading class java/net/spi/URLStreamHandlerProvider
Event: 1.156 Loading class java/net/spi/URLStreamHandlerProvider done

Classes unloaded (0 events):
No events

Classes redefined (0 events):
No events

Internal exceptions (14 events):
Event: 0.233 Thread 0x0000029c663cf830 Exception <a 'java/lang/NoSuchMethodError'{0x00000000d57a94b0}: 'void java.lang.invoke.DirectMethodHandle$Holder.invokeStatic(java.lang.Object, java.lang.Object, java.lang.Object)'> (0x00000000d57a94b0) 
thrown [s\src\hotspot\share\interpreter\linkResolver.cpp, line 773]
Event: 0.536 Thread 0x0000029c663cf830 Exception <a 'java/lang/NoSuchMethodError'{0x00000000d5912dd0}: 'java.lang.Object java.lang.invoke.Invokers$Holder.invokeExact_MT(java.lang.Object, java.lang.Object, java.lang.Object, java.lang.Object, java.lang.Object)'> (0x00000000d5912dd0) 
thrown [s\src\hotspot\share\interpreter\linkResolver.cpp, line 773]
Event: 0.587 Thread 0x0000029c663cf830 Exception <a 'java/lang/NoSuchMethodError'{0x00000000d59cbef0}: 'int java.lang.invoke.DirectMethodHandle$Holder.invokeSpecial(java.lang.Object, java.lang.Object, java.lang.Object, int)'> (0x00000000d59cbef0) 
thrown [s\src\hotspot\share\interpreter\linkResolver.cpp, line 773]
Event: 0.589 Thread 0x0000029c663cf830 Exception <a 'java/lang/NoSuchMethodError'{0x00000000d59de8d8}: 'java.lang.Object java.lang.invoke.DirectMethodHandle$Holder.invokeStatic(java.lang.Object, java.lang.Object, java.lang.Object, java.lang.Object, int)'> (0x00000000d59de8d8) 
thrown [s\src\hotspot\share\interpreter\linkResolver.cpp, line 773]
Event: 0.591 Thread 0x0000029c663cf830 Exception <a 'java/lang/NoSuchMethodError'{0x00000000d59e9d18}: 'void java.lang.invoke.DelegatingMethodHandle$Holder.reinvoke_L(java.lang.Object, java.lang.Object, java.lang.Object, int, java.lang.Object)'> (0x00000000d59e9d18) 
thrown [s\src\hotspot\share\interpreter\linkResolver.cpp, line 773]
Event: 0.595 Thread 0x0000029c663cf830 Exception <a 'java/lang/NoSuchMethodError'{0x00000000d59fa668}: 'int java.lang.invoke.DirectMethodHandle$Holder.invokeSpecial(java.lang.Object, java.lang.Object, java.lang.Object)'> (0x00000000d59fa668) 
thrown [s\src\hotspot\share\interpreter\linkResolver.cpp, line 773]
Event: 0.597 Thread 0x0000029c663cf830 Exception <a 'java/lang/NoSuchMethodError'{0x00000000d5a06328}: 'java.lang.Object java.lang.invoke.DirectMethodHandle$Holder.invokeStatic(java.lang.Object, java.lang.Object, int)'> (0x00000000d5a06328) 
thrown [s\src\hotspot\share\interpreter\linkResolver.cpp, line 773]
Event: 0.598 Thread 0x0000029c663cf830 Exception <a 'java/lang/NoSuchMethodError'{0x00000000d5a0ac78}: 'void java.lang.invoke.DirectMethodHandle$Holder.invokeStatic(java.lang.Object, java.lang.Object, int, java.lang.Object)'> (0x00000000d5a0ac78) 
thrown [s\src\hotspot\share\interpreter\linkResolver.cpp, line 773]
Event: 0.599 Thread 0x0000029c663cf830 Exception <a 'java/lang/NoSuchMethodError'{0x00000000d5a0e808}: 'void java.lang.invoke.DirectMethodHandle$Holder.invokeSpecial(java.lang.Object, java.lang.Object, java.lang.Object, int, java.lang.Object)'> (0x00000000d5a0e808) 
thrown [s\src\hotspot\share\interpreter\linkResolver.cpp, line 773]
Event: 0.599 Thread 0x0000029c663cf830 Exception <a 'java/lang/NoSuchMethodError'{0x00000000d5a11c78}: 'void java.lang.invoke.DelegatingMethodHandle$Holder.delegate(java.lang.Object, java.lang.Object, int, java.lang.Object)'> (0x00000000d5a11c78) 
thrown [s\src\hotspot\share\interpreter\linkResolver.cpp, line 773]
Event: 0.763 Thread 0x0000029c663cf830 Exception <a 'java/lang/NoSuchMethodError'{0x00000000d5bd2f88}: 'void java.lang.invoke.DelegatingMethodHandle$Holder.reinvoke_L(java.lang.Object, java.lang.Object, java.lang.Object, int)'> (0x00000000d5bd2f88) 
thrown [s\src\hotspot\share\interpreter\linkResolver.cpp, line 773]
Event: 0.982 Thread 0x0000029c663cf830 Exception <a 'java/lang/NoSuchMethodError'{0x00000000d605fb40}: 'void java.lang.invoke.DirectMethodHandle$Holder.invokeVirtual(java.lang.Object, java.lang.Object)'> (0x00000000d605fb40) 
thrown [s\src\hotspot\share\interpreter\linkResolver.cpp, line 773]
Event: 1.153 Thread 0x0000029c663cf830 Exception <a 'java/lang/NoSuchMethodError'{0x00000000d6445ae8}: 'void java.lang.invoke.DirectMethodHandle$Holder.invokeStatic(java.lang.Object, java.lang.Object)'> (0x00000000d6445ae8) 
thrown [s\src\hotspot\share\interpreter\linkResolver.cpp, line 773]
Event: 1.159 Thread 0x0000029c663cf830 Exception <a 'java/lang/ClassNotFoundException'{0x00000000d646dbe0}: sun/net/www/protocol/c/Handler> (0x00000000d646dbe0) 
thrown [s\src\hotspot\share\classfile\systemDictionary.cpp, line 312]

ZGC Phase Switch (0 events):
No events

VM Operations (8 events):
Event: 0.236 Executing non-safepoint VM operation: HandshakeAllThreads (Deoptimize)
Event: 0.236 Executing non-safepoint VM operation: HandshakeAllThreads (Deoptimize) done
Event: 0.559 Executing non-safepoint VM operation: HandshakeAllThreads (Deoptimize)
Event: 0.559 Executing non-safepoint VM operation: HandshakeAllThreads (Deoptimize) done
Event: 1.102 Executing non-safepoint VM operation: HandshakeAllThreads (Deoptimize)
Event: 1.102 Executing non-safepoint VM operation: HandshakeAllThreads (Deoptimize) done
Event: 1.148 Executing non-safepoint VM operation: HandshakeAllThreads (Deoptimize)
Event: 1.149 Executing non-safepoint VM operation: HandshakeAllThreads (Deoptimize) done

Memory protections (0 events):
No events

Nmethod flushes (0 events):
No events

Events (16 events):
Event: 0.159 Thread 0x0000029c663cf830 Thread added: 0x0000029c663cf830
Event: 0.184 Thread 0x0000029c663cf830 Thread added: 0x0000029c66472fa0
Event: 0.184 Thread 0x0000029c663cf830 Thread added: 0x0000029c66474ec0
Event: 0.184 Thread 0x0000029c663cf830 Thread added: 0x0000029c6647c040
Event: 0.184 Thread 0x0000029c663cf830 Thread added: 0x0000029c6647cd60
Event: 0.184 Thread 0x0000029c663cf830 Thread added: 0x0000029c6647d3f0
Event: 0.185 Thread 0x0000029c663cf830 Thread added: 0x0000029c6647c6d0
Event: 0.185 Thread 0x0000029c663cf830 Thread added: 0x0000029c66482000
Event: 0.185 Thread 0x0000029c663cf830 Thread added: 0x0000029c6648e040
Event: 0.250 Thread 0x0000029c6648e040 Thread added: 0x0000029c7e2ea5d0
Event: 0.270 Thread 0x0000029c663cf830 Thread added: 0x0000029c6647ac90
Event: 0.523 Thread 0x0000029c7e2ea5d0 Thread exited: 0x0000029c7e2ea5d0
Event: 0.640 Thread 0x0000029c66482000 Thread added: 0x0000029c7e44bf60
Event: 0.747 Thread 0x0000029c7e44bf60 Thread exited: 0x0000029c7e44bf60
Event: 0.874 Thread 0x0000029c663cf830 Thread added: 0x0000029c6647da80
Event: 0.891 Thread 0x0000029c66482000 Thread added: 0x0000029c7e511de0


Dynamic libraries:
0x00007ff79afc0000 - 0x00007ff79afce000 	c:\Users\arpit\.vscode\extensions\redhat.java-1.54.0-win32-x64\jre\21.0.10-win32-x86_64\bin\java.exe
0x00007ffd82f60000 - 0x00007ffd831c7000 	C:\WINDOWS\SYSTEM32\ntdll.dll
0x00007ffd80e30000 - 0x00007ffd80ef9000 	C:\WINDOWS\System32\KERNEL32.DLL
0x00007ffd80460000 - 0x00007ffd80857000 	C:\WINDOWS\System32\KERNELBASE.dll
0x00007ffd80b00000 - 0x00007ffd80c4b000 	C:\WINDOWS\System32\ucrtbase.dll
0x00007ffd7b200000 - 0x00007ffd7b21e000 	c:\Users\arpit\.vscode\extensions\redhat.java-1.54.0-win32-x64\jre\21.0.10-win32-x86_64\bin\VCRUNTIME140.dll
0x00007ffd69250000 - 0x00007ffd69268000 	c:\Users\arpit\.vscode\extensions\redhat.java-1.54.0-win32-x64\jre\21.0.10-win32-x86_64\bin\jli.dll
0x00007ffd82b90000 - 0x00007ffd82d56000 	C:\WINDOWS\System32\USER32.dll
0x00007ffd7f990000 - 0x00007ffd7f9b7000 	C:\WINDOWS\System32\win32u.dll
0x00007ffd80d00000 - 0x00007ffd80d2b000 	C:\WINDOWS\System32\GDI32.dll
0x00007ffd65470000 - 0x00007ffd65702000 	C:\WINDOWS\WinSxS\amd64_microsoft.windows.common-controls_6595b64144ccf1df_6.0.26100.8457_none_3e0b2faee331e92d\COMCTL32.dll
0x00007ffd80860000 - 0x00007ffd8098c000 	C:\WINDOWS\System32\gdi32full.dll
0x00007ffd820a0000 - 0x00007ffd82149000 	C:\WINDOWS\System32\msvcrt.dll
0x00007ffd80230000 - 0x00007ffd802d3000 	C:\WINDOWS\System32\msvcp_win.dll
0x00007ffd81b30000 - 0x00007ffd81b62000 	C:\WINDOWS\System32\IMM32.DLL
0x00007ffd7b1f0000 - 0x00007ffd7b1fc000 	c:\Users\arpit\.vscode\extensions\redhat.java-1.54.0-win32-x64\jre\21.0.10-win32-x86_64\bin\vcruntime140_1.dll
0x00007ffd40550000 - 0x00007ffd405dd000 	c:\Users\arpit\.vscode\extensions\redhat.java-1.54.0-win32-x64\jre\21.0.10-win32-x86_64\bin\msvcp140.dll
0x00007ffca1460000 - 0x00007ffca2201000 	c:\Users\arpit\.vscode\extensions\redhat.java-1.54.0-win32-x64\jre\21.0.10-win32-x86_64\bin\server\jvm.dll
0x00007ffd821d0000 - 0x00007ffd82286000 	C:\WINDOWS\System32\ADVAPI32.dll
0x00007ffd81ff0000 - 0x00007ffd82097000 	C:\WINDOWS\System32\sechost.dll
0x00007ffd81a10000 - 0x00007ffd81b28000 	C:\WINDOWS\System32\RPCRT4.dll
0x00007ffd82e90000 - 0x00007ffd82f10000 	C:\WINDOWS\System32\WS2_32.dll
0x00007ffd7f810000 - 0x00007ffd7f86e000 	C:\WINDOWS\SYSTEM32\POWRPROF.dll
0x00007ffd77b10000 - 0x00007ffd77b46000 	C:\WINDOWS\SYSTEM32\WINMM.dll
0x00007ffd78590000 - 0x00007ffd7859b000 	C:\WINDOWS\SYSTEM32\VERSION.dll
0x00007ffd7f7f0000 - 0x00007ffd7f804000 	C:\WINDOWS\SYSTEM32\UMPDC.dll
0x00007ffd7e720000 - 0x00007ffd7e73b000 	C:\WINDOWS\SYSTEM32\kernel.appcore.dll
0x00007ffd73350000 - 0x00007ffd7335a000 	c:\Users\arpit\.vscode\extensions\redhat.java-1.54.0-win32-x64\jre\21.0.10-win32-x86_64\bin\jimage.dll
0x00007ffd72600000 - 0x00007ffd72842000 	C:\WINDOWS\SYSTEM32\DBGHELP.DLL
0x00007ffd81c60000 - 0x00007ffd81fe3000 	C:\WINDOWS\System32\combase.dll
0x00007ffd81930000 - 0x00007ffd81a09000 	C:\WINDOWS\System32\OLEAUT32.dll
0x00007ffd60120000 - 0x00007ffd6015b000 	C:\WINDOWS\SYSTEM32\dbgcore.DLL
0x00007ffd80990000 - 0x00007ffd80a38000 	C:\WINDOWS\System32\bcryptPrimitives.dll
0x00007ffd70720000 - 0x00007ffd7072f000 	c:\Users\arpit\.vscode\extensions\redhat.java-1.54.0-win32-x64\jre\21.0.10-win32-x86_64\bin\instrument.dll
0x00007ffd68a60000 - 0x00007ffd68a80000 	c:\Users\arpit\.vscode\extensions\redhat.java-1.54.0-win32-x64\jre\21.0.10-win32-x86_64\bin\java.dll
0x00007ffd82410000 - 0x00007ffd82b7e000 	C:\WINDOWS\System32\SHELL32.dll
0x00007ffd7f9c0000 - 0x00007ffd8022c000 	C:\WINDOWS\System32\windows.storage.dll
0x00007ffd81610000 - 0x00007ffd81706000 	C:\WINDOWS\System32\SHCORE.dll
0x00007ffd82e20000 - 0x00007ffd82e86000 	C:\WINDOWS\System32\shlwapi.dll
0x00007ffd7f8b0000 - 0x00007ffd7f8d9000 	C:\WINDOWS\SYSTEM32\profapi.dll
0x00007ffd650d0000 - 0x00007ffd650e8000 	c:\Users\arpit\.vscode\extensions\redhat.java-1.54.0-win32-x64\jre\21.0.10-win32-x86_64\bin\zip.dll
0x00007ffd68930000 - 0x00007ffd68940000 	C:\Users\arpit\.vscode\extensions\redhat.java-1.54.0-win32-x64\jre\21.0.10-win32-x86_64\bin\net.dll
0x00007ffd780f0000 - 0x00007ffd78219000 	C:\WINDOWS\SYSTEM32\WINHTTP.dll
0x00007ffd7ec90000 - 0x00007ffd7ecfc000 	C:\WINDOWS\system32\mswsock.dll
0x00007ffd51630000 - 0x00007ffd51646000 	C:\Users\arpit\.vscode\extensions\redhat.java-1.54.0-win32-x64\jre\21.0.10-win32-x86_64\bin\nio.dll
0x00007ffd68430000 - 0x00007ffd68440000 	c:\Users\arpit\.vscode\extensions\redhat.java-1.54.0-win32-x64\jre\21.0.10-win32-x86_64\bin\verify.dll

JVMTI agents:
c:\Users\arpit\.vscode\extensions\redhat.java-1.54.0-win32-x64\lombok\lombok-1.18.39-4050.jar path:c:\Users\arpit\.vscode\extensions\redhat.java-1.54.0-win32-x64\jre\21.0.10-win32-x86_64\bin\instrument.dll, loaded, initialized, instrumentlib options:none

dbghelp: loaded successfully - version: 4.0.5 - missing functions: none
symbol engine: initialized successfully - sym options: 0x614 - pdb path: .;c:\Users\arpit\.vscode\extensions\redhat.java-1.54.0-win32-x64\jre\21.0.10-win32-x86_64\bin;C:\WINDOWS\SYSTEM32;C:\WINDOWS\WinSxS\amd64_microsoft.windows.common-controls_6595b64144ccf1df_6.0.26100.8457_none_3e0b2faee331e92d;c:\Users\arpit\.vscode\extensions\redhat.java-1.54.0-win32-x64\jre\21.0.10-win32-x86_64\bin\server

VM Arguments:
jvm_args: --add-modules=ALL-SYSTEM --add-opens=java.base/java.util=ALL-UNNAMED --add-opens=java.base/java.lang=ALL-UNNAMED --add-opens=java.base/sun.nio.fs=ALL-UNNAMED -Declipse.application=org.eclipse.jdt.ls.core.id1 -Dosgi.bundles.defaultStartLevel=4 -Declipse.product=org.eclipse.jdt.ls.core.product -Djava.import.generatesMetadataFilesAtProjectRoot=false -DDetectVMInstallationsJob.disabled=true -Dfile.encoding=utf8 -XX:+UseParallelGC -XX:GCTimeRatio=4 -XX:AdaptiveSizePolicyWeight=90 -Dsun.zip.disableMemoryMapping=true -Xmx2G -Xms100m -Xlog:disable -javaagent:c:\Users\arpit\.vscode\extensions\redhat.java-1.54.0-win32-x64\lombok\lombok-1.18.39-4050.jar 
java_command: c:\Users\arpit\.vscode\extensions\redhat.java-1.54.0-win32-x64\server\plugins\org.eclipse.equinox.launcher_1.7.100.v20251111-0406.jar -configuration c:\Users\arpit\AppData\Roaming\Code\User\globalStorage\redhat.java\1.54.0\config_ss_win -data c:\Users\arpit\AppData\Roaming\Code\User\workspaceStorage\7665114673e356f46a1bab68c603dfeb\redhat.java\ss_ws --pipe=\\.\pipe\lsp-15da5a2c8dbc8ce68ff7cac999581a48-sock
java_class_path (initial): c:\Users\arpit\.vscode\extensions\redhat.java-1.54.0-win32-x64\server\plugins\org.eclipse.equinox.launcher_1.7.100.v20251111-0406.jar
Launcher Type: SUN_STANDARD

[Global flags]
    uintx AdaptiveSizePolicyWeight                 = 90                                        {product} {command line}
     intx CICompilerCount                          = 4                                         {product} {ergonomic}
    uintx GCTimeRatio                              = 4                                         {product} {command line}
   size_t InitialHeapSize                          = 104857600                                 {product} {command line}
   size_t MaxHeapSize                              = 2147483648                                {product} {command line}
   size_t MaxNewSize                               = 715653120                                 {product} {ergonomic}
   size_t MinHeapDeltaBytes                        = 524288                                    {product} {ergonomic}
   size_t MinHeapSize                              = 104857600                                 {product} {command line}
   size_t NewSize                                  = 34603008                                  {product} {ergonomic}
    uintx NonNMethodCodeHeapSize                   = 5839372                                {pd product} {ergonomic}
    uintx NonProfiledCodeHeapSize                  = 122909434                              {pd product} {ergonomic}
   size_t OldSize                                  = 70254592                                  {product} {ergonomic}
    uintx ProfiledCodeHeapSize                     = 122909434                              {pd product} {ergonomic}
    uintx ReservedCodeCacheSize                    = 251658240                              {pd product} {ergonomic}
     bool SegmentedCodeCache                       = true                                      {product} {ergonomic}
   size_t SoftMaxHeapSize                          = 2147483648                             {manageable} {ergonomic}
     bool UseCompressedOops                        = true                           {product lp64_product} {ergonomic}
     bool UseLargePagesIndividualAllocation        = false                                  {pd product} {ergonomic}
     bool UseParallelGC                            = true                                      {product} {command line}

Logging:
Log output configuration:
 #0: stdout all=off uptime,level,tags foldmultilines=false
 #1: stderr all=off uptime,level,tags foldmultilines=false

Release file:
JAVA_VERSION="21.0.10" 
MODULES="java.base java.compiler java.datatransfer java.xml java.prefs java.desktop java.instrument java.logging java.management java.security.sasl java.naming java.rmi java.management.rmi java.net.http java.scripting java.security.jgss java.transaction.xa java.sql java.sql.rowset java.xml.crypto java.se java.smartcardio jdk.accessibility jdk.internal.jvmstat jdk.attach jdk.charsets jdk.internal.opt jdk.zipfs jdk.compiler jdk.crypto.ec jdk.crypto.cryptoki jdk.crypto.mscapi jdk.dynalink jdk.internal.ed jdk.editpad jdk.hotspot.agent jdk.httpserver jdk.internal.le jdk.internal.vm.ci jdk.internal.vm.compiler jdk.internal.vm.compiler.management jdk.jartool jdk.javadoc jdk.jcmd jdk.management jdk.management.agent jdk.jconsole jdk.jdeps jdk.jdwp.agent jdk.jdi jdk.jfr jdk.jshell jdk.jsobject jdk.jstatd jdk.localedata jdk.management.jfr jdk.naming.dns jdk.naming.rmi jdk.net jdk.nio.mapmode jdk.random jdk.sctp jdk.security.auth jdk.security.jgss jdk.unsupported jdk.unsupported.desktop jdk.xml.dom" 

Environment Variables:
JAVA_HOME=C:\Program Files\Java\jdk-21
PATH=C:\Program Files\Common Files\Oracle\Java\javapath;C:\windows\system32;C:\windows;C:\windows\System32\Wbem;C:\windows\System32\WindowsPowerShell\v1.0\;C:\windows\System32\OpenSSH\;C:\Program Files (x86)\NVIDIA Corporation\PhysX\Common;C:\Program Files\NVIDIA Corporation\NVIDIA NvDLISR;C:\MinGW\bin;C:\Program Files\Git\cmd;C:\Program Files\MySQL\MySQL Server 8.0\bin;C:\WINDOWS\system32;C:\WINDOWS;C:\WINDOWS\System32\Wbem;C:\WINDOWS\System32\WindowsPowerShell\v1.0\;C:\WINDOWS\System32\OpenSSH\;%CATALINA_HOME\bin;C:\Program Files\nodejs\;C:\Program Files (x86)\Windows Kits\10\Windows Performance Toolkit\;C:\apache-maven-3.9.11-src\apache-maven-3.9.11\apache-maven\src\bin;C:\Program Files\MongoDB\Server\8.0\bin;C:\Program Files\Go\bin;C:\Users\arpit\AppData\Roaming\npm;;C:\Program Files\Docker\Docker\resources\bin;C:\Program Files\Common Files\Oracle\Java\javapath;C:\windows\system32;C:\windows;C:\windows\System32\Wbem;C:\windows\System32\WindowsPowerShell\v1.0\;C:\windows\System32\OpenSSH\;C:\Program Files (x86)\NVIDIA Corporation\PhysX\Common;C:\Program Files\NVIDIA Corporation\NVIDIA NvDLISR;C:\MinGW\bin;C:\Program Files\Git\cmd;C:\Program Files\MySQL\MySQL Server 8.0\bin;C:\WINDOWS\system32;C:\WINDOWS;C:\WINDOWS\System32\Wbem;C:\WINDOWS\System32\WindowsPowerShell\v1.0\;C:\WINDOWS\System32\OpenSSH\;%CATALINA_HOME\bin;C:\Program Files\nodejs\;C:\Program Files (x86)\Windows Kits\10\Windows Performance Toolkit\;C:\apache-maven-3.9.11-src\apache-maven-3.9.11\apache-maven\src\bin;C:\Program Files\MongoDB\Server\8.0\bin;C:\Program Files\Go\bin;C:\Users\arpit\AppData\Roaming\npm;;C:\Program Files\Docker\Docker\resources\bin;C:\Program Files\Java\jdk-21\bin;C:\Users\arpit\AppData\Local\Programs\Microsoft VS Code\bin;C:\Users\arpit\go\bin;C:\Users\arpit\AppData\Local\Microsoft\WindowsApps;
USERNAME=arpit
OS=Windows_NT
PROCESSOR_IDENTIFIER=AMD64 Family 25 Model 80 Stepping 0, AuthenticAMD
TMP=C:\Users\arpit\AppData\Local\Temp
TEMP=C:\Users\arpit\AppData\Local\Temp




Periodic native trim disabled

---------------  S Y S T E M  ---------------

OS:
 Windows 11 , 64 bit Build 26100 (10.0.26100.8328)
OS uptime: 0 days 0:37 hours
Hyper-V role detected

CPU: total 12 (initial active 12) (12 cores per cpu, 2 threads per core) family 25 model 80 stepping 0 microcode 0xa50000f, cx8, cmov, fxsr, ht, mmx, 3dnowpref, sse, sse2, sse3, ssse3, sse4a, sse4.1, sse4.2, popcnt, lzcnt, tsc, tscinvbit, avx, avx2, aes, erms, clmul, bmi1, bmi2, adx, sha, fma, vzeroupper, clflush, clflushopt, hv, rdtscp, rdpid, fsrm, f16c, cet_ss
Processor Information for the first 12 processors :
  Max Mhz: 3301, Current Mhz: 3301, Mhz Limit: 3301

Memory: 4k page, system-wide physical 7518M (495M free)
TotalPageFile size 16530M (AvailPageFile size 7M)
current process WorkingSet (physical memory assigned to process): 67M, peak: 68M
current process commit charge ("private bytes"): 240M, peak: 241M

vm_info: OpenJDK 64-Bit Server VM (21.0.10+7-LTS) for windows-amd64 JRE (21.0.10+7-LTS), built on 2026-01-20T00:00:00Z by "admin" with MS VC++ 17.12 (VS2022)

END.
