#
# There is insufficient memory for the Java Runtime Environment to continue.
# Native memory allocation (malloc) failed to allocate 58976 bytes. Error detail: Chunk::new
# Possible reasons:
#   The system is out of physical RAM or swap space
#   This process is running with CompressedOops enabled, and the Java Heap may be blocking the growth of the native heap
# Possible solutions:
#   Reduce memory load on the system
#   Increase physical memory or swap space
#   Check if swap backing store is full
#   Decrease Java heap size (-Xmx/-Xms)
#   Decrease number of Java threads
#   Decrease Java thread stack sizes (-Xss)
#   Set larger code cache with -XX:ReservedCodeCacheSize=
#   JVM is running with Unscaled Compressed Oops mode in which the Java heap is
#     placed in the first 4GB address space. The Java Heap base address is the
#     maximum limit for the native heap growth. Please use -XX:HeapBaseMinAddress
#     to set the Java Heap base and to place the Java Heap above 4GB virtual address.
# This output file may be truncated or incomplete.
#
#  Out of Memory Error (arena.cpp:168), pid=19264, tid=6660
#
# JRE version: OpenJDK Runtime Environment Temurin-21.0.10+7 (21.0.10+7) (build 21.0.10+7-LTS)
# Java VM: OpenJDK 64-Bit Server VM Temurin-21.0.10+7 (21.0.10+7-LTS, mixed mode, sharing, tiered, compressed oops, compressed class ptrs, parallel gc, windows-amd64)
# No core dump will be written. Minidumps are not enabled by default on client versions of Windows
#

---------------  S U M M A R Y ------------

Command Line: --add-modules=ALL-SYSTEM --add-opens=java.base/java.util=ALL-UNNAMED --add-opens=java.base/java.lang=ALL-UNNAMED --add-opens=java.base/sun.nio.fs=ALL-UNNAMED -Declipse.application=org.eclipse.jdt.ls.core.id1 -Dosgi.bundles.defaultStartLevel=4 -Declipse.product=org.eclipse.jdt.ls.core.product -Djava.import.generatesMetadataFilesAtProjectRoot=false -DDetectVMInstallationsJob.disabled=true -Dfile.encoding=utf8 -XX:+UseParallelGC -XX:GCTimeRatio=4 -XX:AdaptiveSizePolicyWeight=90 -Dsun.zip.disableMemoryMapping=true -Xmx2G -Xms100m -Xlog:disable -javaagent:c:\Users\arpit\.vscode\extensions\redhat.java-1.54.0-win32-x64\lombok\lombok-1.18.39-4050.jar c:\Users\arpit\.vscode\extensions\redhat.java-1.54.0-win32-x64\server\plugins\org.eclipse.equinox.launcher_1.7.100.v20251111-0406.jar -configuration c:\Users\arpit\AppData\Roaming\Code\User\globalStorage\redhat.java\1.54.0\config_ss_win -data c:\Users\arpit\AppData\Roaming\Code\User\workspaceStorage\7665114673e356f46a1bab68c603dfeb\redhat.java\ss_ws --pipe=\\.\pipe\lsp-3dc55dc3bfa94cbf7c30e4c2ebae61dc-sock

Host: AMD Ryzen 5 5600H with Radeon Graphics         , 12 cores, 7G,  Windows 11 , 64 bit Build 26100 (10.0.26100.8328)
Time: Sat Jun  6 02:02:40 2026 India Standard Time elapsed time: 0.194209 seconds (0d 0h 0m 0s)

---------------  T H R E A D  ---------------

Current thread (0x000001c3e0494e10):  JavaThread "C2 CompilerThread0" daemon [_thread_in_native, id=6660, stack(0x000000028a200000,0x000000028a300000) (1024K)]


Current CompileTask:
C2:194  408       4       jdk.internal.org.objectweb.asm.ByteVector::putUTF8 (144 bytes)

Stack: [0x000000028a200000,0x000000028a300000]
Native frames: (J=compiled Java code, j=interpreted, Vv=VM code, C=native code)
V  [jvm.dll+0x6d7a39]
V  [jvm.dll+0x8b4b26]
V  [jvm.dll+0x8b70de]
V  [jvm.dll+0x8b77c3]
V  [jvm.dll+0x284346]
V  [jvm.dll+0xc66ed]
V  [jvm.dll+0xc6c31]
V  [jvm.dll+0x2fb29e]
V  [jvm.dll+0x5fe884]
V  [jvm.dll+0x255b17]
V  [jvm.dll+0x24e21f]
V  [jvm.dll+0x24ba42]
V  [jvm.dll+0x1cb34e]
V  [jvm.dll+0x25b85d]
V  [jvm.dll+0x259dea]
V  [jvm.dll+0x3f857e]
V  [jvm.dll+0x85f59d]
V  [jvm.dll+0x6d626d]
C  [ucrtbase.dll+0x37b0]
C  [KERNEL32.DLL+0x2e957]
C  [ntdll.dll+0x427c]


---------------  P R O C E S S  ---------------

Threads class SMR info:
_java_thread_list=0x000001c3e06c3a70, length=11, elements={
0x000001c3c875de10, 0x000001c3c88033d0, 0x000001c3c870e470, 0x000001c3c880da10,
0x000001c3c880edc0, 0x000001c3c880fae0, 0x000001c3c880f450, 0x000001c3e0494e10,
0x000001c3e0499740, 0x000001c3e06556b0, 0x000001c3c8810800
}

Java Threads: ( => current thread )
  0x000001c3c875de10 JavaThread "main"                              [_thread_in_Java, id=11624, stack(0x0000000289800000,0x0000000289900000) (1024K)]
  0x000001c3c88033d0 JavaThread "Reference Handler"          daemon [_thread_blocked, id=4908, stack(0x0000000289c00000,0x0000000289d00000) (1024K)]
  0x000001c3c870e470 JavaThread "Finalizer"                  daemon [_thread_blocked, id=22796, stack(0x0000000289d00000,0x0000000289e00000) (1024K)]
  0x000001c3c880da10 JavaThread "Signal Dispatcher"          daemon [_thread_blocked, id=22852, stack(0x0000000289e00000,0x0000000289f00000) (1024K)]
  0x000001c3c880edc0 JavaThread "Attach Listener"            daemon [_thread_blocked, id=13036, stack(0x0000000289f00000,0x000000028a000000) (1024K)]
  0x000001c3c880fae0 JavaThread "Service Thread"             daemon [_thread_blocked, id=12960, stack(0x000000028a000000,0x000000028a100000) (1024K)]
  0x000001c3c880f450 JavaThread "Monitor Deflation Thread"   daemon [_thread_blocked, id=21316, stack(0x000000028a100000,0x000000028a200000) (1024K)]
=>0x000001c3e0494e10 JavaThread "C2 CompilerThread0"         daemon [_thread_in_native, id=6660, stack(0x000000028a200000,0x000000028a300000) (1024K)]
  0x000001c3e0499740 JavaThread "C1 CompilerThread0"         daemon [_thread_blocked, id=4004, stack(0x000000028a300000,0x000000028a400000) (1024K)]
  0x000001c3e06556b0 JavaThread "C2 CompilerThread1"         daemon [_thread_in_native, id=16132, stack(0x000000028a400000,0x000000028a500000) (1024K)]
  0x000001c3c8810800 JavaThread "Common-Cleaner"             daemon [_thread_blocked, id=2184, stack(0x000000028a500000,0x000000028a600000) (1024K)]
Total: 11

Other Threads:
  0x000001c3e04910a0 VMThread "VM Thread"                           [id=15272, stack(0x0000000289b00000,0x0000000289c00000) (1024K)]
  0x000001c3c85eca00 WatcherThread "VM Periodic Task Thread"        [id=7780, stack(0x0000000289a00000,0x0000000289b00000) (1024K)]
  0x000001c3c877c5b0 WorkerThread "GC Thread#0"                     [id=10308, stack(0x0000000289900000,0x0000000289a00000) (1024K)]
Total: 3

Threads with active compile tasks:
C2 CompilerThread0  219  408       4       jdk.internal.org.objectweb.asm.ByteVector::putUTF8 (144 bytes)
C2 CompilerThread1  219  430       4       lombok.launch.ClassFileMetaData::decodeString (181 bytes)
Total: 2

VM state: not at safepoint (normal execution)

VM Mutex/Monitor currently owned by a thread: None

Heap address: 0x0000000080000000, size: 2048 MB, Compressed Oops mode: 32-bit

CDS archive(s) mapped at: [0x000001c380000000-0x000001c380ba0000-0x000001c380ba0000), size 12189696, SharedBaseAddress: 0x000001c380000000, ArchiveRelocationMode: 1.
Compressed class space mapped at: 0x000001c381000000-0x000001c3c1000000, reserved size: 1073741824
Narrow klass base: 0x000001c380000000, Narrow klass shift: 0, Narrow klass range: 0x100000000

GC Precious Log:
 CardTable entry size: 512
 CPUs: 12 total, 12 available
 Memory: 7518M
 Large Page Support: Disabled
 NUMA Support: Disabled
 Compressed Oops: Enabled (32-bit)
 Alignments: Space 512K, Generation 512K, Heap 2M
 Heap Min Capacity: 100M
 Heap Initial Capacity: 100M
 Heap Max Capacity: 2G
 Pre-touch: Disabled
 Parallel Workers: 10

Heap:
 PSYoungGen      total 29696K, used 5767K [0x00000000d5580000, 0x00000000d7680000, 0x0000000100000000)
  eden space 25600K, 22% used [0x00000000d5580000,0x00000000d5b21ef8,0x00000000d6e80000)
  from space 4096K, 0% used [0x00000000d7280000,0x00000000d7280000,0x00000000d7680000)
  to   space 4096K, 0% used [0x00000000d6e80000,0x00000000d6e80000,0x00000000d7280000)
 ParOldGen       total 68608K, used 0K [0x0000000080000000, 0x0000000084300000, 0x00000000d5580000)
  object space 68608K, 0% used [0x0000000080000000,0x0000000080000000,0x0000000084300000)
 Metaspace       used 853K, committed 960K, reserved 1114112K
  class space    used 68K, committed 128K, reserved 1048576K

Card table byte_map: [0x000001c3c8100000,0x000001c3c8510000] _byte_map_base: 0x000001c3c7d00000

Marking Bits: (ParMarkBitMap*) 0x00007ffcbcca3450
 Begin Bits: [0x000001c3dac10000, 0x000001c3dcc10000)
 End Bits:   [0x000001c3dcc10000, 0x000001c3dec10000)

Polling page: 0x000001c3c6530000

Metaspace:

Usage:
  Non-class:    785.23 KB used.
      Class:     68.70 KB used.
       Both:    853.92 KB used.

Virtual space:
  Non-class space:       64.00 MB reserved,     832.00 KB (  1%) committed,  1 nodes.
      Class space:        1.00 GB reserved,     128.00 KB ( <1%) committed,  1 nodes.
             Both:        1.06 GB reserved,     960.00 KB ( <1%) committed. 

Chunk freelists:
   Non-Class:  11.81 MB
       Class:  15.70 MB
        Both:  27.52 MB

MaxMetaspaceSize: unlimited
CompressedClassSpaceSize: 1.00 GB
Initial GC threshold: 21.00 MB
Current GC threshold: 21.00 MB
CDS: on
 - commit_granule_bytes: 65536.
 - commit_granule_words: 8192.
 - virtual_space_node_default_size: 8388608.
 - enlarge_chunks_in_place: 1.
 - use_allocation_guard: 0.


Internal statistics:

num_allocs_failed_limit: 0.
num_arena_births: 60.
num_arena_deaths: 0.
num_vsnodes_births: 2.
num_vsnodes_deaths: 0.
num_space_committed: 15.
num_space_uncommitted: 0.
num_chunks_returned_to_freelist: 0.
num_chunks_taken_from_freelist: 73.
num_chunk_merges: 0.
num_chunk_splits: 51.
num_chunks_enlarged: 32.
num_inconsistent_stats: 0.

CodeHeap 'non-profiled nmethods': size=120000Kb used=130Kb max_used=130Kb free=119869Kb
 bounds [0x000001c3d3430000, 0x000001c3d36a0000, 0x000001c3da960000]
CodeHeap 'profiled nmethods': size=120000Kb used=603Kb max_used=603Kb free=119396Kb
 bounds [0x000001c3cb960000, 0x000001c3cbbd0000, 0x000001c3d2e90000]
CodeHeap 'non-nmethods': size=5760Kb used=1146Kb max_used=1161Kb free=4613Kb
 bounds [0x000001c3d2e90000, 0x000001c3d3100000, 0x000001c3d3430000]
CodeCache: size=245760Kb, used=1879Kb, max_used=1894Kb, free=243878Kb
 total_blobs=831, nmethods=437, adapters=301, full_count=0
Compilation: enabled, stopped_count=0, restarted_count=0

Compilation events (20 events):
Event: 0.188 Thread 0x000001c3e0499740 nmethod 399 0x000001c3cb9e5f90 code [0x000001c3cb9e61a0, 0x000001c3cb9e66e0]
Event: 0.189 Thread 0x000001c3e0499740  402       3       java.lang.invoke.LambdaForm$NamedFunction::methodType (28 bytes)
Event: 0.189 Thread 0x000001c3e0499740 nmethod 402 0x000001c3cb9e6990 code [0x000001c3cb9e6b40, 0x000001c3cb9e6e10]
Event: 0.189 Thread 0x000001c3e0499740  404       3       jdk.internal.org.objectweb.asm.ByteVector::putInt (74 bytes)
Event: 0.190 Thread 0x000001c3e0499740 nmethod 404 0x000001c3cb9e6f90 code [0x000001c3cb9e7140, 0x000001c3cb9e7390]
Event: 0.190 Thread 0x000001c3e0499740  403       1       java.util.ArrayList::size (5 bytes)
Event: 0.190 Thread 0x000001c3e0499740 nmethod 403 0x000001c3d344e610 code [0x000001c3d344e7a0, 0x000001c3d344e868]
Event: 0.190 Thread 0x000001c3e0499740  405       3       jdk.internal.org.objectweb.asm.Frame::getAbstractTypeFromDescriptor (415 bytes)
Event: 0.190 Thread 0x000001c3e0494e10  408       4       jdk.internal.org.objectweb.asm.ByteVector::putUTF8 (144 bytes)
Event: 0.191 Thread 0x000001c3e0499740 nmethod 405 0x000001c3cb9e7510 code [0x000001c3cb9e78c0, 0x000001c3cb9e9340]
Event: 0.191 Thread 0x000001c3e0499740  406       3       java.lang.invoke.LambdaForm$Name::<init> (66 bytes)
Event: 0.191 Thread 0x000001c3e0499740 nmethod 406 0x000001c3cb9e9c10 code [0x000001c3cb9e9dc0, 0x000001c3cb9e9f90]
Event: 0.191 Thread 0x000001c3e0499740  409       3       java.lang.invoke.MemberName::isConstructor (8 bytes)
Event: 0.192 Thread 0x000001c3e0499740 nmethod 409 0x000001c3cb9ea090 code [0x000001c3cb9ea240, 0x000001c3cb9ea408]
Event: 0.192 Thread 0x000001c3e0499740  407       3       sun.invoke.util.BytecodeDescriptor::unparseSig (49 bytes)
Event: 0.192 Thread 0x000001c3e0499740 nmethod 407 0x000001c3cb9ea490 code [0x000001c3cb9ea6c0, 0x000001c3cb9eab28]
Event: 0.192 Thread 0x000001c3e0499740  413       3       java.util.Arrays::equals (57 bytes)
Event: 0.192 Thread 0x000001c3e0499740 nmethod 413 0x000001c3cb9ead90 code [0x000001c3cb9eaf80, 0x000001c3cb9eb4f0]
Event: 0.192 Thread 0x000001c3e0499740  412       3       jdk.internal.org.objectweb.asm.SymbolTable::addConstantUtf8Reference (101 bytes)
Event: 0.192 Thread 0x000001c3e06556b0  414       4       jdk.internal.org.objectweb.asm.SymbolTable::get (13 bytes)

GC Heap History (0 events):
No events

Dll operation events (7 events):
Event: 0.010 Loaded shared library c:\Users\arpit\.vscode\extensions\redhat.java-1.54.0-win32-x64\jre\21.0.10-win32-x86_64\bin\java.dll
Event: 0.073 Loaded shared library c:\Users\arpit\.vscode\extensions\redhat.java-1.54.0-win32-x64\jre\21.0.10-win32-x86_64\bin\zip.dll
Event: 0.097 Loaded shared library C:\Users\arpit\.vscode\extensions\redhat.java-1.54.0-win32-x64\jre\21.0.10-win32-x86_64\bin\instrument.dll
Event: 0.101 Loaded shared library C:\Users\arpit\.vscode\extensions\redhat.java-1.54.0-win32-x64\jre\21.0.10-win32-x86_64\bin\net.dll
Event: 0.104 Loaded shared library C:\Users\arpit\.vscode\extensions\redhat.java-1.54.0-win32-x64\jre\21.0.10-win32-x86_64\bin\nio.dll
Event: 0.110 Loaded shared library C:\Users\arpit\.vscode\extensions\redhat.java-1.54.0-win32-x64\jre\21.0.10-win32-x86_64\bin\zip.dll
Event: 0.129 Loaded shared library C:\Users\arpit\.vscode\extensions\redhat.java-1.54.0-win32-x64\jre\21.0.10-win32-x86_64\bin\jimage.dll

Deoptimization events (14 events):
Event: 0.114 Thread 0x000001c3c875de10 Uncommon trap: trap_request=0xffffffde fr.pc=0x000001c3d3440790 relative=0x0000000000000770
Event: 0.114 Thread 0x000001c3c875de10 Uncommon trap: reason=class_check action=maybe_recompile pc=0x000001c3d3440790 method=java.util.HashMap.putVal(ILjava/lang/Object;Ljava/lang/Object;ZZ)Ljava/lang/Object; @ 152 c2
Event: 0.114 Thread 0x000001c3c875de10 DEOPT PACKING pc=0x000001c3d3440790 sp=0x00000002898fe4f0
Event: 0.114 Thread 0x000001c3c875de10 DEOPT UNPACKING pc=0x000001c3d2ee3aa2 sp=0x00000002898fe450 mode 2
Event: 0.114 Thread 0x000001c3c875de10 Uncommon trap: trap_request=0xffffffde fr.pc=0x000001c3d3440790 relative=0x0000000000000770
Event: 0.114 Thread 0x000001c3c875de10 Uncommon trap: reason=class_check action=maybe_recompile pc=0x000001c3d3440790 method=java.util.HashMap.putVal(ILjava/lang/Object;Ljava/lang/Object;ZZ)Ljava/lang/Object; @ 152 c2
Event: 0.114 Thread 0x000001c3c875de10 DEOPT PACKING pc=0x000001c3d3440790 sp=0x00000002898fe4f0
Event: 0.114 Thread 0x000001c3c875de10 DEOPT UNPACKING pc=0x000001c3d2ee3aa2 sp=0x00000002898fe450 mode 2
Event: 0.135 Thread 0x000001c3c875de10 DEOPT PACKING pc=0x000001c3cb9973c9 sp=0x00000002898fe2d0
Event: 0.135 Thread 0x000001c3c875de10 DEOPT UNPACKING pc=0x000001c3d2ee4242 sp=0x00000002898fd758 mode 0
Event: 0.137 Thread 0x000001c3c875de10 DEOPT PACKING pc=0x000001c3cb9973c9 sp=0x00000002898fe2d0
Event: 0.137 Thread 0x000001c3c875de10 DEOPT UNPACKING pc=0x000001c3d2ee4242 sp=0x00000002898fd758 mode 0
Event: 0.137 Thread 0x000001c3c875de10 DEOPT PACKING pc=0x000001c3cb9973c9 sp=0x00000002898fe2d0
Event: 0.138 Thread 0x000001c3c875de10 DEOPT UNPACKING pc=0x000001c3d2ee4242 sp=0x00000002898fd758 mode 0

Classes loaded (20 events):
Event: 0.143 Loading class sun/net/www/MessageHeader
Event: 0.143 Loading class sun/net/www/MessageHeader done
Event: 0.143 Loading class sun/net/www/protocol/jar/URLJarFile
Event: 0.143 Loading class sun/net/www/protocol/jar/URLJarFile done
Event: 0.144 Loading class sun/net/www/protocol/jar/URLJarFile$URLJarFileEntry
Event: 0.144 Loading class sun/net/www/protocol/jar/URLJarFile$URLJarFileEntry done
Event: 0.144 Loading class sun/net/www/protocol/jar/JarURLConnection$JarURLInputStream
Event: 0.144 Loading class sun/net/www/protocol/jar/JarURLConnection$JarURLInputStream done
Event: 0.145 Loading class java/lang/AssertionError
Event: 0.145 Loading class java/lang/AssertionError done
Event: 0.148 Loading class sun/net/www/protocol/jrt/Handler
Event: 0.148 Loading class sun/net/www/protocol/jrt/Handler done
Event: 0.166 Loading class jdk/internal/foreign/MemorySessionImpl
Event: 0.166 Loading class java/lang/foreign/MemorySegment$Scope
Event: 0.166 Loading class java/lang/foreign/MemorySegment$Scope done
Event: 0.166 Loading class jdk/internal/foreign/MemorySessionImpl done
Event: 0.171 Loading class sun/invoke/util/ValueConversions$1
Event: 0.171 Loading class sun/invoke/util/ValueConversions$1 done
Event: 0.173 Loading class java/lang/invoke/BoundMethodHandle$Species_LI
Event: 0.173 Loading class java/lang/invoke/BoundMethodHandle$Species_LI done

Classes unloaded (0 events):
No events

Classes redefined (0 events):
No events

Internal exceptions (10 events):
Event: 0.069 Thread 0x000001c3c875de10 Exception <a 'java/lang/NoSuchMethodError'{0x00000000d57a94b0}: 'void java.lang.invoke.DirectMethodHandle$Holder.invokeStatic(java.lang.Object, java.lang.Object, java.lang.Object)'> (0x00000000d57a94b0) 
thrown [s\src\hotspot\share\interpreter\linkResolver.cpp, line 773]
Event: 0.122 Thread 0x000001c3c875de10 Exception <a 'java/lang/NoSuchMethodError'{0x00000000d5912d40}: 'java.lang.Object java.lang.invoke.Invokers$Holder.invokeExact_MT(java.lang.Object, java.lang.Object, java.lang.Object, java.lang.Object, java.lang.Object)'> (0x00000000d5912d40) 
thrown [s\src\hotspot\share\interpreter\linkResolver.cpp, line 773]
Event: 0.171 Thread 0x000001c3c875de10 Exception <a 'java/lang/NoSuchMethodError'{0x00000000d59cbe10}: 'int java.lang.invoke.DirectMethodHandle$Holder.invokeSpecial(java.lang.Object, java.lang.Object, java.lang.Object, int)'> (0x00000000d59cbe10) 
thrown [s\src\hotspot\share\interpreter\linkResolver.cpp, line 773]
Event: 0.176 Thread 0x000001c3c875de10 Exception <a 'java/lang/NoSuchMethodError'{0x00000000d59de7f8}: 'java.lang.Object java.lang.invoke.DirectMethodHandle$Holder.invokeStatic(java.lang.Object, java.lang.Object, java.lang.Object, java.lang.Object, int)'> (0x00000000d59de7f8) 
thrown [s\src\hotspot\share\interpreter\linkResolver.cpp, line 773]
Event: 0.178 Thread 0x000001c3c875de10 Exception <a 'java/lang/NoSuchMethodError'{0x00000000d59e9c38}: 'void java.lang.invoke.DelegatingMethodHandle$Holder.reinvoke_L(java.lang.Object, java.lang.Object, java.lang.Object, int, java.lang.Object)'> (0x00000000d59e9c38) 
thrown [s\src\hotspot\share\interpreter\linkResolver.cpp, line 773]
Event: 0.184 Thread 0x000001c3c875de10 Exception <a 'java/lang/NoSuchMethodError'{0x00000000d59fa588}: 'int java.lang.invoke.DirectMethodHandle$Holder.invokeSpecial(java.lang.Object, java.lang.Object, java.lang.Object)'> (0x00000000d59fa588) 
thrown [s\src\hotspot\share\interpreter\linkResolver.cpp, line 773]
Event: 0.187 Thread 0x000001c3c875de10 Exception <a 'java/lang/NoSuchMethodError'{0x00000000d5a06248}: 'java.lang.Object java.lang.invoke.DirectMethodHandle$Holder.invokeStatic(java.lang.Object, java.lang.Object, int)'> (0x00000000d5a06248) 
thrown [s\src\hotspot\share\interpreter\linkResolver.cpp, line 773]
Event: 0.188 Thread 0x000001c3c875de10 Exception <a 'java/lang/NoSuchMethodError'{0x00000000d5a0ab98}: 'void java.lang.invoke.DirectMethodHandle$Holder.invokeStatic(java.lang.Object, java.lang.Object, int, java.lang.Object)'> (0x00000000d5a0ab98) 
thrown [s\src\hotspot\share\interpreter\linkResolver.cpp, line 773]
Event: 0.189 Thread 0x000001c3c875de10 Exception <a 'java/lang/NoSuchMethodError'{0x00000000d5a0e728}: 'void java.lang.invoke.DirectMethodHandle$Holder.invokeSpecial(java.lang.Object, java.lang.Object, java.lang.Object, int, java.lang.Object)'> (0x00000000d5a0e728) 
thrown [s\src\hotspot\share\interpreter\linkResolver.cpp, line 773]
Event: 0.189 Thread 0x000001c3c875de10 Exception <a 'java/lang/NoSuchMethodError'{0x00000000d5a11b98}: 'void java.lang.invoke.DelegatingMethodHandle$Holder.delegate(java.lang.Object, java.lang.Object, int, java.lang.Object)'> (0x00000000d5a11b98) 
thrown [s\src\hotspot\share\interpreter\linkResolver.cpp, line 773]

ZGC Phase Switch (0 events):
No events

VM Operations (4 events):
Event: 0.071 Executing non-safepoint VM operation: HandshakeAllThreads (Deoptimize)
Event: 0.071 Executing non-safepoint VM operation: HandshakeAllThreads (Deoptimize) done
Event: 0.143 Executing non-safepoint VM operation: HandshakeAllThreads (Deoptimize)
Event: 0.143 Executing non-safepoint VM operation: HandshakeAllThreads (Deoptimize) done

Memory protections (0 events):
No events

Nmethod flushes (0 events):
No events

Events (11 events):
Event: 0.024 Thread 0x000001c3c875de10 Thread added: 0x000001c3c875de10
Event: 0.039 Thread 0x000001c3c875de10 Thread added: 0x000001c3c88033d0
Event: 0.039 Thread 0x000001c3c875de10 Thread added: 0x000001c3c870e470
Event: 0.039 Thread 0x000001c3c875de10 Thread added: 0x000001c3c880da10
Event: 0.039 Thread 0x000001c3c875de10 Thread added: 0x000001c3c880edc0
Event: 0.039 Thread 0x000001c3c875de10 Thread added: 0x000001c3c880fae0
Event: 0.039 Thread 0x000001c3c875de10 Thread added: 0x000001c3c880f450
Event: 0.039 Thread 0x000001c3c875de10 Thread added: 0x000001c3e0494e10
Event: 0.039 Thread 0x000001c3c875de10 Thread added: 0x000001c3e0499740
Event: 0.083 Thread 0x000001c3e0499740 Thread added: 0x000001c3e06556b0
Event: 0.098 Thread 0x000001c3c875de10 Thread added: 0x000001c3c8810800


Dynamic libraries:
0x00007ff6982a0000 - 0x00007ff6982ae000 	c:\Users\arpit\.vscode\extensions\redhat.java-1.54.0-win32-x64\jre\21.0.10-win32-x86_64\bin\java.exe
0x00007ffd82f60000 - 0x00007ffd831c7000 	C:\WINDOWS\SYSTEM32\ntdll.dll
0x00007ffd80e30000 - 0x00007ffd80ef9000 	C:\WINDOWS\System32\KERNEL32.DLL
0x00007ffd80460000 - 0x00007ffd80857000 	C:\WINDOWS\System32\KERNELBASE.dll
0x00007ffd80b00000 - 0x00007ffd80c4b000 	C:\WINDOWS\System32\ucrtbase.dll
0x00007ffd68a60000 - 0x00007ffd68a78000 	c:\Users\arpit\.vscode\extensions\redhat.java-1.54.0-win32-x64\jre\21.0.10-win32-x86_64\bin\jli.dll
0x00007ffd68a40000 - 0x00007ffd68a5e000 	c:\Users\arpit\.vscode\extensions\redhat.java-1.54.0-win32-x64\jre\21.0.10-win32-x86_64\bin\VCRUNTIME140.dll
0x00007ffd82b90000 - 0x00007ffd82d56000 	C:\WINDOWS\System32\USER32.dll
0x00007ffd65470000 - 0x00007ffd65702000 	C:\WINDOWS\WinSxS\amd64_microsoft.windows.common-controls_6595b64144ccf1df_6.0.26100.8457_none_3e0b2faee331e92d\COMCTL32.dll
0x00007ffd7f990000 - 0x00007ffd7f9b7000 	C:\WINDOWS\System32\win32u.dll
0x00007ffd820a0000 - 0x00007ffd82149000 	C:\WINDOWS\System32\msvcrt.dll
0x00007ffd80d00000 - 0x00007ffd80d2b000 	C:\WINDOWS\System32\GDI32.dll
0x00007ffd80860000 - 0x00007ffd8098c000 	C:\WINDOWS\System32\gdi32full.dll
0x00007ffd80230000 - 0x00007ffd802d3000 	C:\WINDOWS\System32\msvcp_win.dll
0x00007ffd81b30000 - 0x00007ffd81b62000 	C:\WINDOWS\System32\IMM32.DLL
0x00007ffd692b0000 - 0x00007ffd692bc000 	c:\Users\arpit\.vscode\extensions\redhat.java-1.54.0-win32-x64\jre\21.0.10-win32-x86_64\bin\vcruntime140_1.dll
0x00007ffd68530000 - 0x00007ffd685bd000 	c:\Users\arpit\.vscode\extensions\redhat.java-1.54.0-win32-x64\jre\21.0.10-win32-x86_64\bin\msvcp140.dll
0x00007ffcbbfe0000 - 0x00007ffcbcd81000 	c:\Users\arpit\.vscode\extensions\redhat.java-1.54.0-win32-x64\jre\21.0.10-win32-x86_64\bin\server\jvm.dll
0x00007ffd821d0000 - 0x00007ffd82286000 	C:\WINDOWS\System32\ADVAPI32.dll
0x00007ffd81ff0000 - 0x00007ffd82097000 	C:\WINDOWS\System32\sechost.dll
0x00007ffd81a10000 - 0x00007ffd81b28000 	C:\WINDOWS\System32\RPCRT4.dll
0x00007ffd82e90000 - 0x00007ffd82f10000 	C:\WINDOWS\System32\WS2_32.dll
0x00007ffd7f810000 - 0x00007ffd7f86e000 	C:\WINDOWS\SYSTEM32\POWRPROF.dll
0x00007ffd78590000 - 0x00007ffd7859b000 	C:\WINDOWS\SYSTEM32\VERSION.dll
0x00007ffd77b10000 - 0x00007ffd77b46000 	C:\WINDOWS\SYSTEM32\WINMM.dll
0x00007ffd7f7f0000 - 0x00007ffd7f804000 	C:\WINDOWS\SYSTEM32\UMPDC.dll
0x00007ffd7e720000 - 0x00007ffd7e73b000 	C:\WINDOWS\SYSTEM32\kernel.appcore.dll
0x00007ffd68930000 - 0x00007ffd6893a000 	c:\Users\arpit\.vscode\extensions\redhat.java-1.54.0-win32-x64\jre\21.0.10-win32-x86_64\bin\jimage.dll
0x00007ffd72600000 - 0x00007ffd72842000 	C:\WINDOWS\SYSTEM32\DBGHELP.DLL
0x00007ffd81c60000 - 0x00007ffd81fe3000 	C:\WINDOWS\System32\combase.dll
0x00007ffd81930000 - 0x00007ffd81a09000 	C:\WINDOWS\System32\OLEAUT32.dll
0x00007ffd60120000 - 0x00007ffd6015b000 	C:\WINDOWS\SYSTEM32\dbgcore.DLL
0x00007ffd80990000 - 0x00007ffd80a38000 	C:\WINDOWS\System32\bcryptPrimitives.dll
0x00007ffd68520000 - 0x00007ffd6852f000 	c:\Users\arpit\.vscode\extensions\redhat.java-1.54.0-win32-x64\jre\21.0.10-win32-x86_64\bin\instrument.dll
0x00007ffd67890000 - 0x00007ffd678b0000 	c:\Users\arpit\.vscode\extensions\redhat.java-1.54.0-win32-x64\jre\21.0.10-win32-x86_64\bin\java.dll
0x00007ffd82410000 - 0x00007ffd82b7e000 	C:\WINDOWS\System32\SHELL32.dll
0x00007ffd7f9c0000 - 0x00007ffd8022c000 	C:\WINDOWS\System32\windows.storage.dll
0x00007ffd81610000 - 0x00007ffd81706000 	C:\WINDOWS\System32\SHCORE.dll
0x00007ffd82e20000 - 0x00007ffd82e86000 	C:\WINDOWS\System32\shlwapi.dll
0x00007ffd7f8b0000 - 0x00007ffd7f8d9000 	C:\WINDOWS\SYSTEM32\profapi.dll
0x00007ffd4d720000 - 0x00007ffd4d738000 	c:\Users\arpit\.vscode\extensions\redhat.java-1.54.0-win32-x64\jre\21.0.10-win32-x86_64\bin\zip.dll
0x00007ffd44fd0000 - 0x00007ffd44fe0000 	C:\Users\arpit\.vscode\extensions\redhat.java-1.54.0-win32-x64\jre\21.0.10-win32-x86_64\bin\net.dll
0x00007ffd780f0000 - 0x00007ffd78219000 	C:\WINDOWS\SYSTEM32\WINHTTP.dll
0x00007ffd7ec90000 - 0x00007ffd7ecfc000 	C:\WINDOWS\system32\mswsock.dll
0x00007ffd44fb0000 - 0x00007ffd44fc6000 	C:\Users\arpit\.vscode\extensions\redhat.java-1.54.0-win32-x64\jre\21.0.10-win32-x86_64\bin\nio.dll

JVMTI agents:
c:\Users\arpit\.vscode\extensions\redhat.java-1.54.0-win32-x64\lombok\lombok-1.18.39-4050.jar path:c:\Users\arpit\.vscode\extensions\redhat.java-1.54.0-win32-x64\jre\21.0.10-win32-x86_64\bin\instrument.dll, loaded, initialized, instrumentlib options:none

dbghelp: loaded successfully - version: 4.0.5 - missing functions: none
symbol engine: initialized successfully - sym options: 0x614 - pdb path: .;c:\Users\arpit\.vscode\extensions\redhat.java-1.54.0-win32-x64\jre\21.0.10-win32-x86_64\bin;C:\WINDOWS\SYSTEM32;C:\WINDOWS\WinSxS\amd64_microsoft.windows.common-controls_6595b64144ccf1df_6.0.26100.8457_none_3e0b2faee331e92d;c:\Users\arpit\.vscode\extensions\redhat.java-1.54.0-win32-x64\jre\21.0.10-win32-x86_64\bin\server

VM Arguments:
jvm_args: --add-modules=ALL-SYSTEM --add-opens=java.base/java.util=ALL-UNNAMED --add-opens=java.base/java.lang=ALL-UNNAMED --add-opens=java.base/sun.nio.fs=ALL-UNNAMED -Declipse.application=org.eclipse.jdt.ls.core.id1 -Dosgi.bundles.defaultStartLevel=4 -Declipse.product=org.eclipse.jdt.ls.core.product -Djava.import.generatesMetadataFilesAtProjectRoot=false -DDetectVMInstallationsJob.disabled=true -Dfile.encoding=utf8 -XX:+UseParallelGC -XX:GCTimeRatio=4 -XX:AdaptiveSizePolicyWeight=90 -Dsun.zip.disableMemoryMapping=true -Xmx2G -Xms100m -Xlog:disable -javaagent:c:\Users\arpit\.vscode\extensions\redhat.java-1.54.0-win32-x64\lombok\lombok-1.18.39-4050.jar 
java_command: c:\Users\arpit\.vscode\extensions\redhat.java-1.54.0-win32-x64\server\plugins\org.eclipse.equinox.launcher_1.7.100.v20251111-0406.jar -configuration c:\Users\arpit\AppData\Roaming\Code\User\globalStorage\redhat.java\1.54.0\config_ss_win -data c:\Users\arpit\AppData\Roaming\Code\User\workspaceStorage\7665114673e356f46a1bab68c603dfeb\redhat.java\ss_ws --pipe=\\.\pipe\lsp-3dc55dc3bfa94cbf7c30e4c2ebae61dc-sock
java_class_path (initial): c:\Users\arpit\.vscode\extensions\redhat.java-1.54.0-win32-x64\server\plugins\org.eclipse.equinox.launcher_1.7.100.v20251111-0406.jar
Launcher Type: SUN_STANDARD

[Global flags]
    uintx AdaptiveSizePolicyWeight                 = 90                                        {product} {command line}
     intx CICompilerCount                          = 4                                         {product} {ergonomic}
    uintx GCTimeRatio                              = 4                                         {product} {command line}
   size_t InitialHeapSize                          = 104857600                                 {product} {command line}
   size_t MaxHeapSize                              = 2147483648                                {product} {command line}
   size_t MaxNewSize                               = 715653120                                 {product} {ergonomic}
   size_t MinHeapDeltaBytes                        = 524288                                    {product} {ergonomic}
   size_t MinHeapSize                              = 104857600                                 {product} {command line}
   size_t NewSize                                  = 34603008                                  {product} {ergonomic}
    uintx NonNMethodCodeHeapSize                   = 5839372                                {pd product} {ergonomic}
    uintx NonProfiledCodeHeapSize                  = 122909434                              {pd product} {ergonomic}
   size_t OldSize                                  = 70254592                                  {product} {ergonomic}
    uintx ProfiledCodeHeapSize                     = 122909434                              {pd product} {ergonomic}
    uintx ReservedCodeCacheSize                    = 251658240                              {pd product} {ergonomic}
     bool SegmentedCodeCache                       = true                                      {product} {ergonomic}
   size_t SoftMaxHeapSize                          = 2147483648                             {manageable} {ergonomic}
     bool UseCompressedOops                        = true                           {product lp64_product} {ergonomic}
     bool UseLargePagesIndividualAllocation        = false                                  {pd product} {ergonomic}
     bool UseParallelGC                            = true                                      {product} {command line}

Logging:
Log output configuration:
 #0: stdout all=off uptime,level,tags foldmultilines=false
 #1: stderr all=off uptime,level,tags foldmultilines=false

Release file:
<release file has not been read>
Environment Variables:
JAVA_HOME=C:\Program Files\Java\jdk-21
PATH=C:\Program Files\Common Files\Oracle\Java\javapath;C:\windows\system32;C:\windows;C:\windows\System32\Wbem;C:\windows\System32\WindowsPowerShell\v1.0\;C:\windows\System32\OpenSSH\;C:\Program Files (x86)\NVIDIA Corporation\PhysX\Common;C:\Program Files\NVIDIA Corporation\NVIDIA NvDLISR;C:\MinGW\bin;C:\Program Files\Git\cmd;C:\Program Files\MySQL\MySQL Server 8.0\bin;C:\WINDOWS\system32;C:\WINDOWS;C:\WINDOWS\System32\Wbem;C:\WINDOWS\System32\WindowsPowerShell\v1.0\;C:\WINDOWS\System32\OpenSSH\;%CATALINA_HOME\bin;C:\Program Files\nodejs\;C:\Program Files (x86)\Windows Kits\10\Windows Performance Toolkit\;C:\apache-maven-3.9.11-src\apache-maven-3.9.11\apache-maven\src\bin;C:\Program Files\MongoDB\Server\8.0\bin;C:\Program Files\Go\bin;C:\Users\arpit\AppData\Roaming\npm;;C:\Program Files\Docker\Docker\resources\bin;C:\Program Files\Common Files\Oracle\Java\javapath;C:\windows\system32;C:\windows;C:\windows\System32\Wbem;C:\windows\System32\WindowsPowerShell\v1.0\;C:\windows\System32\OpenSSH\;C:\Program Files (x86)\NVIDIA Corporation\PhysX\Common;C:\Program Files\NVIDIA Corporation\NVIDIA NvDLISR;C:\MinGW\bin;C:\Program Files\Git\cmd;C:\Program Files\MySQL\MySQL Server 8.0\bin;C:\WINDOWS\system32;C:\WINDOWS;C:\WINDOWS\System32\Wbem;C:\WINDOWS\System32\WindowsPowerShell\v1.0\;C:\WINDOWS\System32\OpenSSH\;%CATALINA_HOME\bin;C:\Program Files\nodejs\;C:\Program Files (x86)\Windows Kits\10\Windows Performance Toolkit\;C:\apache-maven-3.9.11-src\apache-maven-3.9.11\apache-maven\src\bin;C:\Program Files\MongoDB\Server\8.0\bin;C:\Program Files\Go\bin;C:\Users\arpit\AppData\Roaming\npm;;C:\Program Files\Docker\Docker\resources\bin;C:\Program Files\Java\jdk-21\bin;C:\Users\arpit\AppData\Local\Programs\Microsoft VS Code\bin;C:\Users\arpit\go\bin;C:\Users\arpit\AppData\Local\Microsoft\WindowsApps;
USERNAME=arpit
OS=Windows_NT
PROCESSOR_IDENTIFIER=AMD64 Family 25 Model 80 Stepping 0, AuthenticAMD
TMP=C:\Users\arpit\AppData\Local\Temp
TEMP=C:\Users\arpit\AppData\Local\Temp




Periodic native trim disabled

---------------  S Y S T E M  ---------------

OS:
 Windows 11 , 64 bit Build 26100 (10.0.26100.8328)
OS uptime: 0 days 0:11 hours
Hyper-V role detected

CPU: total 12 (initial active 12) (12 cores per cpu, 2 threads per core) family 25 model 80 stepping 0 microcode 0xa50000f, cx8, cmov, fxsr, ht, mmx, 3dnowpref, sse, sse2, sse3, ssse3, sse4a, sse4.1, sse4.2, popcnt, lzcnt, tsc, tscinvbit, avx, avx2, aes, erms, clmul, bmi1, bmi2, adx, sha, fma, vzeroupper, clflush, clflushopt, hv, rdtscp, rdpid, fsrm, f16c, cet_ss
Processor Information for the first 12 processors :
  Max Mhz: 3301, Current Mhz: 3301, Mhz Limit: 3301

Memory: 4k page, system-wide physical 7518M (974M free)
TotalPageFile size 16530M (AvailPageFile size 5M)
current process WorkingSet (physical memory assigned to process): 43M, peak: 43M
current process commit charge ("private bytes"): 230M, peak: 230M

vm_info: OpenJDK 64-Bit Server VM (21.0.10+7-LTS) for windows-amd64 JRE (21.0.10+7-LTS), built on 2026-01-20T00:00:00Z by "admin" with MS VC++ 17.12 (VS2022)

END.
