#
# There is insufficient memory for the Java Runtime Environment to continue.
# Native memory allocation (malloc) failed to allocate 1788016 bytes. Error detail: Chunk::new
# Possible reasons:
#   The system is out of physical RAM or swap space
#   This process is running with CompressedOops enabled, and the Java Heap may be blocking the growth of the native heap
# Possible solutions:
#   Reduce memory load on the system
#   Increase physical memory or swap space
#   Check if swap backing store is full
#   Decrease Java heap size (-Xmx/-Xms)
#   Decrease number of Java threads
#   Decrease Java thread stack sizes (-Xss)
#   Set larger code cache with -XX:ReservedCodeCacheSize=
#   JVM is running with Unscaled Compressed Oops mode in which the Java heap is
#     placed in the first 4GB address space. The Java Heap base address is the
#     maximum limit for the native heap growth. Please use -XX:HeapBaseMinAddress
#     to set the Java Heap base and to place the Java Heap above 4GB virtual address.
# This output file may be truncated or incomplete.
#
#  Out of Memory Error (arena.cpp:168), pid=19788, tid=20716
#
# JRE version: OpenJDK Runtime Environment Temurin-21.0.10+7 (21.0.10+7) (build 21.0.10+7-LTS)
# Java VM: OpenJDK 64-Bit Server VM Temurin-21.0.10+7 (21.0.10+7-LTS, mixed mode, sharing, tiered, compressed oops, compressed class ptrs, parallel gc, windows-amd64)
# No core dump will be written. Minidumps are not enabled by default on client versions of Windows
#

---------------  S U M M A R Y ------------

Command Line: --add-modules=ALL-SYSTEM --add-opens=java.base/java.util=ALL-UNNAMED --add-opens=java.base/java.lang=ALL-UNNAMED --add-opens=java.base/sun.nio.fs=ALL-UNNAMED -Declipse.application=org.eclipse.jdt.ls.core.id1 -Dosgi.bundles.defaultStartLevel=4 -Declipse.product=org.eclipse.jdt.ls.core.product -Djava.import.generatesMetadataFilesAtProjectRoot=false -DDetectVMInstallationsJob.disabled=true -Dfile.encoding=utf8 -XX:+UseParallelGC -XX:GCTimeRatio=4 -XX:AdaptiveSizePolicyWeight=90 -Dsun.zip.disableMemoryMapping=true -Xmx2G -Xms100m -Xlog:disable -javaagent:c:\Users\arpit\.vscode\extensions\redhat.java-1.54.0-win32-x64\lombok\lombok-1.18.39-4050.jar -XX:+HeapDumpOnOutOfMemoryError -XX:HeapDumpPath=c:\Users\arpit\AppData\Roaming\Code\User\workspaceStorage\7665114673e356f46a1bab68c603dfeb\redhat.java -Daether.dependencyCollector.impl=bf c:\Users\arpit\.vscode\extensions\redhat.java-1.54.0-win32-x64\server\plugins\org.eclipse.equinox.launcher_1.7.100.v20251111-0406.jar -configuration c:\Users\arpit\AppData\Roaming\Code\User\globalStorage\redhat.java\1.54.0\config_win -data c:\Users\arpit\AppData\Roaming\Code\User\workspaceStorage\7665114673e356f46a1bab68c603dfeb\redhat.java\jdt_ws --pipe=\\.\pipe\lsp-9a32daff29066ad526d0c3801a17ec15-sock

Host: AMD Ryzen 5 5600H with Radeon Graphics         , 12 cores, 7G,  Windows 11 , 64 bit Build 26100 (10.0.26100.8328)
Time: Sat Jun  6 11:34:59 2026 India Standard Time elapsed time: 8.833834 seconds (0d 0h 0m 8s)

---------------  T H R E A D  ---------------

Current thread (0x0000019746afda80):  JavaThread "C2 CompilerThread0" daemon [_thread_in_native, id=20716, stack(0x00000049eb500000,0x00000049eb600000) (1024K)]


Current CompileTask:
C2:8833 11525   !   4       org.eclipse.osgi.internal.loader.classpath.ClasspathManager::defineClass (636 bytes)

Stack: [0x00000049eb500000,0x00000049eb600000]
Native frames: (J=compiled Java code, j=interpreted, Vv=VM code, C=native code)
V  [jvm.dll+0x6d7a39]
V  [jvm.dll+0x8b4b26]
V  [jvm.dll+0x8b70de]
V  [jvm.dll+0x8b77c3]
V  [jvm.dll+0x284346]
V  [jvm.dll+0xc66ed]
V  [jvm.dll+0xc6c31]
V  [jvm.dll+0x3bec01]
V  [jvm.dll+0x38b162]
V  [jvm.dll+0x38a5aa]
V  [jvm.dll+0x24c560]
V  [jvm.dll+0x24bb40]
V  [jvm.dll+0x1cb34e]
V  [jvm.dll+0x25b85d]
V  [jvm.dll+0x259dea]
V  [jvm.dll+0x3f857e]
V  [jvm.dll+0x85f59d]
V  [jvm.dll+0x6d626d]
C  [ucrtbase.dll+0x37b0]
C  [KERNEL32.DLL+0x2e957]
C  [ntdll.dll+0x427c]


---------------  P R O C E S S  ---------------

Threads class SMR info:
_java_thread_list=0x0000019759662a20, length=80, elements={
0x000001976b50c620, 0x00000197045fe7c0, 0x000001976d8a55a0, 0x000001976d8b1b20,
0x000001976d8b6560, 0x000001976d8b7540, 0x000001976d8bc8c0, 0x0000019746afda80,
0x0000019746b1f8f0, 0x0000019746ddf8d0, 0x0000019746ddf240, 0x0000019746ddc450,
0x0000019746ddcae0, 0x0000019746ddebb0, 0x0000019746ddde90, 0x0000019746ddd170,
0x0000019746ddd800, 0x000001974d109d60, 0x000001974cf04590, 0x0000019746dde520,
0x000001974cd10510, 0x000001974cd10ba0, 0x000001974cd11230, 0x000001974cd118c0,
0x000001974cd0fe80, 0x000001974cd0f160, 0x000001974cd11f50, 0x000001974cd0ead0,
0x000001974cd13300, 0x000001974cd13990, 0x000001974cd153d0, 0x000001974cd14020,
0x000001974cd146b0, 0x000001974cd14d40, 0x000001974cd15a60, 0x000001974cd125e0,
0x000001974cd12c70, 0x000001974eba0500, 0x000001974eb9eac0, 0x000001974eb9f150,
0x000001974eba0b90, 0x000001974eb9f7e0, 0x000001974eba18b0, 0x000001974eb9e430,
0x000001974eba1f40, 0x000001974eba32f0, 0x000001974eba1220, 0x000001974eb9fe70,
0x000001974eba4d30, 0x000001974eba4010, 0x000001974eba3980, 0x000001974eba46a0,
0x000001974eba53c0, 0x000001974eba5a50, 0x000001974cf16f50, 0x000001974cf175e0,
0x000001974cf18300, 0x000001974cf19d40, 0x000001974cf18990, 0x000001974cf19020,
0x000001974cf196b0, 0x000001974cf168c0, 0x000001974cf1a3d0, 0x000001974cf1aa60,
0x000001974cf17c70, 0x000001974cf1dee0, 0x000001974cf1cb30, 0x000001974cf1c4a0,
0x000001974cf1b780, 0x000001974cf1d1c0, 0x000001974cf1be10, 0x000001974cf1d850,
0x000001975a2d5250, 0x000001975a2d8d60, 0x000001975a2d58e0, 0x000001975a2d8040,
0x000001975a2d6c90, 0x000001975a2d9a80, 0x000001975a2d7320, 0x000001975a2d79b0
}

Java Threads: ( => current thread )
  0x000001976b50c620 JavaThread "main"                              [_thread_blocked, id=22016, stack(0x00000049eab00000,0x00000049eac00000) (1024K)]
  0x00000197045fe7c0 JavaThread "Reference Handler"          daemon [_thread_blocked, id=13936, stack(0x00000049eaf00000,0x00000049eb000000) (1024K)]
  0x000001976d8a55a0 JavaThread "Finalizer"                  daemon [_thread_blocked, id=14420, stack(0x00000049eb000000,0x00000049eb100000) (1024K)]
  0x000001976d8b1b20 JavaThread "Signal Dispatcher"          daemon [_thread_blocked, id=5996, stack(0x00000049eb100000,0x00000049eb200000) (1024K)]
  0x000001976d8b6560 JavaThread "Attach Listener"            daemon [_thread_blocked, id=15648, stack(0x00000049eb200000,0x00000049eb300000) (1024K)]
  0x000001976d8b7540 JavaThread "Service Thread"             daemon [_thread_blocked, id=6352, stack(0x00000049eb300000,0x00000049eb400000) (1024K)]
  0x000001976d8bc8c0 JavaThread "Monitor Deflation Thread"   daemon [_thread_blocked, id=2532, stack(0x00000049eb400000,0x00000049eb500000) (1024K)]
=>0x0000019746afda80 JavaThread "C2 CompilerThread0"         daemon [_thread_in_native, id=20716, stack(0x00000049eb500000,0x00000049eb600000) (1024K)]
  0x0000019746b1f8f0 JavaThread "C1 CompilerThread0"         daemon [_thread_blocked, id=11012, stack(0x00000049eb600000,0x00000049eb700000) (1024K)]
  0x0000019746ddf8d0 JavaThread "Common-Cleaner"             daemon [_thread_blocked, id=17224, stack(0x00000049eb800000,0x00000049eb900000) (1024K)]
  0x0000019746ddf240 JavaThread "Notification Thread"        daemon [_thread_blocked, id=21688, stack(0x00000049eb900000,0x00000049eba00000) (1024K)]
  0x0000019746ddc450 JavaThread "Active Thread: Equinox Container: 94418816-fbf5-4d4a-822f-396dafe551db"        [_thread_blocked, id=18840, stack(0x00000049ec100000,0x00000049ec200000) (1024K)]
  0x0000019746ddcae0 JavaThread "Refresh Thread: Equinox Container: 94418816-fbf5-4d4a-822f-396dafe551db" daemon [_thread_blocked, id=4948, stack(0x00000049ec300000,0x00000049ec400000) (1024K)]
  0x0000019746ddebb0 JavaThread "Framework Event Dispatcher: Equinox Container: 94418816-fbf5-4d4a-822f-396dafe551db" daemon [_thread_blocked, id=12568, stack(0x00000049ec400000,0x00000049ec500000) (1024K)]
  0x0000019746ddde90 JavaThread "Start Level: Equinox Container: 94418816-fbf5-4d4a-822f-396dafe551db" daemon [_thread_blocked, id=9856, stack(0x00000049ec500000,0x00000049ec600000) (1024K)]
  0x0000019746ddd170 JavaThread "Bundle File Closer"         daemon [_thread_blocked, id=5036, stack(0x00000049ec800000,0x00000049ec900000) (1024K)]
  0x0000019746ddd800 JavaThread "SCR Component Actor"        daemon [_thread_blocked, id=20596, stack(0x00000049eb700000,0x00000049eb800000) (1024K)]
  0x000001974d109d60 JavaThread "C2 CompilerThread1"         daemon [_thread_blocked, id=16352, stack(0x00000049eba00000,0x00000049ebb00000) (1024K)]
  0x000001974cf04590 JavaThread "C2 CompilerThread2"         daemon [_thread_blocked, id=14656, stack(0x00000049ec900000,0x00000049eca00000) (1024K)]
  0x0000019746dde520 JavaThread "Worker-JM"                         [_thread_blocked, id=15584, stack(0x00000049eca00000,0x00000049ecb00000) (1024K)]
  0x000001974cd10510 JavaThread "JNA Cleaner"                daemon [_thread_blocked, id=11080, stack(0x00000049ecb00000,0x00000049ecc00000) (1024K)]
  0x000001974cd10ba0 JavaThread "Worker-0: Building"                [_thread_blocked, id=18792, stack(0x00000049ecc00000,0x00000049ecd00000) (1024K)]
  0x000001974cd11230 JavaThread "Worker-1: Java indexing... "        [_thread_blocked, id=22020, stack(0x00000049ecd00000,0x00000049ece00000) (1024K)]
  0x000001974cd118c0 JavaThread "Worker-2"                          [_thread_blocked, id=16084, stack(0x00000049ece00000,0x00000049ecf00000) (1024K)]
  0x000001974cd0fe80 JavaThread "Java indexing"              daemon [_thread_blocked, id=21960, stack(0x00000049ecf00000,0x00000049ed000000) (1024K)]
  0x000001974cd0f160 JavaThread "Worker-3"                          [_thread_blocked, id=12272, stack(0x00000049ed000000,0x00000049ed100000) (1024K)]
  0x000001974cd11f50 JavaThread "Thread-1"                   daemon [_thread_in_native, id=16740, stack(0x00000049ed300000,0x00000049ed400000) (1024K)]
  0x000001974cd0ead0 JavaThread "Thread-2"                   daemon [_thread_in_native, id=15668, stack(0x00000049ed400000,0x00000049ed500000) (1024K)]
  0x000001974cd13300 JavaThread "Thread-3"                   daemon [_thread_in_native, id=11976, stack(0x00000049ed500000,0x00000049ed600000) (1024K)]
  0x000001974cd13990 JavaThread "Thread-4"                   daemon [_thread_in_native, id=20692, stack(0x00000049ed600000,0x00000049ed700000) (1024K)]
  0x000001974cd153d0 JavaThread "Thread-5"                   daemon [_thread_in_native, id=13364, stack(0x00000049ed700000,0x00000049ed800000) (1024K)]
  0x000001974cd14020 JavaThread "Thread-6"                   daemon [_thread_in_native, id=11552, stack(0x00000049ed800000,0x00000049ed900000) (1024K)]
  0x000001974cd146b0 JavaThread "Thread-7"                   daemon [_thread_in_native, id=22432, stack(0x00000049ed900000,0x00000049eda00000) (1024K)]
  0x000001974cd14d40 JavaThread "Thread-8"                   daemon [_thread_in_native, id=11036, stack(0x00000049eda00000,0x00000049edb00000) (1024K)]
  0x000001974cd15a60 JavaThread "Thread-9"                   daemon [_thread_in_native, id=19388, stack(0x00000049edb00000,0x00000049edc00000) (1024K)]
  0x000001974cd125e0 JavaThread "Thread-10"                  daemon [_thread_in_native, id=10592, stack(0x00000049edc00000,0x00000049edd00000) (1024K)]
  0x000001974cd12c70 JavaThread "Thread-11"                  daemon [_thread_in_native, id=17896, stack(0x00000049edd00000,0x00000049ede00000) (1024K)]
  0x000001974eba0500 JavaThread "Thread-12"                  daemon [_thread_in_native, id=17056, stack(0x00000049ede00000,0x00000049edf00000) (1024K)]
  0x000001974eb9eac0 JavaThread "Thread-13"                  daemon [_thread_in_native, id=18864, stack(0x00000049edf00000,0x00000049ee000000) (1024K)]
  0x000001974eb9f150 JavaThread "pool-2-thread-1"                   [_thread_blocked, id=8728, stack(0x00000049ee000000,0x00000049ee100000) (1024K)]
  0x000001974eba0b90 JavaThread "WorkspaceEventsHandler"            [_thread_blocked, id=3680, stack(0x00000049ee100000,0x00000049ee200000) (1024K)]
  0x000001974eb9f7e0 JavaThread "pool-1-thread-1"                   [_thread_blocked, id=17852, stack(0x00000049ee200000,0x00000049ee300000) (1024K)]
  0x000001974eba18b0 JavaThread "LocalFile Deleter"          daemon [_thread_blocked, id=12416, stack(0x00000049ee300000,0x00000049ee400000) (1024K)]
  0x000001974eb9e430 JavaThread "LocalFile Deleter"          daemon [_thread_blocked, id=17924, stack(0x00000049ee400000,0x00000049ee500000) (1024K)]
  0x000001974eba1f40 JavaThread "LocalFile Deleter"          daemon [_thread_blocked, id=19816, stack(0x00000049ee500000,0x00000049ee600000) (1024K)]
  0x000001974eba32f0 JavaThread "LocalFile Deleter"          daemon [_thread_blocked, id=7304, stack(0x00000049ee600000,0x00000049ee700000) (1024K)]
  0x000001974eba1220 JavaThread "Compiler Source File Reader" daemon [_thread_blocked, id=11464, stack(0x00000049ee700000,0x00000049ee800000) (1024K)]
  0x000001974eb9fe70 JavaThread "Compiler Processing Task"   daemon [_thread_blocked, id=21120, stack(0x00000049ee800000,0x00000049ee900000) (1024K)]
  0x000001974eba4d30 JavaThread "Compiler Class File Writer" daemon [_thread_blocked, id=1716, stack(0x00000049ee900000,0x00000049eea00000) (1024K)]
  0x000001974eba4010 JavaThread "LocalFile Deleter"          daemon [_thread_blocked, id=19064, stack(0x00000049eea00000,0x00000049eeb00000) (1024K)]
  0x000001974eba3980 JavaThread "LocalFile Deleter"          daemon [_thread_blocked, id=13128, stack(0x00000049eeb00000,0x00000049eec00000) (1024K)]
  0x000001974eba46a0 JavaThread "LocalFile Deleter"          daemon [_thread_blocked, id=11780, stack(0x00000049eec00000,0x00000049eed00000) (1024K)]
  0x000001974eba53c0 JavaThread "LocalFile Deleter"          daemon [_thread_blocked, id=20792, stack(0x00000049eed00000,0x00000049eee00000) (1024K)]
  0x000001974eba5a50 JavaThread "LocalFile Deleter"          daemon [_thread_blocked, id=3412, stack(0x00000049eee00000,0x00000049eef00000) (1024K)]
  0x000001974cf16f50 JavaThread "LocalFile Deleter"          daemon [_thread_blocked, id=20188, stack(0x00000049eef00000,0x00000049ef000000) (1024K)]
  0x000001974cf175e0 JavaThread "LocalFile Deleter"          daemon [_thread_blocked, id=1572, stack(0x00000049ef000000,0x00000049ef100000) (1024K)]
  0x000001974cf18300 JavaThread "LocalFile Deleter"          daemon [_thread_blocked, id=10172, stack(0x00000049ef100000,0x00000049ef200000) (1024K)]
  0x000001974cf19d40 JavaThread "Compiler Source File Reader" daemon [_thread_blocked, id=1692, stack(0x00000049ef200000,0x00000049ef300000) (1024K)]
  0x000001974cf18990 JavaThread "Compiler Source File Reader" daemon [_thread_blocked, id=16060, stack(0x00000049ef300000,0x00000049ef400000) (1024K)]
  0x000001974cf19020 JavaThread "Compiler Source File Reader" daemon [_thread_blocked, id=7652, stack(0x00000049ef400000,0x00000049ef500000) (1024K)]
  0x000001974cf196b0 JavaThread "Compiler Source File Reader" daemon [_thread_blocked, id=14916, stack(0x00000049ef500000,0x00000049ef600000) (1024K)]
  0x000001974cf168c0 JavaThread "Compiler Source File Reader" daemon [_thread_blocked, id=15072, stack(0x00000049ef600000,0x00000049ef700000) (1024K)]
  0x000001974cf1a3d0 JavaThread "Compiler Source File Reader" daemon [_thread_blocked, id=9416, stack(0x00000049ef700000,0x00000049ef800000) (1024K)]
  0x000001974cf1aa60 JavaThread "Compiler Source File Reader" daemon [_thread_blocked, id=5204, stack(0x00000049ef800000,0x00000049ef900000) (1024K)]
  0x000001974cf17c70 JavaThread "Compiler Source File Reader" daemon [_thread_blocked, id=16108, stack(0x00000049ef900000,0x00000049efa00000) (1024K)]
  0x000001974cf1dee0 JavaThread "Compiler Source File Reader" daemon [_thread_blocked, id=1840, stack(0x00000049efa00000,0x00000049efb00000) (1024K)]
  0x000001974cf1cb30 JavaThread "Compiler Class File Writer" daemon [_thread_blocked, id=16440, stack(0x00000049efb00000,0x00000049efc00000) (1024K)]
  0x000001974cf1c4a0 JavaThread "Compiler Class File Writer" daemon [_thread_blocked, id=16152, stack(0x00000049efc00000,0x00000049efd00000) (1024K)]
  0x000001974cf1b780 JavaThread "Compiler Class File Writer" daemon [_thread_blocked, id=17628, stack(0x00000049efd00000,0x00000049efe00000) (1024K)]
  0x000001974cf1d1c0 JavaThread "Compiler Class File Writer" daemon [_thread_blocked, id=16072, stack(0x00000049efe00000,0x00000049eff00000) (1024K)]
  0x000001974cf1be10 JavaThread "Compiler Class File Writer" daemon [_thread_blocked, id=15076, stack(0x00000049eff00000,0x00000049f0000000) (1024K)]
  0x000001974cf1d850 JavaThread "Compiler Class File Writer" daemon [_thread_blocked, id=14480, stack(0x00000049f0000000,0x00000049f0100000) (1024K)]
  0x000001975a2d5250 JavaThread "Compiler Class File Writer" daemon [_thread_blocked, id=12412, stack(0x00000049f0100000,0x00000049f0200000) (1024K)]
  0x000001975a2d8d60 JavaThread "Compiler Class File Writer" daemon [_thread_blocked, id=6480, stack(0x00000049f0200000,0x00000049f0300000) (1024K)]
  0x000001975a2d58e0 JavaThread "Compiler Class File Writer" daemon [_thread_blocked, id=14760, stack(0x00000049f0300000,0x00000049f0400000) (1024K)]
  0x000001975a2d8040 JavaThread "ParallelDescriptorResolver-0-0" daemon [_thread_blocked, id=2104, stack(0x00000049f0400000,0x00000049f0500000) (1024K)]
  0x000001975a2d6c90 JavaThread "ParallelDescriptorResolver-0-1" daemon [_thread_blocked, id=19068, stack(0x00000049f0500000,0x00000049f0600000) (1024K)]
  0x000001975a2d9a80 JavaThread "ParallelDescriptorResolver-0-2" daemon [_thread_blocked, id=22756, stack(0x00000049f0600000,0x00000049f0700000) (1024K)]
  0x000001975a2d7320 JavaThread "ParallelDescriptorResolver-0-3" daemon [_thread_blocked, id=11508, stack(0x00000049f0700000,0x00000049f0800000) (1024K)]
  0x000001975a2d79b0 JavaThread "ParallelDescriptorResolver-0-4" daemon [_thread_blocked, id=20900, stack(0x00000049f0800000,0x00000049f0900000) (1024K)]
Total: 80

Other Threads:
  0x00000197045e41f0 VMThread "VM Thread"                           [id=23200, stack(0x00000049eae00000,0x00000049eaf00000) (1024K)]
  0x00000197044dba00 WatcherThread "VM Periodic Task Thread"        [id=18104, stack(0x00000049ead00000,0x00000049eae00000) (1024K)]
  0x000001976d820ee0 WorkerThread "GC Thread#0"                     [id=17276, stack(0x00000049eac00000,0x00000049ead00000) (1024K)]
  0x000001974c8f1d00 WorkerThread "GC Thread#1"                     [id=21864, stack(0x00000049ebb00000,0x00000049ebc00000) (1024K)]
  0x000001974c8def20 WorkerThread "GC Thread#2"                     [id=9456, stack(0x00000049ebc00000,0x00000049ebd00000) (1024K)]
  0x000001974c71c330 WorkerThread "GC Thread#3"                     [id=2084, stack(0x00000049ebd00000,0x00000049ebe00000) (1024K)]
  0x000001974c71c6e0 WorkerThread "GC Thread#4"                     [id=2508, stack(0x00000049ebe00000,0x00000049ebf00000) (1024K)]
  0x000001974c6045e0 WorkerThread "GC Thread#5"                     [id=9712, stack(0x00000049ebf00000,0x00000049ec000000) (1024K)]
  0x000001974c1eb5d0 WorkerThread "GC Thread#6"                     [id=23508, stack(0x00000049ec000000,0x00000049ec100000) (1024K)]
  0x000001974cb3aa70 WorkerThread "GC Thread#7"                     [id=12296, stack(0x00000049ec200000,0x00000049ec300000) (1024K)]
  0x000001974cc05b10 WorkerThread "GC Thread#8"                     [id=16420, stack(0x00000049ec600000,0x00000049ec700000) (1024K)]
  0x000001974cff3010 WorkerThread "GC Thread#9"                     [id=4964, stack(0x00000049ec700000,0x00000049ec800000) (1024K)]
Total: 12

Threads with active compile tasks:
C2 CompilerThread0  8858 11525   !   4       org.eclipse.osgi.internal.loader.classpath.ClasspathManager::defineClass (636 bytes)
C1 CompilerThread0  8858 11865       1       org.eclipse.aether.collection.DependencyManagement::getVersion (5 bytes)
C2 CompilerThread1  8858 11814   !   4       org.apache.maven.model.ConfigurationContainer::clone (98 bytes)
C2 CompilerThread2  8858 11789   !   4       org.codehaus.plexus.interpolation.StringSearchInterpolator::interpolate (692 bytes)
Total: 4

VM state: at safepoint (normal execution)

VM Mutex/Monitor currently owned by a thread:  ([mutex/lock_event])
[0x00007ffca2b4e560] Threads_lock - owner thread: 0x00000197045e41f0
[0x00007ffca2b4e660] Heap_lock - owner thread: 0x000001975a2d8040

Heap address: 0x0000000080000000, size: 2048 MB, Compressed Oops mode: 32-bit

CDS archive(s) mapped at: [0x0000019705000000-0x0000019705ba0000-0x0000019705ba0000), size 12189696, SharedBaseAddress: 0x0000019705000000, ArchiveRelocationMode: 1.
Compressed class space mapped at: 0x0000019706000000-0x0000019746000000, reserved size: 1073741824
Narrow klass base: 0x0000019705000000, Narrow klass shift: 0, Narrow klass range: 0x100000000

GC Precious Log:
 CardTable entry size: 512
 CPUs: 12 total, 12 available
 Memory: 7518M
 Large Page Support: Disabled
 NUMA Support: Disabled
 Compressed Oops: Enabled (32-bit)
 Alignments: Space 512K, Generation 512K, Heap 2M
 Heap Min Capacity: 100M
 Heap Initial Capacity: 100M
 Heap Max Capacity: 2G
 Pre-touch: Disabled
 Parallel Workers: 10

Heap:
 PSYoungGen      total 20480K, used 20103K [0x00000000d5580000, 0x00000000d6e80000, 0x0000000100000000)
  eden space 15360K, 100% used [0x00000000d5580000,0x00000000d6480000,0x00000000d6480000)
  from space 5120K, 92% used [0x00000000d6980000,0x00000000d6e21eb8,0x00000000d6e80000)
  to   space 5120K, 82% used [0x00000000d6480000,0x00000000d689bda8,0x00000000d6980000)
 ParOldGen       total 350720K, used 350329K [0x0000000080000000, 0x0000000095680000, 0x00000000d5580000)
  object space 350720K, 99% used [0x0000000080000000,0x000000009561e660,0x0000000095680000)
 Metaspace       used 61739K, committed 63232K, reserved 1114112K
  class space    used 6452K, committed 7104K, reserved 1048576K

Card table byte_map: [0x000001976d1b0000,0x000001976d5c0000] _byte_map_base: 0x000001976cdb0000

Marking Bits: (ParMarkBitMap*) 0x00007ffca2b53450
 Begin Bits: [0x0000019700000000, 0x0000019702000000)
 End Bits:   [0x0000019702000000, 0x0000019704000000)

Polling page: 0x000001976b8e0000

Metaspace:

Usage:
  Non-class:     53.99 MB used.
      Class:      6.30 MB used.
       Both:     60.29 MB used.

Virtual space:
  Non-class space:       64.00 MB reserved,      54.81 MB ( 86%) committed,  1 nodes.
      Class space:        1.00 GB reserved,       6.94 MB ( <1%) committed,  1 nodes.
             Both:        1.06 GB reserved,      61.75 MB (  6%) committed. 

Chunk freelists:
   Non-Class:  8.77 MB
       Class:  9.03 MB
        Both:  17.80 MB

MaxMetaspaceSize: unlimited
CompressedClassSpaceSize: 1.00 GB
Initial GC threshold: 21.00 MB
Current GC threshold: 97.31 MB
CDS: on
 - commit_granule_bytes: 65536.
 - commit_granule_words: 8192.
 - virtual_space_node_default_size: 8388608.
 - enlarge_chunks_in_place: 1.
 - use_allocation_guard: 0.


Internal statistics:

num_allocs_failed_limit: 9.
num_arena_births: 1214.
num_arena_deaths: 14.
num_vsnodes_births: 2.
num_vsnodes_deaths: 0.
num_space_committed: 988.
num_space_uncommitted: 0.
num_chunks_returned_to_freelist: 23.
num_chunks_taken_from_freelist: 4202.
num_chunk_merges: 12.
num_chunk_splits: 2544.
num_chunks_enlarged: 1363.
num_inconsistent_stats: 0.

CodeHeap 'non-profiled nmethods': size=120000Kb used=6080Kb max_used=6080Kb free=113919Kb
 bounds [0x00000197784d0000, 0x0000019778ad0000, 0x000001977fa00000]
CodeHeap 'profiled nmethods': size=120000Kb used=24170Kb max_used=24170Kb free=95829Kb
 bounds [0x0000019770a00000, 0x00000197721a0000, 0x0000019777f30000]
CodeHeap 'non-nmethods': size=5760Kb used=1418Kb max_used=1492Kb free=4341Kb
 bounds [0x0000019777f30000, 0x00000197781a0000, 0x00000197784d0000]
CodeCache: size=245760Kb, used=31668Kb, max_used=31742Kb, free=214089Kb
 total_blobs=11813, nmethods=11086, adapters=632, full_count=0
Compilation: enabled, stopped_count=0, restarted_count=0

Compilation events (20 events):
Event: 8.789 Thread 0x0000019746b1f8f0 nmethod 11847 0x0000019778abfb10 code [0x0000019778abfca0, 0x0000019778abfd68]
Event: 8.790 Thread 0x0000019746b1f8f0 11856   !   3       org.apache.maven.model.building.DefaultModelBuilder::importDependencyManagement (1104 bytes)
Event: 8.800 Thread 0x0000019746b1f8f0 nmethod 11856 0x0000019772187490 code [0x0000019772188340, 0x0000019772190408]
Event: 8.801 Thread 0x0000019746b1f8f0 11868       3       java.util.concurrent.ConcurrentHashMap::entrySet (25 bytes)
Event: 8.801 Thread 0x0000019746b1f8f0 nmethod 11868 0x0000019772193990 code [0x0000019772193b60, 0x0000019772193e68]
Event: 8.801 Thread 0x0000019746b1f8f0 11869       3       java.util.concurrent.ConcurrentHashMap$EntrySetView::iterator (34 bytes)
Event: 8.802 Thread 0x0000019746b1f8f0 nmethod 11869 0x0000019772193f90 code [0x0000019772194140, 0x0000019772194368]
Event: 8.802 Thread 0x0000019746b1f8f0 11870       3       java.util.concurrent.ConcurrentHashMap$EntryIterator::<init> (12 bytes)
Event: 8.802 Thread 0x0000019746b1f8f0 nmethod 11870 0x0000019772194490 code [0x0000019772194640, 0x0000019772194778]
Event: 8.802 Thread 0x0000019746b1f8f0 11864       1       org.eclipse.aether.graph.DefaultDependencyNode::getArtifact (5 bytes)
Event: 8.802 Thread 0x0000019746b1f8f0 nmethod 11864 0x0000019778abfe10 code [0x0000019778abffa0, 0x0000019778ac0068]
Event: 8.802 Thread 0x0000019746b1f8f0 11860       3       org.eclipse.aether.graph.Dependency::equals (94 bytes)
Event: 8.803 Thread 0x0000019746b1f8f0 nmethod 11860 0x0000019772194810 code [0x0000019772194a80, 0x00000197721957e0]
Event: 8.803 Thread 0x0000019746b1f8f0 11872       3       org.codehaus.plexus.util.xml.pull.MXParser::nextImpl (1208 bytes)
Event: 8.805 Thread 0x0000019746b1f8f0 nmethod 11872 0x0000019772195a90 code [0x0000019772196100, 0x0000019772198ea0]
Event: 8.806 Thread 0x0000019746b1f8f0 11874       2       java.util.WeakHashMap::get (75 bytes)
Event: 8.806 Thread 0x0000019746b1f8f0 nmethod 11874 0x0000019772199c90 code [0x0000019772199e80, 0x000001977219a1b0]
Event: 8.806 Thread 0x0000019746b1f8f0 11885       3       java.lang.StringBuilder::toString (9 bytes)
Event: 8.806 Thread 0x0000019746b1f8f0 nmethod 11885 0x000001977219a410 code [0x000001977219a5c0, 0x000001977219a7d0]
Event: 8.806 Thread 0x0000019746b1f8f0 11865       1       org.eclipse.aether.collection.DependencyManagement::getVersion (5 bytes)

GC Heap History (20 events):
Event: 8.253 GC heap after
{Heap after GC invocations=227 (full 3):
 PSYoungGen      total 14336K, used 3513K [0x00000000d5580000, 0x00000000d6780000, 0x0000000100000000)
  eden space 10752K, 0% used [0x00000000d5580000,0x00000000d5580000,0x00000000d6000000)
  from space 3584K, 98% used [0x00000000d6380000,0x00000000d66ee470,0x00000000d6700000)
  to   space 3584K, 0% used [0x00000000d6000000,0x00000000d6000000,0x00000000d6380000)
 ParOldGen       total 317440K, used 317169K [0x0000000080000000, 0x0000000093600000, 0x00000000d5580000)
  object space 317440K, 99% used [0x0000000080000000,0x00000000935bc6a8,0x0000000093600000)
 Metaspace       used 60911K, committed 62336K, reserved 1114112K
  class space    used 6401K, committed 7040K, reserved 1048576K
}
Event: 8.261 GC heap before
{Heap before GC invocations=228 (full 3):
 PSYoungGen      total 14336K, used 14265K [0x00000000d5580000, 0x00000000d6780000, 0x0000000100000000)
  eden space 10752K, 100% used [0x00000000d5580000,0x00000000d6000000,0x00000000d6000000)
  from space 3584K, 98% used [0x00000000d6380000,0x00000000d66ee470,0x00000000d6700000)
  to   space 3584K, 0% used [0x00000000d6000000,0x00000000d6000000,0x00000000d6380000)
 ParOldGen       total 317440K, used 317169K [0x0000000080000000, 0x0000000093600000, 0x00000000d5580000)
  object space 317440K, 99% used [0x0000000080000000,0x00000000935bc6a8,0x0000000093600000)
 Metaspace       used 60918K, committed 62400K, reserved 1114112K
  class space    used 6401K, committed 7040K, reserved 1048576K
}
Event: 8.263 GC heap after
{Heap after GC invocations=228 (full 3):
 PSYoungGen      total 14336K, used 3570K [0x00000000d5580000, 0x00000000d7380000, 0x0000000100000000)
  eden space 10752K, 0% used [0x00000000d5580000,0x00000000d5580000,0x00000000d6000000)
  from space 3584K, 99% used [0x00000000d6000000,0x00000000d637ca10,0x00000000d6380000)
  to   space 8704K, 0% used [0x00000000d6b00000,0x00000000d6b00000,0x00000000d7380000)
 ParOldGen       total 321536K, used 321229K [0x0000000080000000, 0x0000000093a00000, 0x00000000d5580000)
  object space 321536K, 99% used [0x0000000080000000,0x00000000939b3498,0x0000000093a00000)
 Metaspace       used 60918K, committed 62400K, reserved 1114112K
  class space    used 6401K, committed 7040K, reserved 1048576K
}
Event: 8.275 GC heap before
{Heap before GC invocations=229 (full 3):
 PSYoungGen      total 14336K, used 14322K [0x00000000d5580000, 0x00000000d7380000, 0x0000000100000000)
  eden space 10752K, 100% used [0x00000000d5580000,0x00000000d6000000,0x00000000d6000000)
  from space 3584K, 99% used [0x00000000d6000000,0x00000000d637ca10,0x00000000d6380000)
  to   space 8704K, 0% used [0x00000000d6b00000,0x00000000d6b00000,0x00000000d7380000)
 ParOldGen       total 321536K, used 321229K [0x0000000080000000, 0x0000000093a00000, 0x00000000d5580000)
  object space 321536K, 99% used [0x0000000080000000,0x00000000939b3498,0x0000000093a00000)
 Metaspace       used 60923K, committed 62400K, reserved 1114112K
  class space    used 6401K, committed 7040K, reserved 1048576K
}
Event: 8.279 GC heap after
{Heap after GC invocations=229 (full 3):
 PSYoungGen      total 17920K, used 4279K [0x00000000d5580000, 0x00000000d6f80000, 0x0000000100000000)
  eden space 13312K, 0% used [0x00000000d5580000,0x00000000d5580000,0x00000000d6280000)
  from space 4608K, 92% used [0x00000000d6b00000,0x00000000d6f2dc40,0x00000000d6f80000)
  to   space 5632K, 0% used [0x00000000d6480000,0x00000000d6480000,0x00000000d6a00000)
 ParOldGen       total 324608K, used 324354K [0x0000000080000000, 0x0000000093d00000, 0x00000000d5580000)
  object space 324608K, 99% used [0x0000000080000000,0x0000000093cc0b60,0x0000000093d00000)
 Metaspace       used 60923K, committed 62400K, reserved 1114112K
  class space    used 6401K, committed 7040K, reserved 1048576K
}
Event: 8.291 GC heap before
{Heap before GC invocations=230 (full 3):
 PSYoungGen      total 17920K, used 17591K [0x00000000d5580000, 0x00000000d6f80000, 0x0000000100000000)
  eden space 13312K, 100% used [0x00000000d5580000,0x00000000d6280000,0x00000000d6280000)
  from space 4608K, 92% used [0x00000000d6b00000,0x00000000d6f2dc40,0x00000000d6f80000)
  to   space 5632K, 0% used [0x00000000d6480000,0x00000000d6480000,0x00000000d6a00000)
 ParOldGen       total 324608K, used 324354K [0x0000000080000000, 0x0000000093d00000, 0x00000000d5580000)
  object space 324608K, 99% used [0x0000000080000000,0x0000000093cc0b60,0x0000000093d00000)
 Metaspace       used 60932K, committed 62400K, reserved 1114112K
  class space    used 6401K, committed 7040K, reserved 1048576K
}
Event: 8.295 GC heap after
{Heap after GC invocations=230 (full 3):
 PSYoungGen      total 20992K, used 4737K [0x00000000d5580000, 0x00000000d6f80000, 0x0000000100000000)
  eden space 15360K, 0% used [0x00000000d5580000,0x00000000d5580000,0x00000000d6480000)
  from space 5632K, 84% used [0x00000000d6480000,0x00000000d69206b0,0x00000000d6a00000)
  to   space 5120K, 0% used [0x00000000d6a80000,0x00000000d6a80000,0x00000000d6f80000)
 ParOldGen       total 328704K, used 328472K [0x0000000080000000, 0x0000000094100000, 0x00000000d5580000)
  object space 328704K, 99% used [0x0000000080000000,0x00000000940c6368,0x0000000094100000)
 Metaspace       used 60932K, committed 62400K, reserved 1114112K
  class space    used 6401K, committed 7040K, reserved 1048576K
}
Event: 8.399 GC heap before
{Heap before GC invocations=231 (full 3):
 PSYoungGen      total 20992K, used 20097K [0x00000000d5580000, 0x00000000d6f80000, 0x0000000100000000)
  eden space 15360K, 100% used [0x00000000d5580000,0x00000000d6480000,0x00000000d6480000)
  from space 5632K, 84% used [0x00000000d6480000,0x00000000d69206b0,0x00000000d6a00000)
  to   space 5120K, 0% used [0x00000000d6a80000,0x00000000d6a80000,0x00000000d6f80000)
 ParOldGen       total 328704K, used 328472K [0x0000000080000000, 0x0000000094100000, 0x00000000d5580000)
  object space 328704K, 99% used [0x0000000080000000,0x00000000940c6368,0x0000000094100000)
 Metaspace       used 61018K, committed 62528K, reserved 1114112K
  class space    used 6401K, committed 7040K, reserved 1048576K
}
Event: 8.402 GC heap after
{Heap after GC invocations=231 (full 3):
 PSYoungGen      total 17408K, used 1826K [0x00000000d5580000, 0x00000000d6c80000, 0x0000000100000000)
  eden space 15360K, 0% used [0x00000000d5580000,0x00000000d5580000,0x00000000d6480000)
  from space 2048K, 89% used [0x00000000d6a80000,0x00000000d6c48a58,0x00000000d6c80000)
  to   space 3072K, 0% used [0x00000000d6680000,0x00000000d6680000,0x00000000d6980000)
 ParOldGen       total 333312K, used 332829K [0x0000000080000000, 0x0000000094580000, 0x00000000d5580000)
  object space 333312K, 99% used [0x0000000080000000,0x0000000094507420,0x0000000094580000)
 Metaspace       used 61018K, committed 62528K, reserved 1114112K
  class space    used 6401K, committed 7040K, reserved 1048576K
}
Event: 8.480 GC heap before
{Heap before GC invocations=232 (full 3):
 PSYoungGen      total 17408K, used 17186K [0x00000000d5580000, 0x00000000d6c80000, 0x0000000100000000)
  eden space 15360K, 100% used [0x00000000d5580000,0x00000000d6480000,0x00000000d6480000)
  from space 2048K, 89% used [0x00000000d6a80000,0x00000000d6c48a58,0x00000000d6c80000)
  to   space 3072K, 0% used [0x00000000d6680000,0x00000000d6680000,0x00000000d6980000)
 ParOldGen       total 333312K, used 332829K [0x0000000080000000, 0x0000000094580000, 0x00000000d5580000)
  object space 333312K, 99% used [0x0000000080000000,0x0000000094507420,0x0000000094580000)
 Metaspace       used 61078K, committed 62528K, reserved 1114112K
  class space    used 6402K, committed 7040K, reserved 1048576K
}
Event: 8.483 GC heap after
{Heap after GC invocations=232 (full 3):
 PSYoungGen      total 18432K, used 3067K [0x00000000d5580000, 0x00000000d7180000, 0x0000000100000000)
  eden space 15360K, 0% used [0x00000000d5580000,0x00000000d5580000,0x00000000d6480000)
  from space 3072K, 99% used [0x00000000d6680000,0x00000000d697ec00,0x00000000d6980000)
  to   space 6656K, 0% used [0x00000000d6b00000,0x00000000d6b00000,0x00000000d7180000)
 ParOldGen       total 335872K, used 335656K [0x0000000080000000, 0x0000000094800000, 0x00000000d5580000)
  object space 335872K, 99% used [0x0000000080000000,0x00000000947ca1e8,0x0000000094800000)
 Metaspace       used 61078K, committed 62528K, reserved 1114112K
  class space    used 6402K, committed 7040K, reserved 1048576K
}
Event: 8.571 GC heap before
{Heap before GC invocations=233 (full 3):
 PSYoungGen      total 18432K, used 18427K [0x00000000d5580000, 0x00000000d7180000, 0x0000000100000000)
  eden space 15360K, 100% used [0x00000000d5580000,0x00000000d6480000,0x00000000d6480000)
  from space 3072K, 99% used [0x00000000d6680000,0x00000000d697ec00,0x00000000d6980000)
  to   space 6656K, 0% used [0x00000000d6b00000,0x00000000d6b00000,0x00000000d7180000)
 ParOldGen       total 335872K, used 335656K [0x0000000080000000, 0x0000000094800000, 0x00000000d5580000)
  object space 335872K, 99% used [0x0000000080000000,0x00000000947ca1e8,0x0000000094800000)
 Metaspace       used 61271K, committed 62720K, reserved 1114112K
  class space    used 6417K, committed 7040K, reserved 1048576K
}
Event: 8.575 GC heap after
{Heap after GC invocations=233 (full 3):
 PSYoungGen      total 21504K, used 5673K [0x00000000d5580000, 0x00000000d7100000, 0x0000000100000000)
  eden space 15360K, 0% used [0x00000000d5580000,0x00000000d5580000,0x00000000d6480000)
  from space 6144K, 92% used [0x00000000d6b00000,0x00000000d708a770,0x00000000d7100000)
  to   space 6144K, 0% used [0x00000000d6500000,0x00000000d6500000,0x00000000d6b00000)
 ParOldGen       total 337920K, used 337574K [0x0000000080000000, 0x0000000094a00000, 0x00000000d5580000)
  object space 337920K, 99% used [0x0000000080000000,0x00000000949a98d0,0x0000000094a00000)
 Metaspace       used 61271K, committed 62720K, reserved 1114112K
  class space    used 6417K, committed 7040K, reserved 1048576K
}
Event: 8.624 GC heap before
{Heap before GC invocations=234 (full 3):
 PSYoungGen      total 21504K, used 21033K [0x00000000d5580000, 0x00000000d7100000, 0x0000000100000000)
  eden space 15360K, 100% used [0x00000000d5580000,0x00000000d6480000,0x00000000d6480000)
  from space 6144K, 92% used [0x00000000d6b00000,0x00000000d708a770,0x00000000d7100000)
  to   space 6144K, 0% used [0x00000000d6500000,0x00000000d6500000,0x00000000d6b00000)
 ParOldGen       total 337920K, used 337574K [0x0000000080000000, 0x0000000094a00000, 0x00000000d5580000)
  object space 337920K, 99% used [0x0000000080000000,0x00000000949a98d0,0x0000000094a00000)
 Metaspace       used 61524K, committed 62976K, reserved 1114112K
  class space    used 6451K, committed 7104K, reserved 1048576K
}
Event: 8.632 GC heap after
{Heap after GC invocations=234 (full 3):
 PSYoungGen      total 19456K, used 3975K [0x00000000d5580000, 0x00000000d6e80000, 0x0000000100000000)
  eden space 15360K, 0% used [0x00000000d5580000,0x00000000d5580000,0x00000000d6480000)
  from space 4096K, 97% used [0x00000000d6500000,0x00000000d68e1fa0,0x00000000d6900000)
  to   space 5120K, 0% used [0x00000000d6980000,0x00000000d6980000,0x00000000d6e80000)
 ParOldGen       total 343040K, used 342771K [0x0000000080000000, 0x0000000094f00000, 0x00000000d5580000)
  object space 343040K, 99% used [0x0000000080000000,0x0000000094ebcc08,0x0000000094f00000)
 Metaspace       used 61524K, committed 62976K, reserved 1114112K
  class space    used 6451K, committed 7104K, reserved 1048576K
}
Event: 8.729 GC heap before
{Heap before GC invocations=235 (full 3):
 PSYoungGen      total 19456K, used 19335K [0x00000000d5580000, 0x00000000d6e80000, 0x0000000100000000)
  eden space 15360K, 100% used [0x00000000d5580000,0x00000000d6480000,0x00000000d6480000)
  from space 4096K, 97% used [0x00000000d6500000,0x00000000d68e1fa0,0x00000000d6900000)
  to   space 5120K, 0% used [0x00000000d6980000,0x00000000d6980000,0x00000000d6e80000)
 ParOldGen       total 343040K, used 342771K [0x0000000080000000, 0x0000000094f00000, 0x00000000d5580000)
  object space 343040K, 99% used [0x0000000080000000,0x0000000094ebcc08,0x0000000094f00000)
 Metaspace       used 61607K, committed 63104K, reserved 1114112K
  class space    used 6451K, committed 7104K, reserved 1048576K
}
Event: 8.733 GC heap after
{Heap after GC invocations=235 (full 3):
 PSYoungGen      total 20480K, used 4743K [0x00000000d5580000, 0x00000000d6e80000, 0x0000000100000000)
  eden space 15360K, 0% used [0x00000000d5580000,0x00000000d5580000,0x00000000d6480000)
  from space 5120K, 92% used [0x00000000d6980000,0x00000000d6e21eb8,0x00000000d6e80000)
  to   space 5120K, 0% used [0x00000000d6480000,0x00000000d6480000,0x00000000d6980000)
 ParOldGen       total 346624K, used 346520K [0x0000000080000000, 0x0000000095280000, 0x00000000d5580000)
  object space 346624K, 99% used [0x0000000080000000,0x0000000095266310,0x0000000095280000)
 Metaspace       used 61607K, committed 63104K, reserved 1114112K
  class space    used 6451K, committed 7104K, reserved 1048576K
}
Event: 8.806 GC heap before
{Heap before GC invocations=236 (full 3):
 PSYoungGen      total 20480K, used 20103K [0x00000000d5580000, 0x00000000d6e80000, 0x0000000100000000)
  eden space 15360K, 100% used [0x00000000d5580000,0x00000000d6480000,0x00000000d6480000)
  from space 5120K, 92% used [0x00000000d6980000,0x00000000d6e21eb8,0x00000000d6e80000)
  to   space 5120K, 0% used [0x00000000d6480000,0x00000000d6480000,0x00000000d6980000)
 ParOldGen       total 346624K, used 346520K [0x0000000080000000, 0x0000000095280000, 0x00000000d5580000)
  object space 346624K, 99% used [0x0000000080000000,0x0000000095266310,0x0000000095280000)
 Metaspace       used 61739K, committed 63232K, reserved 1114112K
  class space    used 6452K, committed 7104K, reserved 1048576K
}
Event: 8.814 GC heap after
{Heap after GC invocations=236 (full 3):
 PSYoungGen      total 20480K, used 20103K [0x00000000d5580000, 0x00000000d6e80000, 0x0000000100000000)
  eden space 15360K, 100% used [0x00000000d5580000,0x00000000d6480000,0x00000000d6480000)
  from space 5120K, 92% used [0x00000000d6980000,0x00000000d6e21eb8,0x00000000d6e80000)
  to   space 5120K, 82% used [0x00000000d6480000,0x00000000d689bda8,0x00000000d6980000)
 ParOldGen       total 350720K, used 350329K [0x0000000080000000, 0x0000000095680000, 0x00000000d5580000)
  object space 350720K, 99% used [0x0000000080000000,0x000000009561e660,0x0000000095680000)
 Metaspace       used 61739K, committed 63232K, reserved 1114112K
  class space    used 6452K, committed 7104K, reserved 1048576K
}
Event: 8.814 GC heap before
{Heap before GC invocations=237 (full 4):
 PSYoungGen      total 20480K, used 20103K [0x00000000d5580000, 0x00000000d6e80000, 0x0000000100000000)
  eden space 15360K, 100% used [0x00000000d5580000,0x00000000d6480000,0x00000000d6480000)
  from space 5120K, 92% used [0x00000000d6980000,0x00000000d6e21eb8,0x00000000d6e80000)
  to   space 5120K, 82% used [0x00000000d6480000,0x00000000d689bda8,0x00000000d6980000)
 ParOldGen       total 350720K, used 350329K [0x0000000080000000, 0x0000000095680000, 0x00000000d5580000)
  object space 350720K, 99% used [0x0000000080000000,0x000000009561e660,0x0000000095680000)
 Metaspace       used 61739K, committed 63232K, reserved 1114112K
  class space    used 6452K, committed 7104K, reserved 1048576K
}

Dll operation events (10 events):
Event: 0.007 Loaded shared library c:\Users\arpit\.vscode\extensions\redhat.java-1.54.0-win32-x64\jre\21.0.10-win32-x86_64\bin\java.dll
Event: 0.047 Loaded shared library c:\Users\arpit\.vscode\extensions\redhat.java-1.54.0-win32-x64\jre\21.0.10-win32-x86_64\bin\zip.dll
Event: 0.059 Loaded shared library C:\Users\arpit\.vscode\extensions\redhat.java-1.54.0-win32-x64\jre\21.0.10-win32-x86_64\bin\instrument.dll
Event: 0.062 Loaded shared library C:\Users\arpit\.vscode\extensions\redhat.java-1.54.0-win32-x64\jre\21.0.10-win32-x86_64\bin\net.dll
Event: 0.064 Loaded shared library C:\Users\arpit\.vscode\extensions\redhat.java-1.54.0-win32-x64\jre\21.0.10-win32-x86_64\bin\nio.dll
Event: 0.066 Loaded shared library C:\Users\arpit\.vscode\extensions\redhat.java-1.54.0-win32-x64\jre\21.0.10-win32-x86_64\bin\zip.dll
Event: 0.081 Loaded shared library C:\Users\arpit\.vscode\extensions\redhat.java-1.54.0-win32-x64\jre\21.0.10-win32-x86_64\bin\jimage.dll
Event: 0.128 Loaded shared library c:\Users\arpit\.vscode\extensions\redhat.java-1.54.0-win32-x64\jre\21.0.10-win32-x86_64\bin\verify.dll
Event: 0.731 Loaded shared library C:\Users\arpit\AppData\Roaming\Code\User\globalStorage\redhat.java\1.54.0\config_win\org.eclipse.equinox.launcher\org.eclipse.equinox.launcher.win32.win32.x86_64_1.3.0.v20260203-2149\eclipse_11919.dll
Event: 3.387 Loaded shared library C:\Users\arpit\AppData\Local\Temp\jna-93088714\jna18049758904712709479.dll

Deoptimization events (20 events):
Event: 8.800 Thread 0x000001974cd10ba0 Uncommon trap: trap_request=0xffffffde fr.pc=0x0000019778a23768 relative=0x0000000000000828
Event: 8.800 Thread 0x000001974cd10ba0 Uncommon trap: reason=class_check action=maybe_recompile pc=0x0000019778a23768 method=java.util.WeakHashMap.matchesKey(Ljava/util/WeakHashMap$Entry;Ljava/lang/Object;)Z @ 21 c2
Event: 8.800 Thread 0x000001974cd10ba0 DEOPT PACKING pc=0x0000019778a23768 sp=0x00000049eccfd4a0
Event: 8.801 Thread 0x000001974cd10ba0 DEOPT UNPACKING pc=0x0000019777f83aa2 sp=0x00000049eccfd3e8 mode 2
Event: 8.801 Thread 0x000001975a2d6c90 Uncommon trap: trap_request=0xffffff45 fr.pc=0x00000197789eaa18 relative=0x00000000000012d8
Event: 8.801 Thread 0x000001975a2d6c90 Uncommon trap: reason=unstable_if action=reinterpret pc=0x00000197789eaa18 method=org.codehaus.plexus.util.xml.pull.MXParser.nextImpl()I @ 280 c2
Event: 8.801 Thread 0x000001975a2d6c90 DEOPT PACKING pc=0x00000197789eaa18 sp=0x00000049f05fe430
Event: 8.801 Thread 0x000001975a2d6c90 DEOPT UNPACKING pc=0x0000019777f83aa2 sp=0x00000049f05fe3a8 mode 2
Event: 8.801 Thread 0x000001974cd10ba0 Uncommon trap: trap_request=0xffffffde fr.pc=0x0000019778a23768 relative=0x0000000000000828
Event: 8.801 Thread 0x000001974cd10ba0 Uncommon trap: reason=class_check action=maybe_recompile pc=0x0000019778a23768 method=java.util.WeakHashMap.matchesKey(Ljava/util/WeakHashMap$Entry;Ljava/lang/Object;)Z @ 21 c2
Event: 8.801 Thread 0x000001974cd10ba0 DEOPT PACKING pc=0x0000019778a23768 sp=0x00000049eccfd490
Event: 8.801 Thread 0x000001974cd10ba0 DEOPT UNPACKING pc=0x0000019777f83aa2 sp=0x00000049eccfd3d8 mode 2
Event: 8.801 Thread 0x000001974cd10ba0 Uncommon trap: trap_request=0xffffffde fr.pc=0x0000019778a23768 relative=0x0000000000000828
Event: 8.801 Thread 0x000001974cd10ba0 Uncommon trap: reason=class_check action=maybe_recompile pc=0x0000019778a23768 method=java.util.WeakHashMap.matchesKey(Ljava/util/WeakHashMap$Entry;Ljava/lang/Object;)Z @ 21 c2
Event: 8.801 Thread 0x000001974cd10ba0 DEOPT PACKING pc=0x0000019778a23768 sp=0x00000049eccfd4a0
Event: 8.801 Thread 0x000001974cd10ba0 DEOPT UNPACKING pc=0x0000019777f83aa2 sp=0x00000049eccfd3e8 mode 2
Event: 8.806 Thread 0x000001975a2d79b0 Uncommon trap: trap_request=0xffffff45 fr.pc=0x000001977858d5a8 relative=0x0000000000000468
Event: 8.806 Thread 0x000001975a2d79b0 Uncommon trap: reason=unstable_if action=reinterpret pc=0x000001977858d5a8 method=java.lang.AbstractStringBuilder.isLatin1()Z @ 10 c2
Event: 8.806 Thread 0x000001975a2d79b0 DEOPT PACKING pc=0x000001977858d5a8 sp=0x00000049f08fe130
Event: 8.806 Thread 0x000001975a2d79b0 DEOPT UNPACKING pc=0x0000019777f83aa2 sp=0x00000049f08fdfc8 mode 2

Classes loaded (20 events):
Event: 6.731 Loading class java/util/EnumMap$EnumMapIterator done
Event: 6.731 Loading class java/util/EnumMap$EntryIterator done
Event: 6.731 Loading class java/util/EnumMap$EntryIterator$Entry
Event: 6.732 Loading class java/util/EnumMap$EntryIterator$Entry done
Event: 6.855 Loading class jdk/internal/module/IllegalAccessLogger
Event: 6.855 Loading class jdk/internal/module/IllegalAccessLogger done
Event: 6.870 Loading class java/util/HashMap$EntrySpliterator
Event: 6.870 Loading class java/util/HashMap$EntrySpliterator done
Event: 7.004 Loading class java/util/stream/ReferencePipeline$4
Event: 7.004 Loading class java/util/stream/ReferencePipeline$4 done
Event: 7.004 Loading class java/util/stream/Nodes$IntFixedNodeBuilder
Event: 7.004 Loading class java/util/stream/Node$Builder$OfInt
Event: 7.004 Loading class java/util/stream/Node$Builder$OfInt done
Event: 7.004 Loading class java/util/stream/Nodes$IntArrayNode
Event: 7.005 Loading class java/util/stream/Nodes$IntArrayNode done
Event: 7.005 Loading class java/util/stream/Nodes$IntFixedNodeBuilder done
Event: 7.005 Loading class java/util/stream/ReferencePipeline$4$1
Event: 7.005 Loading class java/util/stream/ReferencePipeline$4$1 done
Event: 7.690 Loading class jdk/internal/module/IllegalAccessLogger
Event: 7.690 Loading class jdk/internal/module/IllegalAccessLogger done

Classes unloaded (7 events):
Event: 3.682 Thread 0x00000197045e41f0 Unloading class 0x00000197061a4c00 'java/lang/invoke/LambdaForm$MH+0x00000197061a4c00'
Event: 3.682 Thread 0x00000197045e41f0 Unloading class 0x00000197061a4800 'java/lang/invoke/LambdaForm$MH+0x00000197061a4800'
Event: 3.682 Thread 0x00000197045e41f0 Unloading class 0x00000197061a4400 'java/lang/invoke/LambdaForm$MH+0x00000197061a4400'
Event: 3.682 Thread 0x00000197045e41f0 Unloading class 0x00000197061a4000 'java/lang/invoke/LambdaForm$MH+0x00000197061a4000'
Event: 3.682 Thread 0x00000197045e41f0 Unloading class 0x00000197061a3c00 'java/lang/invoke/LambdaForm$BMH+0x00000197061a3c00'
Event: 3.682 Thread 0x00000197045e41f0 Unloading class 0x00000197061a3800 'java/lang/invoke/LambdaForm$DMH+0x00000197061a3800'
Event: 3.682 Thread 0x00000197045e41f0 Unloading class 0x00000197061a2400 'java/lang/invoke/LambdaForm$DMH+0x00000197061a2400'

Classes redefined (0 events):
No events

Internal exceptions (20 events):
Event: 6.412 Thread 0x000001974cd10ba0 Exception <a 'java/lang/NoSuchMethodError'{0x00000000d5588510}: 'java.lang.Object java.lang.invoke.DirectMethodHandle$Holder.invokeStatic(java.lang.Object, int, java.lang.Object)'> (0x00000000d5588510) 
thrown [s\src\hotspot\share\interpreter\linkResolver.cpp, line 773]
Event: 6.519 Thread 0x000001974cd0f160 Exception <a 'sun/nio/fs/WindowsException'{0x00000000d5a21b80}> (0x00000000d5a21b80) 
thrown [s\src\hotspot\share\prims\jni.cpp, line 520]
Event: 6.519 Thread 0x000001974cd0f160 Exception <a 'sun/nio/fs/WindowsException'{0x00000000d5a78f38}> (0x00000000d5a78f38) 
thrown [s\src\hotspot\share\prims\jni.cpp, line 520]
Event: 6.525 Thread 0x000001974cd0f160 Exception <a 'java/io/FileNotFoundException'{0x00000000d5d12768}> (0x00000000d5d12768) 
thrown [s\src\hotspot\share\prims\jni.cpp, line 520]
Event: 6.525 Thread 0x000001974cd0f160 Exception <a 'java/io/FileNotFoundException'{0x00000000d5d34e38}> (0x00000000d5d34e38) 
thrown [s\src\hotspot\share\prims\jni.cpp, line 520]
Event: 6.525 Thread 0x000001974cd0f160 Exception <a 'java/io/FileNotFoundException'{0x00000000d5d35dd8}> (0x00000000d5d35dd8) 
thrown [s\src\hotspot\share\prims\jni.cpp, line 520]
Event: 6.624 Thread 0x000001974cd10ba0 Implicit null exception at 0x00000197785c3a4b to 0x00000197785c3bac
Event: 6.740 Thread 0x000001974cd10ba0 Exception <a 'java/lang/NoSuchMethodError'{0x00000000d5641010}: 'java.lang.Object java.lang.invoke.DirectMethodHandle$Holder.invokeStaticInit(java.lang.Object, java.lang.Object, java.lang.Object)'> (0x00000000d5641010) 
thrown [s\src\hotspot\share\interpreter\linkResolver.cpp, line 773]
Event: 6.872 Thread 0x000001974cd10ba0 Exception <a 'java/io/FileNotFoundException'{0x00000000d5861fe0}> (0x00000000d5861fe0) 
thrown [s\src\hotspot\share\prims\jni.cpp, line 520]
Event: 6.916 Thread 0x000001974eb9fe70 Exception <a 'java/lang/NoSuchMethodError'{0x00000000d5641020}: 'void java.lang.invoke.DirectMethodHandle$Holder.invokeStatic(java.lang.Object, int, java.lang.Object)'> (0x00000000d5641020) 
thrown [s\src\hotspot\share\interpreter\linkResolver.cpp, line 773]
Event: 6.971 Thread 0x000001974eb9fe70 Exception <a 'java/lang/NoSuchMethodError'{0x00000000d5b29158}: 'java.lang.Object java.lang.invoke.DirectMethodHandle$Holder.invokeStatic(java.lang.Object, java.lang.Object, int, java.lang.Object, java.lang.Object)'> (0x00000000d5b29158) 
thrown [s\src\hotspot\share\interpreter\linkResolver.cpp, line 773]
Event: 7.609 Thread 0x000001974cd10ba0 Exception <a 'sun/nio/fs/WindowsException'{0x00000000d56e38f0}> (0x00000000d56e38f0) 
thrown [s\src\hotspot\share\prims\jni.cpp, line 520]
Event: 7.610 Thread 0x000001974eba18b0 Exception <a 'sun/nio/fs/WindowsException'{0x00000000d574ae08}> (0x00000000d574ae08) 
thrown [s\src\hotspot\share\prims\jni.cpp, line 520]
Event: 7.610 Thread 0x000001974eb9e430 Exception <a 'sun/nio/fs/WindowsException'{0x00000000d577cc38}> (0x00000000d577cc38) 
thrown [s\src\hotspot\share\prims\jni.cpp, line 520]
Event: 7.705 Thread 0x000001974cd10ba0 Exception <a 'sun/nio/fs/WindowsException'{0x00000000d5888ec8}> (0x00000000d5888ec8) 
thrown [s\src\hotspot\share\prims\jni.cpp, line 520]
Event: 7.705 Thread 0x000001974cd10ba0 Exception <a 'sun/nio/fs/WindowsException'{0x00000000d58894f8}> (0x00000000d58894f8) 
thrown [s\src\hotspot\share\prims\jni.cpp, line 520]
Event: 7.950 Thread 0x000001974cd10ba0 Exception <a 'java/lang/NoSuchMethodError'{0x00000000d5736ab8}: 'void java.lang.invoke.DirectMethodHandle$Holder.invokeStatic(java.lang.Object, java.lang.Object, java.lang.Object, int)'> (0x00000000d5736ab8) 
thrown [s\src\hotspot\share\interpreter\linkResolver.cpp, line 773]
Event: 7.957 Thread 0x000001974cd10ba0 Exception <a 'java/lang/NoSuchMethodError'{0x00000000d5582c00}: 'void java.lang.invoke.DirectMethodHandle$Holder.invokeVirtual(java.lang.Object, java.lang.Object, int)'> (0x00000000d5582c00) 
thrown [s\src\hotspot\share\interpreter\linkResolver.cpp, line 773]
Event: 8.581 Thread 0x000001974cd10ba0 Exception <a 'java/lang/NoSuchMethodError'{0x00000000d56dcd08}: 'void java.lang.invoke.DirectMethodHandle$Holder.invokeInterface(java.lang.Object, java.lang.Object)'> (0x00000000d56dcd08) 
thrown [s\src\hotspot\share\interpreter\linkResolver.cpp, line 773]
Event: 8.593 Thread 0x000001975a2d8040 Exception <a 'java/lang/NoSuchMethodError'{0x00000000d5869d58}: 'void java.lang.invoke.DirectMethodHandle$Holder.invokeSpecial(java.lang.Object, java.lang.Object, java.lang.Object, java.lang.Object, java.lang.Object, java.lang.Object, java.lang.Object, java.lang.Object)'> (0x00000000d5869d58) 
thrown [s\src\hotspot\share\interpreter\linkResolver.cpp, line 773]

ZGC Phase Switch (0 events):
No events

VM Operations (20 events):
Event: 8.242 Executing safepoint VM operation: ParallelGCFailedAllocation (Allocation Failure) done
Event: 8.250 Executing safepoint VM operation: ParallelGCFailedAllocation (Allocation Failure)
Event: 8.253 Executing safepoint VM operation: ParallelGCFailedAllocation (Allocation Failure) done
Event: 8.261 Executing safepoint VM operation: ParallelGCFailedAllocation (Allocation Failure)
Event: 8.263 Executing safepoint VM operation: ParallelGCFailedAllocation (Allocation Failure) done
Event: 8.275 Executing safepoint VM operation: ParallelGCFailedAllocation (Allocation Failure)
Event: 8.279 Executing safepoint VM operation: ParallelGCFailedAllocation (Allocation Failure) done
Event: 8.291 Executing safepoint VM operation: ParallelGCFailedAllocation (Allocation Failure)
Event: 8.295 Executing safepoint VM operation: ParallelGCFailedAllocation (Allocation Failure) done
Event: 8.399 Executing safepoint VM operation: ParallelGCFailedAllocation (Allocation Failure)
Event: 8.402 Executing safepoint VM operation: ParallelGCFailedAllocation (Allocation Failure) done
Event: 8.480 Executing safepoint VM operation: ParallelGCFailedAllocation (Allocation Failure)
Event: 8.483 Executing safepoint VM operation: ParallelGCFailedAllocation (Allocation Failure) done
Event: 8.571 Executing safepoint VM operation: ParallelGCFailedAllocation (Allocation Failure)
Event: 8.575 Executing safepoint VM operation: ParallelGCFailedAllocation (Allocation Failure) done
Event: 8.624 Executing safepoint VM operation: ParallelGCFailedAllocation (Allocation Failure)
Event: 8.632 Executing safepoint VM operation: ParallelGCFailedAllocation (Allocation Failure) done
Event: 8.729 Executing safepoint VM operation: ParallelGCFailedAllocation (Allocation Failure)
Event: 8.733 Executing safepoint VM operation: ParallelGCFailedAllocation (Allocation Failure) done
Event: 8.806 Executing safepoint VM operation: ParallelGCFailedAllocation (Allocation Failure)

Memory protections (0 events):
No events

Nmethod flushes (20 events):
Event: 7.079 Thread 0x00000197045e41f0 flushing  nmethod 0x00000197712b6b90
Event: 7.079 Thread 0x00000197045e41f0 flushing  nmethod 0x00000197712b6f10
Event: 7.079 Thread 0x00000197045e41f0 flushing  nmethod 0x00000197712b7290
Event: 7.079 Thread 0x00000197045e41f0 flushing  nmethod 0x00000197712bbd10
Event: 7.079 Thread 0x00000197045e41f0 flushing  nmethod 0x00000197712ddb10
Event: 7.079 Thread 0x00000197045e41f0 flushing  nmethod 0x00000197712f3f10
Event: 7.079 Thread 0x00000197045e41f0 flushing  nmethod 0x00000197712f4510
Event: 7.079 Thread 0x00000197045e41f0 flushing  nmethod 0x00000197712f4a90
Event: 7.079 Thread 0x00000197045e41f0 flushing  nmethod 0x00000197712f5190
Event: 7.079 Thread 0x00000197045e41f0 flushing  nmethod 0x0000019771306010
Event: 7.079 Thread 0x00000197045e41f0 flushing  nmethod 0x0000019771371710
Event: 7.079 Thread 0x00000197045e41f0 flushing  nmethod 0x0000019771383a90
Event: 7.079 Thread 0x00000197045e41f0 flushing  nmethod 0x0000019771385590
Event: 7.079 Thread 0x00000197045e41f0 flushing  nmethod 0x0000019771386e90
Event: 7.079 Thread 0x00000197045e41f0 flushing  nmethod 0x0000019771391710
Event: 7.079 Thread 0x00000197045e41f0 flushing  nmethod 0x0000019771391e90
Event: 7.079 Thread 0x00000197045e41f0 flushing  nmethod 0x0000019771392210
Event: 7.079 Thread 0x00000197045e41f0 flushing  nmethod 0x0000019771392590
Event: 7.079 Thread 0x00000197045e41f0 flushing  nmethod 0x0000019771392b10
Event: 7.079 Thread 0x00000197045e41f0 flushing  nmethod 0x0000019771393e90

Events (20 events):
Event: 6.009 Thread 0x000001974cd10ba0 Thread added: 0x000001974cf196b0
Event: 6.009 Thread 0x000001974cd10ba0 Thread added: 0x000001974cf168c0
Event: 6.009 Thread 0x000001974cd10ba0 Thread added: 0x000001974cf1a3d0
Event: 6.009 Thread 0x000001974cf196b0 Thread added: 0x000001974cf1aa60
Event: 6.009 Thread 0x000001974cf19d40 Thread added: 0x000001974cf17c70
Event: 6.009 Thread 0x000001974cf1aa60 Thread added: 0x000001974cf1dee0
Event: 6.922 Thread 0x000001974cd10ba0 Thread added: 0x000001974cf1cb30
Event: 6.926 Thread 0x000001974cd10ba0 Thread added: 0x000001974cf1c4a0
Event: 7.003 Thread 0x000001974cd10ba0 Thread added: 0x000001974cf1b780
Event: 7.017 Thread 0x000001974cd10ba0 Thread added: 0x000001974cf1d1c0
Event: 7.179 Thread 0x000001974cd10ba0 Thread added: 0x000001974cf1be10
Event: 7.183 Thread 0x000001974cd10ba0 Thread added: 0x000001974cf1d850
Event: 7.189 Thread 0x000001974cd10ba0 Thread added: 0x000001975a2d5250
Event: 7.204 Thread 0x000001974cd10ba0 Thread added: 0x000001975a2d8d60
Event: 7.223 Thread 0x000001974cd10ba0 Thread added: 0x000001975a2d58e0
Event: 8.589 Thread 0x000001974cd10ba0 Thread added: 0x000001975a2d8040
Event: 8.589 Thread 0x000001974cd10ba0 Thread added: 0x000001975a2d6c90
Event: 8.590 Thread 0x000001974cd10ba0 Thread added: 0x000001975a2d9a80
Event: 8.590 Thread 0x000001974cd10ba0 Thread added: 0x000001975a2d7320
Event: 8.590 Thread 0x000001974cd10ba0 Thread added: 0x000001975a2d79b0


Dynamic libraries:
0x00007ff6777c0000 - 0x00007ff6777ce000 	c:\Users\arpit\.vscode\extensions\redhat.java-1.54.0-win32-x64\jre\21.0.10-win32-x86_64\bin\java.exe
0x00007ffd82f60000 - 0x00007ffd831c7000 	C:\WINDOWS\SYSTEM32\ntdll.dll
0x00007ffd80e30000 - 0x00007ffd80ef9000 	C:\WINDOWS\System32\KERNEL32.DLL
0x00007ffd80460000 - 0x00007ffd80857000 	C:\WINDOWS\System32\KERNELBASE.dll
0x00007ffd80b00000 - 0x00007ffd80c4b000 	C:\WINDOWS\System32\ucrtbase.dll
0x00007ffd51ec0000 - 0x00007ffd51ede000 	c:\Users\arpit\.vscode\extensions\redhat.java-1.54.0-win32-x64\jre\21.0.10-win32-x86_64\bin\VCRUNTIME140.dll
0x00007ffd00c90000 - 0x00007ffd00ca8000 	c:\Users\arpit\.vscode\extensions\redhat.java-1.54.0-win32-x64\jre\21.0.10-win32-x86_64\bin\jli.dll
0x00007ffd82b90000 - 0x00007ffd82d56000 	C:\WINDOWS\System32\USER32.dll
0x00007ffd7f990000 - 0x00007ffd7f9b7000 	C:\WINDOWS\System32\win32u.dll
0x00007ffd65470000 - 0x00007ffd65702000 	C:\WINDOWS\WinSxS\amd64_microsoft.windows.common-controls_6595b64144ccf1df_6.0.26100.8457_none_3e0b2faee331e92d\COMCTL32.dll
0x00007ffd80d00000 - 0x00007ffd80d2b000 	C:\WINDOWS\System32\GDI32.dll
0x00007ffd820a0000 - 0x00007ffd82149000 	C:\WINDOWS\System32\msvcrt.dll
0x00007ffd80860000 - 0x00007ffd8098c000 	C:\WINDOWS\System32\gdi32full.dll
0x00007ffd80230000 - 0x00007ffd802d3000 	C:\WINDOWS\System32\msvcp_win.dll
0x00007ffd81b30000 - 0x00007ffd81b62000 	C:\WINDOWS\System32\IMM32.DLL
0x00007ffd51eb0000 - 0x00007ffd51ebc000 	c:\Users\arpit\.vscode\extensions\redhat.java-1.54.0-win32-x64\jre\21.0.10-win32-x86_64\bin\vcruntime140_1.dll
0x00007ffcc6ed0000 - 0x00007ffcc6f5d000 	c:\Users\arpit\.vscode\extensions\redhat.java-1.54.0-win32-x64\jre\21.0.10-win32-x86_64\bin\msvcp140.dll
0x00007ffca1e90000 - 0x00007ffca2c31000 	c:\Users\arpit\.vscode\extensions\redhat.java-1.54.0-win32-x64\jre\21.0.10-win32-x86_64\bin\server\jvm.dll
0x00007ffd821d0000 - 0x00007ffd82286000 	C:\WINDOWS\System32\ADVAPI32.dll
0x00007ffd81ff0000 - 0x00007ffd82097000 	C:\WINDOWS\System32\sechost.dll
0x00007ffd81a10000 - 0x00007ffd81b28000 	C:\WINDOWS\System32\RPCRT4.dll
0x00007ffd82e90000 - 0x00007ffd82f10000 	C:\WINDOWS\System32\WS2_32.dll
0x00007ffd7f810000 - 0x00007ffd7f86e000 	C:\WINDOWS\SYSTEM32\POWRPROF.dll
0x00007ffd77b10000 - 0x00007ffd77b46000 	C:\WINDOWS\SYSTEM32\WINMM.dll
0x00007ffd78590000 - 0x00007ffd7859b000 	C:\WINDOWS\SYSTEM32\VERSION.dll
0x00007ffd7f7f0000 - 0x00007ffd7f804000 	C:\WINDOWS\SYSTEM32\UMPDC.dll
0x00007ffd7e720000 - 0x00007ffd7e73b000 	C:\WINDOWS\SYSTEM32\kernel.appcore.dll
0x00007ffcff750000 - 0x00007ffcff75a000 	c:\Users\arpit\.vscode\extensions\redhat.java-1.54.0-win32-x64\jre\21.0.10-win32-x86_64\bin\jimage.dll
0x00007ffd72600000 - 0x00007ffd72842000 	C:\WINDOWS\SYSTEM32\DBGHELP.DLL
0x00007ffd81c60000 - 0x00007ffd81fe3000 	C:\WINDOWS\System32\combase.dll
0x00007ffd81930000 - 0x00007ffd81a09000 	C:\WINDOWS\System32\OLEAUT32.dll
0x00007ffd60120000 - 0x00007ffd6015b000 	C:\WINDOWS\SYSTEM32\dbgcore.DLL
0x00007ffd80990000 - 0x00007ffd80a38000 	C:\WINDOWS\System32\bcryptPrimitives.dll
0x00007ffd679b0000 - 0x00007ffd679bf000 	c:\Users\arpit\.vscode\extensions\redhat.java-1.54.0-win32-x64\jre\21.0.10-win32-x86_64\bin\instrument.dll
0x00007ffcff720000 - 0x00007ffcff740000 	c:\Users\arpit\.vscode\extensions\redhat.java-1.54.0-win32-x64\jre\21.0.10-win32-x86_64\bin\java.dll
0x00007ffd82410000 - 0x00007ffd82b7e000 	C:\WINDOWS\System32\SHELL32.dll
0x00007ffd7f9c0000 - 0x00007ffd8022c000 	C:\WINDOWS\System32\windows.storage.dll
0x00007ffd81610000 - 0x00007ffd81706000 	C:\WINDOWS\System32\SHCORE.dll
0x00007ffd82e20000 - 0x00007ffd82e86000 	C:\WINDOWS\System32\shlwapi.dll
0x00007ffd7f8b0000 - 0x00007ffd7f8d9000 	C:\WINDOWS\SYSTEM32\profapi.dll
0x00007ffd743c0000 - 0x00007ffd743d8000 	c:\Users\arpit\.vscode\extensions\redhat.java-1.54.0-win32-x64\jre\21.0.10-win32-x86_64\bin\zip.dll
0x00007ffd78010000 - 0x00007ffd78020000 	C:\Users\arpit\.vscode\extensions\redhat.java-1.54.0-win32-x64\jre\21.0.10-win32-x86_64\bin\net.dll
0x00007ffd780f0000 - 0x00007ffd78219000 	C:\WINDOWS\SYSTEM32\WINHTTP.dll
0x00007ffd7ec90000 - 0x00007ffd7ecfc000 	C:\WINDOWS\system32\mswsock.dll
0x00007ffd73660000 - 0x00007ffd73676000 	C:\Users\arpit\.vscode\extensions\redhat.java-1.54.0-win32-x64\jre\21.0.10-win32-x86_64\bin\nio.dll
0x00007ffd73650000 - 0x00007ffd73660000 	c:\Users\arpit\.vscode\extensions\redhat.java-1.54.0-win32-x64\jre\21.0.10-win32-x86_64\bin\verify.dll
0x00007ffd387d0000 - 0x00007ffd38815000 	C:\Users\arpit\AppData\Roaming\Code\User\globalStorage\redhat.java\1.54.0\config_win\org.eclipse.equinox.launcher\org.eclipse.equinox.launcher.win32.win32.x86_64_1.3.0.v20260203-2149\eclipse_11919.dll
0x00007ffd81790000 - 0x00007ffd81927000 	C:\WINDOWS\System32\ole32.dll
0x00007ffd7ef70000 - 0x00007ffd7ef8b000 	C:\WINDOWS\SYSTEM32\CRYPTSP.dll
0x00007ffd7e680000 - 0x00007ffd7e6b9000 	C:\WINDOWS\system32\rsaenh.dll
0x00007ffd7ed40000 - 0x00007ffd7ed73000 	C:\WINDOWS\SYSTEM32\USERENV.dll
0x00007ffd7f880000 - 0x00007ffd7f8aa000 	C:\WINDOWS\SYSTEM32\bcrypt.dll
0x00007ffd7ef90000 - 0x00007ffd7ef9c000 	C:\WINDOWS\SYSTEM32\CRYPTBASE.dll
0x00007ffd7e1a0000 - 0x00007ffd7e1d2000 	C:\WINDOWS\SYSTEM32\IPHLPAPI.DLL
0x00007ffd80ce0000 - 0x00007ffd80cea000 	C:\WINDOWS\System32\NSI.dll
0x00007ffd38780000 - 0x00007ffd387c9000 	C:\Users\arpit\AppData\Local\Temp\jna-93088714\jna18049758904712709479.dll
0x00007ffd80f00000 - 0x00007ffd80f08000 	C:\WINDOWS\System32\PSAPI.DLL
0x00007ffd79b50000 - 0x00007ffd79b6d000 	C:\WINDOWS\SYSTEM32\dhcpcsvc6.DLL
0x00007ffd79b20000 - 0x00007ffd79b45000 	C:\WINDOWS\SYSTEM32\dhcpcsvc.DLL

JVMTI agents:
c:\Users\arpit\.vscode\extensions\redhat.java-1.54.0-win32-x64\lombok\lombok-1.18.39-4050.jar path:c:\Users\arpit\.vscode\extensions\redhat.java-1.54.0-win32-x64\jre\21.0.10-win32-x86_64\bin\instrument.dll, loaded, initialized, instrumentlib options:none

dbghelp: loaded successfully - version: 4.0.5 - missing functions: none
symbol engine: initialized successfully - sym options: 0x614 - pdb path: .;c:\Users\arpit\.vscode\extensions\redhat.java-1.54.0-win32-x64\jre\21.0.10-win32-x86_64\bin;C:\WINDOWS\SYSTEM32;C:\WINDOWS\WinSxS\amd64_microsoft.windows.common-controls_6595b64144ccf1df_6.0.26100.8457_none_3e0b2faee331e92d;c:\Users\arpit\.vscode\extensions\redhat.java-1.54.0-win32-x64\jre\21.0.10-win32-x86_64\bin\server;C:\Users\arpit\AppData\Roaming\Code\User\globalStorage\redhat.java\1.54.0\config_win\org.eclipse.equinox.launcher\org.eclipse.equinox.launcher.win32.win32.x86_64_1.3.0.v20260203-2149;C:\Users\arpit\AppData\Local\Temp\jna-93088714

VM Arguments:
jvm_args: --add-modules=ALL-SYSTEM --add-opens=java.base/java.util=ALL-UNNAMED --add-opens=java.base/java.lang=ALL-UNNAMED --add-opens=java.base/sun.nio.fs=ALL-UNNAMED -Declipse.application=org.eclipse.jdt.ls.core.id1 -Dosgi.bundles.defaultStartLevel=4 -Declipse.product=org.eclipse.jdt.ls.core.product -Djava.import.generatesMetadataFilesAtProjectRoot=false -DDetectVMInstallationsJob.disabled=true -Dfile.encoding=utf8 -XX:+UseParallelGC -XX:GCTimeRatio=4 -XX:AdaptiveSizePolicyWeight=90 -Dsun.zip.disableMemoryMapping=true -Xmx2G -Xms100m -Xlog:disable -javaagent:c:\Users\arpit\.vscode\extensions\redhat.java-1.54.0-win32-x64\lombok\lombok-1.18.39-4050.jar -XX:+HeapDumpOnOutOfMemoryError -XX:HeapDumpPath=c:\Users\arpit\AppData\Roaming\Code\User\workspaceStorage\7665114673e356f46a1bab68c603dfeb\redhat.java -Daether.dependencyCollector.impl=bf 
java_command: c:\Users\arpit\.vscode\extensions\redhat.java-1.54.0-win32-x64\server\plugins\org.eclipse.equinox.launcher_1.7.100.v20251111-0406.jar -configuration c:\Users\arpit\AppData\Roaming\Code\User\globalStorage\redhat.java\1.54.0\config_win -data c:\Users\arpit\AppData\Roaming\Code\User\workspaceStorage\7665114673e356f46a1bab68c603dfeb\redhat.java\jdt_ws --pipe=\\.\pipe\lsp-9a32daff29066ad526d0c3801a17ec15-sock
java_class_path (initial): c:\Users\arpit\.vscode\extensions\redhat.java-1.54.0-win32-x64\server\plugins\org.eclipse.equinox.launcher_1.7.100.v20251111-0406.jar
Launcher Type: SUN_STANDARD

[Global flags]
    uintx AdaptiveSizePolicyWeight                 = 90                                        {product} {command line}
     intx CICompilerCount                          = 4                                         {product} {ergonomic}
    uintx GCTimeRatio                              = 4                                         {product} {command line}
     bool HeapDumpOnOutOfMemoryError               = true                                   {manageable} {command line}
    ccstr HeapDumpPath                             = c:\Users\arpit\AppData\Roaming\Code\User\workspaceStorage\7665114673e356f46a1bab68c603dfeb\redhat.java         {manageable} {command line}
   size_t InitialHeapSize                          = 104857600                                 {product} {command line}
   size_t MaxHeapSize                              = 2147483648                                {product} {command line}
   size_t MaxNewSize                               = 715653120                                 {product} {ergonomic}
   size_t MinHeapDeltaBytes                        = 524288                                    {product} {ergonomic}
   size_t MinHeapSize                              = 104857600                                 {product} {command line}
   size_t NewSize                                  = 34603008                                  {product} {ergonomic}
    uintx NonNMethodCodeHeapSize                   = 5839372                                {pd product} {ergonomic}
    uintx NonProfiledCodeHeapSize                  = 122909434                              {pd product} {ergonomic}
   size_t OldSize                                  = 70254592                                  {product} {ergonomic}
    uintx ProfiledCodeHeapSize                     = 122909434                              {pd product} {ergonomic}
    uintx ReservedCodeCacheSize                    = 251658240                              {pd product} {ergonomic}
     bool SegmentedCodeCache                       = true                                      {product} {ergonomic}
   size_t SoftMaxHeapSize                          = 2147483648                             {manageable} {ergonomic}
     bool UseCompressedOops                        = true                           {product lp64_product} {ergonomic}
     bool UseLargePagesIndividualAllocation        = false                                  {pd product} {ergonomic}
     bool UseParallelGC                            = true                                      {product} {command line}

Logging:
Log output configuration:
 #0: stdout all=off uptime,level,tags foldmultilines=false
 #1: stderr all=off uptime,level,tags foldmultilines=false

Release file:
JAVA_VERSION="21.0.10" 
MODULES="java.base java.compiler java.datatransfer java.xml java.prefs java.desktop java.instrument java.logging java.management java.security.sasl java.naming java.rmi java.management.rmi java.net.http java.scripting java.security.jgss java.transaction.xa java.sql java.sql.rowset java.xml.crypto java.se java.smartcardio jdk.accessibility jdk.internal.jvmstat jdk.attach jdk.charsets jdk.internal.opt jdk.zipfs jdk.compiler jdk.crypto.ec jdk.crypto.cryptoki jdk.crypto.mscapi jdk.dynalink jdk.internal.ed jdk.editpad jdk.hotspot.agent jdk.httpserver jdk.internal.le jdk.internal.vm.ci jdk.internal.vm.compiler jdk.internal.vm.compiler.management jdk.jartool jdk.javadoc jdk.jcmd jdk.management jdk.management.agent jdk.jconsole jdk.jdeps jdk.jdwp.agent jdk.jdi jdk.jfr jdk.jshell jdk.jsobject jdk.jstatd jdk.localedata jdk.management.jfr jdk.naming.dns jdk.naming.rmi jdk.net jdk.nio.mapmode jdk.random jdk.sctp jdk.security.auth jdk.security.jgss jdk.unsupported jdk.unsupported.desktop jdk.xml.dom" 

Environment Variables:
JAVA_HOME=C:\Program Files\Java\jdk-21
PATH=C:\Program Files\Common Files\Oracle\Java\javapath;C:\windows\system32;C:\windows;C:\windows\System32\Wbem;C:\windows\System32\WindowsPowerShell\v1.0\;C:\windows\System32\OpenSSH\;C:\Program Files (x86)\NVIDIA Corporation\PhysX\Common;C:\Program Files\NVIDIA Corporation\NVIDIA NvDLISR;C:\MinGW\bin;C:\Program Files\Git\cmd;C:\Program Files\MySQL\MySQL Server 8.0\bin;C:\WINDOWS\system32;C:\WINDOWS;C:\WINDOWS\System32\Wbem;C:\WINDOWS\System32\WindowsPowerShell\v1.0\;C:\WINDOWS\System32\OpenSSH\;%CATALINA_HOME\bin;C:\Program Files\nodejs\;C:\Program Files (x86)\Windows Kits\10\Windows Performance Toolkit\;C:\apache-maven-3.9.11-src\apache-maven-3.9.11\apache-maven\src\bin;C:\Program Files\MongoDB\Server\8.0\bin;C:\Program Files\Go\bin;C:\Users\arpit\AppData\Roaming\npm;;C:\Program Files\Docker\Docker\resources\bin;C:\Program Files\Common Files\Oracle\Java\javapath;C:\windows\system32;C:\windows;C:\windows\System32\Wbem;C:\windows\System32\WindowsPowerShell\v1.0\;C:\windows\System32\OpenSSH\;C:\Program Files (x86)\NVIDIA Corporation\PhysX\Common;C:\Program Files\NVIDIA Corporation\NVIDIA NvDLISR;C:\MinGW\bin;C:\Program Files\Git\cmd;C:\Program Files\MySQL\MySQL Server 8.0\bin;C:\WINDOWS\system32;C:\WINDOWS;C:\WINDOWS\System32\Wbem;C:\WINDOWS\System32\WindowsPowerShell\v1.0\;C:\WINDOWS\System32\OpenSSH\;%CATALINA_HOME\bin;C:\Program Files\nodejs\;C:\Program Files (x86)\Windows Kits\10\Windows Performance Toolkit\;C:\apache-maven-3.9.11-src\apache-maven-3.9.11\apache-maven\src\bin;C:\Program Files\MongoDB\Server\8.0\bin;C:\Program Files\Go\bin;C:\Users\arpit\AppData\Roaming\npm;;C:\Program Files\Docker\Docker\resources\bin;C:\Program Files\Java\jdk-21\bin;C:\Users\arpit\AppData\Local\Programs\Microsoft VS Code\bin;C:\Users\arpit\go\bin;C:\Users\arpit\AppData\Local\Microsoft\WindowsApps;
USERNAME=arpit
OS=Windows_NT
PROCESSOR_IDENTIFIER=AMD64 Family 25 Model 80 Stepping 0, AuthenticAMD
TMP=C:\Users\arpit\AppData\Local\Temp
TEMP=C:\Users\arpit\AppData\Local\Temp




Periodic native trim disabled

---------------  S Y S T E M  ---------------

OS:
 Windows 11 , 64 bit Build 26100 (10.0.26100.8328)
OS uptime: 0 days 9:43 hours
Hyper-V role detected

CPU: total 12 (initial active 12) (12 cores per cpu, 2 threads per core) family 25 model 80 stepping 0 microcode 0xa50000f, cx8, cmov, fxsr, ht, mmx, 3dnowpref, sse, sse2, sse3, ssse3, sse4a, sse4.1, sse4.2, popcnt, lzcnt, tsc, tscinvbit, avx, avx2, aes, erms, clmul, bmi1, bmi2, adx, sha, fma, vzeroupper, clflush, clflushopt, hv, rdtscp, rdpid, fsrm, f16c, cet_ss
Processor Information for processor 0
  Max Mhz: 3301, Current Mhz: 3301, Mhz Limit: 3301
Processor Information for processor 1
  Max Mhz: 3301, Current Mhz: 3301, Mhz Limit: 3301
Processor Information for processor 2
  Max Mhz: 3301, Current Mhz: 3301, Mhz Limit: 3301
Processor Information for processor 3
  Max Mhz: 3301, Current Mhz: 3301, Mhz Limit: 3301
Processor Information for processor 4
  Max Mhz: 3301, Current Mhz: 3301, Mhz Limit: 3301
Processor Information for processor 5
  Max Mhz: 3301, Current Mhz: 3301, Mhz Limit: 3301
Processor Information for processor 6
  Max Mhz: 3301, Current Mhz: 3301, Mhz Limit: 3301
Processor Information for processor 7
  Max Mhz: 3301, Current Mhz: 2630, Mhz Limit: 3301
Processor Information for processor 8
  Max Mhz: 3301, Current Mhz: 3301, Mhz Limit: 3301
Processor Information for processor 9
  Max Mhz: 3301, Current Mhz: 2630, Mhz Limit: 3301
Processor Information for processor 10
  Max Mhz: 3301, Current Mhz: 3301, Mhz Limit: 3301
Processor Information for processor 11
  Max Mhz: 3301, Current Mhz: 3301, Mhz Limit: 3301

Memory: 4k page, system-wide physical 7518M (416M free)
TotalPageFile size 16345M (AvailPageFile size 0M)
current process WorkingSet (physical memory assigned to process): 743M, peak: 745M
current process commit charge ("private bytes"): 687M, peak: 1710M

vm_info: OpenJDK 64-Bit Server VM (21.0.10+7-LTS) for windows-amd64 JRE (21.0.10+7-LTS), built on 2026-01-20T00:00:00Z by "admin" with MS VC++ 17.12 (VS2022)

END.
