#
# There is insufficient memory for the Java Runtime Environment to continue.
# Native memory allocation (malloc) failed to allocate 1048576 bytes. Error detail: AllocateHeap
# Possible reasons:
#   The system is out of physical RAM or swap space
#   This process is running with CompressedOops enabled, and the Java Heap may be blocking the growth of the native heap
# Possible solutions:
#   Reduce memory load on the system
#   Increase physical memory or swap space
#   Check if swap backing store is full
#   Decrease Java heap size (-Xmx/-Xms)
#   Decrease number of Java threads
#   Decrease Java thread stack sizes (-Xss)
#   Set larger code cache with -XX:ReservedCodeCacheSize=
#   JVM is running with Unscaled Compressed Oops mode in which the Java heap is
#     placed in the first 4GB address space. The Java Heap base address is the
#     maximum limit for the native heap growth. Please use -XX:HeapBaseMinAddress
#     to set the Java Heap base and to place the Java Heap above 4GB virtual address.
# This output file may be truncated or incomplete.
#
#  Out of Memory Error (allocation.cpp:44), pid=18784, tid=3696
#
# JRE version: OpenJDK Runtime Environment Temurin-21.0.10+7 (21.0.10+7) (build 21.0.10+7-LTS)
# Java VM: OpenJDK 64-Bit Server VM Temurin-21.0.10+7 (21.0.10+7-LTS, mixed mode, sharing, tiered, compressed oops, compressed class ptrs, parallel gc, windows-amd64)
# No core dump will be written. Minidumps are not enabled by default on client versions of Windows
#

---------------  S U M M A R Y ------------

Command Line: --add-modules=ALL-SYSTEM --add-opens=java.base/java.util=ALL-UNNAMED --add-opens=java.base/java.lang=ALL-UNNAMED --add-opens=java.base/sun.nio.fs=ALL-UNNAMED -Declipse.application=org.eclipse.jdt.ls.core.id1 -Dosgi.bundles.defaultStartLevel=4 -Declipse.product=org.eclipse.jdt.ls.core.product -Djava.import.generatesMetadataFilesAtProjectRoot=false -DDetectVMInstallationsJob.disabled=true -Dfile.encoding=utf8 -XX:+UseParallelGC -XX:GCTimeRatio=4 -XX:AdaptiveSizePolicyWeight=90 -Dsun.zip.disableMemoryMapping=true -Xmx2G -Xms100m -Xlog:disable -javaagent:c:\Users\arpit\.vscode\extensions\redhat.java-1.54.0-win32-x64\lombok\lombok-1.18.39-4050.jar -XX:+HeapDumpOnOutOfMemoryError -XX:HeapDumpPath=c:\Users\arpit\AppData\Roaming\Code\User\workspaceStorage\7665114673e356f46a1bab68c603dfeb\redhat.java -Daether.dependencyCollector.impl=bf c:\Users\arpit\.vscode\extensions\redhat.java-1.54.0-win32-x64\server\plugins\org.eclipse.equinox.launcher_1.7.100.v20251111-0406.jar -configuration c:\Users\arpit\AppData\Roaming\Code\User\globalStorage\redhat.java\1.54.0\config_win -data c:\Users\arpit\AppData\Roaming\Code\User\workspaceStorage\7665114673e356f46a1bab68c603dfeb\redhat.java\jdt_ws --pipe=\\.\pipe\lsp-06576194ca08289ad23fc2b113dabcec-sock

Host: AMD Ryzen 5 5600H with Radeon Graphics         , 12 cores, 7G,  Windows 11 , 64 bit Build 26100 (10.0.26100.8328)
Time: Sat Jun  6 11:34:22 2026 India Standard Time elapsed time: 3940.073210 seconds (0d 1h 5m 40s)

---------------  T H R E A D  ---------------

Current thread (0x0000026270e784a0):  JavaThread "Attach Listener" daemon [_thread_in_vm, id=3696, stack(0x0000006a78200000,0x0000006a78300000) (1024K)]

Stack: [0x0000006a78200000,0x0000006a78300000]
Native frames: (J=compiled Java code, j=interpreted, Vv=VM code, C=native code)
V  [jvm.dll+0x6d7a39]
V  [jvm.dll+0x8b4b26]
V  [jvm.dll+0x8b70de]
V  [jvm.dll+0x8b77c3]
V  [jvm.dll+0x284346]
V  [jvm.dll+0xc1277]
V  [jvm.dll+0x6d82e9]
V  [jvm.dll+0x1334a6]
V  [jvm.dll+0x3f857e]
V  [jvm.dll+0x85f59d]
V  [jvm.dll+0x6d626d]
C  [ucrtbase.dll+0x37b0]
C  [KERNEL32.DLL+0x2e957]
C  [ntdll.dll+0x427c]


---------------  P R O C E S S  ---------------

Threads class SMR info:
_java_thread_list=0x0000026252ec00b0, length=49, elements={
0x0000026270ed2340, 0x0000026270e714b0, 0x0000026270e741a0, 0x0000026270e75930,
0x0000026270e784a0, 0x0000026270e7aa70, 0x0000026270e7b4d0, 0x0000026270e7e320,
0x0000026279c0d340, 0x0000026279e56ab0, 0x0000026279f2a8b0, 0x00000262501a4eb0,
0x0000026279f1cdf0, 0x0000026279e95bc0, 0x0000026279e97420, 0x000002627f0b9de0,
0x000002625029ff10, 0x00000262500fa5c0, 0x000002625045b720, 0x000002625045bdb0,
0x000002625045c440, 0x000002625045d7f0, 0x000002625045e510, 0x000002627f536cc0,
0x000002627f534560, 0x000002627f535910, 0x000002627f533840, 0x000002627f536630,
0x000002627f535fa0, 0x000002627f534bf0, 0x000002627f535280, 0x000002627f537350,
0x000002627f533ed0, 0x000002627f53a7d0, 0x000002627f538070, 0x000002627f53a140,
0x000002627f538700, 0x0000026253bbc700, 0x0000026253bbf4f0, 0x0000026253bbe7d0,
0x0000026253bc1c50, 0x0000026253bc22e0, 0x000002627f53ae60, 0x0000026253bc0210,
0x0000026253bc08a0, 0x000002625045cad0, 0x000002625045d160, 0x0000026251dcb200,
0x0000026251dcb890
}

Java Threads: ( => current thread )
  0x0000026270ed2340 JavaThread "main"                              [_thread_blocked, id=17628, stack(0x0000006a77b00000,0x0000006a77c00000) (1024K)]
  0x0000026270e714b0 JavaThread "Reference Handler"          daemon [_thread_blocked, id=5204, stack(0x0000006a77f00000,0x0000006a78000000) (1024K)]
  0x0000026270e741a0 JavaThread "Finalizer"                  daemon [_thread_blocked, id=16108, stack(0x0000006a78000000,0x0000006a78100000) (1024K)]
  0x0000026270e75930 JavaThread "Signal Dispatcher"          daemon [_thread_blocked, id=1840, stack(0x0000006a78100000,0x0000006a78200000) (1024K)]
=>0x0000026270e784a0 JavaThread "Attach Listener"            daemon [_thread_in_vm, id=3696, stack(0x0000006a78200000,0x0000006a78300000) (1024K)]
  0x0000026270e7aa70 JavaThread "Service Thread"             daemon [_thread_blocked, id=16292, stack(0x0000006a78300000,0x0000006a78400000) (1024K)]
  0x0000026270e7b4d0 JavaThread "Monitor Deflation Thread"   daemon [_thread_blocked, id=13632, stack(0x0000006a78400000,0x0000006a78500000) (1024K)]
  0x0000026270e7e320 JavaThread "C2 CompilerThread0"         daemon [_thread_blocked, id=4124, stack(0x0000006a78500000,0x0000006a78600000) (1024K)]
  0x0000026279c0d340 JavaThread "C1 CompilerThread0"         daemon [_thread_blocked, id=20784, stack(0x0000006a78600000,0x0000006a78700000) (1024K)]
  0x0000026279e56ab0 JavaThread "Common-Cleaner"             daemon [_thread_blocked, id=1188, stack(0x0000006a78700000,0x0000006a78800000) (1024K)]
  0x0000026279f2a8b0 JavaThread "Notification Thread"        daemon [_thread_blocked, id=6960, stack(0x0000006a78900000,0x0000006a78a00000) (1024K)]
  0x00000262501a4eb0 JavaThread "Active Thread: Equinox Container: b9d81947-040f-44ff-ab13-edaf87221d86"        [_thread_blocked, id=12252, stack(0x0000006a79000000,0x0000006a79100000) (1024K)]
  0x0000026279f1cdf0 JavaThread "Refresh Thread: Equinox Container: b9d81947-040f-44ff-ab13-edaf87221d86" daemon [_thread_blocked, id=5708, stack(0x0000006a79100000,0x0000006a79200000) (1024K)]
  0x0000026279e95bc0 JavaThread "Framework Event Dispatcher: Equinox Container: b9d81947-040f-44ff-ab13-edaf87221d86" daemon [_thread_blocked, id=15292, stack(0x0000006a79200000,0x0000006a79300000) (1024K)]
  0x0000026279e97420 JavaThread "Start Level: Equinox Container: b9d81947-040f-44ff-ab13-edaf87221d86" daemon [_thread_blocked, id=16152, stack(0x0000006a79300000,0x0000006a79400000) (1024K)]
  0x000002627f0b9de0 JavaThread "Bundle File Closer"         daemon [_thread_blocked, id=20388, stack(0x0000006a79700000,0x0000006a79800000) (1024K)]
  0x000002625029ff10 JavaThread "SCR Component Actor"        daemon [_thread_blocked, id=7004, stack(0x0000006a79400000,0x0000006a79500000) (1024K)]
  0x00000262500fa5c0 JavaThread "Worker-JM"                         [_thread_blocked, id=11772, stack(0x0000006a79a00000,0x0000006a79b00000) (1024K)]
  0x000002625045b720 JavaThread "JNA Cleaner"                daemon [_thread_blocked, id=12492, stack(0x0000006a79900000,0x0000006a79a00000) (1024K)]
  0x000002625045bdb0 JavaThread "Worker-0"                          [_thread_blocked, id=16440, stack(0x0000006a79b00000,0x0000006a79c00000) (1024K)]
  0x000002625045c440 JavaThread "Java indexing"              daemon [_thread_blocked, id=13272, stack(0x0000006a79d00000,0x0000006a79e00000) (1024K)]
  0x000002625045d7f0 JavaThread "Thread-1"                   daemon [_thread_in_native, id=16072, stack(0x0000006a7a300000,0x0000006a7a400000) (1024K)]
  0x000002625045e510 JavaThread "Thread-2"                   daemon [_thread_in_native, id=15076, stack(0x0000006a7a400000,0x0000006a7a500000) (1024K)]
  0x000002627f536cc0 JavaThread "Thread-3"                   daemon [_thread_in_native, id=14480, stack(0x0000006a7a500000,0x0000006a7a600000) (1024K)]
  0x000002627f534560 JavaThread "Thread-4"                   daemon [_thread_in_native, id=12412, stack(0x0000006a7a600000,0x0000006a7a700000) (1024K)]
  0x000002627f535910 JavaThread "Thread-5"                   daemon [_thread_in_native, id=6480, stack(0x0000006a7a700000,0x0000006a7a800000) (1024K)]
  0x000002627f533840 JavaThread "Thread-6"                   daemon [_thread_in_native, id=14760, stack(0x0000006a7a800000,0x0000006a7a900000) (1024K)]
  0x000002627f536630 JavaThread "Thread-7"                   daemon [_thread_in_native, id=23424, stack(0x0000006a7a900000,0x0000006a7aa00000) (1024K)]
  0x000002627f535fa0 JavaThread "Thread-8"                   daemon [_thread_in_native, id=4220, stack(0x0000006a7aa00000,0x0000006a7ab00000) (1024K)]
  0x000002627f534bf0 JavaThread "Thread-9"                   daemon [_thread_in_native, id=5676, stack(0x0000006a7ab00000,0x0000006a7ac00000) (1024K)]
  0x000002627f535280 JavaThread "Thread-10"                  daemon [_thread_in_native, id=16804, stack(0x0000006a7ac00000,0x0000006a7ad00000) (1024K)]
  0x000002627f537350 JavaThread "Thread-11"                  daemon [_thread_in_native, id=21000, stack(0x0000006a7ad00000,0x0000006a7ae00000) (1024K)]
  0x000002627f533ed0 JavaThread "Thread-12"                  daemon [_thread_in_native, id=17164, stack(0x0000006a7ae00000,0x0000006a7af00000) (1024K)]
  0x000002627f53a7d0 JavaThread "Thread-13"                  daemon [_thread_in_native, id=4056, stack(0x0000006a7af00000,0x0000006a7b000000) (1024K)]
  0x000002627f538070 JavaThread "pool-2-thread-1"                   [_thread_blocked, id=5016, stack(0x0000006a7b000000,0x0000006a7b100000) (1024K)]
  0x000002627f53a140 JavaThread "WorkspaceEventsHandler"            [_thread_blocked, id=22832, stack(0x0000006a7b100000,0x0000006a7b200000) (1024K)]
  0x000002627f538700 JavaThread "pool-1-thread-1"                   [_thread_blocked, id=22584, stack(0x0000006a7b200000,0x0000006a7b300000) (1024K)]
  0x0000026253bbc700 JavaThread "Worker-4"                          [_thread_blocked, id=23460, stack(0x0000006a79800000,0x0000006a79900000) (1024K)]
  0x0000026253bbf4f0 JavaThread "ForkJoinPool.commonPool-worker-13" daemon [_thread_blocked, id=9720, stack(0x0000006a77800000,0x0000006a77900000) (1024K)]
  0x0000026253bbe7d0 JavaThread "ForkJoinPool.commonPool-worker-15" daemon [_thread_blocked, id=17060, stack(0x0000006a79e00000,0x0000006a79f00000) (1024K)]
  0x0000026253bc1c50 JavaThread "ForkJoinPool.commonPool-worker-20" daemon [_thread_blocked, id=14748, stack(0x0000006a7b400000,0x0000006a7b500000) (1024K)]
  0x0000026253bc22e0 JavaThread "ForkJoinPool.commonPool-worker-22" daemon [_thread_blocked, id=11376, stack(0x0000006a7b500000,0x0000006a7b600000) (1024K)]
  0x000002627f53ae60 JavaThread "ForkJoinPool.commonPool-worker-23" daemon [_thread_blocked, id=16000, stack(0x0000006a7b600000,0x0000006a7b700000) (1024K)]
  0x0000026253bc0210 JavaThread "Compiler Source File Reader" daemon [_thread_blocked, id=22052, stack(0x0000006a7a100000,0x0000006a7a200000) (1024K)]
  0x0000026253bc08a0 JavaThread "Compiler Class File Writer" daemon [_thread_blocked, id=16340, stack(0x0000006a7b300000,0x0000006a7b400000) (1024K)]
  0x000002625045cad0 JavaThread "ForkJoinPool.commonPool-worker-25" daemon [_thread_blocked, id=16156, stack(0x0000006a7b800000,0x0000006a7b900000) (1024K)]
  0x000002625045d160 JavaThread "ForkJoinPool.commonPool-worker-26" daemon [_thread_blocked, id=10148, stack(0x0000006a7b900000,0x0000006a7ba00000) (1024K)]
  0x0000026251dcb200 JavaThread "ForkJoinPool.commonPool-worker-27" daemon [_thread_blocked, id=13912, stack(0x0000006a7ba00000,0x0000006a7bb00000) (1024K)]
  0x0000026251dcb890 JavaThread "ForkJoinPool.commonPool-worker-28" daemon [_thread_blocked, id=5284, stack(0x0000006a7bb00000,0x0000006a7bc00000) (1024K)]
Total: 49

Other Threads:
  0x0000026270f7e9b0 VMThread "VM Thread"                           [id=9416, stack(0x0000006a77e00000,0x0000006a77f00000) (1024K)]
  0x0000026270d5ba00 WatcherThread "VM Periodic Task Thread"        [id=15072, stack(0x0000006a77d00000,0x0000006a77e00000) (1024K)]
  0x0000026270ef0ab0 WorkerThread "GC Thread#0"                     [id=14916, stack(0x0000006a77c00000,0x0000006a77d00000) (1024K)]
  0x000002627f4a5a10 WorkerThread "GC Thread#1"                     [id=16052, stack(0x0000006a78a00000,0x0000006a78b00000) (1024K)]
  0x000002627f578cc0 WorkerThread "GC Thread#2"                     [id=7772, stack(0x0000006a78b00000,0x0000006a78c00000) (1024K)]
  0x000002627f579070 WorkerThread "GC Thread#3"                     [id=10608, stack(0x0000006a78c00000,0x0000006a78d00000) (1024K)]
  0x000002627f579420 WorkerThread "GC Thread#4"                     [id=11832, stack(0x0000006a78d00000,0x0000006a78e00000) (1024K)]
  0x000002627f6a6500 WorkerThread "GC Thread#5"                     [id=16032, stack(0x0000006a78e00000,0x0000006a78f00000) (1024K)]
  0x000002627f6a68b0 WorkerThread "GC Thread#6"                     [id=22452, stack(0x0000006a78f00000,0x0000006a79000000) (1024K)]
  0x0000026279be3860 WorkerThread "GC Thread#7"                     [id=22580, stack(0x0000006a78800000,0x0000006a78900000) (1024K)]
  0x0000026250155830 WorkerThread "GC Thread#8"                     [id=1372, stack(0x0000006a79500000,0x0000006a79600000) (1024K)]
  0x0000026250155be0 WorkerThread "GC Thread#9"                     [id=8868, stack(0x0000006a79600000,0x0000006a79700000) (1024K)]
Total: 12

Threads with active compile tasks:
Total: 0

VM state: not at safepoint (normal execution)

VM Mutex/Monitor currently owned by a thread: None

Heap address: 0x0000000080000000, size: 2048 MB, Compressed Oops mode: 32-bit

CDS archive(s) mapped at: [0x000002620f000000-0x000002620fba0000-0x000002620fba0000), size 12189696, SharedBaseAddress: 0x000002620f000000, ArchiveRelocationMode: 1.
Compressed class space mapped at: 0x0000026210000000-0x0000026250000000, reserved size: 1073741824
Narrow klass base: 0x000002620f000000, Narrow klass shift: 0, Narrow klass range: 0x100000000

GC Precious Log:
 CardTable entry size: 512
 CPUs: 12 total, 12 available
 Memory: 7518M
 Large Page Support: Disabled
 NUMA Support: Disabled
 Compressed Oops: Enabled (32-bit)
 Alignments: Space 512K, Generation 512K, Heap 2M
 Heap Min Capacity: 100M
 Heap Initial Capacity: 100M
 Heap Max Capacity: 2G
 Pre-touch: Disabled
 Parallel Workers: 10

Heap:
 PSYoungGen      total 6656K, used 4988K [0x00000000d5580000, 0x00000000d5e00000, 0x0000000100000000)
  eden space 5632K, 77% used [0x00000000d5580000,0x00000000d59c3068,0x00000000d5b00000)
  from space 1024K, 60% used [0x00000000d5b00000,0x00000000d5b9c010,0x00000000d5c00000)
  to   space 1536K, 0% used [0x00000000d5c80000,0x00000000d5c80000,0x00000000d5e00000)
 ParOldGen       total 237056K, used 236948K [0x0000000080000000, 0x000000008e780000, 0x00000000d5580000)
  object space 237056K, 99% used [0x0000000080000000,0x000000008e765380,0x000000008e780000)
 Metaspace       used 72322K, committed 73856K, reserved 1179648K
  class space    used 7416K, committed 8128K, reserved 1048576K

Card table byte_map: [0x0000026270870000,0x0000026270c80000] _byte_map_base: 0x0000026270470000

Marking Bits: (ParMarkBitMap*) 0x00007ffca2b53450
 Begin Bits: [0x0000026274380000, 0x0000026276380000)
 End Bits:   [0x0000026276380000, 0x0000026278380000)

Polling page: 0x000002626ea30000

Metaspace:

Usage:
  Non-class:     63.39 MB used.
      Class:      7.24 MB used.
       Both:     70.63 MB used.

Virtual space:
  Non-class space:      128.00 MB reserved,      64.19 MB ( 50%) committed,  2 nodes.
      Class space:        1.00 GB reserved,       7.94 MB ( <1%) committed,  1 nodes.
             Both:        1.12 GB reserved,      72.12 MB (  6%) committed. 

Chunk freelists:
   Non-Class:  15.01 MB
       Class:  8.06 MB
        Both:  23.08 MB

MaxMetaspaceSize: unlimited
CompressedClassSpaceSize: 1.00 GB
Initial GC threshold: 21.00 MB
Current GC threshold: 97.31 MB
CDS: on
 - commit_granule_bytes: 65536.
 - commit_granule_words: 8192.
 - virtual_space_node_default_size: 8388608.
 - enlarge_chunks_in_place: 1.
 - use_allocation_guard: 0.


Internal statistics:

num_allocs_failed_limit: 9.
num_arena_births: 1372.
num_arena_deaths: 22.
num_vsnodes_births: 3.
num_vsnodes_deaths: 0.
num_space_committed: 1154.
num_space_uncommitted: 0.
num_chunks_returned_to_freelist: 35.
num_chunks_taken_from_freelist: 4800.
num_chunk_merges: 20.
num_chunk_splits: 2979.
num_chunks_enlarged: 1736.
num_inconsistent_stats: 0.

CodeHeap 'non-profiled nmethods': size=120000Kb used=14026Kb max_used=14026Kb free=105973Kb
 bounds [0x0000026207ad0000, 0x0000026208890000, 0x000002620f000000]
CodeHeap 'profiled nmethods': size=120000Kb used=35804Kb max_used=35804Kb free=84196Kb
 bounds [0x0000026200000000, 0x0000026202300000, 0x0000026207530000]
CodeHeap 'non-nmethods': size=5760Kb used=1458Kb max_used=1555Kb free=4301Kb
 bounds [0x0000026207530000, 0x00000262077a0000, 0x0000026207ad0000]
CodeCache: size=245760Kb, used=51288Kb, max_used=51385Kb, free=194470Kb
 total_blobs=15343, nmethods=14570, adapters=676, full_count=0
Compilation: enabled, stopped_count=0, restarted_count=0

Compilation events (20 events):
Event: 3802.162 Thread 0x0000026253dd6fa0 15342       4       org.eclipse.jdt.internal.compiler.lookup.ReferenceBinding::actualType (2 bytes)
Event: 3802.163 Thread 0x0000026253dd6fa0 nmethod 15342 0x000002620886fa10 code [0x000002620886fba0, 0x000002620886fc28]
Event: 3802.163 Thread 0x0000026253dd6fa0 15319       4       org.eclipse.jdt.internal.compiler.lookup.PackageBinding::getVisibleFor (2 bytes)
Event: 3802.163 Thread 0x0000026253dd6fa0 nmethod 15319 0x000002620886fd10 code [0x000002620886fea0, 0x000002620886ff28]
Event: 3802.175 Thread 0x0000026270e7e320 nmethod 15315 0x0000026208870010 code [0x00000262088702a0, 0x0000026208871248]
Event: 3802.327 Thread 0x0000026253dd7670 nmethod 15331 0x0000026208871f10 code [0x0000026208872560, 0x000002620887a6d8]
Event: 3802.406 Thread 0x0000026279c0d340 15358       3       org.eclipse.jdt.internal.core.ModelUpdater::traverseDelta (220 bytes)
Event: 3802.407 Thread 0x0000026279c0d340 nmethod 15358 0x00000262022f3710 code [0x00000262022f39c0, 0x00000262022f4da8]
Event: 3803.642 Thread 0x0000026279c0d340 15359       1       org.eclipse.core.internal.resources.WorkspaceRoot::getProject (2 bytes)
Event: 3803.642 Thread 0x0000026270e7e320 15360   !   4       org.eclipse.core.internal.resources.Workspace::getResourceInfo (109 bytes)
Event: 3803.642 Thread 0x0000026279c0d340 nmethod 15359 0x000002620887d990 code [0x000002620887db20, 0x000002620887dbf0]
Event: 3803.642 Thread 0x0000026279c0d340 15361       1       org.eclipse.core.internal.resources.ProjectDescription::getFilters (5 bytes)
Event: 3803.642 Thread 0x0000026279c0d340 nmethod 15361 0x000002620887dc90 code [0x000002620887de20, 0x000002620887dee8]
Event: 3803.652 Thread 0x0000026270e7e320 nmethod 15360 0x000002620887df90 code [0x000002620887e220, 0x000002620887f280]
Event: 3804.765 Thread 0x0000026270e7e320 15362       4       org.eclipse.core.internal.resources.Resource::getProject (23 bytes)
Event: 3804.787 Thread 0x0000026270e7e320 nmethod 15362 0x000002620887fc90 code [0x000002620887ffe0, 0x0000026208881480]
Event: 3860.718 Thread 0x0000026279c0d340 15363       1       com.sun.jna.internal.Cleaner::access$200 (5 bytes)
Event: 3860.718 Thread 0x0000026279c0d340 nmethod 15363 0x0000026208882610 code [0x00000262088827a0, 0x0000026208882850]
Event: 3924.729 Thread 0x0000026279c0d340 15364       3       java.util.concurrent.ForkJoinPool::awaitWork (321 bytes)
Event: 3924.734 Thread 0x0000026279c0d340 nmethod 15364 0x00000262022f5290 code [0x00000262022f55e0, 0x00000262022f6a18]

GC Heap History (20 events):
Event: 3798.381 GC heap before
{Heap before GC invocations=245 (full 3):
 PSYoungGen      total 7680K, used 7524K [0x00000000d5580000, 0x00000000d5e80000, 0x0000000100000000)
  eden space 6144K, 100% used [0x00000000d5580000,0x00000000d5b80000,0x00000000d5b80000)
  from space 1536K, 89% used [0x00000000d5c00000,0x00000000d5d59148,0x00000000d5d80000)
  to   space 1024K, 0% used [0x00000000d5d80000,0x00000000d5d80000,0x00000000d5e80000)
 ParOldGen       total 228352K, used 227929K [0x0000000080000000, 0x000000008df00000, 0x00000000d5580000)
  object space 228352K, 99% used [0x0000000080000000,0x000000008de964a0,0x000000008df00000)
 Metaspace       used 72109K, committed 73728K, reserved 1179648K
  class space    used 7392K, committed 8128K, reserved 1048576K
}
Event: 3798.382 GC heap after
{Heap after GC invocations=245 (full 3):
 PSYoungGen      total 7168K, used 1018K [0x00000000d5580000, 0x00000000d5e80000, 0x0000000100000000)
  eden space 6144K, 0% used [0x00000000d5580000,0x00000000d5580000,0x00000000d5b80000)
  from space 1024K, 99% used [0x00000000d5d80000,0x00000000d5e7eb28,0x00000000d5e80000)
  to   space 1536K, 0% used [0x00000000d5b80000,0x00000000d5b80000,0x00000000d5d00000)
 ParOldGen       total 228864K, used 228352K [0x0000000080000000, 0x000000008df80000, 0x00000000d5580000)
  object space 228864K, 99% used [0x0000000080000000,0x000000008df00070,0x000000008df80000)
 Metaspace       used 72109K, committed 73728K, reserved 1179648K
  class space    used 7392K, committed 8128K, reserved 1048576K
}
Event: 3798.505 GC heap before
{Heap before GC invocations=246 (full 3):
 PSYoungGen      total 7168K, used 7162K [0x00000000d5580000, 0x00000000d5e80000, 0x0000000100000000)
  eden space 6144K, 100% used [0x00000000d5580000,0x00000000d5b80000,0x00000000d5b80000)
  from space 1024K, 99% used [0x00000000d5d80000,0x00000000d5e7eb28,0x00000000d5e80000)
  to   space 1536K, 0% used [0x00000000d5b80000,0x00000000d5b80000,0x00000000d5d00000)
 ParOldGen       total 228864K, used 228352K [0x0000000080000000, 0x000000008df80000, 0x00000000d5580000)
  object space 228864K, 99% used [0x0000000080000000,0x000000008df00070,0x000000008df80000)
 Metaspace       used 72109K, committed 73728K, reserved 1179648K
  class space    used 7392K, committed 8128K, reserved 1048576K
}
Event: 3798.506 GC heap after
{Heap after GC invocations=246 (full 3):
 PSYoungGen      total 7680K, used 1526K [0x00000000d5580000, 0x00000000d6280000, 0x0000000100000000)
  eden space 6144K, 0% used [0x00000000d5580000,0x00000000d5580000,0x00000000d5b80000)
  from space 1536K, 99% used [0x00000000d5b80000,0x00000000d5cfd8e0,0x00000000d5d00000)
  to   space 3584K, 0% used [0x00000000d5f00000,0x00000000d5f00000,0x00000000d6280000)
 ParOldGen       total 229888K, used 229774K [0x0000000080000000, 0x000000008e080000, 0x00000000d5580000)
  object space 229888K, 99% used [0x0000000080000000,0x000000008e063a80,0x000000008e080000)
 Metaspace       used 72109K, committed 73728K, reserved 1179648K
  class space    used 7392K, committed 8128K, reserved 1048576K
}
Event: 3798.523 GC heap before
{Heap before GC invocations=247 (full 3):
 PSYoungGen      total 7680K, used 7670K [0x00000000d5580000, 0x00000000d6280000, 0x0000000100000000)
  eden space 6144K, 100% used [0x00000000d5580000,0x00000000d5b80000,0x00000000d5b80000)
  from space 1536K, 99% used [0x00000000d5b80000,0x00000000d5cfd8e0,0x00000000d5d00000)
  to   space 3584K, 0% used [0x00000000d5f00000,0x00000000d5f00000,0x00000000d6280000)
 ParOldGen       total 229888K, used 229774K [0x0000000080000000, 0x000000008e080000, 0x00000000d5580000)
  object space 229888K, 99% used [0x0000000080000000,0x000000008e063a80,0x000000008e080000)
 Metaspace       used 72112K, committed 73728K, reserved 1179648K
  class space    used 7392K, committed 8128K, reserved 1048576K
}
Event: 3798.525 GC heap after
{Heap after GC invocations=247 (full 3):
 PSYoungGen      total 8704K, used 2052K [0x00000000d5580000, 0x00000000d6180000, 0x0000000100000000)
  eden space 6144K, 0% used [0x00000000d5580000,0x00000000d5580000,0x00000000d5b80000)
  from space 2560K, 80% used [0x00000000d5f00000,0x00000000d61010d8,0x00000000d6180000)
  to   space 2560K, 0% used [0x00000000d5c80000,0x00000000d5c80000,0x00000000d5f00000)
 ParOldGen       total 231424K, used 231311K [0x0000000080000000, 0x000000008e200000, 0x00000000d5580000)
  object space 231424K, 99% used [0x0000000080000000,0x000000008e1e3e68,0x000000008e200000)
 Metaspace       used 72112K, committed 73728K, reserved 1179648K
  class space    used 7392K, committed 8128K, reserved 1048576K
}
Event: 3800.869 GC heap before
{Heap before GC invocations=248 (full 3):
 PSYoungGen      total 8704K, used 8196K [0x00000000d5580000, 0x00000000d6180000, 0x0000000100000000)
  eden space 6144K, 100% used [0x00000000d5580000,0x00000000d5b80000,0x00000000d5b80000)
  from space 2560K, 80% used [0x00000000d5f00000,0x00000000d61010d8,0x00000000d6180000)
  to   space 2560K, 0% used [0x00000000d5c80000,0x00000000d5c80000,0x00000000d5f00000)
 ParOldGen       total 231424K, used 231311K [0x0000000080000000, 0x000000008e200000, 0x00000000d5580000)
  object space 231424K, 99% used [0x0000000080000000,0x000000008e1e3e68,0x000000008e200000)
 Metaspace       used 72222K, committed 73792K, reserved 1179648K
  class space    used 7416K, committed 8128K, reserved 1048576K
}
Event: 3800.870 GC heap after
{Heap after GC invocations=248 (full 3):
 PSYoungGen      total 7680K, used 1234K [0x00000000d5580000, 0x00000000d5f80000, 0x0000000100000000)
  eden space 6144K, 0% used [0x00000000d5580000,0x00000000d5580000,0x00000000d5b80000)
  from space 1536K, 80% used [0x00000000d5c80000,0x00000000d5db4990,0x00000000d5e00000)
  to   space 1536K, 0% used [0x00000000d5e00000,0x00000000d5e00000,0x00000000d5f80000)
 ParOldGen       total 231936K, used 231503K [0x0000000080000000, 0x000000008e280000, 0x00000000d5580000)
  object space 231936K, 99% used [0x0000000080000000,0x000000008e213e78,0x000000008e280000)
 Metaspace       used 72222K, committed 73792K, reserved 1179648K
  class space    used 7416K, committed 8128K, reserved 1048576K
}
Event: 3801.866 GC heap before
{Heap before GC invocations=249 (full 3):
 PSYoungGen      total 7680K, used 7378K [0x00000000d5580000, 0x00000000d5f80000, 0x0000000100000000)
  eden space 6144K, 100% used [0x00000000d5580000,0x00000000d5b80000,0x00000000d5b80000)
  from space 1536K, 80% used [0x00000000d5c80000,0x00000000d5db4990,0x00000000d5e00000)
  to   space 1536K, 0% used [0x00000000d5e00000,0x00000000d5e00000,0x00000000d5f80000)
 ParOldGen       total 231936K, used 231503K [0x0000000080000000, 0x000000008e280000, 0x00000000d5580000)
  object space 231936K, 99% used [0x0000000080000000,0x000000008e213e78,0x000000008e280000)
 Metaspace       used 72254K, committed 73856K, reserved 1179648K
  class space    used 7416K, committed 8128K, reserved 1048576K
}
Event: 3801.867 GC heap after
{Heap after GC invocations=249 (full 3):
 PSYoungGen      total 7168K, used 772K [0x00000000d5580000, 0x00000000d5f00000, 0x0000000100000000)
  eden space 6144K, 0% used [0x00000000d5580000,0x00000000d5580000,0x00000000d5b80000)
  from space 1024K, 75% used [0x00000000d5e00000,0x00000000d5ec1210,0x00000000d5f00000)
  to   space 1024K, 0% used [0x00000000d5d00000,0x00000000d5d00000,0x00000000d5e00000)
 ParOldGen       total 232960K, used 232664K [0x0000000080000000, 0x000000008e380000, 0x00000000d5580000)
  object space 232960K, 99% used [0x0000000080000000,0x000000008e336118,0x000000008e380000)
 Metaspace       used 72254K, committed 73856K, reserved 1179648K
  class space    used 7416K, committed 8128K, reserved 1048576K
}
Event: 3801.879 GC heap before
{Heap before GC invocations=250 (full 3):
 PSYoungGen      total 7168K, used 6916K [0x00000000d5580000, 0x00000000d5f00000, 0x0000000100000000)
  eden space 6144K, 100% used [0x00000000d5580000,0x00000000d5b80000,0x00000000d5b80000)
  from space 1024K, 75% used [0x00000000d5e00000,0x00000000d5ec1210,0x00000000d5f00000)
  to   space 1024K, 0% used [0x00000000d5d00000,0x00000000d5d00000,0x00000000d5e00000)
 ParOldGen       total 232960K, used 232664K [0x0000000080000000, 0x000000008e380000, 0x00000000d5580000)
  object space 232960K, 99% used [0x0000000080000000,0x000000008e336118,0x000000008e380000)
 Metaspace       used 72265K, committed 73856K, reserved 1179648K
  class space    used 7416K, committed 8128K, reserved 1048576K
}
Event: 3801.881 GC heap after
{Heap after GC invocations=250 (full 3):
 PSYoungGen      total 7168K, used 1012K [0x00000000d5580000, 0x00000000d5f80000, 0x0000000100000000)
  eden space 6144K, 0% used [0x00000000d5580000,0x00000000d5580000,0x00000000d5b80000)
  from space 1024K, 98% used [0x00000000d5d00000,0x00000000d5dfd220,0x00000000d5e00000)
  to   space 1536K, 0% used [0x00000000d5e00000,0x00000000d5e00000,0x00000000d5f80000)
 ParOldGen       total 233472K, used 233236K [0x0000000080000000, 0x000000008e400000, 0x00000000d5580000)
  object space 233472K, 99% used [0x0000000080000000,0x000000008e3c5328,0x000000008e400000)
 Metaspace       used 72265K, committed 73856K, reserved 1179648K
  class space    used 7416K, committed 8128K, reserved 1048576K
}
Event: 3801.898 GC heap before
{Heap before GC invocations=251 (full 3):
 PSYoungGen      total 7168K, used 7156K [0x00000000d5580000, 0x00000000d5f80000, 0x0000000100000000)
  eden space 6144K, 100% used [0x00000000d5580000,0x00000000d5b80000,0x00000000d5b80000)
  from space 1024K, 98% used [0x00000000d5d00000,0x00000000d5dfd220,0x00000000d5e00000)
  to   space 1536K, 0% used [0x00000000d5e00000,0x00000000d5e00000,0x00000000d5f80000)
 ParOldGen       total 233472K, used 233236K [0x0000000080000000, 0x000000008e400000, 0x00000000d5580000)
  object space 233472K, 99% used [0x0000000080000000,0x000000008e3c5328,0x000000008e400000)
 Metaspace       used 72279K, committed 73856K, reserved 1179648K
  class space    used 7416K, committed 8128K, reserved 1048576K
}
Event: 3801.899 GC heap after
{Heap after GC invocations=251 (full 3):
 PSYoungGen      total 7680K, used 1130K [0x00000000d5580000, 0x00000000d5f80000, 0x0000000100000000)
  eden space 6144K, 0% used [0x00000000d5580000,0x00000000d5580000,0x00000000d5b80000)
  from space 1536K, 73% used [0x00000000d5e00000,0x00000000d5f1a910,0x00000000d5f80000)
  to   space 1536K, 0% used [0x00000000d5c80000,0x00000000d5c80000,0x00000000d5e00000)
 ParOldGen       total 234496K, used 234137K [0x0000000080000000, 0x000000008e500000, 0x00000000d5580000)
  object space 234496K, 99% used [0x0000000080000000,0x000000008e4a6558,0x000000008e500000)
 Metaspace       used 72279K, committed 73856K, reserved 1179648K
  class space    used 7416K, committed 8128K, reserved 1048576K
}
Event: 3801.909 GC heap before
{Heap before GC invocations=252 (full 3):
 PSYoungGen      total 7680K, used 7274K [0x00000000d5580000, 0x00000000d5f80000, 0x0000000100000000)
  eden space 6144K, 99% used [0x00000000d5580000,0x00000000d5b7fff8,0x00000000d5b80000)
  from space 1536K, 73% used [0x00000000d5e00000,0x00000000d5f1a910,0x00000000d5f80000)
  to   space 1536K, 0% used [0x00000000d5c80000,0x00000000d5c80000,0x00000000d5e00000)
 ParOldGen       total 234496K, used 234137K [0x0000000080000000, 0x000000008e500000, 0x00000000d5580000)
  object space 234496K, 99% used [0x0000000080000000,0x000000008e4a6558,0x000000008e500000)
 Metaspace       used 72282K, committed 73856K, reserved 1179648K
  class space    used 7416K, committed 8128K, reserved 1048576K
}
Event: 3801.910 GC heap after
{Heap after GC invocations=252 (full 3):
 PSYoungGen      total 7168K, used 672K [0x00000000d5580000, 0x00000000d5e80000, 0x0000000100000000)
  eden space 6144K, 0% used [0x00000000d5580000,0x00000000d5580000,0x00000000d5b80000)
  from space 1024K, 65% used [0x00000000d5c80000,0x00000000d5d28000,0x00000000d5d80000)
  to   space 1024K, 0% used [0x00000000d5d80000,0x00000000d5d80000,0x00000000d5e80000)
 ParOldGen       total 235520K, used 235100K [0x0000000080000000, 0x000000008e600000, 0x00000000d5580000)
  object space 235520K, 99% used [0x0000000080000000,0x000000008e5973c8,0x000000008e600000)
 Metaspace       used 72282K, committed 73856K, reserved 1179648K
  class space    used 7416K, committed 8128K, reserved 1048576K
}
Event: 3801.929 GC heap before
{Heap before GC invocations=253 (full 3):
 PSYoungGen      total 7168K, used 6816K [0x00000000d5580000, 0x00000000d5e80000, 0x0000000100000000)
  eden space 6144K, 100% used [0x00000000d5580000,0x00000000d5b80000,0x00000000d5b80000)
  from space 1024K, 65% used [0x00000000d5c80000,0x00000000d5d28000,0x00000000d5d80000)
  to   space 1024K, 0% used [0x00000000d5d80000,0x00000000d5d80000,0x00000000d5e80000)
 ParOldGen       total 235520K, used 235100K [0x0000000080000000, 0x000000008e600000, 0x00000000d5580000)
  object space 235520K, 99% used [0x0000000080000000,0x000000008e5973c8,0x000000008e600000)
 Metaspace       used 72292K, committed 73856K, reserved 1179648K
  class space    used 7416K, committed 8128K, reserved 1048576K
}
Event: 3801.930 GC heap after
{Heap after GC invocations=253 (full 3):
 PSYoungGen      total 6656K, used 1021K [0x00000000d5580000, 0x00000000d6080000, 0x0000000100000000)
  eden space 5632K, 0% used [0x00000000d5580000,0x00000000d5580000,0x00000000d5b00000)
  from space 1024K, 99% used [0x00000000d5d80000,0x00000000d5e7f7b0,0x00000000d5e80000)
  to   space 2560K, 0% used [0x00000000d5b00000,0x00000000d5b00000,0x00000000d5d80000)
 ParOldGen       total 236032K, used 235935K [0x0000000080000000, 0x000000008e680000, 0x00000000d5580000)
  object space 236032K, 99% used [0x0000000080000000,0x000000008e667d08,0x000000008e680000)
 Metaspace       used 72292K, committed 73856K, reserved 1179648K
  class space    used 7416K, committed 8128K, reserved 1048576K
}
Event: 3801.946 GC heap before
{Heap before GC invocations=254 (full 3):
 PSYoungGen      total 6656K, used 6653K [0x00000000d5580000, 0x00000000d6080000, 0x0000000100000000)
  eden space 5632K, 100% used [0x00000000d5580000,0x00000000d5b00000,0x00000000d5b00000)
  from space 1024K, 99% used [0x00000000d5d80000,0x00000000d5e7f7b0,0x00000000d5e80000)
  to   space 2560K, 0% used [0x00000000d5b00000,0x00000000d5b00000,0x00000000d5d80000)
 ParOldGen       total 236032K, used 235935K [0x0000000080000000, 0x000000008e680000, 0x00000000d5580000)
  object space 236032K, 99% used [0x0000000080000000,0x000000008e667d08,0x000000008e680000)
 Metaspace       used 72303K, committed 73856K, reserved 1179648K
  class space    used 7416K, committed 8128K, reserved 1048576K
}
Event: 3801.948 GC heap after
{Heap after GC invocations=254 (full 3):
 PSYoungGen      total 6656K, used 624K [0x00000000d5580000, 0x00000000d5e00000, 0x0000000100000000)
  eden space 5632K, 0% used [0x00000000d5580000,0x00000000d5580000,0x00000000d5b00000)
  from space 1024K, 60% used [0x00000000d5b00000,0x00000000d5b9c010,0x00000000d5c00000)
  to   space 1536K, 0% used [0x00000000d5c80000,0x00000000d5c80000,0x00000000d5e00000)
 ParOldGen       total 237056K, used 236948K [0x0000000080000000, 0x000000008e780000, 0x00000000d5580000)
  object space 237056K, 99% used [0x0000000080000000,0x000000008e765380,0x000000008e780000)
 Metaspace       used 72303K, committed 73856K, reserved 1179648K
  class space    used 7416K, committed 8128K, reserved 1048576K
}

Dll operation events (10 events):
Event: 0.009 Loaded shared library c:\Users\arpit\.vscode\extensions\redhat.java-1.54.0-win32-x64\jre\21.0.10-win32-x86_64\bin\java.dll
Event: 0.085 Loaded shared library c:\Users\arpit\.vscode\extensions\redhat.java-1.54.0-win32-x64\jre\21.0.10-win32-x86_64\bin\zip.dll
Event: 0.107 Loaded shared library C:\Users\arpit\.vscode\extensions\redhat.java-1.54.0-win32-x64\jre\21.0.10-win32-x86_64\bin\instrument.dll
Event: 0.115 Loaded shared library C:\Users\arpit\.vscode\extensions\redhat.java-1.54.0-win32-x64\jre\21.0.10-win32-x86_64\bin\net.dll
Event: 0.119 Loaded shared library C:\Users\arpit\.vscode\extensions\redhat.java-1.54.0-win32-x64\jre\21.0.10-win32-x86_64\bin\nio.dll
Event: 0.127 Loaded shared library C:\Users\arpit\.vscode\extensions\redhat.java-1.54.0-win32-x64\jre\21.0.10-win32-x86_64\bin\zip.dll
Event: 0.146 Loaded shared library C:\Users\arpit\.vscode\extensions\redhat.java-1.54.0-win32-x64\jre\21.0.10-win32-x86_64\bin\jimage.dll
Event: 0.249 Loaded shared library c:\Users\arpit\.vscode\extensions\redhat.java-1.54.0-win32-x64\jre\21.0.10-win32-x86_64\bin\verify.dll
Event: 8.919 Loaded shared library C:\Users\arpit\AppData\Roaming\Code\User\globalStorage\redhat.java\1.54.0\config_win\org.eclipse.equinox.launcher\org.eclipse.equinox.launcher.win32.win32.x86_64_1.3.0.v20260203-2149\eclipse_11919.dll
Event: 18.533 Loaded shared library C:\Users\arpit\AppData\Local\Temp\jna-93088714\jna974492384144488604.dll

Deoptimization events (20 events):
Event: 3798.650 Thread 0x0000026253bc15c0 Uncommon trap: trap_request=0xffffffc6 fr.pc=0x00000262086c8224 relative=0x0000000000003584
Event: 3798.650 Thread 0x0000026253bc15c0 Uncommon trap: reason=bimorphic_or_optimized_type_check action=maybe_recompile pc=0x00000262086c8224 method=org.eclipse.jdt.internal.compiler.lookup.LookupEnvironment.computePackageFrom([[CZ)Lorg/eclipse/jdt/internal/compiler/lookup/PackageBinding; @ 314 
Event: 3798.650 Thread 0x0000026253bc15c0 DEOPT PACKING pc=0x00000262086c8224 sp=0x0000006a79cfcf40
Event: 3798.650 Thread 0x0000026253bc15c0 DEOPT UNPACKING pc=0x0000026207583aa2 sp=0x0000006a79cfceb8 mode 2
Event: 3798.650 Thread 0x0000026253bc15c0 Uncommon trap: trap_request=0xffffffc6 fr.pc=0x00000262086c8224 relative=0x0000000000003584
Event: 3798.650 Thread 0x0000026253bc15c0 Uncommon trap: reason=bimorphic_or_optimized_type_check action=maybe_recompile pc=0x00000262086c8224 method=org.eclipse.jdt.internal.compiler.lookup.LookupEnvironment.computePackageFrom([[CZ)Lorg/eclipse/jdt/internal/compiler/lookup/PackageBinding; @ 314 
Event: 3798.650 Thread 0x0000026253bc15c0 DEOPT PACKING pc=0x00000262086c8224 sp=0x0000006a79cfcbc0
Event: 3798.650 Thread 0x0000026253bc15c0 DEOPT UNPACKING pc=0x0000026207583aa2 sp=0x0000006a79cfcb38 mode 2
Event: 3798.650 Thread 0x0000026253bc15c0 Uncommon trap: trap_request=0xffffffc6 fr.pc=0x00000262086c8224 relative=0x0000000000003584
Event: 3798.650 Thread 0x0000026253bc15c0 Uncommon trap: reason=bimorphic_or_optimized_type_check action=maybe_recompile pc=0x00000262086c8224 method=org.eclipse.jdt.internal.compiler.lookup.LookupEnvironment.computePackageFrom([[CZ)Lorg/eclipse/jdt/internal/compiler/lookup/PackageBinding; @ 314 
Event: 3798.650 Thread 0x0000026253bc15c0 DEOPT PACKING pc=0x00000262086c8224 sp=0x0000006a79cfcad0
Event: 3798.650 Thread 0x0000026253bc15c0 DEOPT UNPACKING pc=0x0000026207583aa2 sp=0x0000006a79cfca48 mode 2
Event: 3798.665 Thread 0x0000026253bc15c0 Uncommon trap: trap_request=0xffffff45 fr.pc=0x0000026208807564 relative=0x0000000000003584
Event: 3798.665 Thread 0x0000026253bc15c0 Uncommon trap: reason=unstable_if action=reinterpret pc=0x0000026208807564 method=org.eclipse.jdt.internal.compiler.lookup.ReferenceBinding.computeId()V @ 1600 c2
Event: 3798.665 Thread 0x0000026253bc15c0 DEOPT PACKING pc=0x0000026208807564 sp=0x0000006a79cfcf50
Event: 3798.665 Thread 0x0000026253bc15c0 DEOPT UNPACKING pc=0x0000026207583aa2 sp=0x0000006a79cfced0 mode 2
Event: 3801.925 Thread 0x000002625045bdb0 DEOPT PACKING pc=0x00000262020ee4e3 sp=0x0000006a79bfe200
Event: 3801.925 Thread 0x000002625045bdb0 DEOPT UNPACKING pc=0x0000026207584242 sp=0x0000006a79bfd740 mode 0
Event: 3801.955 Thread 0x000002625045bdb0 DEOPT PACKING pc=0x0000026201781fcd sp=0x0000006a79bfde80
Event: 3801.955 Thread 0x000002625045bdb0 DEOPT UNPACKING pc=0x0000026207584242 sp=0x0000006a79bfd320 mode 0

Classes loaded (20 events):
Event: 3794.122 Loading class sun/nio/fs/WindowsFileCopy
Event: 3794.123 Loading class sun/nio/fs/WindowsFileCopy done
Event: 3794.171 Loading class java/util/stream/Nodes$ToArrayTask$OfRef
Event: 3794.171 Loading class java/util/stream/Nodes$ToArrayTask
Event: 3794.172 Loading class java/util/stream/Nodes$ToArrayTask done
Event: 3794.172 Loading class java/util/stream/Nodes$ToArrayTask$OfRef done
Event: 3794.188 Loading class java/io/ObjectOutputStream$BlockDataOutputStream
Event: 3794.189 Loading class java/io/ObjectOutputStream$BlockDataOutputStream done
Event: 3794.189 Loading class java/io/ObjectOutputStream$HandleTable
Event: 3794.189 Loading class java/io/ObjectOutputStream$HandleTable done
Event: 3794.189 Loading class java/io/ObjectOutputStream$ReplaceTable
Event: 3794.190 Loading class java/io/ObjectOutputStream$ReplaceTable done
Event: 3794.493 Loading class java/nio/file/Files$2
Event: 3794.496 Loading class java/nio/file/Files$2 done
Event: 3794.530 Loading class java/util/concurrent/ArrayBlockingQueue
Event: 3794.531 Loading class java/util/concurrent/ArrayBlockingQueue done
Event: 3794.600 Loading class java/util/concurrent/ConcurrentHashMap$KeySpliterator
Event: 3794.602 Loading class java/util/concurrent/ConcurrentHashMap$KeySpliterator done
Event: 3794.625 Loading class java/util/ImmutableCollections$SubList
Event: 3794.626 Loading class java/util/ImmutableCollections$SubList done

Classes unloaded (11 events):
Event: 18.974 Thread 0x0000026270f7e9b0 Unloading class 0x00000262101ab400 'java/lang/invoke/LambdaForm$MH+0x00000262101ab400'
Event: 18.974 Thread 0x0000026270f7e9b0 Unloading class 0x00000262101ab000 'java/lang/invoke/LambdaForm$MH+0x00000262101ab000'
Event: 18.974 Thread 0x0000026270f7e9b0 Unloading class 0x00000262101aac00 'java/lang/invoke/LambdaForm$MH+0x00000262101aac00'
Event: 18.974 Thread 0x0000026270f7e9b0 Unloading class 0x00000262101aa800 'java/lang/invoke/LambdaForm$MH+0x00000262101aa800'
Event: 18.974 Thread 0x0000026270f7e9b0 Unloading class 0x00000262101aa400 'java/lang/invoke/LambdaForm$BMH+0x00000262101aa400'
Event: 18.974 Thread 0x0000026270f7e9b0 Unloading class 0x00000262101aa000 'java/lang/invoke/LambdaForm$DMH+0x00000262101aa000'
Event: 18.974 Thread 0x0000026270f7e9b0 Unloading class 0x00000262101a8c00 'java/lang/invoke/LambdaForm$DMH+0x00000262101a8c00'
Event: 33.931 Thread 0x0000026270f7e9b0 Unloading class 0x0000026210609400 'java/lang/invoke/LambdaForm$DMH+0x0000026210609400'
Event: 33.931 Thread 0x0000026270f7e9b0 Unloading class 0x0000026210608c00 'java/lang/invoke/LambdaForm$DMH+0x0000026210608c00'
Event: 33.931 Thread 0x0000026270f7e9b0 Unloading class 0x0000026210609000 'java/lang/invoke/LambdaForm$DMH+0x0000026210609000'
Event: 33.931 Thread 0x0000026270f7e9b0 Unloading class 0x0000026210608800 'java/lang/invoke/LambdaForm$DMH+0x0000026210608800'

Classes redefined (0 events):
No events

Internal exceptions (20 events):
Event: 3793.724 Thread 0x000002627f538700 Exception <a 'sun/nio/fs/WindowsException'{0x00000000d573dd88}> (0x00000000d573dd88) 
thrown [s\src\hotspot\share\prims\jni.cpp, line 520]
Event: 3793.730 Thread 0x000002627f538700 Implicit null exception at 0x0000026208560c73 to 0x0000026208561550
Event: 3793.844 Thread 0x000002627f538700 Exception <a 'sun/nio/fs/WindowsException'{0x00000000d5a2a748}> (0x00000000d5a2a748) 
thrown [s\src\hotspot\share\prims\jni.cpp, line 520]
Event: 3793.886 Thread 0x000002627f538700 Implicit null exception at 0x000002620863be65 to 0x000002620863cf34
Event: 3793.980 Thread 0x000002627f538700 Exception <a 'sun/nio/fs/WindowsException'{0x00000000d59678d8}> (0x00000000d59678d8) 
thrown [s\src\hotspot\share\prims\jni.cpp, line 520]
Event: 3793.981 Thread 0x000002627f538700 Exception <a 'sun/nio/fs/WindowsException'{0x00000000d59681b8}> (0x00000000d59681b8) 
thrown [s\src\hotspot\share\prims\jni.cpp, line 520]
Event: 3793.991 Thread 0x000002627f538700 Implicit null exception at 0x00000262085c883d to 0x00000262085c97dc
Event: 3793.992 Thread 0x000002627f538700 Implicit null exception at 0x00000262085ca7c3 to 0x00000262085cad54
Event: 3793.992 Thread 0x000002627f538700 Implicit null exception at 0x00000262082f399c to 0x00000262082f3a21
Event: 3794.003 Thread 0x000002625045c440 Implicit null exception at 0x0000026208407362 to 0x000002620840779c
Event: 3794.130 Thread 0x000002625045c440 Exception <a 'sun/nio/fs/WindowsException'{0x00000000d58dc600}> (0x00000000d58dc600) 
thrown [s\src\hotspot\share\prims\jni.cpp, line 520]
Event: 3794.140 Thread 0x0000026253bbc700 Exception <a 'sun/nio/fs/WindowsException'{0x00000000d5940fa8}> (0x00000000d5940fa8) 
thrown [s\src\hotspot\share\prims\jni.cpp, line 520]
Event: 3794.140 Thread 0x0000026253bbc700 Exception <a 'sun/nio/fs/WindowsException'{0x00000000d5941888}> (0x00000000d5941888) 
thrown [s\src\hotspot\share\prims\jni.cpp, line 520]
Event: 3794.238 Thread 0x0000026253bbc700 Exception <a 'java/lang/NoSuchMethodError'{0x00000000d55dbc70}: static [J.<clinit>()V> (0x00000000d55dbc70) 
thrown [s\src\hotspot\share\prims\jni.cpp, line 1111]
Event: 3794.252 Thread 0x0000026253bbc700 Exception <a 'java/lang/NoSuchMethodError'{0x00000000d56070c8}: 'java.lang.Object java.lang.invoke.DirectMethodHandle$Holder.newInvokeSpecial(java.lang.Object, java.lang.Object, java.lang.Object, java.lang.Object, java.lang.Object, java.lang.Object, java.lang.Object, java.lang.Object)'> (0x00000000d56070c8) 
thrown [s\src\hotspot\share\interpreter\linkResolver.cpp, line 773]
Event: 3794.328 Thread 0x0000026253bbc700 Exception <a 'java/lang/NoSuchMethodError'{0x00000000d56d5208}: 'int java.lang.invoke.DirectMethodHandle$Holder.invokeStatic(java.lang.Object)'> (0x00000000d56d5208) 
thrown [s\src\hotspot\share\interpreter\linkResolver.cpp, line 773]
Event: 3794.609 Thread 0x0000026253bbc700 Exception <a 'java/lang/NoSuchMethodError'{0x00000000d5642d50}: 'java.lang.Object java.lang.invoke.DirectMethodHandle$Holder.newInvokeSpecial(java.lang.Object, java.lang.Object, int, int, java.lang.Object)'> (0x00000000d5642d50) 
thrown [s\src\hotspot\share\interpreter\linkResolver.cpp, line 773]
Event: 3794.619 Thread 0x0000026253bbc700 Exception <a 'sun/nio/fs/WindowsException'{0x00000000d564f3d8}> (0x00000000d564f3d8) 
thrown [s\src\hotspot\share\prims\jni.cpp, line 520]
Event: 3794.619 Thread 0x0000026253bbc700 Exception <a 'sun/nio/fs/WindowsException'{0x00000000d564fa08}> (0x00000000d564fa08) 
thrown [s\src\hotspot\share\prims\jni.cpp, line 520]
Event: 3797.994 Thread 0x0000026253bc15c0 Implicit null exception at 0x0000026208452444 to 0x00000262084524a0

ZGC Phase Switch (0 events):
No events

VM Operations (20 events):
Event: 3801.929 Executing safepoint VM operation: ParallelGCFailedAllocation (Allocation Failure)
Event: 3801.930 Executing safepoint VM operation: ParallelGCFailedAllocation (Allocation Failure) done
Event: 3801.946 Executing safepoint VM operation: ParallelGCFailedAllocation (Allocation Failure)
Event: 3801.948 Executing safepoint VM operation: ParallelGCFailedAllocation (Allocation Failure) done
Event: 3802.955 Executing safepoint VM operation: Cleanup
Event: 3802.955 Executing safepoint VM operation: Cleanup done
Event: 3803.968 Executing safepoint VM operation: Cleanup
Event: 3803.969 Executing safepoint VM operation: Cleanup done
Event: 3848.869 Executing non-safepoint VM operation: HandshakeAllThreads (HandshakeForDeflation)
Event: 3848.869 Executing non-safepoint VM operation: HandshakeAllThreads (HandshakeForDeflation) done
Event: 3848.869 Executing non-safepoint VM operation: RendezvousGCThreads
Event: 3848.869 Executing non-safepoint VM operation: RendezvousGCThreads done
Event: 3854.903 Executing safepoint VM operation: Cleanup
Event: 3854.903 Executing safepoint VM operation: Cleanup done
Event: 3909.042 Executing non-safepoint VM operation: HandshakeAllThreads (HandshakeForDeflation)
Event: 3909.043 Executing non-safepoint VM operation: HandshakeAllThreads (HandshakeForDeflation) done
Event: 3909.043 Executing non-safepoint VM operation: RendezvousGCThreads
Event: 3909.043 Executing non-safepoint VM operation: RendezvousGCThreads done
Event: 3919.149 Executing safepoint VM operation: Cleanup
Event: 3919.149 Executing safepoint VM operation: Cleanup done

Memory protections (0 events):
No events

Nmethod flushes (20 events):
Event: 33.949 Thread 0x0000026270f7e9b0 flushing  nmethod 0x00000262008bed90
Event: 33.949 Thread 0x0000026270f7e9b0 flushing  nmethod 0x00000262008c2610
Event: 33.949 Thread 0x0000026270f7e9b0 flushing  nmethod 0x00000262008c2d10
Event: 33.949 Thread 0x0000026270f7e9b0 flushing  nmethod 0x00000262008c3a90
Event: 33.949 Thread 0x0000026270f7e9b0 flushing  nmethod 0x00000262008c5890
Event: 33.949 Thread 0x0000026270f7e9b0 flushing  nmethod 0x00000262008d5610
Event: 33.949 Thread 0x0000026270f7e9b0 flushing  nmethod 0x00000262008f6990
Event: 33.949 Thread 0x0000026270f7e9b0 flushing osr nmethod 0x000002620090fc90
Event: 33.949 Thread 0x0000026270f7e9b0 flushing  nmethod 0x0000026200969010
Event: 33.949 Thread 0x0000026270f7e9b0 flushing  nmethod 0x000002620096ab10
Event: 33.949 Thread 0x0000026270f7e9b0 flushing  nmethod 0x000002620096c410
Event: 33.949 Thread 0x0000026270f7e9b0 flushing  nmethod 0x000002620096e890
Event: 33.949 Thread 0x0000026270f7e9b0 flushing  nmethod 0x0000026200978790
Event: 33.949 Thread 0x0000026270f7e9b0 flushing  nmethod 0x0000026200978b10
Event: 33.949 Thread 0x0000026270f7e9b0 flushing  nmethod 0x0000026200978e90
Event: 33.949 Thread 0x0000026270f7e9b0 flushing  nmethod 0x000002620097df90
Event: 33.949 Thread 0x0000026270f7e9b0 flushing  nmethod 0x0000026200980d90
Event: 33.949 Thread 0x0000026270f7e9b0 flushing  nmethod 0x0000026200986710
Event: 33.949 Thread 0x0000026270f7e9b0 flushing  nmethod 0x0000026200999890
Event: 33.949 Thread 0x0000026270f7e9b0 flushing  nmethod 0x000002620099bd90

Events (20 events):
Event: 3797.462 Thread 0x0000026253bbe7d0 Thread added: 0x000002625045de80
Event: 3797.462 Thread 0x0000026253bc1c50 Thread added: 0x000002625045cad0
Event: 3797.462 Thread 0x0000026253bbf4f0 Thread added: 0x000002625045d160
Event: 3797.908 Thread 0x0000026253dd6fa0 Thread exited: 0x0000026253dd6fa0
Event: 3797.908 Thread 0x0000026253dd7670 Thread exited: 0x0000026253dd7670
Event: 3797.916 Thread 0x0000026279c0d340 Thread added: 0x0000026253dd7d40
Event: 3797.921 Thread 0x0000026279c0d340 Thread added: 0x0000026253dd8410
Event: 3797.922 Thread 0x0000026253bc1c50 Thread added: 0x0000026251dcb200
Event: 3797.926 Thread 0x000002625045d160 Thread added: 0x0000026251dcb890
Event: 3798.633 Thread 0x0000026253dd8410 Thread exited: 0x0000026253dd8410
Event: 3798.633 Thread 0x0000026253dd7d40 Thread exited: 0x0000026253dd7d40
Event: 3798.647 Thread 0x0000026279c0d340 Thread added: 0x0000026253dd6fa0
Event: 3801.919 Thread 0x0000026279c0d340 Thread added: 0x0000026253dd7670
Event: 3803.642 Thread 0x0000026253dd7670 Thread exited: 0x0000026253dd7670
Event: 3803.642 Thread 0x0000026253dd6fa0 Thread exited: 0x0000026253dd6fa0
Event: 3854.575 Thread 0x0000026253bc0f30 Thread exited: 0x0000026253bc0f30
Event: 3861.871 Thread 0x0000026253bbc070 Thread exited: 0x0000026253bbc070
Event: 3861.871 Thread 0x0000026253bbfb80 Thread exited: 0x0000026253bbfb80
Event: 3864.729 Thread 0x0000026253bc15c0 Thread exited: 0x0000026253bc15c0
Event: 3924.729 Thread 0x000002625045de80 Thread exited: 0x000002625045de80


Dynamic libraries:
0x00007ff6777c0000 - 0x00007ff6777ce000 	c:\Users\arpit\.vscode\extensions\redhat.java-1.54.0-win32-x64\jre\21.0.10-win32-x86_64\bin\java.exe
0x00007ffd82f60000 - 0x00007ffd831c7000 	C:\WINDOWS\SYSTEM32\ntdll.dll
0x00007ffd80e30000 - 0x00007ffd80ef9000 	C:\WINDOWS\System32\KERNEL32.DLL
0x00007ffd80460000 - 0x00007ffd80857000 	C:\WINDOWS\System32\KERNELBASE.dll
0x00007ffd80b00000 - 0x00007ffd80c4b000 	C:\WINDOWS\System32\ucrtbase.dll
0x00007ffd51ec0000 - 0x00007ffd51ede000 	c:\Users\arpit\.vscode\extensions\redhat.java-1.54.0-win32-x64\jre\21.0.10-win32-x86_64\bin\VCRUNTIME140.dll
0x00007ffd00c90000 - 0x00007ffd00ca8000 	c:\Users\arpit\.vscode\extensions\redhat.java-1.54.0-win32-x64\jre\21.0.10-win32-x86_64\bin\jli.dll
0x00007ffd82b90000 - 0x00007ffd82d56000 	C:\WINDOWS\System32\USER32.dll
0x00007ffd7f990000 - 0x00007ffd7f9b7000 	C:\WINDOWS\System32\win32u.dll
0x00007ffd80d00000 - 0x00007ffd80d2b000 	C:\WINDOWS\System32\GDI32.dll
0x00007ffd80860000 - 0x00007ffd8098c000 	C:\WINDOWS\System32\gdi32full.dll
0x00007ffd80230000 - 0x00007ffd802d3000 	C:\WINDOWS\System32\msvcp_win.dll
0x00007ffd65470000 - 0x00007ffd65702000 	C:\WINDOWS\WinSxS\amd64_microsoft.windows.common-controls_6595b64144ccf1df_6.0.26100.8457_none_3e0b2faee331e92d\COMCTL32.dll
0x00007ffd820a0000 - 0x00007ffd82149000 	C:\WINDOWS\System32\msvcrt.dll
0x00007ffd81b30000 - 0x00007ffd81b62000 	C:\WINDOWS\System32\IMM32.DLL
0x00007ffd51eb0000 - 0x00007ffd51ebc000 	c:\Users\arpit\.vscode\extensions\redhat.java-1.54.0-win32-x64\jre\21.0.10-win32-x86_64\bin\vcruntime140_1.dll
0x00007ffcc6ed0000 - 0x00007ffcc6f5d000 	c:\Users\arpit\.vscode\extensions\redhat.java-1.54.0-win32-x64\jre\21.0.10-win32-x86_64\bin\msvcp140.dll
0x00007ffca1e90000 - 0x00007ffca2c31000 	c:\Users\arpit\.vscode\extensions\redhat.java-1.54.0-win32-x64\jre\21.0.10-win32-x86_64\bin\server\jvm.dll
0x00007ffd821d0000 - 0x00007ffd82286000 	C:\WINDOWS\System32\ADVAPI32.dll
0x00007ffd81ff0000 - 0x00007ffd82097000 	C:\WINDOWS\System32\sechost.dll
0x00007ffd81a10000 - 0x00007ffd81b28000 	C:\WINDOWS\System32\RPCRT4.dll
0x00007ffd82e90000 - 0x00007ffd82f10000 	C:\WINDOWS\System32\WS2_32.dll
0x00007ffd7f810000 - 0x00007ffd7f86e000 	C:\WINDOWS\SYSTEM32\POWRPROF.dll
0x00007ffd77b10000 - 0x00007ffd77b46000 	C:\WINDOWS\SYSTEM32\WINMM.dll
0x00007ffd78590000 - 0x00007ffd7859b000 	C:\WINDOWS\SYSTEM32\VERSION.dll
0x00007ffd7f7f0000 - 0x00007ffd7f804000 	C:\WINDOWS\SYSTEM32\UMPDC.dll
0x00007ffd7e720000 - 0x00007ffd7e73b000 	C:\WINDOWS\SYSTEM32\kernel.appcore.dll
0x00007ffcff750000 - 0x00007ffcff75a000 	c:\Users\arpit\.vscode\extensions\redhat.java-1.54.0-win32-x64\jre\21.0.10-win32-x86_64\bin\jimage.dll
0x00007ffd72600000 - 0x00007ffd72842000 	C:\WINDOWS\SYSTEM32\DBGHELP.DLL
0x00007ffd81c60000 - 0x00007ffd81fe3000 	C:\WINDOWS\System32\combase.dll
0x00007ffd81930000 - 0x00007ffd81a09000 	C:\WINDOWS\System32\OLEAUT32.dll
0x00007ffd60120000 - 0x00007ffd6015b000 	C:\WINDOWS\SYSTEM32\dbgcore.DLL
0x00007ffd80990000 - 0x00007ffd80a38000 	C:\WINDOWS\System32\bcryptPrimitives.dll
0x00007ffcff740000 - 0x00007ffcff74f000 	c:\Users\arpit\.vscode\extensions\redhat.java-1.54.0-win32-x64\jre\21.0.10-win32-x86_64\bin\instrument.dll
0x00007ffcff720000 - 0x00007ffcff740000 	c:\Users\arpit\.vscode\extensions\redhat.java-1.54.0-win32-x64\jre\21.0.10-win32-x86_64\bin\java.dll
0x00007ffd82410000 - 0x00007ffd82b7e000 	C:\WINDOWS\System32\SHELL32.dll
0x00007ffd7f9c0000 - 0x00007ffd8022c000 	C:\WINDOWS\System32\windows.storage.dll
0x00007ffd81610000 - 0x00007ffd81706000 	C:\WINDOWS\System32\SHCORE.dll
0x00007ffd82e20000 - 0x00007ffd82e86000 	C:\WINDOWS\System32\shlwapi.dll
0x00007ffd7f8b0000 - 0x00007ffd7f8d9000 	C:\WINDOWS\SYSTEM32\profapi.dll
0x00007ffcc6eb0000 - 0x00007ffcc6ec8000 	c:\Users\arpit\.vscode\extensions\redhat.java-1.54.0-win32-x64\jre\21.0.10-win32-x86_64\bin\zip.dll
0x00007ffcff710000 - 0x00007ffcff720000 	C:\Users\arpit\.vscode\extensions\redhat.java-1.54.0-win32-x64\jre\21.0.10-win32-x86_64\bin\net.dll
0x00007ffd780f0000 - 0x00007ffd78219000 	C:\WINDOWS\SYSTEM32\WINHTTP.dll
0x00007ffd7ec90000 - 0x00007ffd7ecfc000 	C:\WINDOWS\system32\mswsock.dll
0x00007ffcc6e90000 - 0x00007ffcc6ea6000 	C:\Users\arpit\.vscode\extensions\redhat.java-1.54.0-win32-x64\jre\21.0.10-win32-x86_64\bin\nio.dll
0x00007ffcd17b0000 - 0x00007ffcd17c0000 	c:\Users\arpit\.vscode\extensions\redhat.java-1.54.0-win32-x64\jre\21.0.10-win32-x86_64\bin\verify.dll
0x00007ffca6070000 - 0x00007ffca60b5000 	C:\Users\arpit\AppData\Roaming\Code\User\globalStorage\redhat.java\1.54.0\config_win\org.eclipse.equinox.launcher\org.eclipse.equinox.launcher.win32.win32.x86_64_1.3.0.v20260203-2149\eclipse_11919.dll
0x00007ffd81790000 - 0x00007ffd81927000 	C:\WINDOWS\System32\ole32.dll
0x00007ffd7ef70000 - 0x00007ffd7ef8b000 	C:\WINDOWS\SYSTEM32\CRYPTSP.dll
0x00007ffd7e680000 - 0x00007ffd7e6b9000 	C:\WINDOWS\system32\rsaenh.dll
0x00007ffd7ed40000 - 0x00007ffd7ed73000 	C:\WINDOWS\SYSTEM32\USERENV.dll
0x00007ffd7f880000 - 0x00007ffd7f8aa000 	C:\WINDOWS\SYSTEM32\bcrypt.dll
0x00007ffd7ef90000 - 0x00007ffd7ef9c000 	C:\WINDOWS\SYSTEM32\CRYPTBASE.dll
0x00007ffd7e1a0000 - 0x00007ffd7e1d2000 	C:\WINDOWS\SYSTEM32\IPHLPAPI.DLL
0x00007ffd80ce0000 - 0x00007ffd80cea000 	C:\WINDOWS\System32\NSI.dll
0x00007ffd67970000 - 0x00007ffd679b9000 	C:\Users\arpit\AppData\Local\Temp\jna-93088714\jna974492384144488604.dll
0x00007ffd80f00000 - 0x00007ffd80f08000 	C:\WINDOWS\System32\PSAPI.DLL
0x00007ffd79b50000 - 0x00007ffd79b6d000 	C:\WINDOWS\SYSTEM32\dhcpcsvc6.DLL
0x00007ffd79b20000 - 0x00007ffd79b45000 	C:\WINDOWS\SYSTEM32\dhcpcsvc.DLL

JVMTI agents:
c:\Users\arpit\.vscode\extensions\redhat.java-1.54.0-win32-x64\lombok\lombok-1.18.39-4050.jar path:c:\Users\arpit\.vscode\extensions\redhat.java-1.54.0-win32-x64\jre\21.0.10-win32-x86_64\bin\instrument.dll, loaded, initialized, instrumentlib options:none

dbghelp: loaded successfully - version: 4.0.5 - missing functions: none
symbol engine: initialized successfully - sym options: 0x614 - pdb path: .;c:\Users\arpit\.vscode\extensions\redhat.java-1.54.0-win32-x64\jre\21.0.10-win32-x86_64\bin;C:\WINDOWS\SYSTEM32;C:\WINDOWS\WinSxS\amd64_microsoft.windows.common-controls_6595b64144ccf1df_6.0.26100.8457_none_3e0b2faee331e92d;c:\Users\arpit\.vscode\extensions\redhat.java-1.54.0-win32-x64\jre\21.0.10-win32-x86_64\bin\server;C:\Users\arpit\AppData\Roaming\Code\User\globalStorage\redhat.java\1.54.0\config_win\org.eclipse.equinox.launcher\org.eclipse.equinox.launcher.win32.win32.x86_64_1.3.0.v20260203-2149;C:\Users\arpit\AppData\Local\Temp\jna-93088714

VM Arguments:
jvm_args: --add-modules=ALL-SYSTEM --add-opens=java.base/java.util=ALL-UNNAMED --add-opens=java.base/java.lang=ALL-UNNAMED --add-opens=java.base/sun.nio.fs=ALL-UNNAMED -Declipse.application=org.eclipse.jdt.ls.core.id1 -Dosgi.bundles.defaultStartLevel=4 -Declipse.product=org.eclipse.jdt.ls.core.product -Djava.import.generatesMetadataFilesAtProjectRoot=false -DDetectVMInstallationsJob.disabled=true -Dfile.encoding=utf8 -XX:+UseParallelGC -XX:GCTimeRatio=4 -XX:AdaptiveSizePolicyWeight=90 -Dsun.zip.disableMemoryMapping=true -Xmx2G -Xms100m -Xlog:disable -javaagent:c:\Users\arpit\.vscode\extensions\redhat.java-1.54.0-win32-x64\lombok\lombok-1.18.39-4050.jar -XX:+HeapDumpOnOutOfMemoryError -XX:HeapDumpPath=c:\Users\arpit\AppData\Roaming\Code\User\workspaceStorage\7665114673e356f46a1bab68c603dfeb\redhat.java -Daether.dependencyCollector.impl=bf 
java_command: c:\Users\arpit\.vscode\extensions\redhat.java-1.54.0-win32-x64\server\plugins\org.eclipse.equinox.launcher_1.7.100.v20251111-0406.jar -configuration c:\Users\arpit\AppData\Roaming\Code\User\globalStorage\redhat.java\1.54.0\config_win -data c:\Users\arpit\AppData\Roaming\Code\User\workspaceStorage\7665114673e356f46a1bab68c603dfeb\redhat.java\jdt_ws --pipe=\\.\pipe\lsp-06576194ca08289ad23fc2b113dabcec-sock
java_class_path (initial): c:\Users\arpit\.vscode\extensions\redhat.java-1.54.0-win32-x64\server\plugins\org.eclipse.equinox.launcher_1.7.100.v20251111-0406.jar
Launcher Type: SUN_STANDARD

[Global flags]
    uintx AdaptiveSizePolicyWeight                 = 90                                        {product} {command line}
     intx CICompilerCount                          = 4                                         {product} {ergonomic}
    uintx GCTimeRatio                              = 4                                         {product} {command line}
     bool HeapDumpOnOutOfMemoryError               = true                                   {manageable} {command line}
    ccstr HeapDumpPath                             = c:\Users\arpit\AppData\Roaming\Code\User\workspaceStorage\7665114673e356f46a1bab68c603dfeb\redhat.java         {manageable} {command line}
   size_t InitialHeapSize                          = 104857600                                 {product} {command line}
   size_t MaxHeapSize                              = 2147483648                                {product} {command line}
   size_t MaxNewSize                               = 715653120                                 {product} {ergonomic}
   size_t MinHeapDeltaBytes                        = 524288                                    {product} {ergonomic}
   size_t MinHeapSize                              = 104857600                                 {product} {command line}
   size_t NewSize                                  = 34603008                                  {product} {ergonomic}
    uintx NonNMethodCodeHeapSize                   = 5839372                                {pd product} {ergonomic}
    uintx NonProfiledCodeHeapSize                  = 122909434                              {pd product} {ergonomic}
   size_t OldSize                                  = 70254592                                  {product} {ergonomic}
    uintx ProfiledCodeHeapSize                     = 122909434                              {pd product} {ergonomic}
    uintx ReservedCodeCacheSize                    = 251658240                              {pd product} {ergonomic}
     bool SegmentedCodeCache                       = true                                      {product} {ergonomic}
   size_t SoftMaxHeapSize                          = 2147483648                             {manageable} {ergonomic}
     bool UseCompressedOops                        = true                           {product lp64_product} {ergonomic}
     bool UseLargePagesIndividualAllocation        = false                                  {pd product} {ergonomic}
     bool UseParallelGC                            = true                                      {product} {command line}

Logging:
Log output configuration:
 #0: stdout all=off uptime,level,tags foldmultilines=false
 #1: stderr all=off uptime,level,tags foldmultilines=false

Release file:
JAVA_VERSION="21.0.10" 
MODULES="java.base java.compiler java.datatransfer java.xml java.prefs java.desktop java.instrument java.logging java.management java.security.sasl java.naming java.rmi java.management.rmi java.net.http java.scripting java.security.jgss java.transaction.xa java.sql java.sql.rowset java.xml.crypto java.se java.smartcardio jdk.accessibility jdk.internal.jvmstat jdk.attach jdk.charsets jdk.internal.opt jdk.zipfs jdk.compiler jdk.crypto.ec jdk.crypto.cryptoki jdk.crypto.mscapi jdk.dynalink jdk.internal.ed jdk.editpad jdk.hotspot.agent jdk.httpserver jdk.internal.le jdk.internal.vm.ci jdk.internal.vm.compiler jdk.internal.vm.compiler.management jdk.jartool jdk.javadoc jdk.jcmd jdk.management jdk.management.agent jdk.jconsole jdk.jdeps jdk.jdwp.agent jdk.jdi jdk.jfr jdk.jshell jdk.jsobject jdk.jstatd jdk.localedata jdk.management.jfr jdk.naming.dns jdk.naming.rmi jdk.net jdk.nio.mapmode jdk.random jdk.sctp jdk.security.auth jdk.security.jgss jdk.unsupported jdk.unsupported.desktop jdk.xml.dom" 

Environment Variables:
JAVA_HOME=C:\Program Files\Java\jdk-21
PATH=C:\Program Files\Common Files\Oracle\Java\javapath;C:\windows\system32;C:\windows;C:\windows\System32\Wbem;C:\windows\System32\WindowsPowerShell\v1.0\;C:\windows\System32\OpenSSH\;C:\Program Files (x86)\NVIDIA Corporation\PhysX\Common;C:\Program Files\NVIDIA Corporation\NVIDIA NvDLISR;C:\MinGW\bin;C:\Program Files\Git\cmd;C:\Program Files\MySQL\MySQL Server 8.0\bin;C:\WINDOWS\system32;C:\WINDOWS;C:\WINDOWS\System32\Wbem;C:\WINDOWS\System32\WindowsPowerShell\v1.0\;C:\WINDOWS\System32\OpenSSH\;%CATALINA_HOME\bin;C:\Program Files\nodejs\;C:\Program Files (x86)\Windows Kits\10\Windows Performance Toolkit\;C:\apache-maven-3.9.11-src\apache-maven-3.9.11\apache-maven\src\bin;C:\Program Files\MongoDB\Server\8.0\bin;C:\Program Files\Go\bin;C:\Users\arpit\AppData\Roaming\npm;;C:\Program Files\Docker\Docker\resources\bin;C:\Program Files\Common Files\Oracle\Java\javapath;C:\windows\system32;C:\windows;C:\windows\System32\Wbem;C:\windows\System32\WindowsPowerShell\v1.0\;C:\windows\System32\OpenSSH\;C:\Program Files (x86)\NVIDIA Corporation\PhysX\Common;C:\Program Files\NVIDIA Corporation\NVIDIA NvDLISR;C:\MinGW\bin;C:\Program Files\Git\cmd;C:\Program Files\MySQL\MySQL Server 8.0\bin;C:\WINDOWS\system32;C:\WINDOWS;C:\WINDOWS\System32\Wbem;C:\WINDOWS\System32\WindowsPowerShell\v1.0\;C:\WINDOWS\System32\OpenSSH\;%CATALINA_HOME\bin;C:\Program Files\nodejs\;C:\Program Files (x86)\Windows Kits\10\Windows Performance Toolkit\;C:\apache-maven-3.9.11-src\apache-maven-3.9.11\apache-maven\src\bin;C:\Program Files\MongoDB\Server\8.0\bin;C:\Program Files\Go\bin;C:\Users\arpit\AppData\Roaming\npm;;C:\Program Files\Docker\Docker\resources\bin;C:\Program Files\Java\jdk-21\bin;C:\Users\arpit\AppData\Local\Programs\Microsoft VS Code\bin;C:\Users\arpit\go\bin;C:\Users\arpit\AppData\Local\Microsoft\WindowsApps;
USERNAME=arpit
OS=Windows_NT
PROCESSOR_IDENTIFIER=AMD64 Family 25 Model 80 Stepping 0, AuthenticAMD
TMP=C:\Users\arpit\AppData\Local\Temp
TEMP=C:\Users\arpit\AppData\Local\Temp




Periodic native trim disabled

---------------  S Y S T E M  ---------------

OS:
 Windows 11 , 64 bit Build 26100 (10.0.26100.8328)
OS uptime: 0 days 9:43 hours
Hyper-V role detected

CPU: total 12 (initial active 12) (12 cores per cpu, 2 threads per core) family 25 model 80 stepping 0 microcode 0xa50000f, cx8, cmov, fxsr, ht, mmx, 3dnowpref, sse, sse2, sse3, ssse3, sse4a, sse4.1, sse4.2, popcnt, lzcnt, tsc, tscinvbit, avx, avx2, aes, erms, clmul, bmi1, bmi2, adx, sha, fma, vzeroupper, clflush, clflushopt, hv, rdtscp, rdpid, fsrm, f16c, cet_ss
Processor Information for processor 0
  Max Mhz: 3301, Current Mhz: 3301, Mhz Limit: 3301
Processor Information for processor 1
  Max Mhz: 3301, Current Mhz: 2630, Mhz Limit: 3301
Processor Information for processor 2
  Max Mhz: 3301, Current Mhz: 3301, Mhz Limit: 3301
Processor Information for processor 3
  Max Mhz: 3301, Current Mhz: 2630, Mhz Limit: 3301
Processor Information for processor 4
  Max Mhz: 3301, Current Mhz: 3301, Mhz Limit: 3301
Processor Information for processor 5
  Max Mhz: 3301, Current Mhz: 2630, Mhz Limit: 3301
Processor Information for processor 6
  Max Mhz: 3301, Current Mhz: 2630, Mhz Limit: 3301
Processor Information for processor 7
  Max Mhz: 3301, Current Mhz: 2630, Mhz Limit: 3301
Processor Information for processor 8
  Max Mhz: 3301, Current Mhz: 2630, Mhz Limit: 3301
Processor Information for processor 9
  Max Mhz: 3301, Current Mhz: 2630, Mhz Limit: 3301
Processor Information for processor 10
  Max Mhz: 3301, Current Mhz: 2630, Mhz Limit: 3301
Processor Information for processor 11
  Max Mhz: 3301, Current Mhz: 2630, Mhz Limit: 3301

Memory: 4k page, system-wide physical 7518M (653M free)
TotalPageFile size 16305M (AvailPageFile size 2M)
current process WorkingSet (physical memory assigned to process): 115M, peak: 413M
current process commit charge ("private bytes"): 601M, peak: 606M

vm_info: OpenJDK 64-Bit Server VM (21.0.10+7-LTS) for windows-amd64 JRE (21.0.10+7-LTS), built on 2026-01-20T00:00:00Z by "admin" with MS VC++ 17.12 (VS2022)

END.
